

*******************************************************************************
Thu Jan 16 13:52:37 2025


FIT:    data read from 'lattice_cohesive_energy.txt' u 2:3
        format = x:z
        #datapoints = 49
        residuals are weighted equally (unit weight)

function used for fitting: f(x)
	f(x) = (a*x/(b*(b-1)))*(b*(1-c/x)+(c/x)**b-1)+d
fitted parameters initialized with current variable values

iter      chisq       delta/lim  lambda   a             b             c             d            
   0 2.1174419239e+06   0.00e+00  5.77e+02    5.000000e-01   3.500000e+00   1.182000e+02  -3.710000e+01
  11 8.9277933830e-06  -8.53e-02  5.77e-06    7.838716e-01   3.929716e+00   2.849151e+01  -1.041552e+01

After 11 iterations the fit converged.
final sum of squares of residuals : 8.92779e-06
rel. change during last iteration : -8.53034e-07

degrees of freedom    (FIT_NDF)                        : 45
rms of residuals      (FIT_STDFIT) = sqrt(WSSR/ndf)    : 0.000445416
variance of residuals (reduced chisquare) = WSSR/ndf   : 1.98395e-07

Final set of parameters            Asymptotic Standard Error
=======================            ==========================
a               = 0.783872         +/- 0.0004504    (0.05745%)
b               = 3.92972          +/- 0.01823      (0.4638%)
c               = 28.4915          +/- 0.001892     (0.00664%)
d               = -10.4155         +/- 9.58e-05     (0.0009198%)

correlation matrix of the fit parameters:
                a      b      c      d      
a               1.000 
b              -0.067  1.000 
c              -0.035 -0.915  1.000 
d              -0.739  0.112 -0.069  1.000 


*******************************************************************************
Thu Jan 16 13:52:55 2025


FIT:    data read from 'lattice_cohesive_energy.txt' u 2:3
        format = x:z
        #datapoints = 49
        residuals are weighted equally (unit weight)

function used for fitting: f(x)
	f(x) = (a*x/(b*(b-1)))*(b*(1-c/x)+(c/x)**b-1)+d
fitted parameters initialized with current variable values

iter      chisq       delta/lim  lambda   a             b             c             d            
   0 2.1174419239e+06   0.00e+00  5.77e+02    5.000000e-01   3.500000e+00   1.182000e+02  -3.710000e+01
  11 8.9277933830e-06  -8.53e-02  5.77e-06    7.838716e-01   3.929716e+00   2.849151e+01  -1.041552e+01

After 11 iterations the fit converged.
final sum of squares of residuals : 8.92779e-06
rel. change during last iteration : -8.53034e-07

degrees of freedom    (FIT_NDF)                        : 45
rms of residuals      (FIT_STDFIT) = sqrt(WSSR/ndf)    : 0.000445416
variance of residuals (reduced chisquare) = WSSR/ndf   : 1.98395e-07

Final set of parameters            Asymptotic Standard Error
=======================            ==========================
a               = 0.783872         +/- 0.0004504    (0.05745%)
b               = 3.92972          +/- 0.01823      (0.4638%)
c               = 28.4915          +/- 0.001892     (0.00664%)
d               = -10.4155         +/- 9.58e-05     (0.0009198%)

correlation matrix of the fit parameters:
                a      b      c      d      
a               1.000 
b              -0.067  1.000 
c              -0.035 -0.915  1.000 
d              -0.739  0.112 -0.069  1.000 


*******************************************************************************
Thu Jan 16 13:55:00 2025


FIT:    data read from 'lattice_cohesive_energy.txt' u 2:3
        format = x:z
        #datapoints = 49
        residuals are weighted equally (unit weight)

function used for fitting: f(x)
	f(x) = (a*x/(b*(b-1)))*(b*(1-c/x)+(c/x)**b-1)+d
fitted parameters initialized with current variable values

iter      chisq       delta/lim  lambda   a             b             c             d            
   0 2.1174419239e+06   0.00e+00  5.77e+02    5.000000e-01   3.500000e+00   1.182000e+02  -3.710000e+01
  11 8.9277933830e-06  -8.53e-02  5.77e-06    7.838716e-01   3.929716e+00   2.849151e+01  -1.041552e+01

After 11 iterations the fit converged.
final sum of squares of residuals : 8.92779e-06
rel. change during last iteration : -8.53034e-07

degrees of freedom    (FIT_NDF)                        : 45
rms of residuals      (FIT_STDFIT) = sqrt(WSSR/ndf)    : 0.000445416
variance of residuals (reduced chisquare) = WSSR/ndf   : 1.98395e-07

Final set of parameters            Asymptotic Standard Error
=======================            ==========================
a               = 0.783872         +/- 0.0004504    (0.05745%)
b               = 3.92972          +/- 0.01823      (0.4638%)
c               = 28.4915          +/- 0.001892     (0.00664%)
d               = -10.4155         +/- 9.58e-05     (0.0009198%)

correlation matrix of the fit parameters:
                a      b      c      d      
a               1.000 
b              -0.067  1.000 
c              -0.035 -0.915  1.000 
d              -0.739  0.112 -0.069  1.000 


*******************************************************************************
Thu Jan 16 13:57:13 2025


FIT:    data read from 'lattice_cohesive_energy.txt' u 2:3
        format = x:z
        #datapoints = 49
        residuals are weighted equally (unit weight)

function used for fitting: f(x)
	f(x) = (a*x/(b*(b-1)))*(b*(1-c/x)+(c/x)**b-1)+d
fitted parameters initialized with current variable values

iter      chisq       delta/lim  lambda   a             b             c             d            
   0 2.1174419255e+06   0.00e+00  5.77e+02    5.000000e-01   3.500000e+00   1.182000e+02  -3.710000e+01
  11 8.9277933809e-06  -8.53e-02  5.77e-06    7.838716e-01   3.929716e+00   2.849151e+01  -1.041552e+01

After 11 iterations the fit converged.
final sum of squares of residuals : 8.92779e-06
rel. change during last iteration : -8.53035e-07

degrees of freedom    (FIT_NDF)                        : 45
rms of residuals      (FIT_STDFIT) = sqrt(WSSR/ndf)    : 0.000445416
variance of residuals (reduced chisquare) = WSSR/ndf   : 1.98395e-07

Final set of parameters            Asymptotic Standard Error
=======================            ==========================
a               = 0.783872         +/- 0.0004504    (0.05745%)
b               = 3.92972          +/- 0.01823      (0.4638%)
c               = 28.4915          +/- 0.001892     (0.00664%)
d               = -10.4155         +/- 9.58e-05     (0.0009198%)

correlation matrix of the fit parameters:
                a      b      c      d      
a               1.000 
b              -0.067  1.000 
c              -0.035 -0.915  1.000 
d              -0.739  0.112 -0.069  1.000 


*******************************************************************************
Thu Jan 16 13:57:52 2025


FIT:    data read from 'lattice_cohesive_energy.txt' u 2:3
        format = x:z
        #datapoints = 49
        residuals are weighted equally (unit weight)

function used for fitting: f(x)
	f(x) = (a*x/(b*(b-1)))*(b*(1-c/x)+(c/x)**b-1)+d
fitted parameters initialized with current variable values

iter      chisq       delta/lim  lambda   a             b             c             d            
   0 2.1174419239e+06   0.00e+00  5.77e+02    5.000000e-01   3.500000e+00   1.182000e+02  -3.710000e+01
  11 8.9277933831e-06  -8.53e-02  5.77e-06    7.838716e-01   3.929716e+00   2.849151e+01  -1.041552e+01

After 11 iterations the fit converged.
final sum of squares of residuals : 8.92779e-06
rel. change during last iteration : -8.53034e-07

degrees of freedom    (FIT_NDF)                        : 45
rms of residuals      (FIT_STDFIT) = sqrt(WSSR/ndf)    : 0.000445416
variance of residuals (reduced chisquare) = WSSR/ndf   : 1.98395e-07

Final set of parameters            Asymptotic Standard Error
=======================            ==========================
a               = 0.783872         +/- 0.0004504    (0.05745%)
b               = 3.92972          +/- 0.01823      (0.4638%)
c               = 28.4915          +/- 0.001892     (0.00664%)
d               = -10.4155         +/- 9.58e-05     (0.0009198%)

correlation matrix of the fit parameters:
                a      b      c      d      
a               1.000 
b              -0.067  1.000 
c              -0.035 -0.915  1.000 
d              -0.739  0.112 -0.069  1.000 


*******************************************************************************
Thu Jan 16 13:58:40 2025


FIT:    data read from 'lattice_cohesive_energy.txt' u 2:3
        format = x:z
        #datapoints = 49
        residuals are weighted equally (unit weight)

function used for fitting: f(x)
	f(x) = (a*x/(b*(b-1)))*(b*(1-c/x)+(c/x)**b-1)+d
fitted parameters initialized with current variable values

iter      chisq       delta/lim  lambda   a             b             c             d            
   0 2.1174419239e+06   0.00e+00  5.77e+02    5.000000e-01   3.500000e+00   1.182000e+02  -3.710000e+01
  11 8.9277933832e-06  -8.53e-02  5.77e-06    7.838716e-01   3.929716e+00   2.849151e+01  -1.041552e+01

After 11 iterations the fit converged.
final sum of squares of residuals : 8.92779e-06
rel. change during last iteration : -8.53034e-07

degrees of freedom    (FIT_NDF)                        : 45
rms of residuals      (FIT_STDFIT) = sqrt(WSSR/ndf)    : 0.000445416
variance of residuals (reduced chisquare) = WSSR/ndf   : 1.98395e-07

Final set of parameters            Asymptotic Standard Error
=======================            ==========================
a               = 0.783872         +/- 0.0004504    (0.05745%)
b               = 3.92972          +/- 0.01823      (0.4638%)
c               = 28.4915          +/- 0.001892     (0.00664%)
d               = -10.4155         +/- 9.58e-05     (0.0009198%)

correlation matrix of the fit parameters:
                a      b      c      d      
a               1.000 
b              -0.067  1.000 
c              -0.035 -0.915  1.000 
d              -0.739  0.112 -0.069  1.000 


*******************************************************************************
Thu Jan 16 14:02:04 2025


FIT:    data read from 'lattice_cohesive_energy.txt' u 2:3
        format = x:z
        #datapoints = 49
        residuals are weighted equally (unit weight)

function used for fitting: f(x)
	f(x) = (a*x/(b*(b-1)))*(b*(1-c/x)+(c/x)**b-1)+d
fitted parameters initialized with current variable values

iter      chisq       delta/lim  lambda   a             b             c             d            
   0 2.1174419239e+06   0.00e+00  5.77e+02    5.000000e-01   3.500000e+00   1.182000e+02  -3.710000e+01
  11 8.9277933831e-06  -8.53e-02  5.77e-06    7.838716e-01   3.929716e+00   2.849151e+01  -1.041552e+01

After 11 iterations the fit converged.
final sum of squares of residuals : 8.92779e-06
rel. change during last iteration : -8.53034e-07

degrees of freedom    (FIT_NDF)                        : 45
rms of residuals      (FIT_STDFIT) = sqrt(WSSR/ndf)    : 0.000445416
variance of residuals (reduced chisquare) = WSSR/ndf   : 1.98395e-07

Final set of parameters            Asymptotic Standard Error
=======================            ==========================
a               = 0.783872         +/- 0.0004504    (0.05745%)
b               = 3.92972          +/- 0.01823      (0.4638%)
c               = 28.4915          +/- 0.001892     (0.00664%)
d               = -10.4155         +/- 9.58e-05     (0.0009198%)

correlation matrix of the fit parameters:
                a      b      c      d      
a               1.000 
b              -0.067  1.000 
c              -0.035 -0.915  1.000 
d              -0.739  0.112 -0.069  1.000 


*******************************************************************************
Thu Jan 16 14:08:16 2025


FIT:    data read from 'lattice_cohesive_energy.txt' u 2:3
        format = x:z
        #datapoints = 49
        residuals are weighted equally (unit weight)

function used for fitting: f(x)
	f(x) = (a*x/(b*(b-1)))*(b*(1-c/x)+(c/x)**b-1)+d
fitted parameters initialized with current variable values

iter      chisq       delta/lim  lambda   a             b             c             d            
   0 2.1174419239e+06   0.00e+00  5.77e+02    5.000000e-01   3.500000e+00   1.182000e+02  -3.710000e+01
  11 8.9277933830e-06  -8.53e-02  5.77e-06    7.838716e-01   3.929716e+00   2.849151e+01  -1.041552e+01

After 11 iterations the fit converged.
final sum of squares of residuals : 8.92779e-06
rel. change during last iteration : -8.53034e-07

degrees of freedom    (FIT_NDF)                        : 45
rms of residuals      (FIT_STDFIT) = sqrt(WSSR/ndf)    : 0.000445416
variance of residuals (reduced chisquare) = WSSR/ndf   : 1.98395e-07

Final set of parameters            Asymptotic Standard Error
=======================            ==========================
a               = 0.783872         +/- 0.0004504    (0.05745%)
b               = 3.92972          +/- 0.01823      (0.4638%)
c               = 28.4915          +/- 0.001892     (0.00664%)
d               = -10.4155         +/- 9.58e-05     (0.0009198%)

correlation matrix of the fit parameters:
                a      b      c      d      
a               1.000 
b              -0.067  1.000 
c              -0.035 -0.915  1.000 
d              -0.739  0.112 -0.069  1.000 


*******************************************************************************
Thu Jan 16 14:10:40 2025


FIT:    data read from 'lattice_cohesive_energy.txt' u 2:3
        format = x:z
        #datapoints = 49
        residuals are weighted equally (unit weight)

function used for fitting: f(x)
	f(x) = (a*x/(b*(b-1)))*(b*(1-c/x)+(c/x)**b-1)+d
fitted parameters initialized with current variable values

iter      chisq       delta/lim  lambda   a             b             c             d            
   0 2.1174419239e+06   0.00e+00  5.77e+02    5.000000e-01   3.500000e+00   1.182000e+02  -3.710000e+01
  11 8.9277933831e-06  -8.53e-02  5.77e-06    7.838716e-01   3.929716e+00   2.849151e+01  -1.041552e+01

After 11 iterations the fit converged.
final sum of squares of residuals : 8.92779e-06
rel. change during last iteration : -8.53034e-07

degrees of freedom    (FIT_NDF)                        : 45
rms of residuals      (FIT_STDFIT) = sqrt(WSSR/ndf)    : 0.000445416
variance of residuals (reduced chisquare) = WSSR/ndf   : 1.98395e-07

Final set of parameters            Asymptotic Standard Error
=======================            ==========================
a               = 0.783872         +/- 0.0004504    (0.05745%)
b               = 3.92972          +/- 0.01823      (0.4638%)
c               = 28.4915          +/- 0.001892     (0.00664%)
d               = -10.4155         +/- 9.58e-05     (0.0009198%)

correlation matrix of the fit parameters:
                a      b      c      d      
a               1.000 
b              -0.067  1.000 
c              -0.035 -0.915  1.000 
d              -0.739  0.112 -0.069  1.000 


*******************************************************************************
Thu Jan 16 14:12:13 2025


FIT:    data read from 'lattice_cohesive_energy.txt' u 2:3
        format = x:z
        #datapoints = 49
        residuals are weighted equally (unit weight)

function used for fitting: f(x)
	f(x) = (a*x/(b*(b-1)))*(b*(1-c/x)+(c/x)**b-1)+d
fitted parameters initialized with current variable values

iter      chisq       delta/lim  lambda   a             b             c             d            
   0 2.1174419244e+06   0.00e+00  5.77e+02    5.000000e-01   3.500000e+00   1.182000e+02  -3.710000e+01
  11 8.9277933830e-06  -8.53e-02  5.77e-06    7.838716e-01   3.929716e+00   2.849151e+01  -1.041552e+01

After 11 iterations the fit converged.
final sum of squares of residuals : 8.92779e-06
rel. change during last iteration : -8.53034e-07

degrees of freedom    (FIT_NDF)                        : 45
rms of residuals      (FIT_STDFIT) = sqrt(WSSR/ndf)    : 0.000445416
variance of residuals (reduced chisquare) = WSSR/ndf   : 1.98395e-07

Final set of parameters            Asymptotic Standard Error
=======================            ==========================
a               = 0.783872         +/- 0.0004504    (0.05745%)
b               = 3.92972          +/- 0.01823      (0.4638%)
c               = 28.4915          +/- 0.001892     (0.00664%)
d               = -10.4155         +/- 9.58e-05     (0.0009198%)

correlation matrix of the fit parameters:
                a      b      c      d      
a               1.000 
b              -0.067  1.000 
c              -0.035 -0.915  1.000 
d              -0.739  0.112 -0.069  1.000 


*******************************************************************************
Thu Jan 16 14:13:50 2025


FIT:    data read from 'lattice_cohesive_energy.txt' u 2:3
        format = x:z
        #datapoints = 49
        residuals are weighted equally (unit weight)

function used for fitting: f(x)
	f(x) = (a*x/(b*(b-1)))*(b*(1-c/x)+(c/x)**b-1)+d
fitted parameters initialized with current variable values

iter      chisq       delta/lim  lambda   a             b             c             d            
   0 2.1174419244e+06   0.00e+00  5.77e+02    5.000000e-01   3.500000e+00   1.182000e+02  -3.710000e+01
  11 8.9277933830e-06  -8.53e-02  5.77e-06    7.838716e-01   3.929716e+00   2.849151e+01  -1.041552e+01

After 11 iterations the fit converged.
final sum of squares of residuals : 8.92779e-06
rel. change during last iteration : -8.53034e-07

degrees of freedom    (FIT_NDF)                        : 45
rms of residuals      (FIT_STDFIT) = sqrt(WSSR/ndf)    : 0.000445416
variance of residuals (reduced chisquare) = WSSR/ndf   : 1.98395e-07

Final set of parameters            Asymptotic Standard Error
=======================            ==========================
a               = 0.783872         +/- 0.0004504    (0.05745%)
b               = 3.92972          +/- 0.01823      (0.4638%)
c               = 28.4915          +/- 0.001892     (0.00664%)
d               = -10.4155         +/- 9.58e-05     (0.0009198%)

correlation matrix of the fit parameters:
                a      b      c      d      
a               1.000 
b              -0.067  1.000 
c              -0.035 -0.915  1.000 
d              -0.739  0.112 -0.069  1.000 


*******************************************************************************
Thu Jan 16 14:19:38 2025


FIT:    data read from 'lattice_cohesive_energy.txt' u 2:3
        format = x:z
        #datapoints = 49
        residuals are weighted equally (unit weight)

function used for fitting: f(x)
	f(x) = (a*x/(b*(b-1)))*(b*(1-c/x)+(c/x)**b-1)+d
fitted parameters initialized with current variable values

iter      chisq       delta/lim  lambda   a             b             c             d            
   0 2.1174419244e+06   0.00e+00  5.77e+02    5.000000e-01   3.500000e+00   1.182000e+02  -3.710000e+01
  11 8.9277933830e-06  -8.53e-02  5.77e-06    7.838716e-01   3.929716e+00   2.849151e+01  -1.041552e+01

After 11 iterations the fit converged.
final sum of squares of residuals : 8.92779e-06
rel. change during last iteration : -8.53034e-07

degrees of freedom    (FIT_NDF)                        : 45
rms of residuals      (FIT_STDFIT) = sqrt(WSSR/ndf)    : 0.000445416
variance of residuals (reduced chisquare) = WSSR/ndf   : 1.98395e-07

Final set of parameters            Asymptotic Standard Error
=======================            ==========================
a               = 0.783872         +/- 0.0004504    (0.05745%)
b               = 3.92972          +/- 0.01823      (0.4638%)
c               = 28.4915          +/- 0.001892     (0.00664%)
d               = -10.4155         +/- 9.58e-05     (0.0009198%)

correlation matrix of the fit parameters:
                a      b      c      d      
a               1.000 
b              -0.067  1.000 
c              -0.035 -0.915  1.000 
d              -0.739  0.112 -0.069  1.000 


*******************************************************************************
Thu Jan 16 14:24:09 2025


FIT:    data read from 'lattice_cohesive_energy.txt' u 2:3
        format = x:z
        #datapoints = 49
        residuals are weighted equally (unit weight)

function used for fitting: f(x)
	f(x) = (a*x/(b*(b-1)))*(b*(1-c/x)+(c/x)**b-1)+d
fitted parameters initialized with current variable values

iter      chisq       delta/lim  lambda   a             b             c             d            
   0 2.1174419239e+06   0.00e+00  5.77e+02    5.000000e-01   3.500000e+00   1.182000e+02  -3.710000e+01
  11 8.9277933831e-06  -8.53e-02  5.77e-06    7.838716e-01   3.929716e+00   2.849151e+01  -1.041552e+01

After 11 iterations the fit converged.
final sum of squares of residuals : 8.92779e-06
rel. change during last iteration : -8.53034e-07

degrees of freedom    (FIT_NDF)                        : 45
rms of residuals      (FIT_STDFIT) = sqrt(WSSR/ndf)    : 0.000445416
variance of residuals (reduced chisquare) = WSSR/ndf   : 1.98395e-07

Final set of parameters            Asymptotic Standard Error
=======================            ==========================
a               = 0.783872         +/- 0.0004504    (0.05745%)
b               = 3.92972          +/- 0.01823      (0.4638%)
c               = 28.4915          +/- 0.001892     (0.00664%)
d               = -10.4155         +/- 9.58e-05     (0.0009198%)

correlation matrix of the fit parameters:
                a      b      c      d      
a               1.000 
b              -0.067  1.000 
c              -0.035 -0.915  1.000 
d              -0.739  0.112 -0.069  1.000 


*******************************************************************************
Thu Jan 16 14:24:38 2025


FIT:    data read from 'lattice_cohesive_energy.txt' u 2:3
        format = x:z
        #datapoints = 49
        residuals are weighted equally (unit weight)

function used for fitting: f(x)
	f(x) = (a*x/(b*(b-1)))*(b*(1-c/x)+(c/x)**b-1)+d
fitted parameters initialized with current variable values

iter      chisq       delta/lim  lambda   a             b             c             d            
   0 2.1174419244e+06   0.00e+00  5.77e+02    5.000000e-01   3.500000e+00   1.182000e+02  -3.710000e+01
  11 8.9277933830e-06  -8.53e-02  5.77e-06    7.838716e-01   3.929716e+00   2.849151e+01  -1.041552e+01

After 11 iterations the fit converged.
final sum of squares of residuals : 8.92779e-06
rel. change during last iteration : -8.53034e-07

degrees of freedom    (FIT_NDF)                        : 45
rms of residuals      (FIT_STDFIT) = sqrt(WSSR/ndf)    : 0.000445416
variance of residuals (reduced chisquare) = WSSR/ndf   : 1.98395e-07

Final set of parameters            Asymptotic Standard Error
=======================            ==========================
a               = 0.783872         +/- 0.0004504    (0.05745%)
b               = 3.92972          +/- 0.01823      (0.4638%)
c               = 28.4915          +/- 0.001892     (0.00664%)
d               = -10.4155         +/- 9.58e-05     (0.0009198%)

correlation matrix of the fit parameters:
                a      b      c      d      
a               1.000 
b              -0.067  1.000 
c              -0.035 -0.915  1.000 
d              -0.739  0.112 -0.069  1.000 


*******************************************************************************
Thu Jan 16 14:34:57 2025


FIT:    data read from 'lattice_cohesive_energy.txt' u 2:3
        format = x:z
        #datapoints = 49
        residuals are weighted equally (unit weight)

function used for fitting: f(x)
	f(x) = (a*x/(b*(b-1)))*(b*(1-c/x)+(c/x)**b-1)+d
fitted parameters initialized with current variable values

iter      chisq       delta/lim  lambda   a             b             c             d            
   0 2.1174419239e+06   0.00e+00  5.77e+02    5.000000e-01   3.500000e+00   1.182000e+02  -3.710000e+01
  11 8.9277933831e-06  -8.53e-02  5.77e-06    7.838716e-01   3.929716e+00   2.849151e+01  -1.041552e+01

After 11 iterations the fit converged.
final sum of squares of residuals : 8.92779e-06
rel. change during last iteration : -8.53034e-07

degrees of freedom    (FIT_NDF)                        : 45
rms of residuals      (FIT_STDFIT) = sqrt(WSSR/ndf)    : 0.000445416
variance of residuals (reduced chisquare) = WSSR/ndf   : 1.98395e-07

Final set of parameters            Asymptotic Standard Error
=======================            ==========================
a               = 0.783872         +/- 0.0004504    (0.05745%)
b               = 3.92972          +/- 0.01823      (0.4638%)
c               = 28.4915          +/- 0.001892     (0.00664%)
d               = -10.4155         +/- 9.58e-05     (0.0009198%)

correlation matrix of the fit parameters:
                a      b      c      d      
a               1.000 
b              -0.067  1.000 
c              -0.035 -0.915  1.000 
d              -0.739  0.112 -0.069  1.000 


*******************************************************************************
Thu Jan 16 14:46:44 2025


FIT:    data read from 'lattice_cohesive_energy.txt' u 2:3
        format = x:z
        #datapoints = 49
        residuals are weighted equally (unit weight)

function used for fitting: f(x)
	f(x) = (a*x/(b*(b-1)))*(b*(1-c/x)+(c/x)**b-1)+d
fitted parameters initialized with current variable values

iter      chisq       delta/lim  lambda   a             b             c             d            
   0 2.1174419239e+06   0.00e+00  5.77e+02    5.000000e-01   3.500000e+00   1.182000e+02  -3.710000e+01
  11 8.9277933831e-06  -8.53e-02  5.77e-06    7.838716e-01   3.929716e+00   2.849151e+01  -1.041552e+01

After 11 iterations the fit converged.
final sum of squares of residuals : 8.92779e-06
rel. change during last iteration : -8.53034e-07

degrees of freedom    (FIT_NDF)                        : 45
rms of residuals      (FIT_STDFIT) = sqrt(WSSR/ndf)    : 0.000445416
variance of residuals (reduced chisquare) = WSSR/ndf   : 1.98395e-07

Final set of parameters            Asymptotic Standard Error
=======================            ==========================
a               = 0.783872         +/- 0.0004504    (0.05745%)
b               = 3.92972          +/- 0.01823      (0.4638%)
c               = 28.4915          +/- 0.001892     (0.00664%)
d               = -10.4155         +/- 9.58e-05     (0.0009198%)

correlation matrix of the fit parameters:
                a      b      c      d      
a               1.000 
b              -0.067  1.000 
c              -0.035 -0.915  1.000 
d              -0.739  0.112 -0.069  1.000 


*******************************************************************************
Thu Jan 16 14:48:47 2025


FIT:    data read from 'lattice_cohesive_energy.txt' u 2:3
        format = x:z
        #datapoints = 49
        residuals are weighted equally (unit weight)

function used for fitting: f(x)
	f(x) = (a*x/(b*(b-1)))*(b*(1-c/x)+(c/x)**b-1)+d
fitted parameters initialized with current variable values

iter      chisq       delta/lim  lambda   a             b             c             d            
   0 2.1174419239e+06   0.00e+00  5.77e+02    5.000000e-01   3.500000e+00   1.182000e+02  -3.710000e+01
  11 8.9277933831e-06  -8.53e-02  5.77e-06    7.838716e-01   3.929716e+00   2.849151e+01  -1.041552e+01

After 11 iterations the fit converged.
final sum of squares of residuals : 8.92779e-06
rel. change during last iteration : -8.53034e-07

degrees of freedom    (FIT_NDF)                        : 45
rms of residuals      (FIT_STDFIT) = sqrt(WSSR/ndf)    : 0.000445416
variance of residuals (reduced chisquare) = WSSR/ndf   : 1.98395e-07

Final set of parameters            Asymptotic Standard Error
=======================            ==========================
a               = 0.783872         +/- 0.0004504    (0.05745%)
b               = 3.92972          +/- 0.01823      (0.4638%)
c               = 28.4915          +/- 0.001892     (0.00664%)
d               = -10.4155         +/- 9.58e-05     (0.0009198%)

correlation matrix of the fit parameters:
                a      b      c      d      
a               1.000 
b              -0.067  1.000 
c              -0.035 -0.915  1.000 
d              -0.739  0.112 -0.069  1.000 


*******************************************************************************
Thu Jan 16 14:49:19 2025


FIT:    data read from 'lattice_cohesive_energy.txt' u 2:3
        format = x:z
        #datapoints = 49
        residuals are weighted equally (unit weight)

function used for fitting: f(x)
	f(x) = (a*x/(b*(b-1)))*(b*(1-c/x)+(c/x)**b-1)+d
fitted parameters initialized with current variable values

iter      chisq       delta/lim  lambda   a             b             c             d            
   0 2.1174419239e+06   0.00e+00  5.77e+02    5.000000e-01   3.500000e+00   1.182000e+02  -3.710000e+01
  11 8.9277933830e-06  -8.53e-02  5.77e-06    7.838716e-01   3.929716e+00   2.849151e+01  -1.041552e+01

After 11 iterations the fit converged.
final sum of squares of residuals : 8.92779e-06
rel. change during last iteration : -8.53034e-07

degrees of freedom    (FIT_NDF)                        : 45
rms of residuals      (FIT_STDFIT) = sqrt(WSSR/ndf)    : 0.000445416
variance of residuals (reduced chisquare) = WSSR/ndf   : 1.98395e-07

Final set of parameters            Asymptotic Standard Error
=======================            ==========================
a               = 0.783872         +/- 0.0004504    (0.05745%)
b               = 3.92972          +/- 0.01823      (0.4638%)
c               = 28.4915          +/- 0.001892     (0.00664%)
d               = -10.4155         +/- 9.58e-05     (0.0009198%)

correlation matrix of the fit parameters:
                a      b      c      d      
a               1.000 
b              -0.067  1.000 
c              -0.035 -0.915  1.000 
d              -0.739  0.112 -0.069  1.000 


*******************************************************************************
Thu Jan 16 15:03:00 2025


FIT:    data read from 'lattice_cohesive_energy.txt' u 2:3
        format = x:z
        #datapoints = 49
        residuals are weighted equally (unit weight)

function used for fitting: f(x)
	f(x) = (a*x/(b*(b-1)))*(b*(1-c/x)+(c/x)**b-1)+d
fitted parameters initialized with current variable values

iter      chisq       delta/lim  lambda   a             b             c             d            
   0 2.7088168262e+04   0.00e+00  3.28e+01    5.000000e-01   3.500000e+00   1.182000e+02  -3.710000e+01
   6 4.1570450801e-04  -4.58e-01  3.28e-05    1.769155e+00   4.195546e+00   7.633994e+01  -5.287675e+01

After 6 iterations the fit converged.
final sum of squares of residuals : 0.000415705
rel. change during last iteration : -4.58221e-06

degrees of freedom    (FIT_NDF)                        : 45
rms of residuals      (FIT_STDFIT) = sqrt(WSSR/ndf)    : 0.00303939
variance of residuals (reduced chisquare) = WSSR/ndf   : 9.23788e-06

Final set of parameters            Asymptotic Standard Error
=======================            ==========================
a               = 1.76916          +/- 0.001152     (0.0651%)
b               = 4.19555          +/- 0.02053      (0.4893%)
c               = 76.3399          +/- 0.0057       (0.007467%)
d               = -52.8768         +/- 0.0006544    (0.001238%)

correlation matrix of the fit parameters:
                a      b      c      d      
a               1.000 
b              -0.087  1.000 
c              -0.028 -0.915  1.000 
d              -0.738  0.127 -0.077  1.000 


*******************************************************************************
Thu Jan 16 15:11:33 2025


FIT:    data read from 'lattice_cohesive_energy.txt' u 2:3
        format = x:z
        #datapoints = 49
        residuals are weighted equally (unit weight)

function used for fitting: f(x)
	f(x) = (a*x/(b*(b-1)))*(b*(1-c/x)+(c/x)**b-1)+d
fitted parameters initialized with current variable values

iter      chisq       delta/lim  lambda   a             b             c             d            
   0 2.7088168262e+04   0.00e+00  3.28e+01    5.000000e-01   3.500000e+00   1.182000e+02  -3.710000e+01
   6 4.1570450801e-04  -4.58e-01  3.28e-05    1.769155e+00   4.195546e+00   7.633994e+01  -5.287675e+01

After 6 iterations the fit converged.
final sum of squares of residuals : 0.000415705
rel. change during last iteration : -4.58221e-06

degrees of freedom    (FIT_NDF)                        : 45
rms of residuals      (FIT_STDFIT) = sqrt(WSSR/ndf)    : 0.00303939
variance of residuals (reduced chisquare) = WSSR/ndf   : 9.23788e-06

Final set of parameters            Asymptotic Standard Error
=======================            ==========================
a               = 1.76916          +/- 0.001152     (0.0651%)
b               = 4.19555          +/- 0.02053      (0.4893%)
c               = 76.3399          +/- 0.0057       (0.007467%)
d               = -52.8768         +/- 0.0006544    (0.001238%)

correlation matrix of the fit parameters:
                a      b      c      d      
a               1.000 
b              -0.087  1.000 
c              -0.028 -0.915  1.000 
d              -0.738  0.127 -0.077  1.000 


*******************************************************************************
Thu Jan 16 15:11:41 2025


FIT:    data read from 'lattice_cohesive_energy.txt' u 2:3
        format = x:z
        #datapoints = 49
        residuals are weighted equally (unit weight)

function used for fitting: f(x)
	f(x) = (a*x/(b*(b-1)))*(b*(1-c/x)+(c/x)**b-1)+d
fitted parameters initialized with current variable values

iter      chisq       delta/lim  lambda   a             b             c             d            
   0 2.7088168262e+04   0.00e+00  3.28e+01    5.000000e-01   3.500000e+00   1.182000e+02  -3.710000e+01
   6 4.1570450801e-04  -4.58e-01  3.28e-05    1.769155e+00   4.195546e+00   7.633994e+01  -5.287675e+01

After 6 iterations the fit converged.
final sum of squares of residuals : 0.000415705
rel. change during last iteration : -4.58221e-06

degrees of freedom    (FIT_NDF)                        : 45
rms of residuals      (FIT_STDFIT) = sqrt(WSSR/ndf)    : 0.00303939
variance of residuals (reduced chisquare) = WSSR/ndf   : 9.23788e-06

Final set of parameters            Asymptotic Standard Error
=======================            ==========================
a               = 1.76916          +/- 0.001152     (0.0651%)
b               = 4.19555          +/- 0.02053      (0.4893%)
c               = 76.3399          +/- 0.0057       (0.007467%)
d               = -52.8768         +/- 0.0006544    (0.001238%)

correlation matrix of the fit parameters:
                a      b      c      d      
a               1.000 
b              -0.087  1.000 
c              -0.028 -0.915  1.000 
d              -0.738  0.127 -0.077  1.000 


*******************************************************************************
Sun Jan 19 11:19:27 2025


FIT:    data read from 'lattice_cohesive_energy.txt' u 2:3
        format = x:z
        #datapoints = 49
        residuals are weighted equally (unit weight)

function used for fitting: f(x)
	f(x) = (a*x/(b*(b-1)))*(b*(1-c/x)+(c/x)**b-1)+d
fitted parameters initialized with current variable values

iter      chisq       delta/lim  lambda   a             b             c             d            
   0 2.7088168262e+04   0.00e+00  3.28e+01    5.000000e-01   3.500000e+00   1.182000e+02  -3.710000e+01
   6 4.1570450801e-04  -4.58e-01  3.28e-05    1.769155e+00   4.195546e+00   7.633994e+01  -5.287675e+01

After 6 iterations the fit converged.
final sum of squares of residuals : 0.000415705
rel. change during last iteration : -4.58221e-06

degrees of freedom    (FIT_NDF)                        : 45
rms of residuals      (FIT_STDFIT) = sqrt(WSSR/ndf)    : 0.00303939
variance of residuals (reduced chisquare) = WSSR/ndf   : 9.23788e-06

Final set of parameters            Asymptotic Standard Error
=======================            ==========================
a               = 1.76916          +/- 0.001152     (0.0651%)
b               = 4.19555          +/- 0.02053      (0.4893%)
c               = 76.3399          +/- 0.0057       (0.007467%)
d               = -52.8768         +/- 0.0006544    (0.001238%)

correlation matrix of the fit parameters:
                a      b      c      d      
a               1.000 
b              -0.087  1.000 
c              -0.028 -0.915  1.000 
d              -0.738  0.127 -0.077  1.000 


*******************************************************************************
Sun Jan 19 11:22:02 2025


FIT:    data read from 'lattice_cohesive_energy.txt' u 2:3
        format = x:z
        #datapoints = 49
        residuals are weighted equally (unit weight)

function used for fitting: f(x)
	f(x) = (a*x/(b*(b-1)))*(b*(1-c/x)+(c/x)**b-1)+d
fitted parameters initialized with current variable values

iter      chisq       delta/lim  lambda   a             b             c             d            
   0 2.7088167981e+04   0.00e+00  3.28e+01    5.000000e-01   3.500000e+00   1.182000e+02  -3.710000e+01
   6 4.1570455127e-04  -4.58e-01  3.28e-05    1.769155e+00   4.195546e+00   7.633994e+01  -5.287675e+01

After 6 iterations the fit converged.
final sum of squares of residuals : 0.000415705
rel. change during last iteration : -4.58225e-06

degrees of freedom    (FIT_NDF)                        : 45
rms of residuals      (FIT_STDFIT) = sqrt(WSSR/ndf)    : 0.00303939
variance of residuals (reduced chisquare) = WSSR/ndf   : 9.23788e-06

Final set of parameters            Asymptotic Standard Error
=======================            ==========================
a               = 1.76916          +/- 0.001152     (0.0651%)
b               = 4.19555          +/- 0.02053      (0.4893%)
c               = 76.3399          +/- 0.0057       (0.007467%)
d               = -52.8768         +/- 0.0006544    (0.001238%)

correlation matrix of the fit parameters:
                a      b      c      d      
a               1.000 
b              -0.087  1.000 
c              -0.028 -0.915  1.000 
d              -0.738  0.127 -0.077  1.000 


*******************************************************************************
Sun Jan 19 11:22:08 2025


FIT:    data read from 'lattice_cohesive_energy.txt' u 2:3
        format = x:z
        #datapoints = 49
        residuals are weighted equally (unit weight)

function used for fitting: f(x)
	f(x) = (a*x/(b*(b-1)))*(b*(1-c/x)+(c/x)**b-1)+d
fitted parameters initialized with current variable values

iter      chisq       delta/lim  lambda   a             b             c             d            
   0 2.7088167981e+04   0.00e+00  3.28e+01    5.000000e-01   3.500000e+00   1.182000e+02  -3.710000e+01
   6 4.1570455127e-04  -4.58e-01  3.28e-05    1.769155e+00   4.195546e+00   7.633994e+01  -5.287675e+01

After 6 iterations the fit converged.
final sum of squares of residuals : 0.000415705
rel. change during last iteration : -4.58225e-06

degrees of freedom    (FIT_NDF)                        : 45
rms of residuals      (FIT_STDFIT) = sqrt(WSSR/ndf)    : 0.00303939
variance of residuals (reduced chisquare) = WSSR/ndf   : 9.23788e-06

Final set of parameters            Asymptotic Standard Error
=======================            ==========================
a               = 1.76916          +/- 0.001152     (0.0651%)
b               = 4.19555          +/- 0.02053      (0.4893%)
c               = 76.3399          +/- 0.0057       (0.007467%)
d               = -52.8768         +/- 0.0006544    (0.001238%)

correlation matrix of the fit parameters:
                a      b      c      d      
a               1.000 
b              -0.087  1.000 
c              -0.028 -0.915  1.000 
d              -0.738  0.127 -0.077  1.000 


*******************************************************************************
Sun Jan 19 11:24:49 2025


FIT:    data read from 'lattice_cohesive_energy.txt' u 2:3
        format = x:z
        #datapoints = 49
        residuals are weighted equally (unit weight)

function used for fitting: f(x)
	f(x) = (a*x/(b*(b-1)))*(b*(1-c/x)+(c/x)**b-1)+d
fitted parameters initialized with current variable values

iter      chisq       delta/lim  lambda   a             b             c             d            
   0 2.7088167751e+04   0.00e+00  3.28e+01    5.000000e-01   3.500000e+00   1.182000e+02  -3.710000e+01
   6 4.1570457493e-04  -4.58e-01  3.28e-05    1.769155e+00   4.195546e+00   7.633994e+01  -5.287675e+01

After 6 iterations the fit converged.
final sum of squares of residuals : 0.000415705
rel. change during last iteration : -4.58228e-06

degrees of freedom    (FIT_NDF)                        : 45
rms of residuals      (FIT_STDFIT) = sqrt(WSSR/ndf)    : 0.00303939
variance of residuals (reduced chisquare) = WSSR/ndf   : 9.23788e-06

Final set of parameters            Asymptotic Standard Error
=======================            ==========================
a               = 1.76916          +/- 0.001152     (0.0651%)
b               = 4.19555          +/- 0.02053      (0.4893%)
c               = 76.3399          +/- 0.0057       (0.007467%)
d               = -52.8768         +/- 0.0006544    (0.001238%)

correlation matrix of the fit parameters:
                a      b      c      d      
a               1.000 
b              -0.087  1.000 
c              -0.028 -0.915  1.000 
d              -0.738  0.127 -0.077  1.000 


*******************************************************************************
Sun Jan 19 11:32:00 2025


FIT:    data read from 'lattice_cohesive_energy.txt' u 2:3
        format = x:z
        #datapoints = 49
        residuals are weighted equally (unit weight)

function used for fitting: f(x)
	f(x) = (a*x/(b*(b-1)))*(b*(1-c/x)+(c/x)**b-1)+d
fitted parameters initialized with current variable values

iter      chisq       delta/lim  lambda   a             b             c             d            
   0 2.7088167981e+04   0.00e+00  3.28e+01    5.000000e-01   3.500000e+00   1.182000e+02  -3.710000e+01
   6 4.1570455127e-04  -4.58e-01  3.28e-05    1.769155e+00   4.195546e+00   7.633994e+01  -5.287675e+01

After 6 iterations the fit converged.
final sum of squares of residuals : 0.000415705
rel. change during last iteration : -4.58225e-06

degrees of freedom    (FIT_NDF)                        : 45
rms of residuals      (FIT_STDFIT) = sqrt(WSSR/ndf)    : 0.00303939
variance of residuals (reduced chisquare) = WSSR/ndf   : 9.23788e-06

Final set of parameters            Asymptotic Standard Error
=======================            ==========================
a               = 1.76916          +/- 0.001152     (0.0651%)
b               = 4.19555          +/- 0.02053      (0.4893%)
c               = 76.3399          +/- 0.0057       (0.007467%)
d               = -52.8768         +/- 0.0006544    (0.001238%)

correlation matrix of the fit parameters:
                a      b      c      d      
a               1.000 
b              -0.087  1.000 
c              -0.028 -0.915  1.000 
d              -0.738  0.127 -0.077  1.000 


*******************************************************************************
Sun Jan 19 11:39:09 2025


FIT:    data read from 'lattice_cohesive_energy.txt' u 2:3
        format = x:z
        #datapoints = 49
        residuals are weighted equally (unit weight)

function used for fitting: f(x)
	f(x) = (a*x/(b*(b-1)))*(b*(1-c/x)+(c/x)**b-1)+d
fitted parameters initialized with current variable values

iter      chisq       delta/lim  lambda   a             b             c             d            
   0 2.7088167981e+04   0.00e+00  3.28e+01    5.000000e-01   3.500000e+00   1.182000e+02  -3.710000e+01
   6 4.1570455127e-04  -4.58e-01  3.28e-05    1.769155e+00   4.195546e+00   7.633994e+01  -5.287675e+01

After 6 iterations the fit converged.
final sum of squares of residuals : 0.000415705
rel. change during last iteration : -4.58225e-06

degrees of freedom    (FIT_NDF)                        : 45
rms of residuals      (FIT_STDFIT) = sqrt(WSSR/ndf)    : 0.00303939
variance of residuals (reduced chisquare) = WSSR/ndf   : 9.23788e-06

Final set of parameters            Asymptotic Standard Error
=======================            ==========================
a               = 1.76916          +/- 0.001152     (0.0651%)
b               = 4.19555          +/- 0.02053      (0.4893%)
c               = 76.3399          +/- 0.0057       (0.007467%)
d               = -52.8768         +/- 0.0006544    (0.001238%)

correlation matrix of the fit parameters:
                a      b      c      d      
a               1.000 
b              -0.087  1.000 
c              -0.028 -0.915  1.000 
d              -0.738  0.127 -0.077  1.000 


*******************************************************************************
Sun Jan 19 11:39:45 2025


FIT:    data read from 'lattice_cohesive_energy.txt' u 2:3
        format = x:z
        #datapoints = 49
        residuals are weighted equally (unit weight)

function used for fitting: f(x)
	f(x) = (a*x/(b*(b-1)))*(b*(1-c/x)+(c/x)**b-1)+d
fitted parameters initialized with current variable values

iter      chisq       delta/lim  lambda   a             b             c             d            
   0 4.5121608658e+04   0.00e+00  4.12e+01    5.000000e-01   3.500000e+00   1.182000e+02  -3.710000e+01
   7 3.2837743402e-04  -3.14e-01  4.12e-06    1.835318e+00   4.045815e+00   6.994005e+01  -5.535711e+01

After 7 iterations the fit converged.
final sum of squares of residuals : 0.000328377
rel. change during last iteration : -3.14473e-06

degrees of freedom    (FIT_NDF)                        : 45
rms of residuals      (FIT_STDFIT) = sqrt(WSSR/ndf)    : 0.00270135
variance of residuals (reduced chisquare) = WSSR/ndf   : 7.29728e-06

Final set of parameters            Asymptotic Standard Error
=======================            ==========================
a               = 1.83532          +/- 0.001115     (0.06073%)
b               = 4.04581          +/- 0.01922      (0.475%)
c               = 69.9401          +/- 0.004893     (0.006996%)
d               = -55.3571         +/- 0.0005813    (0.00105%)

correlation matrix of the fit parameters:
                a      b      c      d      
a               1.000 
b              -0.075  1.000 
c              -0.032 -0.915  1.000 
d              -0.739  0.118 -0.072  1.000 


*******************************************************************************
Sun Jan 19 11:40:00 2025


FIT:    data read from 'lattice_cohesive_energy.txt' u 2:3
        format = x:z
        #datapoints = 49
        residuals are weighted equally (unit weight)

function used for fitting: f(x)
	f(x) = (a*x/(b*(b-1)))*(b*(1-c/x)+(c/x)**b-1)+d
fitted parameters initialized with current variable values

iter      chisq       delta/lim  lambda   a             b             c             d            
   0 4.5121608658e+04   0.00e+00  4.12e+01    5.000000e-01   3.500000e+00   1.182000e+02  -3.710000e+01
   7 3.2837743402e-04  -3.14e-01  4.12e-06    1.835318e+00   4.045815e+00   6.994005e+01  -5.535711e+01

After 7 iterations the fit converged.
final sum of squares of residuals : 0.000328377
rel. change during last iteration : -3.14473e-06

degrees of freedom    (FIT_NDF)                        : 45
rms of residuals      (FIT_STDFIT) = sqrt(WSSR/ndf)    : 0.00270135
variance of residuals (reduced chisquare) = WSSR/ndf   : 7.29728e-06

Final set of parameters            Asymptotic Standard Error
=======================            ==========================
a               = 1.83532          +/- 0.001115     (0.06073%)
b               = 4.04581          +/- 0.01922      (0.475%)
c               = 69.9401          +/- 0.004893     (0.006996%)
d               = -55.3571         +/- 0.0005813    (0.00105%)

correlation matrix of the fit parameters:
                a      b      c      d      
a               1.000 
b              -0.075  1.000 
c              -0.032 -0.915  1.000 
d              -0.739  0.118 -0.072  1.000 


*******************************************************************************
Sun Jan 19 11:44:08 2025


FIT:    data read from 'lattice_cohesive_energy.txt' u 2:3
        format = x:z
        #datapoints = 49
        residuals are weighted equally (unit weight)

function used for fitting: f(x)
	f(x) = (a*x/(b*(b-1)))*(b*(1-c/x)+(c/x)**b-1)+d
fitted parameters initialized with current variable values

iter      chisq       delta/lim  lambda   a             b             c             d            
   0 1.2909580813e+04   0.00e+00  3.90e+01    5.000000e-01   3.500000e+00   1.182000e+02  -3.710000e+01
   8 1.6639345175e-04  -1.37e-08  3.90e+00    1.310807e+00   3.994311e+00   7.137543e+01  -4.175794e+01

After 8 iterations the fit converged.
final sum of squares of residuals : 0.000166393
rel. change during last iteration : -1.36508e-13

degrees of freedom    (FIT_NDF)                        : 45
rms of residuals      (FIT_STDFIT) = sqrt(WSSR/ndf)    : 0.00192292
variance of residuals (reduced chisquare) = WSSR/ndf   : 3.69763e-06

Final set of parameters            Asymptotic Standard Error
=======================            ==========================
a               = 1.31081          +/- 0.0007768    (0.05926%)
b               = 3.99431          +/- 0.01878      (0.4701%)
c               = 71.3754          +/- 0.00488      (0.006837%)
d               = -41.7579         +/- 0.0004137    (0.0009907%)

correlation matrix of the fit parameters:
                a      b      c      d      
a               1.000 
b              -0.072  1.000 
c              -0.033 -0.915  1.000 
d              -0.739  0.115 -0.071  1.000 


*******************************************************************************
Sun Jan 19 11:54:49 2025


FIT:    data read from 'lattice_cohesive_energy.txt' u 2:3
        format = x:z
        #datapoints = 49
        residuals are weighted equally (unit weight)

function used for fitting: f(x)
	f(x) = (a*x/(b*(b-1)))*(b*(1-c/x)+(c/x)**b-1)+d
fitted parameters initialized with current variable values

iter      chisq       delta/lim  lambda   a             b             c             d            
   0 9.6137928505e+03   0.00e+00  4.46e+01    5.000000e-01   3.500000e+00   1.182000e+02  -3.710000e+01
   8 1.4080129439e-04  -1.15e-02  4.46e-07    1.201376e+00   4.227911e+00   6.792349e+01  -3.615811e+01

After 8 iterations the fit converged.
final sum of squares of residuals : 0.000140801
rel. change during last iteration : -1.1453e-07

degrees of freedom    (FIT_NDF)                        : 45
rms of residuals      (FIT_STDFIT) = sqrt(WSSR/ndf)    : 0.00176887
variance of residuals (reduced chisquare) = WSSR/ndf   : 3.12892e-06

Final set of parameters            Asymptotic Standard Error
=======================            ==========================
a               = 1.20138          +/- 0.0007537    (0.06274%)
b               = 4.22791          +/- 0.01977      (0.4676%)
c               = 67.9235          +/- 0.004883     (0.00719%)
d               = -36.1581         +/- 0.0003809    (0.001053%)

correlation matrix of the fit parameters:
                a      b      c      d      
a               1.000 
b              -0.089  1.000 
c              -0.028 -0.914  1.000 
d              -0.738  0.129 -0.078  1.000 


*******************************************************************************
Sun Jan 19 12:31:18 2025


FIT:    data read from 'lattice_cohesive_energy.txt' u 2:3
        format = x:z
        #datapoints = 49
        residuals are weighted equally (unit weight)

function used for fitting: f(x)
	f(x) = (a*x/(b*(b-1)))*(b*(1-c/x)+(c/x)**b-1)+d
fitted parameters initialized with current variable values

iter      chisq       delta/lim  lambda   a             b             c             d            
   0 9.6137928505e+03   0.00e+00  4.46e+01    5.000000e-01   3.500000e+00   1.182000e+02  -3.710000e+01
   8 1.4080129439e-04  -1.15e-02  4.46e-07    1.201376e+00   4.227911e+00   6.792349e+01  -3.615811e+01

After 8 iterations the fit converged.
final sum of squares of residuals : 0.000140801
rel. change during last iteration : -1.1453e-07

degrees of freedom    (FIT_NDF)                        : 45
rms of residuals      (FIT_STDFIT) = sqrt(WSSR/ndf)    : 0.00176887
variance of residuals (reduced chisquare) = WSSR/ndf   : 3.12892e-06

Final set of parameters            Asymptotic Standard Error
=======================            ==========================
a               = 1.20138          +/- 0.0007537    (0.06274%)
b               = 4.22791          +/- 0.01977      (0.4676%)
c               = 67.9235          +/- 0.004883     (0.00719%)
d               = -36.1581         +/- 0.0003809    (0.001053%)

correlation matrix of the fit parameters:
                a      b      c      d      
a               1.000 
b              -0.089  1.000 
c              -0.028 -0.914  1.000 
d              -0.738  0.129 -0.078  1.000 


*******************************************************************************
Mon Jan 20 16:01:41 2025


FIT:    data read from 'lattice_cohesive_energy.txt' u 2:3
        format = x:z
        #datapoints = 49
        residuals are weighted equally (unit weight)

function used for fitting: f(x)
	f(x) = (a*x/(b*(b-1)))*(b*(1-c/x)+(c/x)**b-1)+d
fitted parameters initialized with current variable values

iter      chisq       delta/lim  lambda   a             b             c             d            
   0 2.7088167981e+04   0.00e+00  3.28e+01    5.000000e-01   3.500000e+00   1.182000e+02  -3.710000e+01
   6 4.1570455127e-04  -4.58e-01  3.28e-05    1.769155e+00   4.195546e+00   7.633994e+01  -5.287675e+01

After 6 iterations the fit converged.
final sum of squares of residuals : 0.000415705
rel. change during last iteration : -4.58225e-06

degrees of freedom    (FIT_NDF)                        : 45
rms of residuals      (FIT_STDFIT) = sqrt(WSSR/ndf)    : 0.00303939
variance of residuals (reduced chisquare) = WSSR/ndf   : 9.23788e-06

Final set of parameters            Asymptotic Standard Error
=======================            ==========================
a               = 1.76916          +/- 0.001152     (0.0651%)
b               = 4.19555          +/- 0.02053      (0.4893%)
c               = 76.3399          +/- 0.0057       (0.007467%)
d               = -52.8768         +/- 0.0006544    (0.001238%)

correlation matrix of the fit parameters:
                a      b      c      d      
a               1.000 
b              -0.087  1.000 
c              -0.028 -0.915  1.000 
d              -0.738  0.127 -0.077  1.000 


*******************************************************************************
Mon Jan 20 16:04:06 2025


FIT:    data read from 'lattice_cohesive_energy.txt' u 2:3
        format = x:z
        #datapoints = 49
        residuals are weighted equally (unit weight)

function used for fitting: f(x)
	f(x) = (a*x/(b*(b-1)))*(b*(1-c/x)+(c/x)**b-1)+d
fitted parameters initialized with current variable values

iter      chisq       delta/lim  lambda   a             b             c             d            
   0 2.7088167981e+04   0.00e+00  3.28e+01    5.000000e-01   3.500000e+00   1.182000e+02  -3.710000e+01
   6 4.1570455127e-04  -4.58e-01  3.28e-05    1.769155e+00   4.195546e+00   7.633994e+01  -5.287675e+01

After 6 iterations the fit converged.
final sum of squares of residuals : 0.000415705
rel. change during last iteration : -4.58225e-06

degrees of freedom    (FIT_NDF)                        : 45
rms of residuals      (FIT_STDFIT) = sqrt(WSSR/ndf)    : 0.00303939
variance of residuals (reduced chisquare) = WSSR/ndf   : 9.23788e-06

Final set of parameters            Asymptotic Standard Error
=======================            ==========================
a               = 1.76916          +/- 0.001152     (0.0651%)
b               = 4.19555          +/- 0.02053      (0.4893%)
c               = 76.3399          +/- 0.0057       (0.007467%)
d               = -52.8768         +/- 0.0006544    (0.001238%)

correlation matrix of the fit parameters:
                a      b      c      d      
a               1.000 
b              -0.087  1.000 
c              -0.028 -0.915  1.000 
d              -0.738  0.127 -0.077  1.000 


*******************************************************************************
Mon Jan 20 16:04:54 2025


FIT:    data read from 'lattice_cohesive_energy.txt' u 2:3
        format = x:z
        #datapoints = 49
        residuals are weighted equally (unit weight)

function used for fitting: f(x)
	f(x) = (a*x/(b*(b-1)))*(b*(1-c/x)+(c/x)**b-1)+d
fitted parameters initialized with current variable values

iter      chisq       delta/lim  lambda   a             b             c             d            
   0 4.5121608658e+04   0.00e+00  4.12e+01    5.000000e-01   3.500000e+00   1.182000e+02  -3.710000e+01
   7 3.2837743402e-04  -3.14e-01  4.12e-06    1.835318e+00   4.045815e+00   6.994005e+01  -5.535711e+01

After 7 iterations the fit converged.
final sum of squares of residuals : 0.000328377
rel. change during last iteration : -3.14473e-06

degrees of freedom    (FIT_NDF)                        : 45
rms of residuals      (FIT_STDFIT) = sqrt(WSSR/ndf)    : 0.00270135
variance of residuals (reduced chisquare) = WSSR/ndf   : 7.29728e-06

Final set of parameters            Asymptotic Standard Error
=======================            ==========================
a               = 1.83532          +/- 0.001115     (0.06073%)
b               = 4.04581          +/- 0.01922      (0.475%)
c               = 69.9401          +/- 0.004893     (0.006996%)
d               = -55.3571         +/- 0.0005813    (0.00105%)

correlation matrix of the fit parameters:
                a      b      c      d      
a               1.000 
b              -0.075  1.000 
c              -0.032 -0.915  1.000 
d              -0.739  0.118 -0.072  1.000 


*******************************************************************************
Mon Jan 20 16:06:18 2025


FIT:    data read from 'lattice_cohesive_energy.txt' u 2:3
        format = x:z
        #datapoints = 49
        residuals are weighted equally (unit weight)

function used for fitting: f(x)
	f(x) = (a*x/(b*(b-1)))*(b*(1-c/x)+(c/x)**b-1)+d
fitted parameters initialized with current variable values

iter      chisq       delta/lim  lambda   a             b             c             d            
   0 4.5121608658e+04   0.00e+00  4.12e+01    5.000000e-01   3.500000e+00   1.182000e+02  -3.710000e+01
   7 3.2837743402e-04  -3.14e-01  4.12e-06    1.835318e+00   4.045815e+00   6.994005e+01  -5.535711e+01

After 7 iterations the fit converged.
final sum of squares of residuals : 0.000328377
rel. change during last iteration : -3.14473e-06

degrees of freedom    (FIT_NDF)                        : 45
rms of residuals      (FIT_STDFIT) = sqrt(WSSR/ndf)    : 0.00270135
variance of residuals (reduced chisquare) = WSSR/ndf   : 7.29728e-06

Final set of parameters            Asymptotic Standard Error
=======================            ==========================
a               = 1.83532          +/- 0.001115     (0.06073%)
b               = 4.04581          +/- 0.01922      (0.475%)
c               = 69.9401          +/- 0.004893     (0.006996%)
d               = -55.3571         +/- 0.0005813    (0.00105%)

correlation matrix of the fit parameters:
                a      b      c      d      
a               1.000 
b              -0.075  1.000 
c              -0.032 -0.915  1.000 
d              -0.739  0.118 -0.072  1.000 


*******************************************************************************
Mon Jan 20 16:06:53 2025


FIT:    data read from 'lattice_cohesive_energy.txt' u 2:3
        format = x:z
        #datapoints = 49
        residuals are weighted equally (unit weight)

function used for fitting: f(x)
	f(x) = (a*x/(b*(b-1)))*(b*(1-c/x)+(c/x)**b-1)+d
fitted parameters initialized with current variable values

iter      chisq       delta/lim  lambda   a             b             c             d            
   0 2.7088167981e+04   0.00e+00  3.28e+01    5.000000e-01   3.500000e+00   1.182000e+02  -3.710000e+01
   6 4.1570455127e-04  -4.58e-01  3.28e-05    1.769155e+00   4.195546e+00   7.633994e+01  -5.287675e+01

After 6 iterations the fit converged.
final sum of squares of residuals : 0.000415705
rel. change during last iteration : -4.58225e-06

degrees of freedom    (FIT_NDF)                        : 45
rms of residuals      (FIT_STDFIT) = sqrt(WSSR/ndf)    : 0.00303939
variance of residuals (reduced chisquare) = WSSR/ndf   : 9.23788e-06

Final set of parameters            Asymptotic Standard Error
=======================            ==========================
a               = 1.76916          +/- 0.001152     (0.0651%)
b               = 4.19555          +/- 0.02053      (0.4893%)
c               = 76.3399          +/- 0.0057       (0.007467%)
d               = -52.8768         +/- 0.0006544    (0.001238%)

correlation matrix of the fit parameters:
                a      b      c      d      
a               1.000 
b              -0.087  1.000 
c              -0.028 -0.915  1.000 
d              -0.738  0.127 -0.077  1.000 


*******************************************************************************
Mon Jan 20 16:07:53 2025


FIT:    data read from 'lattice_cohesive_energy.txt' u 2:3
        format = x:z
        #datapoints = 49
        residuals are weighted equally (unit weight)

function used for fitting: f(x)
	f(x) = (a*x/(b*(b-1)))*(b*(1-c/x)+(c/x)**b-1)+d
fitted parameters initialized with current variable values

iter      chisq       delta/lim  lambda   a             b             c             d            
   0 4.5121608658e+04   0.00e+00  4.12e+01    5.000000e-01   3.500000e+00   1.182000e+02  -3.710000e+01
   7 3.2837743402e-04  -3.14e-01  4.12e-06    1.835318e+00   4.045815e+00   6.994005e+01  -5.535711e+01

After 7 iterations the fit converged.
final sum of squares of residuals : 0.000328377
rel. change during last iteration : -3.14473e-06

degrees of freedom    (FIT_NDF)                        : 45
rms of residuals      (FIT_STDFIT) = sqrt(WSSR/ndf)    : 0.00270135
variance of residuals (reduced chisquare) = WSSR/ndf   : 7.29728e-06

Final set of parameters            Asymptotic Standard Error
=======================            ==========================
a               = 1.83532          +/- 0.001115     (0.06073%)
b               = 4.04581          +/- 0.01922      (0.475%)
c               = 69.9401          +/- 0.004893     (0.006996%)
d               = -55.3571         +/- 0.0005813    (0.00105%)

correlation matrix of the fit parameters:
                a      b      c      d      
a               1.000 
b              -0.075  1.000 
c              -0.032 -0.915  1.000 
d              -0.739  0.118 -0.072  1.000 


*******************************************************************************
Mon Jan 20 16:08:58 2025


FIT:    data read from 'lattice_cohesive_energy.txt' u 2:3
        format = x:z
        #datapoints = 49
        residuals are weighted equally (unit weight)

function used for fitting: f(x)
	f(x) = (a*x/(b*(b-1)))*(b*(1-c/x)+(c/x)**b-1)+d
fitted parameters initialized with current variable values

iter      chisq       delta/lim  lambda   a             b             c             d            
   0 1.2909580813e+04   0.00e+00  3.90e+01    5.000000e-01   3.500000e+00   1.182000e+02  -3.710000e+01
   8 1.6639345175e-04  -1.37e-08  3.90e+00    1.310807e+00   3.994311e+00   7.137543e+01  -4.175794e+01

After 8 iterations the fit converged.
final sum of squares of residuals : 0.000166393
rel. change during last iteration : -1.36508e-13

degrees of freedom    (FIT_NDF)                        : 45
rms of residuals      (FIT_STDFIT) = sqrt(WSSR/ndf)    : 0.00192292
variance of residuals (reduced chisquare) = WSSR/ndf   : 3.69763e-06

Final set of parameters            Asymptotic Standard Error
=======================            ==========================
a               = 1.31081          +/- 0.0007768    (0.05926%)
b               = 3.99431          +/- 0.01878      (0.4701%)
c               = 71.3754          +/- 0.00488      (0.006837%)
d               = -41.7579         +/- 0.0004137    (0.0009907%)

correlation matrix of the fit parameters:
                a      b      c      d      
a               1.000 
b              -0.072  1.000 
c              -0.033 -0.915  1.000 
d              -0.739  0.115 -0.071  1.000 


*******************************************************************************
Mon Jan 20 16:11:09 2025


FIT:    data read from 'lattice_cohesive_energy.txt' u 2:3
        format = x:z
        #datapoints = 49
        residuals are weighted equally (unit weight)

function used for fitting: f(x)
	f(x) = (a*x/(b*(b-1)))*(b*(1-c/x)+(c/x)**b-1)+d
fitted parameters initialized with current variable values

iter      chisq       delta/lim  lambda   a             b             c             d            
   0 1.2909580813e+04   0.00e+00  3.90e+01    5.000000e-01   3.500000e+00   1.182000e+02  -3.710000e+01
   8 1.6639345175e-04  -1.37e-08  3.90e+00    1.310807e+00   3.994311e+00   7.137543e+01  -4.175794e+01

After 8 iterations the fit converged.
final sum of squares of residuals : 0.000166393
rel. change during last iteration : -1.36508e-13

degrees of freedom    (FIT_NDF)                        : 45
rms of residuals      (FIT_STDFIT) = sqrt(WSSR/ndf)    : 0.00192292
variance of residuals (reduced chisquare) = WSSR/ndf   : 3.69763e-06

Final set of parameters            Asymptotic Standard Error
=======================            ==========================
a               = 1.31081          +/- 0.0007768    (0.05926%)
b               = 3.99431          +/- 0.01878      (0.4701%)
c               = 71.3754          +/- 0.00488      (0.006837%)
d               = -41.7579         +/- 0.0004137    (0.0009907%)

correlation matrix of the fit parameters:
                a      b      c      d      
a               1.000 
b              -0.072  1.000 
c              -0.033 -0.915  1.000 
d              -0.739  0.115 -0.071  1.000 


*******************************************************************************
Mon Jan 20 16:23:28 2025


FIT:    data read from 'lattice_cohesive_energy.txt' u 2:3
        format = x:z
        #datapoints = 49
        residuals are weighted equally (unit weight)

function used for fitting: f(x)
	f(x) = (a*x/(b*(b-1)))*(b*(1-c/x)+(c/x)**b-1)+d
fitted parameters initialized with current variable values

iter      chisq       delta/lim  lambda   a             b             c             d            
   0 9.6137928505e+03   0.00e+00  4.46e+01    5.000000e-01   3.500000e+00   1.182000e+02  -3.710000e+01
   8 1.4080129439e-04  -1.15e-02  4.46e-07    1.201376e+00   4.227911e+00   6.792349e+01  -3.615811e+01

After 8 iterations the fit converged.
final sum of squares of residuals : 0.000140801
rel. change during last iteration : -1.1453e-07

degrees of freedom    (FIT_NDF)                        : 45
rms of residuals      (FIT_STDFIT) = sqrt(WSSR/ndf)    : 0.00176887
variance of residuals (reduced chisquare) = WSSR/ndf   : 3.12892e-06

Final set of parameters            Asymptotic Standard Error
=======================            ==========================
a               = 1.20138          +/- 0.0007537    (0.06274%)
b               = 4.22791          +/- 0.01977      (0.4676%)
c               = 67.9235          +/- 0.004883     (0.00719%)
d               = -36.1581         +/- 0.0003809    (0.001053%)

correlation matrix of the fit parameters:
                a      b      c      d      
a               1.000 
b              -0.089  1.000 
c              -0.028 -0.914  1.000 
d              -0.738  0.129 -0.078  1.000 


*******************************************************************************
Mon Jan 20 16:25:44 2025


FIT:    data read from 'lattice_cohesive_energy.txt' u 2:3
        format = x:z
        #datapoints = 49
        residuals are weighted equally (unit weight)

function used for fitting: f(x)
	f(x) = (a*x/(b*(b-1)))*(b*(1-c/x)+(c/x)**b-1)+d
fitted parameters initialized with current variable values

iter      chisq       delta/lim  lambda   a             b             c             d            
   0 1.2909580813e+04   0.00e+00  3.90e+01    5.000000e-01   3.500000e+00   1.182000e+02  -3.710000e+01
   8 1.6639345175e-04  -8.63e-09  3.90e+01    1.310807e+00   3.994311e+00   7.137543e+01  -4.175794e+01

After 8 iterations the fit converged.
final sum of squares of residuals : 0.000166393
rel. change during last iteration : -8.63356e-14

degrees of freedom    (FIT_NDF)                        : 45
rms of residuals      (FIT_STDFIT) = sqrt(WSSR/ndf)    : 0.00192292
variance of residuals (reduced chisquare) = WSSR/ndf   : 3.69763e-06

Final set of parameters            Asymptotic Standard Error
=======================            ==========================
a               = 1.31081          +/- 0.0007768    (0.05926%)
b               = 3.99431          +/- 0.01878      (0.4701%)
c               = 71.3754          +/- 0.00488      (0.006837%)
d               = -41.7579         +/- 0.0004137    (0.0009907%)

correlation matrix of the fit parameters:
                a      b      c      d      
a               1.000 
b              -0.072  1.000 
c              -0.033 -0.915  1.000 
d              -0.739  0.115 -0.071  1.000 


*******************************************************************************
Mon Jan 20 16:41:23 2025


FIT:    data read from 'lattice_cohesive_energy.txt' u 2:3
        format = x:z
        #datapoints = 49
        residuals are weighted equally (unit weight)

function used for fitting: f(x)
	f(x) = (a*x/(b*(b-1)))*(b*(1-c/x)+(c/x)**b-1)+d
fitted parameters initialized with current variable values

iter      chisq       delta/lim  lambda   a             b             c             d            
   0 1.2909580813e+04   0.00e+00  3.90e+01    5.000000e-01   3.500000e+00   1.182000e+02  -3.710000e+01
   8 1.6639345175e-04  -8.63e-09  3.90e+01    1.310807e+00   3.994311e+00   7.137543e+01  -4.175794e+01

After 8 iterations the fit converged.
final sum of squares of residuals : 0.000166393
rel. change during last iteration : -8.63356e-14

degrees of freedom    (FIT_NDF)                        : 45
rms of residuals      (FIT_STDFIT) = sqrt(WSSR/ndf)    : 0.00192292
variance of residuals (reduced chisquare) = WSSR/ndf   : 3.69763e-06

Final set of parameters            Asymptotic Standard Error
=======================            ==========================
a               = 1.31081          +/- 0.0007768    (0.05926%)
b               = 3.99431          +/- 0.01878      (0.4701%)
c               = 71.3754          +/- 0.00488      (0.006837%)
d               = -41.7579         +/- 0.0004137    (0.0009907%)

correlation matrix of the fit parameters:
                a      b      c      d      
a               1.000 
b              -0.072  1.000 
c              -0.033 -0.915  1.000 
d              -0.739  0.115 -0.071  1.000 
