

*******************************************************************************
Fri Dec 13 17:24:52 2024


FIT:    data read from 'lattice_cohesive_energy.txt' u 2:3
        format = x:z
        #datapoints = 49
        residuals are weighted equally (unit weight)

function used for fitting: f(x)
	f(x) = (a*x/(b*(b-1)))*(b*(1-c/x)+(c/x)**b-1)+d
fitted parameters initialized with current variable values

iter      chisq       delta/lim  lambda   a             b             c             d            
   0 2.7992442190e+06   0.00e+00  8.08e+02    5.000000e-02   4.000000e+00   2.570000e+02  -6.300000e+00
  12 3.0844193018e-08  -2.67e-06  8.08e-10    4.172843e-02   3.412781e+00   4.321476e+01  -1.649855e+00

After 12 iterations the fit converged.
final sum of squares of residuals : 3.08442e-08
rel. change during last iteration : -2.67412e-11

degrees of freedom    (FIT_NDF)                        : 45
rms of residuals      (FIT_STDFIT) = sqrt(WSSR/ndf)    : 2.61807e-05
variance of residuals (reduced chisquare) = WSSR/ndf   : 6.85427e-10

Final set of parameters            Asymptotic Standard Error
=======================            ==========================
a               = 0.0417284        +/- 1.734e-05    (0.04156%)
b               = 3.41278          +/- 0.01331      (0.39%)
c               = 43.2148          +/- 0.0021       (0.00486%)
d               = -1.64985         +/- 5.621e-06    (0.0003407%)

correlation matrix of the fit parameters:
                a      b      c      d      
a               1.000 
b              -0.026  1.000 
c              -0.047 -0.917  1.000 
d              -0.740  0.082 -0.053  1.000 


*******************************************************************************
Fri Dec 13 17:40:49 2024


FIT:    data read from 'lattice_cohesive_energy.txt' u 2:3
        format = x:z
BREAK: No data to fit

*******************************************************************************
Fri Dec 13 17:41:34 2024


FIT:    data read from 'lattice_cohesive_energy.txt' u 2:3
        format = x:z
BREAK: No data to fit

*******************************************************************************
Fri Dec 13 17:42:11 2024


FIT:    data read from 'lattice_cohesive_energy.txt' u 2:3
        format = x:z
        #datapoints = 49
        residuals are weighted equally (unit weight)

function used for fitting: f(x)
	f(x) = (a*x/(b*(b-1)))*(b*(1-c/x)+(c/x)**b-1)+d
fitted parameters initialized with current variable values

iter      chisq       delta/lim  lambda   a             b             c             d            
   0 2.8358774379e+06   0.00e+00  8.08e+02    5.000000e-02   4.000000e+00   2.570000e+02  -6.300000e+00
  11 1.2337677206e-07  -3.01e-05  8.08e-09    8.345686e-02   3.412781e+00   4.321476e+01  -3.299709e+00

After 11 iterations the fit converged.
final sum of squares of residuals : 1.23377e-07
rel. change during last iteration : -3.01484e-10

degrees of freedom    (FIT_NDF)                        : 45
rms of residuals      (FIT_STDFIT) = sqrt(WSSR/ndf)    : 5.23613e-05
variance of residuals (reduced chisquare) = WSSR/ndf   : 2.74171e-09

Final set of parameters            Asymptotic Standard Error
=======================            ==========================
a               = 0.0834569        +/- 3.469e-05    (0.04156%)
b               = 3.41278          +/- 0.01331      (0.39%)
c               = 43.2148          +/- 0.0021       (0.00486%)
d               = -3.29971         +/- 1.124e-05    (0.0003407%)

correlation matrix of the fit parameters:
                a      b      c      d      
a               1.000 
b              -0.026  1.000 
c              -0.047 -0.917  1.000 
d              -0.740  0.082 -0.053  1.000 


*******************************************************************************
Fri Dec 13 18:22:12 2024


FIT:    data read from 'lattice_cohesive_energy.txt' u 2:3
        format = x:z
        #datapoints = 49
        residuals are weighted equally (unit weight)

function used for fitting: f(x)
	f(x) = (a*x/(b*(b-1)))*(b*(1-c/x)+(c/x)**b-1)+d
fitted parameters initialized with current variable values

iter      chisq       delta/lim  lambda   a             b             c             d            
   0 3.7819990266e+06   0.00e+00  9.51e+02    5.000000e-02   4.000000e+00   2.570000e+02  -6.300000e+00
  11 1.3278512508e-05  -7.53e-01  9.51e-09    7.642480e-02   4.137118e+00   4.103871e+01  -3.294883e+00

After 11 iterations the fit converged.
final sum of squares of residuals : 1.32785e-05
rel. change during last iteration : -7.53152e-06

degrees of freedom    (FIT_NDF)                        : 45
rms of residuals      (FIT_STDFIT) = sqrt(WSSR/ndf)    : 0.000543211
variance of residuals (reduced chisquare) = WSSR/ndf   : 2.95078e-07

Final set of parameters            Asymptotic Standard Error
=======================            ==========================
a               = 0.0764248        +/- 0.0003804    (0.4977%)
b               = 4.13712          +/- 0.1605       (3.879%)
c               = 41.0387          +/- 0.02389      (0.0582%)
d               = -3.29488         +/- 0.0001165    (0.003535%)

correlation matrix of the fit parameters:
                a      b      c      d      
a               1.000 
b               0.073  1.000 
c              -0.131 -0.918  1.000 
d              -0.734  0.054 -0.031  1.000 


*******************************************************************************
Fri Dec 13 18:26:14 2024


FIT:    data read from 'lattice_cohesive_energy.txt' u 2:3
        format = x:z
        #datapoints = 49
        residuals are weighted equally (unit weight)

function used for fitting: f(x)
	f(x) = (a*x/(b*(b-1)))*(b*(1-c/x)+(c/x)**b-1)+d
fitted parameters initialized with current variable values

iter      chisq       delta/lim  lambda   a             b             c             d            
   0 3.7819933963e+06   0.00e+00  9.51e+02    5.000000e-02   4.000000e+00   2.570000e+02  -6.300000e+00
  11 6.8457683717e-06  -1.45e-02  9.51e-09    7.600265e-02   3.725385e+00   4.111349e+01  -3.294656e+00

After 11 iterations the fit converged.
final sum of squares of residuals : 6.84577e-06
rel. change during last iteration : -1.45065e-07

degrees of freedom    (FIT_NDF)                        : 45
rms of residuals      (FIT_STDFIT) = sqrt(WSSR/ndf)    : 0.000390036
variance of residuals (reduced chisquare) = WSSR/ndf   : 1.52128e-07

Final set of parameters            Asymptotic Standard Error
=======================            ==========================
a               = 0.0760027        +/- 0.0002717    (0.3574%)
b               = 3.72538          +/- 0.1152       (3.092%)
c               = 41.1135          +/- 0.01723      (0.04192%)
d               = -3.29466         +/- 8.365e-05    (0.002539%)

correlation matrix of the fit parameters:
                a      b      c      d      
a               1.000 
b               0.046  1.000 
c              -0.103 -0.918  1.000 
d              -0.737  0.057 -0.035  1.000 


*******************************************************************************
Fri Dec 13 18:30:00 2024


FIT:    data read from 'lattice_cohesive_energy.txt' u 2:3
        format = x:z
        #datapoints = 49
        residuals are weighted equally (unit weight)

function used for fitting: f(x)
	f(x) = (a*x/(b*(b-1)))*(b*(1-c/x)+(c/x)**b-1)+d
fitted parameters initialized with current variable values

iter      chisq       delta/lim  lambda   a             b             c             d            
   0 3.1798786736e+06   0.00e+00  8.62e+02    5.000000e-02   4.000000e+00   2.570000e+02  -6.300000e+00
  10 3.3308622363e-05  -2.18e-02  8.62e-08    8.703710e-02   3.795021e+00   4.253237e+01  -3.299611e+00

After 10 iterations the fit converged.
final sum of squares of residuals : 3.33086e-05
rel. change during last iteration : -2.1831e-07

degrees of freedom    (FIT_NDF)                        : 45
rms of residuals      (FIT_STDFIT) = sqrt(WSSR/ndf)    : 0.000860344
variance of residuals (reduced chisquare) = WSSR/ndf   : 7.40192e-07

Final set of parameters            Asymptotic Standard Error
=======================            ==========================
a               = 0.0870371        +/- 0.000588     (0.6756%)
b               = 3.79502          +/- 0.211        (5.56%)
c               = 42.5324          +/- 0.03272      (0.07694%)
d               = -3.29961         +/- 0.0001855    (0.005622%)

correlation matrix of the fit parameters:
                a      b      c      d      
a               1.000 
b              -0.139  1.000 
c               0.016 -0.913  1.000 
d              -0.741  0.141 -0.089  1.000 


*******************************************************************************
Fri Dec 13 18:47:27 2024


FIT:    data read from 'lattice_cohesive_energy.txt' u 2:3
        format = x:z
        #datapoints = 49
        residuals are weighted equally (unit weight)

function used for fitting: f(x)
	f(x) = (a*x/(b*(b-1)))*(b*(1-c/x)+(c/x)**b-1)+d
fitted parameters initialized with current variable values

iter      chisq       delta/lim  lambda   a             b             c             d            
   0 2.9960869459e+06   0.00e+00  8.33e+02    5.000000e-02   4.000000e+00   2.570000e+02  -6.300000e+00
  11 1.2539834840e-07  -2.33e-05  8.33e-09    8.523403e-02   3.421415e+00   4.283057e+01  -3.299934e+00

After 11 iterations the fit converged.
final sum of squares of residuals : 1.25398e-07
rel. change during last iteration : -2.33283e-10

degrees of freedom    (FIT_NDF)                        : 45
rms of residuals      (FIT_STDFIT) = sqrt(WSSR/ndf)    : 5.27885e-05
variance of residuals (reduced chisquare) = WSSR/ndf   : 2.78663e-09

Final set of parameters            Asymptotic Standard Error
=======================            ==========================
a               = 0.085234         +/- 3.529e-05    (0.0414%)
b               = 3.42141          +/- 0.01326      (0.3874%)
c               = 42.8306          +/- 0.002073     (0.00484%)
d               = -3.29993         +/- 1.133e-05    (0.0003435%)

correlation matrix of the fit parameters:
                a      b      c      d      
a               1.000 
b              -0.027  1.000 
c              -0.047 -0.916  1.000 
d              -0.740  0.083 -0.053  1.000 


*******************************************************************************
Fri Dec 13 18:49:05 2024


FIT:    data read from 'lattice_cohesive_energy.txt' u 2:3
        format = x:z
        #datapoints = 49
        residuals are weighted equally (unit weight)

function used for fitting: f(x)
	f(x) = (a*x/(b*(b-1)))*(b*(1-c/x)+(c/x)**b-1)+d
fitted parameters initialized with current variable values

iter      chisq       delta/lim  lambda   a             b             c             d            
   0 2.9960869743e+06   0.00e+00  8.33e+02    5.000000e-02   4.000000e+00   2.570000e+02  -6.300000e+00
  11 1.2539834954e-07  -2.35e-05  8.33e-09    8.523403e-02   3.421415e+00   4.283057e+01  -3.299934e+00

After 11 iterations the fit converged.
final sum of squares of residuals : 1.25398e-07
rel. change during last iteration : -2.34576e-10

degrees of freedom    (FIT_NDF)                        : 45
rms of residuals      (FIT_STDFIT) = sqrt(WSSR/ndf)    : 5.27885e-05
variance of residuals (reduced chisquare) = WSSR/ndf   : 2.78663e-09

Final set of parameters            Asymptotic Standard Error
=======================            ==========================
a               = 0.085234         +/- 3.529e-05    (0.0414%)
b               = 3.42141          +/- 0.01326      (0.3874%)
c               = 42.8306          +/- 0.002073     (0.00484%)
d               = -3.29993         +/- 1.133e-05    (0.0003435%)

correlation matrix of the fit parameters:
                a      b      c      d      
a               1.000 
b              -0.027  1.000 
c              -0.047 -0.916  1.000 
d              -0.740  0.083 -0.053  1.000 


*******************************************************************************
Fri Dec 13 18:50:12 2024


FIT:    data read from 'lattice_cohesive_energy.txt' u 2:3
        format = x:z
        #datapoints = 49
        residuals are weighted equally (unit weight)

function used for fitting: f(x)
	f(x) = (a*x/(b*(b-1)))*(b*(1-c/x)+(c/x)**b-1)+d
fitted parameters initialized with current variable values

iter      chisq       delta/lim  lambda   a             b             c             d            
   0 2.9876661423e+06   0.00e+00  8.32e+02    5.000000e-02   4.000000e+00   2.570000e+02  -6.300000e+00
  11 1.2545221088e-07  -2.49e-05  8.32e-09    8.521184e-02   3.421975e+00   4.285015e+01  -3.299645e+00

After 11 iterations the fit converged.
final sum of squares of residuals : 1.25452e-07
rel. change during last iteration : -2.48564e-10

degrees of freedom    (FIT_NDF)                        : 45
rms of residuals      (FIT_STDFIT) = sqrt(WSSR/ndf)    : 5.27999e-05
variance of residuals (reduced chisquare) = WSSR/ndf   : 2.78783e-09

Final set of parameters            Asymptotic Standard Error
=======================            ==========================
a               = 0.0852118        +/- 3.528e-05    (0.0414%)
b               = 3.42197          +/- 0.01326      (0.3874%)
c               = 42.8502          +/- 0.002074     (0.00484%)
d               = -3.29965         +/- 1.134e-05    (0.0003436%)

correlation matrix of the fit parameters:
                a      b      c      d      
a               1.000 
b              -0.027  1.000 
c              -0.047 -0.916  1.000 
d              -0.740  0.083 -0.053  1.000 


*******************************************************************************
Fri Dec 13 18:51:32 2024


FIT:    data read from 'lattice_cohesive_energy.txt' u 2:3
        format = x:z
        #datapoints = 49
        residuals are weighted equally (unit weight)

function used for fitting: f(x)
	f(x) = (a*x/(b*(b-1)))*(b*(1-c/x)+(c/x)**b-1)+d
fitted parameters initialized with current variable values

iter      chisq       delta/lim  lambda   a             b             c             d            
   0 2.9876661423e+06   0.00e+00  8.32e+02    5.000000e-02   4.000000e+00   2.570000e+02  -6.300000e+00
  11 1.2545221088e-07  -2.49e-05  8.32e-09    8.521184e-02   3.421975e+00   4.285015e+01  -3.299645e+00

After 11 iterations the fit converged.
final sum of squares of residuals : 1.25452e-07
rel. change during last iteration : -2.48564e-10

degrees of freedom    (FIT_NDF)                        : 45
rms of residuals      (FIT_STDFIT) = sqrt(WSSR/ndf)    : 5.27999e-05
variance of residuals (reduced chisquare) = WSSR/ndf   : 2.78783e-09

Final set of parameters            Asymptotic Standard Error
=======================            ==========================
a               = 0.0852118        +/- 3.528e-05    (0.0414%)
b               = 3.42197          +/- 0.01326      (0.3874%)
c               = 42.8502          +/- 0.002074     (0.00484%)
d               = -3.29965         +/- 1.134e-05    (0.0003436%)

correlation matrix of the fit parameters:
                a      b      c      d      
a               1.000 
b              -0.027  1.000 
c              -0.047 -0.916  1.000 
d              -0.740  0.083 -0.053  1.000 


*******************************************************************************
Fri Dec 13 18:51:55 2024


FIT:    data read from 'lattice_cohesive_energy.txt' u 2:3
        format = x:z
        #datapoints = 49
        residuals are weighted equally (unit weight)

function used for fitting: f(x)
	f(x) = (a*x/(b*(b-1)))*(b*(1-c/x)+(c/x)**b-1)+d
fitted parameters initialized with current variable values

iter      chisq       delta/lim  lambda   a             b             c             d            
   0 2.9960869743e+06   0.00e+00  8.33e+02    5.000000e-02   4.000000e+00   2.570000e+02  -6.300000e+00
  11 1.2539834954e-07  -2.35e-05  8.33e-09    8.523403e-02   3.421415e+00   4.283057e+01  -3.299934e+00

After 11 iterations the fit converged.
final sum of squares of residuals : 1.25398e-07
rel. change during last iteration : -2.34576e-10

degrees of freedom    (FIT_NDF)                        : 45
rms of residuals      (FIT_STDFIT) = sqrt(WSSR/ndf)    : 5.27885e-05
variance of residuals (reduced chisquare) = WSSR/ndf   : 2.78663e-09

Final set of parameters            Asymptotic Standard Error
=======================            ==========================
a               = 0.085234         +/- 3.529e-05    (0.0414%)
b               = 3.42141          +/- 0.01326      (0.3874%)
c               = 42.8306          +/- 0.002073     (0.00484%)
d               = -3.29993         +/- 1.133e-05    (0.0003435%)

correlation matrix of the fit parameters:
                a      b      c      d      
a               1.000 
b              -0.027  1.000 
c              -0.047 -0.916  1.000 
d              -0.740  0.083 -0.053  1.000 


*******************************************************************************
Fri Dec 13 18:54:32 2024


FIT:    data read from 'lattice_cohesive_energy.txt' u 2:3
        format = x:z
        #datapoints = 49
        residuals are weighted equally (unit weight)

function used for fitting: f(x)
	f(x) = (a*x/(b*(b-1)))*(b*(1-c/x)+(c/x)**b-1)+d
fitted parameters initialized with current variable values

iter      chisq       delta/lim  lambda   a             b             c             d            
   0 2.9877308900e+06   0.00e+00  8.32e+02    5.000000e-02   4.000000e+00   2.570000e+02  -6.300000e+00
  11 1.2441007559e-07  -2.47e-05  8.32e-09    8.522118e-02   3.421010e+00   4.285002e+01  -3.299655e+00

After 11 iterations the fit converged.
final sum of squares of residuals : 1.2441e-07
rel. change during last iteration : -2.47037e-10

degrees of freedom    (FIT_NDF)                        : 45
rms of residuals      (FIT_STDFIT) = sqrt(WSSR/ndf)    : 5.25801e-05
variance of residuals (reduced chisquare) = WSSR/ndf   : 2.76467e-09

Final set of parameters            Asymptotic Standard Error
=======================            ==========================
a               = 0.0852212        +/- 3.513e-05    (0.04122%)
b               = 3.42101          +/- 0.0132       (0.3858%)
c               = 42.85            +/- 0.002065     (0.004819%)
d               = -3.29966         +/- 1.129e-05    (0.0003421%)

correlation matrix of the fit parameters:
                a      b      c      d      
a               1.000 
b              -0.027  1.000 
c              -0.047 -0.916  1.000 
d              -0.740  0.083 -0.053  1.000 


*******************************************************************************
Fri Dec 13 18:55:57 2024


FIT:    data read from 'lattice_cohesive_energy.txt' u 2:3
        format = x:z
        #datapoints = 49
        residuals are weighted equally (unit weight)

function used for fitting: f(x)
	f(x) = (a*x/(b*(b-1)))*(b*(1-c/x)+(c/x)**b-1)+d
fitted parameters initialized with current variable values

iter      chisq       delta/lim  lambda   a             b             c             d            
   0 2.9877308900e+06   0.00e+00  8.32e+02    5.000000e-02   4.000000e+00   2.570000e+02  -6.300000e+00
  11 1.2441007559e-07  -2.47e-05  8.32e-09    8.522118e-02   3.421010e+00   4.285002e+01  -3.299655e+00

After 11 iterations the fit converged.
final sum of squares of residuals : 1.2441e-07
rel. change during last iteration : -2.47037e-10

degrees of freedom    (FIT_NDF)                        : 45
rms of residuals      (FIT_STDFIT) = sqrt(WSSR/ndf)    : 5.25801e-05
variance of residuals (reduced chisquare) = WSSR/ndf   : 2.76467e-09

Final set of parameters            Asymptotic Standard Error
=======================            ==========================
a               = 0.0852212        +/- 3.513e-05    (0.04122%)
b               = 3.42101          +/- 0.0132       (0.3858%)
c               = 42.85            +/- 0.002065     (0.004819%)
d               = -3.29966         +/- 1.129e-05    (0.0003421%)

correlation matrix of the fit parameters:
                a      b      c      d      
a               1.000 
b              -0.027  1.000 
c              -0.047 -0.916  1.000 
d              -0.740  0.083 -0.053  1.000 


*******************************************************************************
Fri Dec 13 18:57:30 2024


FIT:    data read from 'lattice_cohesive_energy.txt' u 2:3
        format = x:z
        #datapoints = 49
        residuals are weighted equally (unit weight)

function used for fitting: f(x)
	f(x) = (a*x/(b*(b-1)))*(b*(1-c/x)+(c/x)**b-1)+d
fitted parameters initialized with current variable values

iter      chisq       delta/lim  lambda   a             b             c             d            
   0 3.1798786736e+06   0.00e+00  8.62e+02    5.000000e-02   4.000000e+00   2.570000e+02  -6.300000e+00
  10 3.3308622363e-05  -2.18e-02  8.62e-08    8.703710e-02   3.795021e+00   4.253237e+01  -3.299611e+00

After 10 iterations the fit converged.
final sum of squares of residuals : 3.33086e-05
rel. change during last iteration : -2.1831e-07

degrees of freedom    (FIT_NDF)                        : 45
rms of residuals      (FIT_STDFIT) = sqrt(WSSR/ndf)    : 0.000860344
variance of residuals (reduced chisquare) = WSSR/ndf   : 7.40192e-07

Final set of parameters            Asymptotic Standard Error
=======================            ==========================
a               = 0.0870371        +/- 0.000588     (0.6756%)
b               = 3.79502          +/- 0.211        (5.56%)
c               = 42.5324          +/- 0.03272      (0.07694%)
d               = -3.29961         +/- 0.0001855    (0.005622%)

correlation matrix of the fit parameters:
                a      b      c      d      
a               1.000 
b              -0.139  1.000 
c               0.016 -0.913  1.000 
d              -0.741  0.141 -0.089  1.000 


*******************************************************************************
Fri Dec 13 19:07:01 2024


FIT:    data read from 'lattice_cohesive_energy.txt' u 2:3
        format = x:z
        #datapoints = 49
        residuals are weighted equally (unit weight)

function used for fitting: f(x)
	f(x) = (a*x/(b*(b-1)))*(b*(1-c/x)+(c/x)**b-1)+d
fitted parameters initialized with current variable values

iter      chisq       delta/lim  lambda   a             b             c             d            
   0 2.8246540664e+06   0.00e+00  8.06e+02    5.000000e-02   4.000000e+00   2.570000e+02  -6.300000e+00
  11 1.1471171527e-06  -5.89e-06  8.06e-09    8.431765e-02   3.600910e+00   4.324493e+01  -3.298148e+00

After 11 iterations the fit converged.
final sum of squares of residuals : 1.14712e-06
rel. change during last iteration : -5.89451e-11

degrees of freedom    (FIT_NDF)                        : 45
rms of residuals      (FIT_STDFIT) = sqrt(WSSR/ndf)    : 0.000159661
variance of residuals (reduced chisquare) = WSSR/ndf   : 2.54915e-08

Final set of parameters            Asymptotic Standard Error
=======================            ==========================
a               = 0.0843177        +/- 0.0001059    (0.1256%)
b               = 3.60091          +/- 0.0401       (1.113%)
c               = 43.2449          +/- 0.006326     (0.01463%)
d               = -3.29815         +/- 3.43e-05     (0.00104%)

correlation matrix of the fit parameters:
                a      b      c      d      
a               1.000 
b              -0.042  1.000 
c              -0.042 -0.916  1.000 
d              -0.740  0.094 -0.059  1.000 


*******************************************************************************
Fri Dec 13 19:19:02 2024


FIT:    data read from 'lattice_cohesive_energy.txt' u 2:3
        format = x:z
        #datapoints = 49
        residuals are weighted equally (unit weight)

function used for fitting: f(x)
	f(x) = (a*x/(b*(b-1)))*(b*(1-c/x)+(c/x)**b-1)+d
fitted parameters initialized with current variable values

iter      chisq       delta/lim  lambda   a             b             c             d            
   0 2.8246540664e+06   0.00e+00  8.06e+02    5.000000e-02   4.000000e+00   2.570000e+02  -6.300000e+00
  11 1.1471171527e-06  -5.89e-06  8.06e-09    8.431765e-02   3.600910e+00   4.324493e+01  -3.298148e+00

After 11 iterations the fit converged.
final sum of squares of residuals : 1.14712e-06
rel. change during last iteration : -5.89451e-11

degrees of freedom    (FIT_NDF)                        : 45
rms of residuals      (FIT_STDFIT) = sqrt(WSSR/ndf)    : 0.000159661
variance of residuals (reduced chisquare) = WSSR/ndf   : 2.54915e-08

Final set of parameters            Asymptotic Standard Error
=======================            ==========================
a               = 0.0843177        +/- 0.0001059    (0.1256%)
b               = 3.60091          +/- 0.0401       (1.113%)
c               = 43.2449          +/- 0.006326     (0.01463%)
d               = -3.29815         +/- 3.43e-05     (0.00104%)

correlation matrix of the fit parameters:
                a      b      c      d      
a               1.000 
b              -0.042  1.000 
c              -0.042 -0.916  1.000 
d              -0.740  0.094 -0.059  1.000 


*******************************************************************************
Fri Dec 13 19:23:00 2024


FIT:    data read from 'lattice_cohesive_energy.txt' u 2:3
        format = x:z
        #datapoints = 49
        residuals are weighted equally (unit weight)

function used for fitting: f(x)
	f(x) = (a*x/(b*(b-1)))*(b*(1-c/x)+(c/x)**b-1)+d
fitted parameters initialized with current variable values

iter      chisq       delta/lim  lambda   a             b             c             d            
   0 2.8193968556e+06   0.00e+00  8.05e+02    5.000000e-02   4.000000e+00   2.570000e+02  -6.300000e+00
  10 6.5789212841e-08  -2.34e-04  8.05e-08    7.420493e-02   2.976883e+00   4.325500e+01  -3.299959e+00

After 10 iterations the fit converged.
final sum of squares of residuals : 6.57892e-08
rel. change during last iteration : -2.33832e-09

degrees of freedom    (FIT_NDF)                        : 45
rms of residuals      (FIT_STDFIT) = sqrt(WSSR/ndf)    : 3.82359e-05
variance of residuals (reduced chisquare) = WSSR/ndf   : 1.46198e-09

Final set of parameters            Asymptotic Standard Error
=======================            ==========================
a               = 0.0742049        +/- 2.522e-05    (0.03399%)
b               = 2.97688          +/- 0.01094      (0.3676%)
c               = 43.255           +/- 0.001731     (0.004001%)
d               = -3.29996         +/- 8.201e-06    (0.0002485%)

correlation matrix of the fit parameters:
                a      b      c      d      
a               1.000 
b               0.008  1.000 
c              -0.058 -0.917  1.000 
d              -0.741  0.057 -0.039  1.000 


*******************************************************************************
Mon Jan 13 12:25:57 2025


FIT:    data read from 'lattice_cohesive_energy.txt' u 2:3
        format = x:z
        #datapoints = 49
        residuals are weighted equally (unit weight)

function used for fitting: f(x)
	f(x) = (a*x/(b*(b-1)))*(b*(1-c/x)+(c/x)**b-1)+d
fitted parameters initialized with current variable values

iter      chisq       delta/lim  lambda   a             b             c             d            
   0 1.0342791273e+06   0.00e+00  4.16e+02    5.000000e-02   4.000000e+00   2.570000e+02  -6.300000e+00
  30 8.4575209178e-05  -3.78e-05  4.16e-02    9.961771e-01   5.004464e+00   5.230915e+01  -1.649133e+01

After 30 iterations the fit converged.
final sum of squares of residuals : 8.45752e-05
rel. change during last iteration : -3.77618e-10

degrees of freedom    (FIT_NDF)                        : 45
rms of residuals      (FIT_STDFIT) = sqrt(WSSR/ndf)    : 0.00137093
variance of residuals (reduced chisquare) = WSSR/ndf   : 1.87945e-06

Final set of parameters            Asymptotic Standard Error
=======================            ==========================
a               = 0.996177         +/- 0.0007705    (0.07735%)
b               = 5.00446          +/- 0.02383      (0.4761%)
c               = 52.3092          +/- 0.00451      (0.008622%)
d               = -16.4913         +/- 0.0002964    (0.001797%)

correlation matrix of the fit parameters:
                a      b      c      d      
a               1.000 
b              -0.148  1.000 
c              -0.010 -0.911  1.000 
d              -0.737  0.172 -0.101  1.000 


*******************************************************************************
Mon Jan 13 12:27:39 2025


FIT:    data read from 'lattice_cohesive_energy.txt' u 2:3
        format = x:z
        #datapoints = 49
        residuals are weighted equally (unit weight)

function used for fitting: f(x)
	f(x) = (a*x/(b*(b-1)))*(b*(1-c/x)+(c/x)**b-1)+d
fitted parameters initialized with current variable values

iter      chisq       delta/lim  lambda   a             b             c             d            
   0 1.0342791273e+06   0.00e+00  4.16e+02    5.000000e-02   4.000000e+00   2.570000e+02  -6.300000e+00
  30 8.4575209178e-05  -3.78e-05  4.16e-02    9.961771e-01   5.004464e+00   5.230915e+01  -1.649133e+01

After 30 iterations the fit converged.
final sum of squares of residuals : 8.45752e-05
rel. change during last iteration : -3.77618e-10

degrees of freedom    (FIT_NDF)                        : 45
rms of residuals      (FIT_STDFIT) = sqrt(WSSR/ndf)    : 0.00137093
variance of residuals (reduced chisquare) = WSSR/ndf   : 1.87945e-06

Final set of parameters            Asymptotic Standard Error
=======================            ==========================
a               = 0.996177         +/- 0.0007705    (0.07735%)
b               = 5.00446          +/- 0.02383      (0.4761%)
c               = 52.3092          +/- 0.00451      (0.008622%)
d               = -16.4913         +/- 0.0002964    (0.001797%)

correlation matrix of the fit parameters:
                a      b      c      d      
a               1.000 
b              -0.148  1.000 
c              -0.010 -0.911  1.000 
d              -0.737  0.172 -0.101  1.000 


*******************************************************************************
Mon Jan 13 12:29:10 2025


FIT:    data read from 'lattice_cohesive_energy.txt' u 2:3
        format = x:z
        #datapoints = 49
        residuals are weighted equally (unit weight)

function used for fitting: f(x)
	f(x) = (a*x/(b*(b-1)))*(b*(1-c/x)+(c/x)**b-1)+d
fitted parameters initialized with current variable values

iter      chisq       delta/lim  lambda   a             b             c             d            
   0 1.0342791273e+06   0.00e+00  4.16e+02    5.000000e-02   4.000000e+00   2.570000e+02  -6.300000e+00
  30 8.4575209178e-05  -3.78e-05  4.16e-02    9.961771e-01   5.004464e+00   5.230915e+01  -1.649133e+01

After 30 iterations the fit converged.
final sum of squares of residuals : 8.45752e-05
rel. change during last iteration : -3.77618e-10

degrees of freedom    (FIT_NDF)                        : 45
rms of residuals      (FIT_STDFIT) = sqrt(WSSR/ndf)    : 0.00137093
variance of residuals (reduced chisquare) = WSSR/ndf   : 1.87945e-06

Final set of parameters            Asymptotic Standard Error
=======================            ==========================
a               = 0.996177         +/- 0.0007705    (0.07735%)
b               = 5.00446          +/- 0.02383      (0.4761%)
c               = 52.3092          +/- 0.00451      (0.008622%)
d               = -16.4913         +/- 0.0002964    (0.001797%)

correlation matrix of the fit parameters:
                a      b      c      d      
a               1.000 
b              -0.148  1.000 
c              -0.010 -0.911  1.000 
d              -0.737  0.172 -0.101  1.000 


*******************************************************************************
Mon Jan 13 12:32:10 2025


FIT:    data read from 'lattice_cohesive_energy.txt' u 2:3
        format = x:z
        #datapoints = 49
        residuals are weighted equally (unit weight)

function used for fitting: f(x)
	f(x) = (a*x/(b*(b-1)))*(b*(1-c/x)+(c/x)**b-1)+d
fitted parameters initialized with current variable values

iter      chisq       delta/lim  lambda   a             b             c             d            
   0 1.0344945553e+06   0.00e+00  4.16e+02    5.000000e-02   4.000000e+00   2.570000e+02  -6.300000e+00
  27 7.2438778979e-05  -2.41e-05  4.16e-02    9.524168e-01   4.916382e+00   5.230855e+01  -1.649144e+01

After 27 iterations the fit converged.
final sum of squares of residuals : 7.24388e-05
rel. change during last iteration : -2.40608e-10

degrees of freedom    (FIT_NDF)                        : 45
rms of residuals      (FIT_STDFIT) = sqrt(WSSR/ndf)    : 0.00126876
variance of residuals (reduced chisquare) = WSSR/ndf   : 1.60975e-06

Final set of parameters            Asymptotic Standard Error
=======================            ==========================
a               = 0.952417         +/- 0.0007116    (0.07472%)
b               = 4.91638          +/- 0.02309      (0.4696%)
c               = 52.3086          +/- 0.004372     (0.008359%)
d               = -16.4914         +/- 0.0002741    (0.001662%)

correlation matrix of the fit parameters:
                a      b      c      d      
a               1.000 
b              -0.141  1.000 
c              -0.012 -0.912  1.000 
d              -0.737  0.167 -0.098  1.000 


*******************************************************************************
Mon Jan 13 12:34:35 2025


FIT:    data read from 'lattice_cohesive_energy.txt' u 2:3
        format = x:z
        #datapoints = 49
        residuals are weighted equally (unit weight)

function used for fitting: f(x)
	f(x) = (a*x/(b*(b-1)))*(b*(1-c/x)+(c/x)**b-1)+d
fitted parameters initialized with current variable values

iter      chisq       delta/lim  lambda   a             b             c             d            
   0 1.0342791273e+06   0.00e+00  4.16e+02    5.000000e-02   4.000000e+00   2.570000e+02  -6.300000e+00
  30 8.4575209178e-05  -3.78e-05  4.16e-02    9.961771e-01   5.004464e+00   5.230915e+01  -1.649133e+01

After 30 iterations the fit converged.
final sum of squares of residuals : 8.45752e-05
rel. change during last iteration : -3.77618e-10

degrees of freedom    (FIT_NDF)                        : 45
rms of residuals      (FIT_STDFIT) = sqrt(WSSR/ndf)    : 0.00137093
variance of residuals (reduced chisquare) = WSSR/ndf   : 1.87945e-06

Final set of parameters            Asymptotic Standard Error
=======================            ==========================
a               = 0.996177         +/- 0.0007705    (0.07735%)
b               = 5.00446          +/- 0.02383      (0.4761%)
c               = 52.3092          +/- 0.00451      (0.008622%)
d               = -16.4913         +/- 0.0002964    (0.001797%)

correlation matrix of the fit parameters:
                a      b      c      d      
a               1.000 
b              -0.148  1.000 
c              -0.010 -0.911  1.000 
d              -0.737  0.172 -0.101  1.000 


*******************************************************************************
Mon Jan 13 12:36:04 2025


FIT:    data read from 'lattice_cohesive_energy.txt' u 2:3
        format = x:z
        #datapoints = 49
        residuals are weighted equally (unit weight)

function used for fitting: f(x)
	f(x) = (a*x/(b*(b-1)))*(b*(1-c/x)+(c/x)**b-1)+d
fitted parameters initialized with current variable values

iter      chisq       delta/lim  lambda   a             b             c             d            
   0 1.0344945553e+06   0.00e+00  4.16e+02    5.000000e-02   4.000000e+00   2.570000e+02  -6.300000e+00
  27 7.2438778979e-05  -2.41e-05  4.16e-02    9.524168e-01   4.916382e+00   5.230855e+01  -1.649144e+01

After 27 iterations the fit converged.
final sum of squares of residuals : 7.24388e-05
rel. change during last iteration : -2.40608e-10

degrees of freedom    (FIT_NDF)                        : 45
rms of residuals      (FIT_STDFIT) = sqrt(WSSR/ndf)    : 0.00126876
variance of residuals (reduced chisquare) = WSSR/ndf   : 1.60975e-06

Final set of parameters            Asymptotic Standard Error
=======================            ==========================
a               = 0.952417         +/- 0.0007116    (0.07472%)
b               = 4.91638          +/- 0.02309      (0.4696%)
c               = 52.3086          +/- 0.004372     (0.008359%)
d               = -16.4914         +/- 0.0002741    (0.001662%)

correlation matrix of the fit parameters:
                a      b      c      d      
a               1.000 
b              -0.141  1.000 
c              -0.012 -0.912  1.000 
d              -0.737  0.167 -0.098  1.000 


*******************************************************************************
Mon Jan 13 12:36:36 2025


FIT:    data read from 'lattice_cohesive_energy.txt' u 2:3
        format = x:z
        #datapoints = 49
        residuals are weighted equally (unit weight)

function used for fitting: f(x)
	f(x) = (a*x/(b*(b-1)))*(b*(1-c/x)+(c/x)**b-1)+d
fitted parameters initialized with current variable values

iter      chisq       delta/lim  lambda   a             b             c             d            
   0 1.0342791273e+06   0.00e+00  4.16e+02    5.000000e-02   4.000000e+00   2.570000e+02  -6.300000e+00
  30 8.4575209178e-05  -3.78e-05  4.16e-02    9.961771e-01   5.004464e+00   5.230915e+01  -1.649133e+01

After 30 iterations the fit converged.
final sum of squares of residuals : 8.45752e-05
rel. change during last iteration : -3.77618e-10

degrees of freedom    (FIT_NDF)                        : 45
rms of residuals      (FIT_STDFIT) = sqrt(WSSR/ndf)    : 0.00137093
variance of residuals (reduced chisquare) = WSSR/ndf   : 1.87945e-06

Final set of parameters            Asymptotic Standard Error
=======================            ==========================
a               = 0.996177         +/- 0.0007705    (0.07735%)
b               = 5.00446          +/- 0.02383      (0.4761%)
c               = 52.3092          +/- 0.00451      (0.008622%)
d               = -16.4913         +/- 0.0002964    (0.001797%)

correlation matrix of the fit parameters:
                a      b      c      d      
a               1.000 
b              -0.148  1.000 
c              -0.010 -0.911  1.000 
d              -0.737  0.172 -0.101  1.000 


*******************************************************************************
Mon Jan 13 12:38:04 2025


FIT:    data read from 'lattice_cohesive_energy.txt' u 2:3
        format = x:z
        #datapoints = 49
        residuals are weighted equally (unit weight)

function used for fitting: f(x)
	f(x) = (a*x/(b*(b-1)))*(b*(1-c/x)+(c/x)**b-1)+d
fitted parameters initialized with current variable values

iter      chisq       delta/lim  lambda   a             b             c             d            
   0 1.0342791273e+06   0.00e+00  4.16e+02    5.000000e-02   4.000000e+00   2.570000e+02  -6.300000e+00
  30 8.4575209178e-05  -3.78e-05  4.16e-02    9.961771e-01   5.004464e+00   5.230915e+01  -1.649133e+01

After 30 iterations the fit converged.
final sum of squares of residuals : 8.45752e-05
rel. change during last iteration : -3.77618e-10

degrees of freedom    (FIT_NDF)                        : 45
rms of residuals      (FIT_STDFIT) = sqrt(WSSR/ndf)    : 0.00137093
variance of residuals (reduced chisquare) = WSSR/ndf   : 1.87945e-06

Final set of parameters            Asymptotic Standard Error
=======================            ==========================
a               = 0.996177         +/- 0.0007705    (0.07735%)
b               = 5.00446          +/- 0.02383      (0.4761%)
c               = 52.3092          +/- 0.00451      (0.008622%)
d               = -16.4913         +/- 0.0002964    (0.001797%)

correlation matrix of the fit parameters:
                a      b      c      d      
a               1.000 
b              -0.148  1.000 
c              -0.010 -0.911  1.000 
d              -0.737  0.172 -0.101  1.000 
