

*******************************************************************************
Mon Jan 20 11:16:20 2025


FIT:    data read from 'lattice_cohesive_energy.txt' u 2:3
        format = x:z
        #datapoints = 49
        residuals are weighted equally (unit weight)

function used for fitting: f(x)
	f(x) = (a*x/(b*(b-1)))*(b*(1-c/x)+(c/x)**b-1)+d
fitted parameters initialized with current variable values

iter      chisq       delta/lim  lambda   a             b             c             d            
   0 1.0752771829e+01   0.00e+00  1.48e+02    5.700000e+01   6.000000e+00   1.820000e+01  -2.688000e+02
   5 5.1486194482e-01  -6.08e-03  1.48e-03    5.709267e+01   6.250003e+00   1.825200e+01  -2.688885e+02

After 5 iterations the fit converged.
final sum of squares of residuals : 0.514862
rel. change during last iteration : -6.07662e-08

degrees of freedom    (FIT_NDF)                        : 45
rms of residuals      (FIT_STDFIT) = sqrt(WSSR/ndf)    : 0.106964
variance of residuals (reduced chisquare) = WSSR/ndf   : 0.0114414

Final set of parameters            Asymptotic Standard Error
=======================            ==========================
a               = 57.0927          +/- 0.1782       (0.3122%)
b               = 6.25             +/- 0.09164      (1.466%)
c               = 18.252           +/- 0.005987     (0.0328%)
d               = -268.889         +/- 0.02331      (0.008669%)

correlation matrix of the fit parameters:
                a      b      c      d      
a               1.000 
b              -0.232  1.000 
c               0.011 -0.904  1.000 
d              -0.734  0.236 -0.132  1.000 


*******************************************************************************
Mon Jan 20 11:22:45 2025


FIT:    data read from 'lattice_cohesive_energy.txt' u 2:3
        format = x:z
        #datapoints = 49
        residuals are weighted equally (unit weight)

function used for fitting: f(x)
	f(x) = (a*x/(b*(b-1)))*(b*(1-c/x)+(c/x)**b-1)+d
fitted parameters initialized with current variable values

iter      chisq       delta/lim  lambda   a             b             c             d            
   0 1.0752771829e+01   0.00e+00  1.48e+02    5.700000e+01   6.000000e+00   1.820000e+01  -2.688000e+02
   5 5.1486194482e-01  -6.08e-03  1.48e-03    5.709267e+01   6.250003e+00   1.825200e+01  -2.688885e+02

After 5 iterations the fit converged.
final sum of squares of residuals : 0.514862
rel. change during last iteration : -6.07662e-08

degrees of freedom    (FIT_NDF)                        : 45
rms of residuals      (FIT_STDFIT) = sqrt(WSSR/ndf)    : 0.106964
variance of residuals (reduced chisquare) = WSSR/ndf   : 0.0114414

Final set of parameters            Asymptotic Standard Error
=======================            ==========================
a               = 57.0927          +/- 0.1782       (0.3122%)
b               = 6.25             +/- 0.09164      (1.466%)
c               = 18.252           +/- 0.005987     (0.0328%)
d               = -268.889         +/- 0.02331      (0.008669%)

correlation matrix of the fit parameters:
                a      b      c      d      
a               1.000 
b              -0.232  1.000 
c               0.011 -0.904  1.000 
d              -0.734  0.236 -0.132  1.000 


*******************************************************************************
Mon Jan 20 11:24:34 2025


FIT:    data read from 'lattice_cohesive_energy.txt' u 2:3
        format = x:z
        #datapoints = 49
        residuals are weighted equally (unit weight)

function used for fitting: f(x)
	f(x) = (a*x/(b*(b-1)))*(b*(1-c/x)+(c/x)**b-1)+d
fitted parameters initialized with current variable values

iter      chisq       delta/lim  lambda   a             b             c             d            
   0 1.0752771829e+01   0.00e+00  1.48e+02    5.700000e+01   6.000000e+00   1.820000e+01  -2.688000e+02
   5 5.1486194482e-01  -6.08e-03  1.48e-03    5.709267e+01   6.250003e+00   1.825200e+01  -2.688885e+02

After 5 iterations the fit converged.
final sum of squares of residuals : 0.514862
rel. change during last iteration : -6.07662e-08

degrees of freedom    (FIT_NDF)                        : 45
rms of residuals      (FIT_STDFIT) = sqrt(WSSR/ndf)    : 0.106964
variance of residuals (reduced chisquare) = WSSR/ndf   : 0.0114414

Final set of parameters            Asymptotic Standard Error
=======================            ==========================
a               = 57.0927          +/- 0.1782       (0.3122%)
b               = 6.25             +/- 0.09164      (1.466%)
c               = 18.252           +/- 0.005987     (0.0328%)
d               = -268.889         +/- 0.02331      (0.008669%)

correlation matrix of the fit parameters:
                a      b      c      d      
a               1.000 
b              -0.232  1.000 
c               0.011 -0.904  1.000 
d              -0.734  0.236 -0.132  1.000 


*******************************************************************************
Mon Jan 20 11:26:09 2025


FIT:    data read from 'lattice_cohesive_energy.txt' u 2:3
        format = x:z
        #datapoints = 49
        residuals are weighted equally (unit weight)

function used for fitting: f(x)
	f(x) = (a*x/(b*(b-1)))*(b*(1-c/x)+(c/x)**b-1)+d
fitted parameters initialized with current variable values

iter      chisq       delta/lim  lambda   a             b             c             d            
   0 1.0752771829e+01   0.00e+00  1.48e+02    5.700000e+01   6.000000e+00   1.820000e+01  -2.688000e+02
   5 5.1486194482e-01  -6.08e-03  1.48e-03    5.709267e+01   6.250003e+00   1.825200e+01  -2.688885e+02

After 5 iterations the fit converged.
final sum of squares of residuals : 0.514862
rel. change during last iteration : -6.07662e-08

degrees of freedom    (FIT_NDF)                        : 45
rms of residuals      (FIT_STDFIT) = sqrt(WSSR/ndf)    : 0.106964
variance of residuals (reduced chisquare) = WSSR/ndf   : 0.0114414

Final set of parameters            Asymptotic Standard Error
=======================            ==========================
a               = 57.0927          +/- 0.1782       (0.3122%)
b               = 6.25             +/- 0.09164      (1.466%)
c               = 18.252           +/- 0.005987     (0.0328%)
d               = -268.889         +/- 0.02331      (0.008669%)

correlation matrix of the fit parameters:
                a      b      c      d      
a               1.000 
b              -0.232  1.000 
c               0.011 -0.904  1.000 
d              -0.734  0.236 -0.132  1.000 


*******************************************************************************
Mon Jan 20 11:27:00 2025


FIT:    data read from 'lattice_cohesive_energy.txt' u 2:3
        format = x:z
        #datapoints = 49
        residuals are weighted equally (unit weight)

function used for fitting: f(x)
	f(x) = (a*x/(b*(b-1)))*(b*(1-c/x)+(c/x)**b-1)+d
fitted parameters initialized with current variable values

iter      chisq       delta/lim  lambda   a             b             c             d            
   0 1.0752771829e+01   0.00e+00  1.48e+02    5.700000e+01   6.000000e+00   1.820000e+01  -2.688000e+02
   5 5.1486194482e-01  -6.08e-03  1.48e-03    5.709267e+01   6.250003e+00   1.825200e+01  -2.688885e+02

After 5 iterations the fit converged.
final sum of squares of residuals : 0.514862
rel. change during last iteration : -6.07662e-08

degrees of freedom    (FIT_NDF)                        : 45
rms of residuals      (FIT_STDFIT) = sqrt(WSSR/ndf)    : 0.106964
variance of residuals (reduced chisquare) = WSSR/ndf   : 0.0114414

Final set of parameters            Asymptotic Standard Error
=======================            ==========================
a               = 57.0927          +/- 0.1782       (0.3122%)
b               = 6.25             +/- 0.09164      (1.466%)
c               = 18.252           +/- 0.005987     (0.0328%)
d               = -268.889         +/- 0.02331      (0.008669%)

correlation matrix of the fit parameters:
                a      b      c      d      
a               1.000 
b              -0.232  1.000 
c               0.011 -0.904  1.000 
d              -0.734  0.236 -0.132  1.000 


*******************************************************************************
Mon Jan 20 11:29:09 2025


FIT:    data read from 'lattice_cohesive_energy.txt' u 2:3
        format = x:z
        #datapoints = 49
        residuals are weighted equally (unit weight)

function used for fitting: f(x)
	f(x) = (a*x/(b*(b-1)))*(b*(1-c/x)+(c/x)**b-1)+d
fitted parameters initialized with current variable values

iter      chisq       delta/lim  lambda   a             b             c             d            
   0 9.2905064638e+05   0.00e+00  2.38e+02    5.700000e+01   6.000000e+00   1.820000e+01  -2.688000e+02
   5 3.3135141223e+02  -4.89e-01  2.38e-02   -2.664735e+00   1.048944e+01   1.106151e+01  -1.377824e+02

After 5 iterations the fit converged.
final sum of squares of residuals : 331.351
rel. change during last iteration : -4.88543e-06

degrees of freedom    (FIT_NDF)                        : 45
rms of residuals      (FIT_STDFIT) = sqrt(WSSR/ndf)    : 2.71355
variance of residuals (reduced chisquare) = WSSR/ndf   : 7.36336

Final set of parameters            Asymptotic Standard Error
=======================            ==========================
a               = -2.66474         +/- 2.104e+07    (7.896e+08%)
b               = 10.4894          +/- 8.29e+07     (7.904e+08%)
c               = 11.0615          +/- 1.139e+08    (1.029e+09%)
d               = -137.782         +/- 2.94e+07     (2.134e+07%)

correlation matrix of the fit parameters:
                a      b      c      d      
a               1.000 
b              -1.000  1.000 
c              -1.000  1.000  1.000 
d               1.000 -1.000 -1.000  1.000 


*******************************************************************************
Mon Jan 20 11:29:44 2025


FIT:    data read from 'lattice_cohesive_energy.txt' u 2:3
        format = x:z
        #datapoints = 49
        residuals are weighted equally (unit weight)

function used for fitting: f(x)
	f(x) = (a*x/(b*(b-1)))*(b*(1-c/x)+(c/x)**b-1)+d
fitted parameters initialized with current variable values

iter      chisq       delta/lim  lambda   a             b             c             d            
   0 4.1504043899e+06   0.00e+00  3.14e+02    5.700000e+01   6.000000e+00   1.820000e+01  -2.688000e+02
   5 1.2881189797e+02  -2.35e-01  3.14e-03    4.526945e-01   8.249894e+00   2.313875e+01  -1.671225e+02

After 5 iterations the fit converged.
final sum of squares of residuals : 128.812
rel. change during last iteration : -2.34854e-06

degrees of freedom    (FIT_NDF)                        : 45
rms of residuals      (FIT_STDFIT) = sqrt(WSSR/ndf)    : 1.69189
variance of residuals (reduced chisquare) = WSSR/ndf   : 2.86249

Final set of parameters            Asymptotic Standard Error
=======================            ==========================
a               = 0.452694         +/- 1.004e+04    (2.218e+06%)
b               = 8.24989          +/- 1.832e+05    (2.221e+06%)
c               = 23.1388          +/- 4.23e+05     (1.828e+06%)
d               = -167.123         +/- 2.202e+04    (1.318e+04%)

correlation matrix of the fit parameters:
                a      b      c      d      
a               1.000 
b               1.000  1.000 
c               0.999  0.999  1.000 
d               0.999  0.999  1.000  1.000 


*******************************************************************************
Mon Jan 20 11:29:54 2025


FIT:    data read from 'lattice_cohesive_energy.txt' u 2:3
        format = x:z
        #datapoints = 49
        residuals are weighted equally (unit weight)

function used for fitting: f(x)
	f(x) = (a*x/(b*(b-1)))*(b*(1-c/x)+(c/x)**b-1)+d
fitted parameters initialized with current variable values

iter      chisq       delta/lim  lambda   a             b             c             d            
   0 5.8318268416e+06   0.00e+00  3.98e+02    5.700000e+01   6.000000e+00   1.820000e+01  -2.688000e+02
   5 8.7987748555e+01  -7.02e-05  3.98e-03   -2.962398e-01   9.837941e+00   1.369694e+01  -8.011037e+01

After 5 iterations the fit converged.
final sum of squares of residuals : 87.9877
rel. change during last iteration : -7.01892e-10

degrees of freedom    (FIT_NDF)                        : 45
rms of residuals      (FIT_STDFIT) = sqrt(WSSR/ndf)    : 1.39831
variance of residuals (reduced chisquare) = WSSR/ndf   : 1.95528

Final set of parameters            Asymptotic Standard Error
=======================            ==========================
a               = -0.29624         +/- 3.455e+07    (1.166e+10%)
b               = 9.83794          +/- 1.149e+09    (1.168e+10%)
c               = 13.6969          +/- 2.478e+09    (1.809e+10%)
d               = -80.1104         +/- 7.701e+07    (9.613e+07%)

correlation matrix of the fit parameters:
                a      b      c      d      
a               1.000 
b              -1.000  1.000 
c              -1.000  1.000  1.000 
d               1.000 -1.000 -1.000  1.000 


*******************************************************************************
Mon Jan 20 11:30:17 2025


FIT:    data read from 'lattice_cohesive_energy.txt' u 2:3
        format = x:z
        #datapoints = 49
        residuals are weighted equally (unit weight)

function used for fitting: f(x)
	f(x) = (a*x/(b*(b-1)))*(b*(1-c/x)+(c/x)**b-1)+d
fitted parameters initialized with current variable values

iter      chisq       delta/lim  lambda   a             b             c             d            
   0 7.0321945480e+06   0.00e+00  4.11e+02    5.700000e+01   6.000000e+00   1.820000e+01  -2.688000e+02
   5 1.2180014734e+02  -4.86e-05  4.11e-03   -2.264793e-01   9.822426e+00   1.423741e+01  -9.337369e+01

After 5 iterations the fit converged.
final sum of squares of residuals : 121.8
rel. change during last iteration : -4.85694e-10

degrees of freedom    (FIT_NDF)                        : 45
rms of residuals      (FIT_STDFIT) = sqrt(WSSR/ndf)    : 1.6452
variance of residuals (reduced chisquare) = WSSR/ndf   : 2.70667

Final set of parameters            Asymptotic Standard Error
=======================            ==========================
a               = -0.226479        +/- 3.5e+07      (1.545e+10%)
b               = 9.82243          +/- 1.519e+09    (1.547e+10%)
c               = 14.2374          +/- 3.391e+09    (2.382e+10%)
d               = -93.3737         +/- 8.066e+07    (8.639e+07%)

correlation matrix of the fit parameters:
                a      b      c      d      
a               1.000 
b              -1.000  1.000 
c              -1.000  1.000  1.000 
d               1.000 -1.000 -1.000  1.000 


*******************************************************************************
Mon Jan 20 11:31:03 2025


FIT:    data read from 'lattice_cohesive_energy.txt' u 2:3
        format = x:z
        #datapoints = 49
        residuals are weighted equally (unit weight)

function used for fitting: f(x)
	f(x) = (a*x/(b*(b-1)))*(b*(1-c/x)+(c/x)**b-1)+d
fitted parameters initialized with current variable values

iter      chisq       delta/lim  lambda   a             b             c             d            
   0 1.0752771829e+01   0.00e+00  1.48e+02    5.700000e+01   6.000000e+00   1.820000e+01  -2.688000e+02
   5 5.1486194482e-01  -6.08e-03  1.48e-03    5.709267e+01   6.250003e+00   1.825200e+01  -2.688885e+02

After 5 iterations the fit converged.
final sum of squares of residuals : 0.514862
rel. change during last iteration : -6.07662e-08

degrees of freedom    (FIT_NDF)                        : 45
rms of residuals      (FIT_STDFIT) = sqrt(WSSR/ndf)    : 0.106964
variance of residuals (reduced chisquare) = WSSR/ndf   : 0.0114414

Final set of parameters            Asymptotic Standard Error
=======================            ==========================
a               = 57.0927          +/- 0.1782       (0.3122%)
b               = 6.25             +/- 0.09164      (1.466%)
c               = 18.252           +/- 0.005987     (0.0328%)
d               = -268.889         +/- 0.02331      (0.008669%)

correlation matrix of the fit parameters:
                a      b      c      d      
a               1.000 
b              -0.232  1.000 
c               0.011 -0.904  1.000 
d              -0.734  0.236 -0.132  1.000 


*******************************************************************************
Mon Jan 20 11:31:17 2025


FIT:    data read from 'lattice_cohesive_energy.txt' u 2:3
        format = x:z
        #datapoints = 49
        residuals are weighted equally (unit weight)

function used for fitting: f(x)
	f(x) = (a*x/(b*(b-1)))*(b*(1-c/x)+(c/x)**b-1)+d
fitted parameters initialized with current variable values

iter      chisq       delta/lim  lambda   a             b             c             d            
   0 3.4822042275e+06   0.00e+00  3.37e+02    5.700000e+01   6.000000e+00   1.820000e+01  -2.688000e+02
   5 8.0713900720e+02  -5.71e-05  3.37e-02   -6.052479e-01   9.843862e+00   1.389381e+01  -9.736347e+01

After 5 iterations the fit converged.
final sum of squares of residuals : 807.139
rel. change during last iteration : -5.71399e-10

degrees of freedom    (FIT_NDF)                        : 45
rms of residuals      (FIT_STDFIT) = sqrt(WSSR/ndf)    : 4.23514
variance of residuals (reduced chisquare) = WSSR/ndf   : 17.9364

Final set of parameters            Asymptotic Standard Error
=======================            ==========================
a               = -0.605248        +/- 2.61e+07     (4.312e+09%)
b               = 9.84386          +/- 4.249e+08    (4.316e+09%)
c               = 13.8938          +/- 8.373e+08    (6.027e+09%)
d               = -97.3635         +/- 5.267e+07    (5.41e+07%)

correlation matrix of the fit parameters:
                a      b      c      d      
a               1.000 
b              -1.000  1.000 
c              -1.000  1.000  1.000 
d               1.000 -1.000 -1.000  1.000 


*******************************************************************************
Mon Jan 20 11:31:31 2025


FIT:    data read from 'lattice_cohesive_energy.txt' u 2:3
        format = x:z
        #datapoints = 49
        residuals are weighted equally (unit weight)

function used for fitting: f(x)
	f(x) = (a*x/(b*(b-1)))*(b*(1-c/x)+(c/x)**b-1)+d
fitted parameters initialized with current variable values

iter      chisq       delta/lim  lambda   a             b             c             d            
   0 7.6185922937e+06   0.00e+00  2.37e+02    5.700000e+01   6.000000e+00   1.820000e+01  -2.688000e+02
 376 3.3364627313e+02  -9.36e-01  2.37e+00   -1.782205e-01   9.192727e+00  -6.091894e+01  -4.094633e+02

After 376 iterations the fit converged.
final sum of squares of residuals : 333.646
rel. change during last iteration : -9.35542e-06

degrees of freedom    (FIT_NDF)                        : 45
rms of residuals      (FIT_STDFIT) = sqrt(WSSR/ndf)    : 2.72293
variance of residuals (reduced chisquare) = WSSR/ndf   : 7.41436

Final set of parameters            Asymptotic Standard Error
=======================            ==========================
a               = -0.17822         +/- 6.938        (3893%)
b               = 9.19273          +/- 35.81        (389.5%)
c               = -60.9189         +/- 221.7        (364%)
d               = -409.463         +/- 91.2         (22.27%)

correlation matrix of the fit parameters:
                a      b      c      d      
a               1.000 
b              -0.966  1.000 
c               0.831 -0.946  1.000 
d              -1.000  0.970 -0.839  1.000 


*******************************************************************************
Mon Jan 20 11:32:17 2025


FIT:    data read from 'lattice_cohesive_energy.txt' u 2:3
        format = x:z
        #datapoints = 49
        residuals are weighted equally (unit weight)

function used for fitting: f(x)
	f(x) = (a*x/(b*(b-1)))*(b*(1-c/x)+(c/x)**b-1)+d
fitted parameters initialized with current variable values

iter      chisq       delta/lim  lambda   a             b             c             d            
   0 4.1504043899e+06   0.00e+00  3.14e+02    5.700000e+01   6.000000e+00   1.820000e+01  -2.688000e+02
   5 1.2881189797e+02  -2.35e-01  3.14e-03    4.526945e-01   8.249894e+00   2.313875e+01  -1.671225e+02

After 5 iterations the fit converged.
final sum of squares of residuals : 128.812
rel. change during last iteration : -2.34854e-06

degrees of freedom    (FIT_NDF)                        : 45
rms of residuals      (FIT_STDFIT) = sqrt(WSSR/ndf)    : 1.69189
variance of residuals (reduced chisquare) = WSSR/ndf   : 2.86249

Final set of parameters            Asymptotic Standard Error
=======================            ==========================
a               = 0.452694         +/- 1.004e+04    (2.218e+06%)
b               = 8.24989          +/- 1.832e+05    (2.221e+06%)
c               = 23.1388          +/- 4.23e+05     (1.828e+06%)
d               = -167.123         +/- 2.202e+04    (1.318e+04%)

correlation matrix of the fit parameters:
                a      b      c      d      
a               1.000 
b               1.000  1.000 
c               0.999  0.999  1.000 
d               0.999  0.999  1.000  1.000 


*******************************************************************************
Mon Jan 20 11:32:43 2025


FIT:    data read from 'lattice_cohesive_energy.txt' u 2:3
        format = x:z
        #datapoints = 49
        residuals are weighted equally (unit weight)

function used for fitting: f(x)
	f(x) = (a*x/(b*(b-1)))*(b*(1-c/x)+(c/x)**b-1)+d
fitted parameters initialized with current variable values

iter      chisq       delta/lim  lambda   a             b             c             d            
   0 2.4049868134e+06   0.00e+00  2.72e+02    5.700000e+01   6.000000e+00   1.820000e+01  -2.688000e+02
   5 1.5404533244e+02  -6.42e-01  2.72e-02    1.143135e+00   9.376980e+00   1.786642e+01  -1.722889e+02

After 5 iterations the fit converged.
final sum of squares of residuals : 154.045
rel. change during last iteration : -6.4154e-06

degrees of freedom    (FIT_NDF)                        : 45
rms of residuals      (FIT_STDFIT) = sqrt(WSSR/ndf)    : 1.8502
variance of residuals (reduced chisquare) = WSSR/ndf   : 3.42323

Final set of parameters            Asymptotic Standard Error
=======================            ==========================
a               = 1.14314          +/- 1.098e+05    (9.609e+06%)
b               = 9.37698          +/- 9.02e+05     (9.619e+06%)
c               = 17.8664          +/- 1.646e+06    (9.215e+06%)
d               = -172.289         +/- 1.968e+05    (1.142e+05%)

correlation matrix of the fit parameters:
                a      b      c      d      
a               1.000 
b               1.000  1.000 
c               1.000  1.000  1.000 
d               0.999  0.999  1.000  1.000 


*******************************************************************************
Mon Jan 20 11:33:07 2025


FIT:    data read from 'lattice_cohesive_energy.txt' u 2:3
        format = x:z
        #datapoints = 49
        residuals are weighted equally (unit weight)

function used for fitting: f(x)
	f(x) = (a*x/(b*(b-1)))*(b*(1-c/x)+(c/x)**b-1)+d
fitted parameters initialized with current variable values

iter      chisq       delta/lim  lambda   a             b             c             d            
   0 2.4049868134e+06   0.00e+00  2.72e+02    5.700000e+01   6.000000e+00   1.820000e+01  -2.688000e+02
   5 1.5404533244e+02  -6.42e-01  2.72e-02    1.143135e+00   9.376980e+00   1.786642e+01  -1.722889e+02

After 5 iterations the fit converged.
final sum of squares of residuals : 154.045
rel. change during last iteration : -6.4154e-06

degrees of freedom    (FIT_NDF)                        : 45
rms of residuals      (FIT_STDFIT) = sqrt(WSSR/ndf)    : 1.8502
variance of residuals (reduced chisquare) = WSSR/ndf   : 3.42323

Final set of parameters            Asymptotic Standard Error
=======================            ==========================
a               = 1.14314          +/- 1.098e+05    (9.609e+06%)
b               = 9.37698          +/- 9.02e+05     (9.619e+06%)
c               = 17.8664          +/- 1.646e+06    (9.215e+06%)
d               = -172.289         +/- 1.968e+05    (1.142e+05%)

correlation matrix of the fit parameters:
                a      b      c      d      
a               1.000 
b               1.000  1.000 
c               1.000  1.000  1.000 
d               0.999  0.999  1.000  1.000 


*******************************************************************************
Mon Jan 20 11:33:34 2025


FIT:    data read from 'lattice_cohesive_energy.txt' u 2:3
        format = x:z
        #datapoints = 49
        residuals are weighted equally (unit weight)

function used for fitting: f(x)
	f(x) = (a*x/(b*(b-1)))*(b*(1-c/x)+(c/x)**b-1)+d
fitted parameters initialized with current variable values

iter      chisq       delta/lim  lambda   a             b             c             d            
   0 2.1869591728e+06   0.00e+00  2.64e+02    5.700000e+01   6.000000e+00   1.820000e+01  -2.688000e+02
   5 1.6297403693e+02  -2.11e-02  2.64e-02   -4.354043e-01   9.866892e+00   1.555119e+01  -1.701488e+02

After 5 iterations the fit converged.
final sum of squares of residuals : 162.974
rel. change during last iteration : -2.10947e-07

degrees of freedom    (FIT_NDF)                        : 45
rms of residuals      (FIT_STDFIT) = sqrt(WSSR/ndf)    : 1.90306
variance of residuals (reduced chisquare) = WSSR/ndf   : 3.62165

Final set of parameters            Asymptotic Standard Error
=======================            ==========================
a               = -0.435404        +/- 5.662e+05    (1.3e+08%)
b               = 9.86689          +/- 1.284e+07    (1.302e+08%)
c               = 15.5512          +/- 2.165e+07    (1.392e+08%)
d               = -170.149         +/- 9.516e+05    (5.592e+05%)

correlation matrix of the fit parameters:
                a      b      c      d      
a               1.000 
b              -1.000  1.000 
c              -1.000  1.000  1.000 
d               1.000 -1.000 -1.000  1.000 


*******************************************************************************
Mon Jan 20 11:35:02 2025


FIT:    data read from 'lattice_cohesive_energy.txt' u 2:3
        format = x:z
        #datapoints = 49
        residuals are weighted equally (unit weight)

function used for fitting: f(x)
	f(x) = (a*x/(b*(b-1)))*(b*(1-c/x)+(c/x)**b-1)+d
fitted parameters initialized with current variable values

iter      chisq       delta/lim  lambda   a             b             c             d            
   0 1.0752771829e+01   0.00e+00  1.48e+02    5.700000e+01   6.000000e+00   1.820000e+01  -2.688000e+02
   5 5.1486194482e-01  -6.08e-03  1.48e-03    5.709267e+01   6.250003e+00   1.825200e+01  -2.688885e+02

After 5 iterations the fit converged.
final sum of squares of residuals : 0.514862
rel. change during last iteration : -6.07662e-08

degrees of freedom    (FIT_NDF)                        : 45
rms of residuals      (FIT_STDFIT) = sqrt(WSSR/ndf)    : 0.106964
variance of residuals (reduced chisquare) = WSSR/ndf   : 0.0114414

Final set of parameters            Asymptotic Standard Error
=======================            ==========================
a               = 57.0927          +/- 0.1782       (0.3122%)
b               = 6.25             +/- 0.09164      (1.466%)
c               = 18.252           +/- 0.005987     (0.0328%)
d               = -268.889         +/- 0.02331      (0.008669%)

correlation matrix of the fit parameters:
                a      b      c      d      
a               1.000 
b              -0.232  1.000 
c               0.011 -0.904  1.000 
d              -0.734  0.236 -0.132  1.000 


*******************************************************************************
Mon Jan 20 11:35:16 2025


FIT:    data read from 'lattice_cohesive_energy.txt' u 2:3
        format = x:z
        #datapoints = 49
        residuals are weighted equally (unit weight)

function used for fitting: f(x)
	f(x) = (a*x/(b*(b-1)))*(b*(1-c/x)+(c/x)**b-1)+d
fitted parameters initialized with current variable values

iter      chisq       delta/lim  lambda   a             b             c             d            
   0 1.0752771829e+01   0.00e+00  1.48e+02    5.700000e+01   6.000000e+00   1.820000e+01  -2.688000e+02
   5 5.1486194482e-01  -6.08e-03  1.48e-03    5.709267e+01   6.250003e+00   1.825200e+01  -2.688885e+02

After 5 iterations the fit converged.
final sum of squares of residuals : 0.514862
rel. change during last iteration : -6.07662e-08

degrees of freedom    (FIT_NDF)                        : 45
rms of residuals      (FIT_STDFIT) = sqrt(WSSR/ndf)    : 0.106964
variance of residuals (reduced chisquare) = WSSR/ndf   : 0.0114414

Final set of parameters            Asymptotic Standard Error
=======================            ==========================
a               = 57.0927          +/- 0.1782       (0.3122%)
b               = 6.25             +/- 0.09164      (1.466%)
c               = 18.252           +/- 0.005987     (0.0328%)
d               = -268.889         +/- 0.02331      (0.008669%)

correlation matrix of the fit parameters:
                a      b      c      d      
a               1.000 
b              -0.232  1.000 
c               0.011 -0.904  1.000 
d              -0.734  0.236 -0.132  1.000 
