

*******************************************************************************
Fri Dec 13 17:24:52 2024


FIT:    data read from 'lattice_cohesive_energy.txt' u 2:3
        format = x:z
        #datapoints = 49
        residuals are weighted equally (unit weight)

function used for fitting: f(x)
	f(x) = (a*x/(b*(b-1)))*(b*(1-c/x)+(c/x)**b-1)+d
fitted parameters initialized with current variable values

iter      chisq       delta/lim  lambda   a             b             c             d            
   0 2.7992442190e+06   0.00e+00  8.08e+02    5.000000e-02   4.000000e+00   2.570000e+02  -6.300000e+00
  12 3.0844193018e-08  -2.67e-06  8.08e-10    4.172843e-02   3.412781e+00   4.321476e+01  -1.649855e+00

After 12 iterations the fit converged.
final sum of squares of residuals : 3.08442e-08
rel. change during last iteration : -2.67412e-11

degrees of freedom    (FIT_NDF)                        : 45
rms of residuals      (FIT_STDFIT) = sqrt(WSSR/ndf)    : 2.61807e-05
variance of residuals (reduced chisquare) = WSSR/ndf   : 6.85427e-10

Final set of parameters            Asymptotic Standard Error
=======================            ==========================
a               = 0.0417284        +/- 1.734e-05    (0.04156%)
b               = 3.41278          +/- 0.01331      (0.39%)
c               = 43.2148          +/- 0.0021       (0.00486%)
d               = -1.64985         +/- 5.621e-06    (0.0003407%)

correlation matrix of the fit parameters:
                a      b      c      d      
a               1.000 
b              -0.026  1.000 
c              -0.047 -0.917  1.000 
d              -0.740  0.082 -0.053  1.000 


*******************************************************************************
Fri Dec 13 17:40:49 2024


FIT:    data read from 'lattice_cohesive_energy.txt' u 2:3
        format = x:z
BREAK: No data to fit

*******************************************************************************
Fri Dec 13 17:41:34 2024


FIT:    data read from 'lattice_cohesive_energy.txt' u 2:3
        format = x:z
BREAK: No data to fit

*******************************************************************************
Fri Dec 13 17:42:11 2024


FIT:    data read from 'lattice_cohesive_energy.txt' u 2:3
        format = x:z
        #datapoints = 49
        residuals are weighted equally (unit weight)

function used for fitting: f(x)
	f(x) = (a*x/(b*(b-1)))*(b*(1-c/x)+(c/x)**b-1)+d
fitted parameters initialized with current variable values

iter      chisq       delta/lim  lambda   a             b             c             d            
   0 2.8358774379e+06   0.00e+00  8.08e+02    5.000000e-02   4.000000e+00   2.570000e+02  -6.300000e+00
  11 1.2337677206e-07  -3.01e-05  8.08e-09    8.345686e-02   3.412781e+00   4.321476e+01  -3.299709e+00

After 11 iterations the fit converged.
final sum of squares of residuals : 1.23377e-07
rel. change during last iteration : -3.01484e-10

degrees of freedom    (FIT_NDF)                        : 45
rms of residuals      (FIT_STDFIT) = sqrt(WSSR/ndf)    : 5.23613e-05
variance of residuals (reduced chisquare) = WSSR/ndf   : 2.74171e-09

Final set of parameters            Asymptotic Standard Error
=======================            ==========================
a               = 0.0834569        +/- 3.469e-05    (0.04156%)
b               = 3.41278          +/- 0.01331      (0.39%)
c               = 43.2148          +/- 0.0021       (0.00486%)
d               = -3.29971         +/- 1.124e-05    (0.0003407%)

correlation matrix of the fit parameters:
                a      b      c      d      
a               1.000 
b              -0.026  1.000 
c              -0.047 -0.917  1.000 
d              -0.740  0.082 -0.053  1.000 


*******************************************************************************
Fri Dec 13 18:22:12 2024


FIT:    data read from 'lattice_cohesive_energy.txt' u 2:3
        format = x:z
        #datapoints = 49
        residuals are weighted equally (unit weight)

function used for fitting: f(x)
	f(x) = (a*x/(b*(b-1)))*(b*(1-c/x)+(c/x)**b-1)+d
fitted parameters initialized with current variable values

iter      chisq       delta/lim  lambda   a             b             c             d            
   0 3.7819990266e+06   0.00e+00  9.51e+02    5.000000e-02   4.000000e+00   2.570000e+02  -6.300000e+00
  11 1.3278512508e-05  -7.53e-01  9.51e-09    7.642480e-02   4.137118e+00   4.103871e+01  -3.294883e+00

After 11 iterations the fit converged.
final sum of squares of residuals : 1.32785e-05
rel. change during last iteration : -7.53152e-06

degrees of freedom    (FIT_NDF)                        : 45
rms of residuals      (FIT_STDFIT) = sqrt(WSSR/ndf)    : 0.000543211
variance of residuals (reduced chisquare) = WSSR/ndf   : 2.95078e-07

Final set of parameters            Asymptotic Standard Error
=======================            ==========================
a               = 0.0764248        +/- 0.0003804    (0.4977%)
b               = 4.13712          +/- 0.1605       (3.879%)
c               = 41.0387          +/- 0.02389      (0.0582%)
d               = -3.29488         +/- 0.0001165    (0.003535%)

correlation matrix of the fit parameters:
                a      b      c      d      
a               1.000 
b               0.073  1.000 
c              -0.131 -0.918  1.000 
d              -0.734  0.054 -0.031  1.000 


*******************************************************************************
Fri Dec 13 18:26:14 2024


FIT:    data read from 'lattice_cohesive_energy.txt' u 2:3
        format = x:z
        #datapoints = 49
        residuals are weighted equally (unit weight)

function used for fitting: f(x)
	f(x) = (a*x/(b*(b-1)))*(b*(1-c/x)+(c/x)**b-1)+d
fitted parameters initialized with current variable values

iter      chisq       delta/lim  lambda   a             b             c             d            
   0 3.7819933963e+06   0.00e+00  9.51e+02    5.000000e-02   4.000000e+00   2.570000e+02  -6.300000e+00
  11 6.8457683717e-06  -1.45e-02  9.51e-09    7.600265e-02   3.725385e+00   4.111349e+01  -3.294656e+00

After 11 iterations the fit converged.
final sum of squares of residuals : 6.84577e-06
rel. change during last iteration : -1.45065e-07

degrees of freedom    (FIT_NDF)                        : 45
rms of residuals      (FIT_STDFIT) = sqrt(WSSR/ndf)    : 0.000390036
variance of residuals (reduced chisquare) = WSSR/ndf   : 1.52128e-07

Final set of parameters            Asymptotic Standard Error
=======================            ==========================
a               = 0.0760027        +/- 0.0002717    (0.3574%)
b               = 3.72538          +/- 0.1152       (3.092%)
c               = 41.1135          +/- 0.01723      (0.04192%)
d               = -3.29466         +/- 8.365e-05    (0.002539%)

correlation matrix of the fit parameters:
                a      b      c      d      
a               1.000 
b               0.046  1.000 
c              -0.103 -0.918  1.000 
d              -0.737  0.057 -0.035  1.000 


*******************************************************************************
Fri Dec 13 18:30:00 2024


FIT:    data read from 'lattice_cohesive_energy.txt' u 2:3
        format = x:z
        #datapoints = 49
        residuals are weighted equally (unit weight)

function used for fitting: f(x)
	f(x) = (a*x/(b*(b-1)))*(b*(1-c/x)+(c/x)**b-1)+d
fitted parameters initialized with current variable values

iter      chisq       delta/lim  lambda   a             b             c             d            
   0 3.1798786736e+06   0.00e+00  8.62e+02    5.000000e-02   4.000000e+00   2.570000e+02  -6.300000e+00
  10 3.3308622363e-05  -2.18e-02  8.62e-08    8.703710e-02   3.795021e+00   4.253237e+01  -3.299611e+00

After 10 iterations the fit converged.
final sum of squares of residuals : 3.33086e-05
rel. change during last iteration : -2.1831e-07

degrees of freedom    (FIT_NDF)                        : 45
rms of residuals      (FIT_STDFIT) = sqrt(WSSR/ndf)    : 0.000860344
variance of residuals (reduced chisquare) = WSSR/ndf   : 7.40192e-07

Final set of parameters            Asymptotic Standard Error
=======================            ==========================
a               = 0.0870371        +/- 0.000588     (0.6756%)
b               = 3.79502          +/- 0.211        (5.56%)
c               = 42.5324          +/- 0.03272      (0.07694%)
d               = -3.29961         +/- 0.0001855    (0.005622%)

correlation matrix of the fit parameters:
                a      b      c      d      
a               1.000 
b              -0.139  1.000 
c               0.016 -0.913  1.000 
d              -0.741  0.141 -0.089  1.000 


*******************************************************************************
Fri Dec 13 18:47:27 2024


FIT:    data read from 'lattice_cohesive_energy.txt' u 2:3
        format = x:z
        #datapoints = 49
        residuals are weighted equally (unit weight)

function used for fitting: f(x)
	f(x) = (a*x/(b*(b-1)))*(b*(1-c/x)+(c/x)**b-1)+d
fitted parameters initialized with current variable values

iter      chisq       delta/lim  lambda   a             b             c             d            
   0 2.9960869459e+06   0.00e+00  8.33e+02    5.000000e-02   4.000000e+00   2.570000e+02  -6.300000e+00
  11 1.2539834840e-07  -2.33e-05  8.33e-09    8.523403e-02   3.421415e+00   4.283057e+01  -3.299934e+00

After 11 iterations the fit converged.
final sum of squares of residuals : 1.25398e-07
rel. change during last iteration : -2.33283e-10

degrees of freedom    (FIT_NDF)                        : 45
rms of residuals      (FIT_STDFIT) = sqrt(WSSR/ndf)    : 5.27885e-05
variance of residuals (reduced chisquare) = WSSR/ndf   : 2.78663e-09

Final set of parameters            Asymptotic Standard Error
=======================            ==========================
a               = 0.085234         +/- 3.529e-05    (0.0414%)
b               = 3.42141          +/- 0.01326      (0.3874%)
c               = 42.8306          +/- 0.002073     (0.00484%)
d               = -3.29993         +/- 1.133e-05    (0.0003435%)

correlation matrix of the fit parameters:
                a      b      c      d      
a               1.000 
b              -0.027  1.000 
c              -0.047 -0.916  1.000 
d              -0.740  0.083 -0.053  1.000 


*******************************************************************************
Fri Dec 13 18:49:05 2024


FIT:    data read from 'lattice_cohesive_energy.txt' u 2:3
        format = x:z
        #datapoints = 49
        residuals are weighted equally (unit weight)

function used for fitting: f(x)
	f(x) = (a*x/(b*(b-1)))*(b*(1-c/x)+(c/x)**b-1)+d
fitted parameters initialized with current variable values

iter      chisq       delta/lim  lambda   a             b             c             d            
   0 2.9960869743e+06   0.00e+00  8.33e+02    5.000000e-02   4.000000e+00   2.570000e+02  -6.300000e+00
  11 1.2539834954e-07  -2.35e-05  8.33e-09    8.523403e-02   3.421415e+00   4.283057e+01  -3.299934e+00

After 11 iterations the fit converged.
final sum of squares of residuals : 1.25398e-07
rel. change during last iteration : -2.34576e-10

degrees of freedom    (FIT_NDF)                        : 45
rms of residuals      (FIT_STDFIT) = sqrt(WSSR/ndf)    : 5.27885e-05
variance of residuals (reduced chisquare) = WSSR/ndf   : 2.78663e-09

Final set of parameters            Asymptotic Standard Error
=======================            ==========================
a               = 0.085234         +/- 3.529e-05    (0.0414%)
b               = 3.42141          +/- 0.01326      (0.3874%)
c               = 42.8306          +/- 0.002073     (0.00484%)
d               = -3.29993         +/- 1.133e-05    (0.0003435%)

correlation matrix of the fit parameters:
                a      b      c      d      
a               1.000 
b              -0.027  1.000 
c              -0.047 -0.916  1.000 
d              -0.740  0.083 -0.053  1.000 


*******************************************************************************
Fri Dec 13 18:50:12 2024


FIT:    data read from 'lattice_cohesive_energy.txt' u 2:3
        format = x:z
        #datapoints = 49
        residuals are weighted equally (unit weight)

function used for fitting: f(x)
	f(x) = (a*x/(b*(b-1)))*(b*(1-c/x)+(c/x)**b-1)+d
fitted parameters initialized with current variable values

iter      chisq       delta/lim  lambda   a             b             c             d            
   0 2.9876661423e+06   0.00e+00  8.32e+02    5.000000e-02   4.000000e+00   2.570000e+02  -6.300000e+00
  11 1.2545221088e-07  -2.49e-05  8.32e-09    8.521184e-02   3.421975e+00   4.285015e+01  -3.299645e+00

After 11 iterations the fit converged.
final sum of squares of residuals : 1.25452e-07
rel. change during last iteration : -2.48564e-10

degrees of freedom    (FIT_NDF)                        : 45
rms of residuals      (FIT_STDFIT) = sqrt(WSSR/ndf)    : 5.27999e-05
variance of residuals (reduced chisquare) = WSSR/ndf   : 2.78783e-09

Final set of parameters            Asymptotic Standard Error
=======================            ==========================
a               = 0.0852118        +/- 3.528e-05    (0.0414%)
b               = 3.42197          +/- 0.01326      (0.3874%)
c               = 42.8502          +/- 0.002074     (0.00484%)
d               = -3.29965         +/- 1.134e-05    (0.0003436%)

correlation matrix of the fit parameters:
                a      b      c      d      
a               1.000 
b              -0.027  1.000 
c              -0.047 -0.916  1.000 
d              -0.740  0.083 -0.053  1.000 


*******************************************************************************
Fri Dec 13 18:51:32 2024


FIT:    data read from 'lattice_cohesive_energy.txt' u 2:3
        format = x:z
        #datapoints = 49
        residuals are weighted equally (unit weight)

function used for fitting: f(x)
	f(x) = (a*x/(b*(b-1)))*(b*(1-c/x)+(c/x)**b-1)+d
fitted parameters initialized with current variable values

iter      chisq       delta/lim  lambda   a             b             c             d            
   0 2.9876661423e+06   0.00e+00  8.32e+02    5.000000e-02   4.000000e+00   2.570000e+02  -6.300000e+00
  11 1.2545221088e-07  -2.49e-05  8.32e-09    8.521184e-02   3.421975e+00   4.285015e+01  -3.299645e+00

After 11 iterations the fit converged.
final sum of squares of residuals : 1.25452e-07
rel. change during last iteration : -2.48564e-10

degrees of freedom    (FIT_NDF)                        : 45
rms of residuals      (FIT_STDFIT) = sqrt(WSSR/ndf)    : 5.27999e-05
variance of residuals (reduced chisquare) = WSSR/ndf   : 2.78783e-09

Final set of parameters            Asymptotic Standard Error
=======================            ==========================
a               = 0.0852118        +/- 3.528e-05    (0.0414%)
b               = 3.42197          +/- 0.01326      (0.3874%)
c               = 42.8502          +/- 0.002074     (0.00484%)
d               = -3.29965         +/- 1.134e-05    (0.0003436%)

correlation matrix of the fit parameters:
                a      b      c      d      
a               1.000 
b              -0.027  1.000 
c              -0.047 -0.916  1.000 
d              -0.740  0.083 -0.053  1.000 


*******************************************************************************
Fri Dec 13 18:51:55 2024


FIT:    data read from 'lattice_cohesive_energy.txt' u 2:3
        format = x:z
        #datapoints = 49
        residuals are weighted equally (unit weight)

function used for fitting: f(x)
	f(x) = (a*x/(b*(b-1)))*(b*(1-c/x)+(c/x)**b-1)+d
fitted parameters initialized with current variable values

iter      chisq       delta/lim  lambda   a             b             c             d            
   0 2.9960869743e+06   0.00e+00  8.33e+02    5.000000e-02   4.000000e+00   2.570000e+02  -6.300000e+00
  11 1.2539834954e-07  -2.35e-05  8.33e-09    8.523403e-02   3.421415e+00   4.283057e+01  -3.299934e+00

After 11 iterations the fit converged.
final sum of squares of residuals : 1.25398e-07
rel. change during last iteration : -2.34576e-10

degrees of freedom    (FIT_NDF)                        : 45
rms of residuals      (FIT_STDFIT) = sqrt(WSSR/ndf)    : 5.27885e-05
variance of residuals (reduced chisquare) = WSSR/ndf   : 2.78663e-09

Final set of parameters            Asymptotic Standard Error
=======================            ==========================
a               = 0.085234         +/- 3.529e-05    (0.0414%)
b               = 3.42141          +/- 0.01326      (0.3874%)
c               = 42.8306          +/- 0.002073     (0.00484%)
d               = -3.29993         +/- 1.133e-05    (0.0003435%)

correlation matrix of the fit parameters:
                a      b      c      d      
a               1.000 
b              -0.027  1.000 
c              -0.047 -0.916  1.000 
d              -0.740  0.083 -0.053  1.000 


*******************************************************************************
Fri Dec 13 18:54:32 2024


FIT:    data read from 'lattice_cohesive_energy.txt' u 2:3
        format = x:z
        #datapoints = 49
        residuals are weighted equally (unit weight)

function used for fitting: f(x)
	f(x) = (a*x/(b*(b-1)))*(b*(1-c/x)+(c/x)**b-1)+d
fitted parameters initialized with current variable values

iter      chisq       delta/lim  lambda   a             b             c             d            
   0 2.9877308900e+06   0.00e+00  8.32e+02    5.000000e-02   4.000000e+00   2.570000e+02  -6.300000e+00
  11 1.2441007559e-07  -2.47e-05  8.32e-09    8.522118e-02   3.421010e+00   4.285002e+01  -3.299655e+00

After 11 iterations the fit converged.
final sum of squares of residuals : 1.2441e-07
rel. change during last iteration : -2.47037e-10

degrees of freedom    (FIT_NDF)                        : 45
rms of residuals      (FIT_STDFIT) = sqrt(WSSR/ndf)    : 5.25801e-05
variance of residuals (reduced chisquare) = WSSR/ndf   : 2.76467e-09

Final set of parameters            Asymptotic Standard Error
=======================            ==========================
a               = 0.0852212        +/- 3.513e-05    (0.04122%)
b               = 3.42101          +/- 0.0132       (0.3858%)
c               = 42.85            +/- 0.002065     (0.004819%)
d               = -3.29966         +/- 1.129e-05    (0.0003421%)

correlation matrix of the fit parameters:
                a      b      c      d      
a               1.000 
b              -0.027  1.000 
c              -0.047 -0.916  1.000 
d              -0.740  0.083 -0.053  1.000 


*******************************************************************************
Fri Dec 13 18:55:57 2024


FIT:    data read from 'lattice_cohesive_energy.txt' u 2:3
        format = x:z
        #datapoints = 49
        residuals are weighted equally (unit weight)

function used for fitting: f(x)
	f(x) = (a*x/(b*(b-1)))*(b*(1-c/x)+(c/x)**b-1)+d
fitted parameters initialized with current variable values

iter      chisq       delta/lim  lambda   a             b             c             d            
   0 2.9877308900e+06   0.00e+00  8.32e+02    5.000000e-02   4.000000e+00   2.570000e+02  -6.300000e+00
  11 1.2441007559e-07  -2.47e-05  8.32e-09    8.522118e-02   3.421010e+00   4.285002e+01  -3.299655e+00

After 11 iterations the fit converged.
final sum of squares of residuals : 1.2441e-07
rel. change during last iteration : -2.47037e-10

degrees of freedom    (FIT_NDF)                        : 45
rms of residuals      (FIT_STDFIT) = sqrt(WSSR/ndf)    : 5.25801e-05
variance of residuals (reduced chisquare) = WSSR/ndf   : 2.76467e-09

Final set of parameters            Asymptotic Standard Error
=======================            ==========================
a               = 0.0852212        +/- 3.513e-05    (0.04122%)
b               = 3.42101          +/- 0.0132       (0.3858%)
c               = 42.85            +/- 0.002065     (0.004819%)
d               = -3.29966         +/- 1.129e-05    (0.0003421%)

correlation matrix of the fit parameters:
                a      b      c      d      
a               1.000 
b              -0.027  1.000 
c              -0.047 -0.916  1.000 
d              -0.740  0.083 -0.053  1.000 


*******************************************************************************
Fri Dec 13 18:57:30 2024


FIT:    data read from 'lattice_cohesive_energy.txt' u 2:3
        format = x:z
        #datapoints = 49
        residuals are weighted equally (unit weight)

function used for fitting: f(x)
	f(x) = (a*x/(b*(b-1)))*(b*(1-c/x)+(c/x)**b-1)+d
fitted parameters initialized with current variable values

iter      chisq       delta/lim  lambda   a             b             c             d            
   0 3.1798786736e+06   0.00e+00  8.62e+02    5.000000e-02   4.000000e+00   2.570000e+02  -6.300000e+00
  10 3.3308622363e-05  -2.18e-02  8.62e-08    8.703710e-02   3.795021e+00   4.253237e+01  -3.299611e+00

After 10 iterations the fit converged.
final sum of squares of residuals : 3.33086e-05
rel. change during last iteration : -2.1831e-07

degrees of freedom    (FIT_NDF)                        : 45
rms of residuals      (FIT_STDFIT) = sqrt(WSSR/ndf)    : 0.000860344
variance of residuals (reduced chisquare) = WSSR/ndf   : 7.40192e-07

Final set of parameters            Asymptotic Standard Error
=======================            ==========================
a               = 0.0870371        +/- 0.000588     (0.6756%)
b               = 3.79502          +/- 0.211        (5.56%)
c               = 42.5324          +/- 0.03272      (0.07694%)
d               = -3.29961         +/- 0.0001855    (0.005622%)

correlation matrix of the fit parameters:
                a      b      c      d      
a               1.000 
b              -0.139  1.000 
c               0.016 -0.913  1.000 
d              -0.741  0.141 -0.089  1.000 


*******************************************************************************
Fri Dec 13 19:07:01 2024


FIT:    data read from 'lattice_cohesive_energy.txt' u 2:3
        format = x:z
        #datapoints = 49
        residuals are weighted equally (unit weight)

function used for fitting: f(x)
	f(x) = (a*x/(b*(b-1)))*(b*(1-c/x)+(c/x)**b-1)+d
fitted parameters initialized with current variable values

iter      chisq       delta/lim  lambda   a             b             c             d            
   0 2.8246540664e+06   0.00e+00  8.06e+02    5.000000e-02   4.000000e+00   2.570000e+02  -6.300000e+00
  11 1.1471171527e-06  -5.89e-06  8.06e-09    8.431765e-02   3.600910e+00   4.324493e+01  -3.298148e+00

After 11 iterations the fit converged.
final sum of squares of residuals : 1.14712e-06
rel. change during last iteration : -5.89451e-11

degrees of freedom    (FIT_NDF)                        : 45
rms of residuals      (FIT_STDFIT) = sqrt(WSSR/ndf)    : 0.000159661
variance of residuals (reduced chisquare) = WSSR/ndf   : 2.54915e-08

Final set of parameters            Asymptotic Standard Error
=======================            ==========================
a               = 0.0843177        +/- 0.0001059    (0.1256%)
b               = 3.60091          +/- 0.0401       (1.113%)
c               = 43.2449          +/- 0.006326     (0.01463%)
d               = -3.29815         +/- 3.43e-05     (0.00104%)

correlation matrix of the fit parameters:
                a      b      c      d      
a               1.000 
b              -0.042  1.000 
c              -0.042 -0.916  1.000 
d              -0.740  0.094 -0.059  1.000 


*******************************************************************************
Fri Dec 13 19:19:02 2024


FIT:    data read from 'lattice_cohesive_energy.txt' u 2:3
        format = x:z
        #datapoints = 49
        residuals are weighted equally (unit weight)

function used for fitting: f(x)
	f(x) = (a*x/(b*(b-1)))*(b*(1-c/x)+(c/x)**b-1)+d
fitted parameters initialized with current variable values

iter      chisq       delta/lim  lambda   a             b             c             d            
   0 2.8246540664e+06   0.00e+00  8.06e+02    5.000000e-02   4.000000e+00   2.570000e+02  -6.300000e+00
  11 1.1471171527e-06  -5.89e-06  8.06e-09    8.431765e-02   3.600910e+00   4.324493e+01  -3.298148e+00

After 11 iterations the fit converged.
final sum of squares of residuals : 1.14712e-06
rel. change during last iteration : -5.89451e-11

degrees of freedom    (FIT_NDF)                        : 45
rms of residuals      (FIT_STDFIT) = sqrt(WSSR/ndf)    : 0.000159661
variance of residuals (reduced chisquare) = WSSR/ndf   : 2.54915e-08

Final set of parameters            Asymptotic Standard Error
=======================            ==========================
a               = 0.0843177        +/- 0.0001059    (0.1256%)
b               = 3.60091          +/- 0.0401       (1.113%)
c               = 43.2449          +/- 0.006326     (0.01463%)
d               = -3.29815         +/- 3.43e-05     (0.00104%)

correlation matrix of the fit parameters:
                a      b      c      d      
a               1.000 
b              -0.042  1.000 
c              -0.042 -0.916  1.000 
d              -0.740  0.094 -0.059  1.000 


*******************************************************************************
Fri Dec 13 19:23:00 2024


FIT:    data read from 'lattice_cohesive_energy.txt' u 2:3
        format = x:z
        #datapoints = 49
        residuals are weighted equally (unit weight)

function used for fitting: f(x)
	f(x) = (a*x/(b*(b-1)))*(b*(1-c/x)+(c/x)**b-1)+d
fitted parameters initialized with current variable values

iter      chisq       delta/lim  lambda   a             b             c             d            
   0 2.8193968556e+06   0.00e+00  8.05e+02    5.000000e-02   4.000000e+00   2.570000e+02  -6.300000e+00
  10 6.5789212841e-08  -2.34e-04  8.05e-08    7.420493e-02   2.976883e+00   4.325500e+01  -3.299959e+00

After 10 iterations the fit converged.
final sum of squares of residuals : 6.57892e-08
rel. change during last iteration : -2.33832e-09

degrees of freedom    (FIT_NDF)                        : 45
rms of residuals      (FIT_STDFIT) = sqrt(WSSR/ndf)    : 3.82359e-05
variance of residuals (reduced chisquare) = WSSR/ndf   : 1.46198e-09

Final set of parameters            Asymptotic Standard Error
=======================            ==========================
a               = 0.0742049        +/- 2.522e-05    (0.03399%)
b               = 2.97688          +/- 0.01094      (0.3676%)
c               = 43.255           +/- 0.001731     (0.004001%)
d               = -3.29996         +/- 8.201e-06    (0.0002485%)

correlation matrix of the fit parameters:
                a      b      c      d      
a               1.000 
b               0.008  1.000 
c              -0.058 -0.917  1.000 
d              -0.741  0.057 -0.039  1.000 


*******************************************************************************
Mon Jan 13 12:25:57 2025


FIT:    data read from 'lattice_cohesive_energy.txt' u 2:3
        format = x:z
        #datapoints = 49
        residuals are weighted equally (unit weight)

function used for fitting: f(x)
	f(x) = (a*x/(b*(b-1)))*(b*(1-c/x)+(c/x)**b-1)+d
fitted parameters initialized with current variable values

iter      chisq       delta/lim  lambda   a             b             c             d            
   0 1.0342791273e+06   0.00e+00  4.16e+02    5.000000e-02   4.000000e+00   2.570000e+02  -6.300000e+00
  30 8.4575209178e-05  -3.78e-05  4.16e-02    9.961771e-01   5.004464e+00   5.230915e+01  -1.649133e+01

After 30 iterations the fit converged.
final sum of squares of residuals : 8.45752e-05
rel. change during last iteration : -3.77618e-10

degrees of freedom    (FIT_NDF)                        : 45
rms of residuals      (FIT_STDFIT) = sqrt(WSSR/ndf)    : 0.00137093
variance of residuals (reduced chisquare) = WSSR/ndf   : 1.87945e-06

Final set of parameters            Asymptotic Standard Error
=======================            ==========================
a               = 0.996177         +/- 0.0007705    (0.07735%)
b               = 5.00446          +/- 0.02383      (0.4761%)
c               = 52.3092          +/- 0.00451      (0.008622%)
d               = -16.4913         +/- 0.0002964    (0.001797%)

correlation matrix of the fit parameters:
                a      b      c      d      
a               1.000 
b              -0.148  1.000 
c              -0.010 -0.911  1.000 
d              -0.737  0.172 -0.101  1.000 


*******************************************************************************
Mon Jan 13 12:27:39 2025


FIT:    data read from 'lattice_cohesive_energy.txt' u 2:3
        format = x:z
        #datapoints = 49
        residuals are weighted equally (unit weight)

function used for fitting: f(x)
	f(x) = (a*x/(b*(b-1)))*(b*(1-c/x)+(c/x)**b-1)+d
fitted parameters initialized with current variable values

iter      chisq       delta/lim  lambda   a             b             c             d            
   0 1.0342791273e+06   0.00e+00  4.16e+02    5.000000e-02   4.000000e+00   2.570000e+02  -6.300000e+00
  30 8.4575209178e-05  -3.78e-05  4.16e-02    9.961771e-01   5.004464e+00   5.230915e+01  -1.649133e+01

After 30 iterations the fit converged.
final sum of squares of residuals : 8.45752e-05
rel. change during last iteration : -3.77618e-10

degrees of freedom    (FIT_NDF)                        : 45
rms of residuals      (FIT_STDFIT) = sqrt(WSSR/ndf)    : 0.00137093
variance of residuals (reduced chisquare) = WSSR/ndf   : 1.87945e-06

Final set of parameters            Asymptotic Standard Error
=======================            ==========================
a               = 0.996177         +/- 0.0007705    (0.07735%)
b               = 5.00446          +/- 0.02383      (0.4761%)
c               = 52.3092          +/- 0.00451      (0.008622%)
d               = -16.4913         +/- 0.0002964    (0.001797%)

correlation matrix of the fit parameters:
                a      b      c      d      
a               1.000 
b              -0.148  1.000 
c              -0.010 -0.911  1.000 
d              -0.737  0.172 -0.101  1.000 


*******************************************************************************
Mon Jan 13 12:29:10 2025


FIT:    data read from 'lattice_cohesive_energy.txt' u 2:3
        format = x:z
        #datapoints = 49
        residuals are weighted equally (unit weight)

function used for fitting: f(x)
	f(x) = (a*x/(b*(b-1)))*(b*(1-c/x)+(c/x)**b-1)+d
fitted parameters initialized with current variable values

iter      chisq       delta/lim  lambda   a             b             c             d            
   0 1.0342791273e+06   0.00e+00  4.16e+02    5.000000e-02   4.000000e+00   2.570000e+02  -6.300000e+00
  30 8.4575209178e-05  -3.78e-05  4.16e-02    9.961771e-01   5.004464e+00   5.230915e+01  -1.649133e+01

After 30 iterations the fit converged.
final sum of squares of residuals : 8.45752e-05
rel. change during last iteration : -3.77618e-10

degrees of freedom    (FIT_NDF)                        : 45
rms of residuals      (FIT_STDFIT) = sqrt(WSSR/ndf)    : 0.00137093
variance of residuals (reduced chisquare) = WSSR/ndf   : 1.87945e-06

Final set of parameters            Asymptotic Standard Error
=======================            ==========================
a               = 0.996177         +/- 0.0007705    (0.07735%)
b               = 5.00446          +/- 0.02383      (0.4761%)
c               = 52.3092          +/- 0.00451      (0.008622%)
d               = -16.4913         +/- 0.0002964    (0.001797%)

correlation matrix of the fit parameters:
                a      b      c      d      
a               1.000 
b              -0.148  1.000 
c              -0.010 -0.911  1.000 
d              -0.737  0.172 -0.101  1.000 


*******************************************************************************
Mon Jan 13 12:32:10 2025


FIT:    data read from 'lattice_cohesive_energy.txt' u 2:3
        format = x:z
        #datapoints = 49
        residuals are weighted equally (unit weight)

function used for fitting: f(x)
	f(x) = (a*x/(b*(b-1)))*(b*(1-c/x)+(c/x)**b-1)+d
fitted parameters initialized with current variable values

iter      chisq       delta/lim  lambda   a             b             c             d            
   0 1.0344945553e+06   0.00e+00  4.16e+02    5.000000e-02   4.000000e+00   2.570000e+02  -6.300000e+00
  27 7.2438778979e-05  -2.41e-05  4.16e-02    9.524168e-01   4.916382e+00   5.230855e+01  -1.649144e+01

After 27 iterations the fit converged.
final sum of squares of residuals : 7.24388e-05
rel. change during last iteration : -2.40608e-10

degrees of freedom    (FIT_NDF)                        : 45
rms of residuals      (FIT_STDFIT) = sqrt(WSSR/ndf)    : 0.00126876
variance of residuals (reduced chisquare) = WSSR/ndf   : 1.60975e-06

Final set of parameters            Asymptotic Standard Error
=======================            ==========================
a               = 0.952417         +/- 0.0007116    (0.07472%)
b               = 4.91638          +/- 0.02309      (0.4696%)
c               = 52.3086          +/- 0.004372     (0.008359%)
d               = -16.4914         +/- 0.0002741    (0.001662%)

correlation matrix of the fit parameters:
                a      b      c      d      
a               1.000 
b              -0.141  1.000 
c              -0.012 -0.912  1.000 
d              -0.737  0.167 -0.098  1.000 


*******************************************************************************
Mon Jan 13 12:34:35 2025


FIT:    data read from 'lattice_cohesive_energy.txt' u 2:3
        format = x:z
        #datapoints = 49
        residuals are weighted equally (unit weight)

function used for fitting: f(x)
	f(x) = (a*x/(b*(b-1)))*(b*(1-c/x)+(c/x)**b-1)+d
fitted parameters initialized with current variable values

iter      chisq       delta/lim  lambda   a             b             c             d            
   0 1.0342791273e+06   0.00e+00  4.16e+02    5.000000e-02   4.000000e+00   2.570000e+02  -6.300000e+00
  30 8.4575209178e-05  -3.78e-05  4.16e-02    9.961771e-01   5.004464e+00   5.230915e+01  -1.649133e+01

After 30 iterations the fit converged.
final sum of squares of residuals : 8.45752e-05
rel. change during last iteration : -3.77618e-10

degrees of freedom    (FIT_NDF)                        : 45
rms of residuals      (FIT_STDFIT) = sqrt(WSSR/ndf)    : 0.00137093
variance of residuals (reduced chisquare) = WSSR/ndf   : 1.87945e-06

Final set of parameters            Asymptotic Standard Error
=======================            ==========================
a               = 0.996177         +/- 0.0007705    (0.07735%)
b               = 5.00446          +/- 0.02383      (0.4761%)
c               = 52.3092          +/- 0.00451      (0.008622%)
d               = -16.4913         +/- 0.0002964    (0.001797%)

correlation matrix of the fit parameters:
                a      b      c      d      
a               1.000 
b              -0.148  1.000 
c              -0.010 -0.911  1.000 
d              -0.737  0.172 -0.101  1.000 


*******************************************************************************
Mon Jan 13 12:36:04 2025


FIT:    data read from 'lattice_cohesive_energy.txt' u 2:3
        format = x:z
        #datapoints = 49
        residuals are weighted equally (unit weight)

function used for fitting: f(x)
	f(x) = (a*x/(b*(b-1)))*(b*(1-c/x)+(c/x)**b-1)+d
fitted parameters initialized with current variable values

iter      chisq       delta/lim  lambda   a             b             c             d            
   0 1.0344945553e+06   0.00e+00  4.16e+02    5.000000e-02   4.000000e+00   2.570000e+02  -6.300000e+00
  27 7.2438778979e-05  -2.41e-05  4.16e-02    9.524168e-01   4.916382e+00   5.230855e+01  -1.649144e+01

After 27 iterations the fit converged.
final sum of squares of residuals : 7.24388e-05
rel. change during last iteration : -2.40608e-10

degrees of freedom    (FIT_NDF)                        : 45
rms of residuals      (FIT_STDFIT) = sqrt(WSSR/ndf)    : 0.00126876
variance of residuals (reduced chisquare) = WSSR/ndf   : 1.60975e-06

Final set of parameters            Asymptotic Standard Error
=======================            ==========================
a               = 0.952417         +/- 0.0007116    (0.07472%)
b               = 4.91638          +/- 0.02309      (0.4696%)
c               = 52.3086          +/- 0.004372     (0.008359%)
d               = -16.4914         +/- 0.0002741    (0.001662%)

correlation matrix of the fit parameters:
                a      b      c      d      
a               1.000 
b              -0.141  1.000 
c              -0.012 -0.912  1.000 
d              -0.737  0.167 -0.098  1.000 


*******************************************************************************
Mon Jan 13 12:36:36 2025


FIT:    data read from 'lattice_cohesive_energy.txt' u 2:3
        format = x:z
        #datapoints = 49
        residuals are weighted equally (unit weight)

function used for fitting: f(x)
	f(x) = (a*x/(b*(b-1)))*(b*(1-c/x)+(c/x)**b-1)+d
fitted parameters initialized with current variable values

iter      chisq       delta/lim  lambda   a             b             c             d            
   0 1.0342791273e+06   0.00e+00  4.16e+02    5.000000e-02   4.000000e+00   2.570000e+02  -6.300000e+00
  30 8.4575209178e-05  -3.78e-05  4.16e-02    9.961771e-01   5.004464e+00   5.230915e+01  -1.649133e+01

After 30 iterations the fit converged.
final sum of squares of residuals : 8.45752e-05
rel. change during last iteration : -3.77618e-10

degrees of freedom    (FIT_NDF)                        : 45
rms of residuals      (FIT_STDFIT) = sqrt(WSSR/ndf)    : 0.00137093
variance of residuals (reduced chisquare) = WSSR/ndf   : 1.87945e-06

Final set of parameters            Asymptotic Standard Error
=======================            ==========================
a               = 0.996177         +/- 0.0007705    (0.07735%)
b               = 5.00446          +/- 0.02383      (0.4761%)
c               = 52.3092          +/- 0.00451      (0.008622%)
d               = -16.4913         +/- 0.0002964    (0.001797%)

correlation matrix of the fit parameters:
                a      b      c      d      
a               1.000 
b              -0.148  1.000 
c              -0.010 -0.911  1.000 
d              -0.737  0.172 -0.101  1.000 


*******************************************************************************
Mon Jan 13 12:38:04 2025


FIT:    data read from 'lattice_cohesive_energy.txt' u 2:3
        format = x:z
        #datapoints = 49
        residuals are weighted equally (unit weight)

function used for fitting: f(x)
	f(x) = (a*x/(b*(b-1)))*(b*(1-c/x)+(c/x)**b-1)+d
fitted parameters initialized with current variable values

iter      chisq       delta/lim  lambda   a             b             c             d            
   0 1.0342791273e+06   0.00e+00  4.16e+02    5.000000e-02   4.000000e+00   2.570000e+02  -6.300000e+00
  30 8.4575209178e-05  -3.78e-05  4.16e-02    9.961771e-01   5.004464e+00   5.230915e+01  -1.649133e+01

After 30 iterations the fit converged.
final sum of squares of residuals : 8.45752e-05
rel. change during last iteration : -3.77618e-10

degrees of freedom    (FIT_NDF)                        : 45
rms of residuals      (FIT_STDFIT) = sqrt(WSSR/ndf)    : 0.00137093
variance of residuals (reduced chisquare) = WSSR/ndf   : 1.87945e-06

Final set of parameters            Asymptotic Standard Error
=======================            ==========================
a               = 0.996177         +/- 0.0007705    (0.07735%)
b               = 5.00446          +/- 0.02383      (0.4761%)
c               = 52.3092          +/- 0.00451      (0.008622%)
d               = -16.4913         +/- 0.0002964    (0.001797%)

correlation matrix of the fit parameters:
                a      b      c      d      
a               1.000 
b              -0.148  1.000 
c              -0.010 -0.911  1.000 
d              -0.737  0.172 -0.101  1.000 


*******************************************************************************
Mon Jan 13 12:39:00 2025


FIT:    data read from 'lattice_cohesive_energy.txt' u 2:3
        format = x:z
        #datapoints = 49
        residuals are weighted equally (unit weight)

function used for fitting: f(x)
	f(x) = (a*x/(b*(b-1)))*(b*(1-c/x)+(c/x)**b-1)+d
fitted parameters initialized with current variable values

iter      chisq       delta/lim  lambda   a             b             c             d            
   0 1.0342791273e+06   0.00e+00  4.16e+02    5.000000e-02   4.000000e+00   2.570000e+02  -6.300000e+00
  30 8.4575209178e-05  -3.78e-05  4.16e-02    9.961771e-01   5.004464e+00   5.230915e+01  -1.649133e+01

After 30 iterations the fit converged.
final sum of squares of residuals : 8.45752e-05
rel. change during last iteration : -3.77618e-10

degrees of freedom    (FIT_NDF)                        : 45
rms of residuals      (FIT_STDFIT) = sqrt(WSSR/ndf)    : 0.00137093
variance of residuals (reduced chisquare) = WSSR/ndf   : 1.87945e-06

Final set of parameters            Asymptotic Standard Error
=======================            ==========================
a               = 0.996177         +/- 0.0007705    (0.07735%)
b               = 5.00446          +/- 0.02383      (0.4761%)
c               = 52.3092          +/- 0.00451      (0.008622%)
d               = -16.4913         +/- 0.0002964    (0.001797%)

correlation matrix of the fit parameters:
                a      b      c      d      
a               1.000 
b              -0.148  1.000 
c              -0.010 -0.911  1.000 
d              -0.737  0.172 -0.101  1.000 


*******************************************************************************
Tue Jan 14 13:11:51 2025


FIT:    data read from 'lattice_cohesive_energy.txt' u 2:3
        format = x:z
        #datapoints = 49
        residuals are weighted equally (unit weight)

function used for fitting: f(x)
	f(x) = (a*x/(b*(b-1)))*(b*(1-c/x)+(c/x)**b-1)+d
fitted parameters initialized with current variable values

iter      chisq       delta/lim  lambda   a             b             c             d            
   0 1.5264280905e+05   0.00e+00  1.25e+02    5.000000e-02   4.000000e+00   2.570000e+02  -6.300000e+00
  37 2.1871139170e-04  -1.67e-02  1.25e-08    9.325223e-01   5.080841e+00   7.373756e+01  -1.642974e+01

After 37 iterations the fit converged.
final sum of squares of residuals : 0.000218711
rel. change during last iteration : -1.66757e-07

degrees of freedom    (FIT_NDF)                        : 45
rms of residuals      (FIT_STDFIT) = sqrt(WSSR/ndf)    : 0.0022046
variance of residuals (reduced chisquare) = WSSR/ndf   : 4.86025e-06

Final set of parameters            Asymptotic Standard Error
=======================            ==========================
a               = 0.932522         +/- 0.0008807    (0.09444%)
b               = 5.08084          +/- 0.02901      (0.571%)
c               = 73.7376          +/- 0.007736     (0.01049%)
d               = -16.4297         +/- 0.0004768    (0.002902%)

correlation matrix of the fit parameters:
                a      b      c      d      
a               1.000 
b              -0.154  1.000 
c              -0.008 -0.911  1.000 
d              -0.737  0.176 -0.103  1.000 


*******************************************************************************
Tue Jan 14 13:12:08 2025


FIT:    data read from 'lattice_cohesive_energy.txt' u 2:3
        format = x:z
        #datapoints = 49
        residuals are weighted equally (unit weight)

function used for fitting: f(x)
	f(x) = (a*x/(b*(b-1)))*(b*(1-c/x)+(c/x)**b-1)+d
fitted parameters initialized with current variable values

iter      chisq       delta/lim  lambda   a             b             c             d            
   0 1.5264280905e+05   0.00e+00  1.25e+02    5.000000e-02   4.000000e+00   2.570000e+02  -6.300000e+00
  37 2.1871139170e-04  -1.67e-02  1.25e-08    9.325223e-01   5.080841e+00   7.373756e+01  -1.642974e+01

After 37 iterations the fit converged.
final sum of squares of residuals : 0.000218711
rel. change during last iteration : -1.66757e-07

degrees of freedom    (FIT_NDF)                        : 45
rms of residuals      (FIT_STDFIT) = sqrt(WSSR/ndf)    : 0.0022046
variance of residuals (reduced chisquare) = WSSR/ndf   : 4.86025e-06

Final set of parameters            Asymptotic Standard Error
=======================            ==========================
a               = 0.932522         +/- 0.0008807    (0.09444%)
b               = 5.08084          +/- 0.02901      (0.571%)
c               = 73.7376          +/- 0.007736     (0.01049%)
d               = -16.4297         +/- 0.0004768    (0.002902%)

correlation matrix of the fit parameters:
                a      b      c      d      
a               1.000 
b              -0.154  1.000 
c              -0.008 -0.911  1.000 
d              -0.737  0.176 -0.103  1.000 


*******************************************************************************
Tue Jan 14 13:13:02 2025


FIT:    data read from 'lattice_cohesive_energy.txt' u 2:3
        format = x:z
        #datapoints = 49
        residuals are weighted equally (unit weight)

function used for fitting: f(x)
	f(x) = (a*x/(b*(b-1)))*(b*(1-c/x)+(c/x)**b-1)+d
fitted parameters initialized with current variable values

iter      chisq       delta/lim  lambda   a             b             c             d            
   0 1.0342791273e+06   0.00e+00  4.16e+02    5.000000e-02   4.000000e+00   2.570000e+02  -6.300000e+00
  30 8.4575209178e-05  -3.78e-05  4.16e-02    9.961771e-01   5.004464e+00   5.230915e+01  -1.649133e+01

After 30 iterations the fit converged.
final sum of squares of residuals : 8.45752e-05
rel. change during last iteration : -3.77618e-10

degrees of freedom    (FIT_NDF)                        : 45
rms of residuals      (FIT_STDFIT) = sqrt(WSSR/ndf)    : 0.00137093
variance of residuals (reduced chisquare) = WSSR/ndf   : 1.87945e-06

Final set of parameters            Asymptotic Standard Error
=======================            ==========================
a               = 0.996177         +/- 0.0007705    (0.07735%)
b               = 5.00446          +/- 0.02383      (0.4761%)
c               = 52.3092          +/- 0.00451      (0.008622%)
d               = -16.4913         +/- 0.0002964    (0.001797%)

correlation matrix of the fit parameters:
                a      b      c      d      
a               1.000 
b              -0.148  1.000 
c              -0.010 -0.911  1.000 
d              -0.737  0.172 -0.101  1.000 


*******************************************************************************
Tue Jan 14 17:10:17 2025


FIT:    data read from 'lattice_cohesive_energy.txt' u 2:3
        format = x:z
        #datapoints = 49
        residuals are weighted equally (unit weight)

function used for fitting: f(x)
	f(x) = (a*x/(b*(b-1)))*(b*(1-c/x)+(c/x)**b-1)+d
fitted parameters initialized with current variable values

iter      chisq       delta/lim  lambda   a             b             c             d            
   0 1.0342791273e+06   0.00e+00  4.16e+02    5.000000e-02   4.000000e+00   2.570000e+02  -6.300000e+00
  30 8.4575209178e-05  -3.78e-05  4.16e-02    9.961771e-01   5.004464e+00   5.230915e+01  -1.649133e+01

After 30 iterations the fit converged.
final sum of squares of residuals : 8.45752e-05
rel. change during last iteration : -3.77618e-10

degrees of freedom    (FIT_NDF)                        : 45
rms of residuals      (FIT_STDFIT) = sqrt(WSSR/ndf)    : 0.00137093
variance of residuals (reduced chisquare) = WSSR/ndf   : 1.87945e-06

Final set of parameters            Asymptotic Standard Error
=======================            ==========================
a               = 0.996177         +/- 0.0007705    (0.07735%)
b               = 5.00446          +/- 0.02383      (0.4761%)
c               = 52.3092          +/- 0.00451      (0.008622%)
d               = -16.4913         +/- 0.0002964    (0.001797%)

correlation matrix of the fit parameters:
                a      b      c      d      
a               1.000 
b              -0.148  1.000 
c              -0.010 -0.911  1.000 
d              -0.737  0.172 -0.101  1.000 


*******************************************************************************
Mon Jan 20 10:07:08 2025


FIT:    data read from 'lattice_cohesive_energy.txt' u 2:3
        format = x:z
        #datapoints = 49
        residuals are weighted equally (unit weight)

function used for fitting: f(x)
	f(x) = (a*x/(b*(b-1)))*(b*(1-c/x)+(c/x)**b-1)+d
fitted parameters initialized with current variable values

iter      chisq       delta/lim  lambda   a             b             c             d            
   0 6.9339261930e+04   0.00e+00  1.45e+01    5.000000e-02   4.000000e+00   2.570000e+02  -6.300000e+00
  29 6.0032477192e-04  -1.38e-01  1.45e-07    4.335793e-01   7.020575e+00   1.374737e+02  -3.943634e+01

After 29 iterations the fit converged.
final sum of squares of residuals : 0.000600325
rel. change during last iteration : -1.38336e-06

degrees of freedom    (FIT_NDF)                        : 45
rms of residuals      (FIT_STDFIT) = sqrt(WSSR/ndf)    : 0.00365247
variance of residuals (reduced chisquare) = WSSR/ndf   : 1.33406e-05

Final set of parameters            Asymptotic Standard Error
=======================            ==========================
a               = 0.433579         +/- 0.0008322    (0.1919%)
b               = 7.02058          +/- 0.05395      (0.7685%)
c               = 137.474          +/- 0.02633      (0.01915%)
d               = -39.4363         +/- 0.0008013    (0.002032%)

correlation matrix of the fit parameters:
                a      b      c      d      
a               1.000 
b              -0.291  1.000 
c               0.027 -0.896  1.000 
d              -0.733  0.279 -0.152  1.000 


*******************************************************************************
Mon Jan 20 10:10:44 2025


FIT:    data read from 'lattice_cohesive_energy.txt' u 2:3
        format = x:z
        #datapoints = 49
        residuals are weighted equally (unit weight)

function used for fitting: f(x)
	f(x) = (a*x/(b*(b-1)))*(b*(1-c/x)+(c/x)**b-1)+d
fitted parameters initialized with current variable values

iter      chisq       delta/lim  lambda   a             b             c             d            
   0 6.9043522649e+04   0.00e+00  1.45e+01    5.000000e-02   4.000000e+00   2.570000e+02  -6.300000e+00
  30 3.4505295401e-03  -1.31e-02  1.45e-07    5.466455e-01   7.765058e+00   1.372937e+02  -3.945182e+01

After 30 iterations the fit converged.
final sum of squares of residuals : 0.00345053
rel. change during last iteration : -1.31089e-07

degrees of freedom    (FIT_NDF)                        : 45
rms of residuals      (FIT_STDFIT) = sqrt(WSSR/ndf)    : 0.00875662
variance of residuals (reduced chisquare) = WSSR/ndf   : 7.66784e-05

Final set of parameters            Asymptotic Standard Error
=======================            ==========================
a               = 0.546645         +/- 0.002028     (0.371%)
b               = 7.76506          +/- 0.1023       (1.318%)
c               = 137.294          +/- 0.04945      (0.03602%)
d               = -39.4518         +/- 0.001927     (0.004885%)

correlation matrix of the fit parameters:
                a      b      c      d      
a               1.000 
b              -0.300  1.000 
c               0.014 -0.893  1.000 
d              -0.730  0.298 -0.158  1.000 


*******************************************************************************
Mon Jan 20 10:14:35 2025


FIT:    data read from 'lattice_cohesive_energy.txt' u 2:3
        format = x:z
        #datapoints = 49
        residuals are weighted equally (unit weight)

function used for fitting: f(x)
	f(x) = (a*x/(b*(b-1)))*(b*(1-c/x)+(c/x)**b-1)+d
fitted parameters initialized with current variable values

iter      chisq       delta/lim  lambda   a             b             c             d            
   0 2.0767626177e+05   0.00e+00  3.22e+00    5.000000e-02   4.000000e+00   2.570000e+02  -6.300000e+00
  26 1.3752397447e-03  -1.26e-03  3.22e-08    5.408200e-01   6.080012e+00   2.654484e+02  -7.215375e+01

After 26 iterations the fit converged.
final sum of squares of residuals : 0.00137524
rel. change during last iteration : -1.2633e-08

degrees of freedom    (FIT_NDF)                        : 45
rms of residuals      (FIT_STDFIT) = sqrt(WSSR/ndf)    : 0.00552819
variance of residuals (reduced chisquare) = WSSR/ndf   : 3.05609e-05

Final set of parameters            Asymptotic Standard Error
=======================            ==========================
a               = 0.54082          +/- 0.0006308    (0.1166%)
b               = 6.08001          +/- 0.03443      (0.5662%)
c               = 265.448          +/- 0.03277      (0.01234%)
d               = -72.1538         +/- 0.001204     (0.001668%)

correlation matrix of the fit parameters:
                a      b      c      d      
a               1.000 
b              -0.225  1.000 
c               0.011 -0.905  1.000 
d              -0.734  0.230 -0.129  1.000 


*******************************************************************************
Mon Jan 20 10:15:48 2025


FIT:    data read from 'lattice_cohesive_energy.txt' u 2:3
        format = x:z
        #datapoints = 49
        residuals are weighted equally (unit weight)

function used for fitting: f(x)
	f(x) = (a*x/(b*(b-1)))*(b*(1-c/x)+(c/x)**b-1)+d
fitted parameters initialized with current variable values

iter      chisq       delta/lim  lambda   a             b             c             d            
   0 2.0767626177e+05   0.00e+00  3.22e+00    5.000000e-02   4.000000e+00   2.570000e+02  -6.300000e+00
  26 1.3752397447e-03  -1.26e-03  3.22e-08    5.408200e-01   6.080012e+00   2.654484e+02  -7.215375e+01

After 26 iterations the fit converged.
final sum of squares of residuals : 0.00137524
rel. change during last iteration : -1.2633e-08

degrees of freedom    (FIT_NDF)                        : 45
rms of residuals      (FIT_STDFIT) = sqrt(WSSR/ndf)    : 0.00552819
variance of residuals (reduced chisquare) = WSSR/ndf   : 3.05609e-05

Final set of parameters            Asymptotic Standard Error
=======================            ==========================
a               = 0.54082          +/- 0.0006308    (0.1166%)
b               = 6.08001          +/- 0.03443      (0.5662%)
c               = 265.448          +/- 0.03277      (0.01234%)
d               = -72.1538         +/- 0.001204     (0.001668%)

correlation matrix of the fit parameters:
                a      b      c      d      
a               1.000 
b              -0.225  1.000 
c               0.011 -0.905  1.000 
d              -0.734  0.230 -0.129  1.000 


*******************************************************************************
Mon Jan 20 10:19:33 2025


FIT:    data read from 'lattice_cohesive_energy.txt' u 2:3
        format = x:z
        #datapoints = 49
        residuals are weighted equally (unit weight)

function used for fitting: f(x)
	f(x) = (a*x/(b*(b-1)))*(b*(1-c/x)+(c/x)**b-1)+d
fitted parameters initialized with current variable values

iter      chisq       delta/lim  lambda   a             b             c             d            
   0 5.2074187496e+04   0.00e+00  8.60e+00    5.000000e-02   4.000000e+00   2.570000e+02  -6.300000e+00
  17 2.1589251502e-04  -2.63e-02  8.60e-07    6.017627e-01   4.222204e+00   1.598610e+02  -3.703766e+01

After 17 iterations the fit converged.
final sum of squares of residuals : 0.000215893
rel. change during last iteration : -2.63253e-07

degrees of freedom    (FIT_NDF)                        : 45
rms of residuals      (FIT_STDFIT) = sqrt(WSSR/ndf)    : 0.00219035
variance of residuals (reduced chisquare) = WSSR/ndf   : 4.79761e-06

Final set of parameters            Asymptotic Standard Error
=======================            ==========================
a               = 0.601763         +/- 0.0003965    (0.06589%)
b               = 4.2222           +/- 0.02076      (0.4918%)
c               = 159.861          +/- 0.01207      (0.007552%)
d               = -37.0377         +/- 0.0004717    (0.001273%)

correlation matrix of the fit parameters:
                a      b      c      d      
a               1.000 
b              -0.089  1.000 
c              -0.028 -0.914  1.000 
d              -0.738  0.128 -0.078  1.000 


*******************************************************************************
Mon Jan 20 10:26:38 2025


FIT:    data read from 'lattice_cohesive_energy.txt' u 2:3
        format = x:z
        #datapoints = 49
        residuals are weighted equally (unit weight)

function used for fitting: f(x)
	f(x) = (a*x/(b*(b-1)))*(b*(1-c/x)+(c/x)**b-1)+d
fitted parameters initialized with current variable values

iter      chisq       delta/lim  lambda   a             b             c             d            
   0 5.2074187524e+04   0.00e+00  8.60e+00    5.000000e-02   4.000000e+00   2.570000e+02  -6.300000e+00
  17 2.1589251569e-04  -2.63e-02  8.60e-07    6.017627e-01   4.222204e+00   1.598610e+02  -3.703766e+01

After 17 iterations the fit converged.
final sum of squares of residuals : 0.000215893
rel. change during last iteration : -2.63252e-07

degrees of freedom    (FIT_NDF)                        : 45
rms of residuals      (FIT_STDFIT) = sqrt(WSSR/ndf)    : 0.00219035
variance of residuals (reduced chisquare) = WSSR/ndf   : 4.79761e-06

Final set of parameters            Asymptotic Standard Error
=======================            ==========================
a               = 0.601763         +/- 0.0003965    (0.06589%)
b               = 4.2222           +/- 0.02076      (0.4918%)
c               = 159.861          +/- 0.01207      (0.007552%)
d               = -37.0377         +/- 0.0004717    (0.001273%)

correlation matrix of the fit parameters:
                a      b      c      d      
a               1.000 
b              -0.089  1.000 
c              -0.028 -0.914  1.000 
d              -0.738  0.128 -0.078  1.000 


*******************************************************************************
Mon Jan 20 10:28:12 2025


FIT:    data read from 'lattice_cohesive_energy.txt' u 2:3
        format = x:z
        #datapoints = 49
        residuals are weighted equally (unit weight)

function used for fitting: f(x)
	f(x) = (a*x/(b*(b-1)))*(b*(1-c/x)+(c/x)**b-1)+d
fitted parameters initialized with current variable values

iter      chisq       delta/lim  lambda   a             b             c             d            
   0 5.2074187524e+04   0.00e+00  8.60e+00    5.000000e-02   4.000000e+00   2.570000e+02  -6.300000e+00
  17 2.1589251569e-04  -2.63e-02  8.60e-07    6.017627e-01   4.222204e+00   1.598610e+02  -3.703766e+01

After 17 iterations the fit converged.
final sum of squares of residuals : 0.000215893
rel. change during last iteration : -2.63252e-07

degrees of freedom    (FIT_NDF)                        : 45
rms of residuals      (FIT_STDFIT) = sqrt(WSSR/ndf)    : 0.00219035
variance of residuals (reduced chisquare) = WSSR/ndf   : 4.79761e-06

Final set of parameters            Asymptotic Standard Error
=======================            ==========================
a               = 0.601763         +/- 0.0003965    (0.06589%)
b               = 4.2222           +/- 0.02076      (0.4918%)
c               = 159.861          +/- 0.01207      (0.007552%)
d               = -37.0377         +/- 0.0004717    (0.001273%)

correlation matrix of the fit parameters:
                a      b      c      d      
a               1.000 
b              -0.089  1.000 
c              -0.028 -0.914  1.000 
d              -0.738  0.128 -0.078  1.000 


*******************************************************************************
Mon Jan 20 10:29:50 2025


FIT:    data read from 'lattice_cohesive_energy.txt' u 2:3
        format = x:z
        #datapoints = 49
        residuals are weighted equally (unit weight)

function used for fitting: f(x)
	f(x) = (a*x/(b*(b-1)))*(b*(1-c/x)+(c/x)**b-1)+d
fitted parameters initialized with current variable values

iter      chisq       delta/lim  lambda   a             b             c             d            
   0 5.2074187524e+04   0.00e+00  8.60e+00    5.000000e-02   4.000000e+00   2.570000e+02  -6.300000e+00
  17 2.1589251570e-04  -2.63e-02  8.60e-07    6.017627e-01   4.222204e+00   1.598610e+02  -3.703766e+01

After 17 iterations the fit converged.
final sum of squares of residuals : 0.000215893
rel. change during last iteration : -2.63254e-07

degrees of freedom    (FIT_NDF)                        : 45
rms of residuals      (FIT_STDFIT) = sqrt(WSSR/ndf)    : 0.00219035
variance of residuals (reduced chisquare) = WSSR/ndf   : 4.79761e-06

Final set of parameters            Asymptotic Standard Error
=======================            ==========================
a               = 0.601763         +/- 0.0003965    (0.06589%)
b               = 4.2222           +/- 0.02076      (0.4918%)
c               = 159.861          +/- 0.01207      (0.007552%)
d               = -37.0377         +/- 0.0004717    (0.001273%)

correlation matrix of the fit parameters:
                a      b      c      d      
a               1.000 
b              -0.089  1.000 
c              -0.028 -0.914  1.000 
d              -0.738  0.128 -0.078  1.000 


*******************************************************************************
Mon Jan 20 10:35:05 2025


FIT:    data read from 'lattice_cohesive_energy.txt' u 2:3
        format = x:z
        #datapoints = 49
        residuals are weighted equally (unit weight)

function used for fitting: f(x)
	f(x) = (a*x/(b*(b-1)))*(b*(1-c/x)+(c/x)**b-1)+d
fitted parameters initialized with current variable values

iter      chisq       delta/lim  lambda   a             b             c             d            
   0 2.3951208890e+05   0.00e+00  1.70e+02    5.000000e-02   4.000000e+00   2.570000e+02  -6.300000e+00
  56 4.1085315362e-05  -1.45e-02  1.70e-07    1.041130e+00   5.666594e+00   6.756886e+01  -1.571931e+01

After 56 iterations the fit converged.
final sum of squares of residuals : 4.10853e-05
rel. change during last iteration : -1.45314e-07

degrees of freedom    (FIT_NDF)                        : 45
rms of residuals      (FIT_STDFIT) = sqrt(WSSR/ndf)    : 0.000955514
variance of residuals (reduced chisquare) = WSSR/ndf   : 9.13007e-07

Final set of parameters            Asymptotic Standard Error
=======================            ==========================
a               = 1.04113          +/- 0.0004225    (0.04058%)
b               = 5.66659          +/- 0.01222      (0.2157%)
c               = 67.5689          +/- 0.002972     (0.004398%)
d               = -15.7193         +/- 0.0002074    (0.001319%)

correlation matrix of the fit parameters:
                a      b      c      d      
a               1.000 
b              -0.191  1.000 
c              -0.000 -0.908  1.000 
d              -0.735  0.205 -0.117  1.000 


*******************************************************************************
Mon Jan 20 10:38:47 2025


FIT:    data read from 'lattice_cohesive_energy.txt' u 2:3
        format = x:z
        #datapoints = 49
        residuals are weighted equally (unit weight)

function used for fitting: f(x)
	f(x) = (a*x/(b*(b-1)))*(b*(1-c/x)+(c/x)**b-1)+d
fitted parameters initialized with current variable values

iter      chisq       delta/lim  lambda   a             b             c             d            
   0 2.3957973680e+05   0.00e+00  1.70e+02    5.000000e-02   4.000000e+00   2.570000e+02  -6.300000e+00
  56 2.3180443665e-04  -2.32e-03  1.70e-07    1.017295e+00   5.454809e+00   6.758018e+01  -1.571763e+01

After 56 iterations the fit converged.
final sum of squares of residuals : 0.000231804
rel. change during last iteration : -2.3189e-08

degrees of freedom    (FIT_NDF)                        : 45
rms of residuals      (FIT_STDFIT) = sqrt(WSSR/ndf)    : 0.00226963
variance of residuals (reduced chisquare) = WSSR/ndf   : 5.15121e-06

Final set of parameters            Asymptotic Standard Error
=======================            ==========================
a               = 1.01729          +/- 0.0009987    (0.09817%)
b               = 5.45481          +/- 0.02975      (0.5454%)
c               = 67.5802          +/- 0.00725      (0.01073%)
d               = -15.7176         +/- 0.000492     (0.00313%)

correlation matrix of the fit parameters:
                a      b      c      d      
a               1.000 
b              -0.181  1.000 
c              -0.001 -0.909  1.000 
d              -0.736  0.196 -0.113  1.000 


*******************************************************************************
Mon Jan 20 10:39:31 2025


FIT:    data read from 'lattice_cohesive_energy.txt' u 2:3
        format = x:z
        #datapoints = 49
        residuals are weighted equally (unit weight)

function used for fitting: f(x)
	f(x) = (a*x/(b*(b-1)))*(b*(1-c/x)+(c/x)**b-1)+d
fitted parameters initialized with current variable values

iter      chisq       delta/lim  lambda   a             b             c             d            
   0 5.2074187524e+04   0.00e+00  8.60e+00    5.000000e-02   4.000000e+00   2.570000e+02  -6.300000e+00
  17 2.1589251570e-04  -2.63e-02  8.60e-07    6.017627e-01   4.222204e+00   1.598610e+02  -3.703766e+01

After 17 iterations the fit converged.
final sum of squares of residuals : 0.000215893
rel. change during last iteration : -2.63254e-07

degrees of freedom    (FIT_NDF)                        : 45
rms of residuals      (FIT_STDFIT) = sqrt(WSSR/ndf)    : 0.00219035
variance of residuals (reduced chisquare) = WSSR/ndf   : 4.79761e-06

Final set of parameters            Asymptotic Standard Error
=======================            ==========================
a               = 0.601763         +/- 0.0003965    (0.06589%)
b               = 4.2222           +/- 0.02076      (0.4918%)
c               = 159.861          +/- 0.01207      (0.007552%)
d               = -37.0377         +/- 0.0004717    (0.001273%)

correlation matrix of the fit parameters:
                a      b      c      d      
a               1.000 
b              -0.089  1.000 
c              -0.028 -0.914  1.000 
d              -0.738  0.128 -0.078  1.000 


*******************************************************************************
Mon Jan 20 10:40:46 2025


FIT:    data read from 'lattice_cohesive_energy.txt' u 2:3
        format = x:z
        #datapoints = 49
        residuals are weighted equally (unit weight)

function used for fitting: f(x)
	f(x) = (a*x/(b*(b-1)))*(b*(1-c/x)+(c/x)**b-1)+d
fitted parameters initialized with current variable values

iter      chisq       delta/lim  lambda   a             b             c             d            
   0 2.3957973680e+05   0.00e+00  1.70e+02    5.000000e-02   4.000000e+00   2.570000e+02  -6.300000e+00
  56 2.3180443665e-04  -2.32e-03  1.70e-07    1.017295e+00   5.454809e+00   6.758018e+01  -1.571763e+01

After 56 iterations the fit converged.
final sum of squares of residuals : 0.000231804
rel. change during last iteration : -2.3189e-08

degrees of freedom    (FIT_NDF)                        : 45
rms of residuals      (FIT_STDFIT) = sqrt(WSSR/ndf)    : 0.00226963
variance of residuals (reduced chisquare) = WSSR/ndf   : 5.15121e-06

Final set of parameters            Asymptotic Standard Error
=======================            ==========================
a               = 1.01729          +/- 0.0009987    (0.09817%)
b               = 5.45481          +/- 0.02975      (0.5454%)
c               = 67.5802          +/- 0.00725      (0.01073%)
d               = -15.7176         +/- 0.000492     (0.00313%)

correlation matrix of the fit parameters:
                a      b      c      d      
a               1.000 
b              -0.181  1.000 
c              -0.001 -0.909  1.000 
d              -0.736  0.196 -0.113  1.000 
