

*******************************************************************************
Thu Jan 16 13:52:37 2025


FIT:    data read from 'lattice_cohesive_energy.txt' u 2:3
        format = x:z
        #datapoints = 49
        residuals are weighted equally (unit weight)

function used for fitting: f(x)
	f(x) = (a*x/(b*(b-1)))*(b*(1-c/x)+(c/x)**b-1)+d
fitted parameters initialized with current variable values

iter      chisq       delta/lim  lambda   a             b             c             d            
   0 2.1174419239e+06   0.00e+00  5.77e+02    5.000000e-01   3.500000e+00   1.182000e+02  -3.710000e+01
  11 8.9277933830e-06  -8.53e-02  5.77e-06    7.838716e-01   3.929716e+00   2.849151e+01  -1.041552e+01

After 11 iterations the fit converged.
final sum of squares of residuals : 8.92779e-06
rel. change during last iteration : -8.53034e-07

degrees of freedom    (FIT_NDF)                        : 45
rms of residuals      (FIT_STDFIT) = sqrt(WSSR/ndf)    : 0.000445416
variance of residuals (reduced chisquare) = WSSR/ndf   : 1.98395e-07

Final set of parameters            Asymptotic Standard Error
=======================            ==========================
a               = 0.783872         +/- 0.0004504    (0.05745%)
b               = 3.92972          +/- 0.01823      (0.4638%)
c               = 28.4915          +/- 0.001892     (0.00664%)
d               = -10.4155         +/- 9.58e-05     (0.0009198%)

correlation matrix of the fit parameters:
                a      b      c      d      
a               1.000 
b              -0.067  1.000 
c              -0.035 -0.915  1.000 
d              -0.739  0.112 -0.069  1.000 


*******************************************************************************
Thu Jan 16 13:52:55 2025


FIT:    data read from 'lattice_cohesive_energy.txt' u 2:3
        format = x:z
        #datapoints = 49
        residuals are weighted equally (unit weight)

function used for fitting: f(x)
	f(x) = (a*x/(b*(b-1)))*(b*(1-c/x)+(c/x)**b-1)+d
fitted parameters initialized with current variable values

iter      chisq       delta/lim  lambda   a             b             c             d            
   0 2.1174419239e+06   0.00e+00  5.77e+02    5.000000e-01   3.500000e+00   1.182000e+02  -3.710000e+01
  11 8.9277933830e-06  -8.53e-02  5.77e-06    7.838716e-01   3.929716e+00   2.849151e+01  -1.041552e+01

After 11 iterations the fit converged.
final sum of squares of residuals : 8.92779e-06
rel. change during last iteration : -8.53034e-07

degrees of freedom    (FIT_NDF)                        : 45
rms of residuals      (FIT_STDFIT) = sqrt(WSSR/ndf)    : 0.000445416
variance of residuals (reduced chisquare) = WSSR/ndf   : 1.98395e-07

Final set of parameters            Asymptotic Standard Error
=======================            ==========================
a               = 0.783872         +/- 0.0004504    (0.05745%)
b               = 3.92972          +/- 0.01823      (0.4638%)
c               = 28.4915          +/- 0.001892     (0.00664%)
d               = -10.4155         +/- 9.58e-05     (0.0009198%)

correlation matrix of the fit parameters:
                a      b      c      d      
a               1.000 
b              -0.067  1.000 
c              -0.035 -0.915  1.000 
d              -0.739  0.112 -0.069  1.000 


*******************************************************************************
Thu Jan 16 13:55:00 2025


FIT:    data read from 'lattice_cohesive_energy.txt' u 2:3
        format = x:z
        #datapoints = 49
        residuals are weighted equally (unit weight)

function used for fitting: f(x)
	f(x) = (a*x/(b*(b-1)))*(b*(1-c/x)+(c/x)**b-1)+d
fitted parameters initialized with current variable values

iter      chisq       delta/lim  lambda   a             b             c             d            
   0 2.1174419239e+06   0.00e+00  5.77e+02    5.000000e-01   3.500000e+00   1.182000e+02  -3.710000e+01
  11 8.9277933830e-06  -8.53e-02  5.77e-06    7.838716e-01   3.929716e+00   2.849151e+01  -1.041552e+01

After 11 iterations the fit converged.
final sum of squares of residuals : 8.92779e-06
rel. change during last iteration : -8.53034e-07

degrees of freedom    (FIT_NDF)                        : 45
rms of residuals      (FIT_STDFIT) = sqrt(WSSR/ndf)    : 0.000445416
variance of residuals (reduced chisquare) = WSSR/ndf   : 1.98395e-07

Final set of parameters            Asymptotic Standard Error
=======================            ==========================
a               = 0.783872         +/- 0.0004504    (0.05745%)
b               = 3.92972          +/- 0.01823      (0.4638%)
c               = 28.4915          +/- 0.001892     (0.00664%)
d               = -10.4155         +/- 9.58e-05     (0.0009198%)

correlation matrix of the fit parameters:
                a      b      c      d      
a               1.000 
b              -0.067  1.000 
c              -0.035 -0.915  1.000 
d              -0.739  0.112 -0.069  1.000 


*******************************************************************************
Thu Jan 16 13:57:13 2025


FIT:    data read from 'lattice_cohesive_energy.txt' u 2:3
        format = x:z
        #datapoints = 49
        residuals are weighted equally (unit weight)

function used for fitting: f(x)
	f(x) = (a*x/(b*(b-1)))*(b*(1-c/x)+(c/x)**b-1)+d
fitted parameters initialized with current variable values

iter      chisq       delta/lim  lambda   a             b             c             d            
   0 2.1174419255e+06   0.00e+00  5.77e+02    5.000000e-01   3.500000e+00   1.182000e+02  -3.710000e+01
  11 8.9277933809e-06  -8.53e-02  5.77e-06    7.838716e-01   3.929716e+00   2.849151e+01  -1.041552e+01

After 11 iterations the fit converged.
final sum of squares of residuals : 8.92779e-06
rel. change during last iteration : -8.53035e-07

degrees of freedom    (FIT_NDF)                        : 45
rms of residuals      (FIT_STDFIT) = sqrt(WSSR/ndf)    : 0.000445416
variance of residuals (reduced chisquare) = WSSR/ndf   : 1.98395e-07

Final set of parameters            Asymptotic Standard Error
=======================            ==========================
a               = 0.783872         +/- 0.0004504    (0.05745%)
b               = 3.92972          +/- 0.01823      (0.4638%)
c               = 28.4915          +/- 0.001892     (0.00664%)
d               = -10.4155         +/- 9.58e-05     (0.0009198%)

correlation matrix of the fit parameters:
                a      b      c      d      
a               1.000 
b              -0.067  1.000 
c              -0.035 -0.915  1.000 
d              -0.739  0.112 -0.069  1.000 


*******************************************************************************
Thu Jan 16 13:57:52 2025


FIT:    data read from 'lattice_cohesive_energy.txt' u 2:3
        format = x:z
        #datapoints = 49
        residuals are weighted equally (unit weight)

function used for fitting: f(x)
	f(x) = (a*x/(b*(b-1)))*(b*(1-c/x)+(c/x)**b-1)+d
fitted parameters initialized with current variable values

iter      chisq       delta/lim  lambda   a             b             c             d            
   0 2.1174419239e+06   0.00e+00  5.77e+02    5.000000e-01   3.500000e+00   1.182000e+02  -3.710000e+01
  11 8.9277933831e-06  -8.53e-02  5.77e-06    7.838716e-01   3.929716e+00   2.849151e+01  -1.041552e+01

After 11 iterations the fit converged.
final sum of squares of residuals : 8.92779e-06
rel. change during last iteration : -8.53034e-07

degrees of freedom    (FIT_NDF)                        : 45
rms of residuals      (FIT_STDFIT) = sqrt(WSSR/ndf)    : 0.000445416
variance of residuals (reduced chisquare) = WSSR/ndf   : 1.98395e-07

Final set of parameters            Asymptotic Standard Error
=======================            ==========================
a               = 0.783872         +/- 0.0004504    (0.05745%)
b               = 3.92972          +/- 0.01823      (0.4638%)
c               = 28.4915          +/- 0.001892     (0.00664%)
d               = -10.4155         +/- 9.58e-05     (0.0009198%)

correlation matrix of the fit parameters:
                a      b      c      d      
a               1.000 
b              -0.067  1.000 
c              -0.035 -0.915  1.000 
d              -0.739  0.112 -0.069  1.000 


*******************************************************************************
Thu Jan 16 13:58:40 2025


FIT:    data read from 'lattice_cohesive_energy.txt' u 2:3
        format = x:z
        #datapoints = 49
        residuals are weighted equally (unit weight)

function used for fitting: f(x)
	f(x) = (a*x/(b*(b-1)))*(b*(1-c/x)+(c/x)**b-1)+d
fitted parameters initialized with current variable values

iter      chisq       delta/lim  lambda   a             b             c             d            
   0 2.1174419239e+06   0.00e+00  5.77e+02    5.000000e-01   3.500000e+00   1.182000e+02  -3.710000e+01
  11 8.9277933832e-06  -8.53e-02  5.77e-06    7.838716e-01   3.929716e+00   2.849151e+01  -1.041552e+01

After 11 iterations the fit converged.
final sum of squares of residuals : 8.92779e-06
rel. change during last iteration : -8.53034e-07

degrees of freedom    (FIT_NDF)                        : 45
rms of residuals      (FIT_STDFIT) = sqrt(WSSR/ndf)    : 0.000445416
variance of residuals (reduced chisquare) = WSSR/ndf   : 1.98395e-07

Final set of parameters            Asymptotic Standard Error
=======================            ==========================
a               = 0.783872         +/- 0.0004504    (0.05745%)
b               = 3.92972          +/- 0.01823      (0.4638%)
c               = 28.4915          +/- 0.001892     (0.00664%)
d               = -10.4155         +/- 9.58e-05     (0.0009198%)

correlation matrix of the fit parameters:
                a      b      c      d      
a               1.000 
b              -0.067  1.000 
c              -0.035 -0.915  1.000 
d              -0.739  0.112 -0.069  1.000 


*******************************************************************************
Thu Jan 16 14:02:04 2025


FIT:    data read from 'lattice_cohesive_energy.txt' u 2:3
        format = x:z
        #datapoints = 49
        residuals are weighted equally (unit weight)

function used for fitting: f(x)
	f(x) = (a*x/(b*(b-1)))*(b*(1-c/x)+(c/x)**b-1)+d
fitted parameters initialized with current variable values

iter      chisq       delta/lim  lambda   a             b             c             d            
   0 2.1174419239e+06   0.00e+00  5.77e+02    5.000000e-01   3.500000e+00   1.182000e+02  -3.710000e+01
  11 8.9277933831e-06  -8.53e-02  5.77e-06    7.838716e-01   3.929716e+00   2.849151e+01  -1.041552e+01

After 11 iterations the fit converged.
final sum of squares of residuals : 8.92779e-06
rel. change during last iteration : -8.53034e-07

degrees of freedom    (FIT_NDF)                        : 45
rms of residuals      (FIT_STDFIT) = sqrt(WSSR/ndf)    : 0.000445416
variance of residuals (reduced chisquare) = WSSR/ndf   : 1.98395e-07

Final set of parameters            Asymptotic Standard Error
=======================            ==========================
a               = 0.783872         +/- 0.0004504    (0.05745%)
b               = 3.92972          +/- 0.01823      (0.4638%)
c               = 28.4915          +/- 0.001892     (0.00664%)
d               = -10.4155         +/- 9.58e-05     (0.0009198%)

correlation matrix of the fit parameters:
                a      b      c      d      
a               1.000 
b              -0.067  1.000 
c              -0.035 -0.915  1.000 
d              -0.739  0.112 -0.069  1.000 


*******************************************************************************
Thu Jan 16 14:08:16 2025


FIT:    data read from 'lattice_cohesive_energy.txt' u 2:3
        format = x:z
        #datapoints = 49
        residuals are weighted equally (unit weight)

function used for fitting: f(x)
	f(x) = (a*x/(b*(b-1)))*(b*(1-c/x)+(c/x)**b-1)+d
fitted parameters initialized with current variable values

iter      chisq       delta/lim  lambda   a             b             c             d            
   0 2.1174419239e+06   0.00e+00  5.77e+02    5.000000e-01   3.500000e+00   1.182000e+02  -3.710000e+01
  11 8.9277933830e-06  -8.53e-02  5.77e-06    7.838716e-01   3.929716e+00   2.849151e+01  -1.041552e+01

After 11 iterations the fit converged.
final sum of squares of residuals : 8.92779e-06
rel. change during last iteration : -8.53034e-07

degrees of freedom    (FIT_NDF)                        : 45
rms of residuals      (FIT_STDFIT) = sqrt(WSSR/ndf)    : 0.000445416
variance of residuals (reduced chisquare) = WSSR/ndf   : 1.98395e-07

Final set of parameters            Asymptotic Standard Error
=======================            ==========================
a               = 0.783872         +/- 0.0004504    (0.05745%)
b               = 3.92972          +/- 0.01823      (0.4638%)
c               = 28.4915          +/- 0.001892     (0.00664%)
d               = -10.4155         +/- 9.58e-05     (0.0009198%)

correlation matrix of the fit parameters:
                a      b      c      d      
a               1.000 
b              -0.067  1.000 
c              -0.035 -0.915  1.000 
d              -0.739  0.112 -0.069  1.000 


*******************************************************************************
Thu Jan 16 14:10:40 2025


FIT:    data read from 'lattice_cohesive_energy.txt' u 2:3
        format = x:z
        #datapoints = 49
        residuals are weighted equally (unit weight)

function used for fitting: f(x)
	f(x) = (a*x/(b*(b-1)))*(b*(1-c/x)+(c/x)**b-1)+d
fitted parameters initialized with current variable values

iter      chisq       delta/lim  lambda   a             b             c             d            
   0 2.1174419239e+06   0.00e+00  5.77e+02    5.000000e-01   3.500000e+00   1.182000e+02  -3.710000e+01
  11 8.9277933831e-06  -8.53e-02  5.77e-06    7.838716e-01   3.929716e+00   2.849151e+01  -1.041552e+01

After 11 iterations the fit converged.
final sum of squares of residuals : 8.92779e-06
rel. change during last iteration : -8.53034e-07

degrees of freedom    (FIT_NDF)                        : 45
rms of residuals      (FIT_STDFIT) = sqrt(WSSR/ndf)    : 0.000445416
variance of residuals (reduced chisquare) = WSSR/ndf   : 1.98395e-07

Final set of parameters            Asymptotic Standard Error
=======================            ==========================
a               = 0.783872         +/- 0.0004504    (0.05745%)
b               = 3.92972          +/- 0.01823      (0.4638%)
c               = 28.4915          +/- 0.001892     (0.00664%)
d               = -10.4155         +/- 9.58e-05     (0.0009198%)

correlation matrix of the fit parameters:
                a      b      c      d      
a               1.000 
b              -0.067  1.000 
c              -0.035 -0.915  1.000 
d              -0.739  0.112 -0.069  1.000 


*******************************************************************************
Thu Jan 16 14:12:13 2025


FIT:    data read from 'lattice_cohesive_energy.txt' u 2:3
        format = x:z
        #datapoints = 49
        residuals are weighted equally (unit weight)

function used for fitting: f(x)
	f(x) = (a*x/(b*(b-1)))*(b*(1-c/x)+(c/x)**b-1)+d
fitted parameters initialized with current variable values

iter      chisq       delta/lim  lambda   a             b             c             d            
   0 2.1174419244e+06   0.00e+00  5.77e+02    5.000000e-01   3.500000e+00   1.182000e+02  -3.710000e+01
  11 8.9277933830e-06  -8.53e-02  5.77e-06    7.838716e-01   3.929716e+00   2.849151e+01  -1.041552e+01

After 11 iterations the fit converged.
final sum of squares of residuals : 8.92779e-06
rel. change during last iteration : -8.53034e-07

degrees of freedom    (FIT_NDF)                        : 45
rms of residuals      (FIT_STDFIT) = sqrt(WSSR/ndf)    : 0.000445416
variance of residuals (reduced chisquare) = WSSR/ndf   : 1.98395e-07

Final set of parameters            Asymptotic Standard Error
=======================            ==========================
a               = 0.783872         +/- 0.0004504    (0.05745%)
b               = 3.92972          +/- 0.01823      (0.4638%)
c               = 28.4915          +/- 0.001892     (0.00664%)
d               = -10.4155         +/- 9.58e-05     (0.0009198%)

correlation matrix of the fit parameters:
                a      b      c      d      
a               1.000 
b              -0.067  1.000 
c              -0.035 -0.915  1.000 
d              -0.739  0.112 -0.069  1.000 


*******************************************************************************
Thu Jan 16 14:13:50 2025


FIT:    data read from 'lattice_cohesive_energy.txt' u 2:3
        format = x:z
        #datapoints = 49
        residuals are weighted equally (unit weight)

function used for fitting: f(x)
	f(x) = (a*x/(b*(b-1)))*(b*(1-c/x)+(c/x)**b-1)+d
fitted parameters initialized with current variable values

iter      chisq       delta/lim  lambda   a             b             c             d            
   0 2.1174419244e+06   0.00e+00  5.77e+02    5.000000e-01   3.500000e+00   1.182000e+02  -3.710000e+01
  11 8.9277933830e-06  -8.53e-02  5.77e-06    7.838716e-01   3.929716e+00   2.849151e+01  -1.041552e+01

After 11 iterations the fit converged.
final sum of squares of residuals : 8.92779e-06
rel. change during last iteration : -8.53034e-07

degrees of freedom    (FIT_NDF)                        : 45
rms of residuals      (FIT_STDFIT) = sqrt(WSSR/ndf)    : 0.000445416
variance of residuals (reduced chisquare) = WSSR/ndf   : 1.98395e-07

Final set of parameters            Asymptotic Standard Error
=======================            ==========================
a               = 0.783872         +/- 0.0004504    (0.05745%)
b               = 3.92972          +/- 0.01823      (0.4638%)
c               = 28.4915          +/- 0.001892     (0.00664%)
d               = -10.4155         +/- 9.58e-05     (0.0009198%)

correlation matrix of the fit parameters:
                a      b      c      d      
a               1.000 
b              -0.067  1.000 
c              -0.035 -0.915  1.000 
d              -0.739  0.112 -0.069  1.000 


*******************************************************************************
Thu Jan 16 14:19:38 2025


FIT:    data read from 'lattice_cohesive_energy.txt' u 2:3
        format = x:z
        #datapoints = 49
        residuals are weighted equally (unit weight)

function used for fitting: f(x)
	f(x) = (a*x/(b*(b-1)))*(b*(1-c/x)+(c/x)**b-1)+d
fitted parameters initialized with current variable values

iter      chisq       delta/lim  lambda   a             b             c             d            
   0 2.1174419244e+06   0.00e+00  5.77e+02    5.000000e-01   3.500000e+00   1.182000e+02  -3.710000e+01
  11 8.9277933830e-06  -8.53e-02  5.77e-06    7.838716e-01   3.929716e+00   2.849151e+01  -1.041552e+01

After 11 iterations the fit converged.
final sum of squares of residuals : 8.92779e-06
rel. change during last iteration : -8.53034e-07

degrees of freedom    (FIT_NDF)                        : 45
rms of residuals      (FIT_STDFIT) = sqrt(WSSR/ndf)    : 0.000445416
variance of residuals (reduced chisquare) = WSSR/ndf   : 1.98395e-07

Final set of parameters            Asymptotic Standard Error
=======================            ==========================
a               = 0.783872         +/- 0.0004504    (0.05745%)
b               = 3.92972          +/- 0.01823      (0.4638%)
c               = 28.4915          +/- 0.001892     (0.00664%)
d               = -10.4155         +/- 9.58e-05     (0.0009198%)

correlation matrix of the fit parameters:
                a      b      c      d      
a               1.000 
b              -0.067  1.000 
c              -0.035 -0.915  1.000 
d              -0.739  0.112 -0.069  1.000 


*******************************************************************************
Thu Jan 16 14:24:09 2025


FIT:    data read from 'lattice_cohesive_energy.txt' u 2:3
        format = x:z
        #datapoints = 49
        residuals are weighted equally (unit weight)

function used for fitting: f(x)
	f(x) = (a*x/(b*(b-1)))*(b*(1-c/x)+(c/x)**b-1)+d
fitted parameters initialized with current variable values

iter      chisq       delta/lim  lambda   a             b             c             d            
   0 2.1174419239e+06   0.00e+00  5.77e+02    5.000000e-01   3.500000e+00   1.182000e+02  -3.710000e+01
  11 8.9277933831e-06  -8.53e-02  5.77e-06    7.838716e-01   3.929716e+00   2.849151e+01  -1.041552e+01

After 11 iterations the fit converged.
final sum of squares of residuals : 8.92779e-06
rel. change during last iteration : -8.53034e-07

degrees of freedom    (FIT_NDF)                        : 45
rms of residuals      (FIT_STDFIT) = sqrt(WSSR/ndf)    : 0.000445416
variance of residuals (reduced chisquare) = WSSR/ndf   : 1.98395e-07

Final set of parameters            Asymptotic Standard Error
=======================            ==========================
a               = 0.783872         +/- 0.0004504    (0.05745%)
b               = 3.92972          +/- 0.01823      (0.4638%)
c               = 28.4915          +/- 0.001892     (0.00664%)
d               = -10.4155         +/- 9.58e-05     (0.0009198%)

correlation matrix of the fit parameters:
                a      b      c      d      
a               1.000 
b              -0.067  1.000 
c              -0.035 -0.915  1.000 
d              -0.739  0.112 -0.069  1.000 


*******************************************************************************
Thu Jan 16 14:24:38 2025


FIT:    data read from 'lattice_cohesive_energy.txt' u 2:3
        format = x:z
        #datapoints = 49
        residuals are weighted equally (unit weight)

function used for fitting: f(x)
	f(x) = (a*x/(b*(b-1)))*(b*(1-c/x)+(c/x)**b-1)+d
fitted parameters initialized with current variable values

iter      chisq       delta/lim  lambda   a             b             c             d            
   0 2.1174419244e+06   0.00e+00  5.77e+02    5.000000e-01   3.500000e+00   1.182000e+02  -3.710000e+01
  11 8.9277933830e-06  -8.53e-02  5.77e-06    7.838716e-01   3.929716e+00   2.849151e+01  -1.041552e+01

After 11 iterations the fit converged.
final sum of squares of residuals : 8.92779e-06
rel. change during last iteration : -8.53034e-07

degrees of freedom    (FIT_NDF)                        : 45
rms of residuals      (FIT_STDFIT) = sqrt(WSSR/ndf)    : 0.000445416
variance of residuals (reduced chisquare) = WSSR/ndf   : 1.98395e-07

Final set of parameters            Asymptotic Standard Error
=======================            ==========================
a               = 0.783872         +/- 0.0004504    (0.05745%)
b               = 3.92972          +/- 0.01823      (0.4638%)
c               = 28.4915          +/- 0.001892     (0.00664%)
d               = -10.4155         +/- 9.58e-05     (0.0009198%)

correlation matrix of the fit parameters:
                a      b      c      d      
a               1.000 
b              -0.067  1.000 
c              -0.035 -0.915  1.000 
d              -0.739  0.112 -0.069  1.000 


*******************************************************************************
Thu Jan 16 14:34:57 2025


FIT:    data read from 'lattice_cohesive_energy.txt' u 2:3
        format = x:z
        #datapoints = 49
        residuals are weighted equally (unit weight)

function used for fitting: f(x)
	f(x) = (a*x/(b*(b-1)))*(b*(1-c/x)+(c/x)**b-1)+d
fitted parameters initialized with current variable values

iter      chisq       delta/lim  lambda   a             b             c             d            
   0 2.1174419239e+06   0.00e+00  5.77e+02    5.000000e-01   3.500000e+00   1.182000e+02  -3.710000e+01
  11 8.9277933831e-06  -8.53e-02  5.77e-06    7.838716e-01   3.929716e+00   2.849151e+01  -1.041552e+01

After 11 iterations the fit converged.
final sum of squares of residuals : 8.92779e-06
rel. change during last iteration : -8.53034e-07

degrees of freedom    (FIT_NDF)                        : 45
rms of residuals      (FIT_STDFIT) = sqrt(WSSR/ndf)    : 0.000445416
variance of residuals (reduced chisquare) = WSSR/ndf   : 1.98395e-07

Final set of parameters            Asymptotic Standard Error
=======================            ==========================
a               = 0.783872         +/- 0.0004504    (0.05745%)
b               = 3.92972          +/- 0.01823      (0.4638%)
c               = 28.4915          +/- 0.001892     (0.00664%)
d               = -10.4155         +/- 9.58e-05     (0.0009198%)

correlation matrix of the fit parameters:
                a      b      c      d      
a               1.000 
b              -0.067  1.000 
c              -0.035 -0.915  1.000 
d              -0.739  0.112 -0.069  1.000 


*******************************************************************************
Thu Jan 16 14:50:34 2025


FIT:    data read from 'lattice_cohesive_energy.txt' u 2:3
        format = x:z
        #datapoints = 49
        residuals are weighted equally (unit weight)

function used for fitting: f(x)
	f(x) = (a*x/(b*(b-1)))*(b*(1-c/x)+(c/x)**b-1)+d
fitted parameters initialized with current variable values

iter      chisq       delta/lim  lambda   a             b             c             d            
   0 2.8502707522e+06   0.00e+00  6.73e+02    5.000000e-01   3.500000e+00   1.182000e+02  -3.710000e+01
  12 8.4721614839e-06  -4.69e-07  6.73e-08    7.728746e-01   4.014526e+00   2.706209e+01  -9.209535e+00

After 12 iterations the fit converged.
final sum of squares of residuals : 8.47216e-06
rel. change during last iteration : -4.69458e-12

degrees of freedom    (FIT_NDF)                        : 45
rms of residuals      (FIT_STDFIT) = sqrt(WSSR/ndf)    : 0.000433901
variance of residuals (reduced chisquare) = WSSR/ndf   : 1.8827e-07

Final set of parameters            Asymptotic Standard Error
=======================            ==========================
a               = 0.772875         +/- 0.0004625    (0.05984%)
b               = 4.01453          +/- 0.01895      (0.472%)
c               = 27.0621          +/- 0.001867     (0.006899%)
d               = -9.20954         +/- 9.335e-05    (0.001014%)

correlation matrix of the fit parameters:
                a      b      c      d      
a               1.000 
b              -0.073  1.000 
c              -0.033 -0.915  1.000 
d              -0.739  0.117 -0.072  1.000 


*******************************************************************************
Thu Jan 16 15:17:47 2025


FIT:    data read from 'lattice_cohesive_energy.txt' u 2:3
        format = x:z
        #datapoints = 49
        residuals are weighted equally (unit weight)

function used for fitting: f(x)
	f(x) = (a*x/(b*(b-1)))*(b*(1-c/x)+(c/x)**b-1)+d
fitted parameters initialized with current variable values

iter      chisq       delta/lim  lambda   a             b             c             d            
   0 2.8502707556e+06   0.00e+00  6.73e+02    5.000000e-01   3.500000e+00   1.182000e+02  -3.710000e+01
  12 8.4721615003e-06  -4.39e-07  6.73e-08    7.728746e-01   4.014526e+00   2.706209e+01  -9.209535e+00

After 12 iterations the fit converged.
final sum of squares of residuals : 8.47216e-06
rel. change during last iteration : -4.39205e-12

degrees of freedom    (FIT_NDF)                        : 45
rms of residuals      (FIT_STDFIT) = sqrt(WSSR/ndf)    : 0.000433901
variance of residuals (reduced chisquare) = WSSR/ndf   : 1.8827e-07

Final set of parameters            Asymptotic Standard Error
=======================            ==========================
a               = 0.772875         +/- 0.0004625    (0.05984%)
b               = 4.01453          +/- 0.01895      (0.472%)
c               = 27.0621          +/- 0.001867     (0.006899%)
d               = -9.20954         +/- 9.335e-05    (0.001014%)

correlation matrix of the fit parameters:
                a      b      c      d      
a               1.000 
b              -0.073  1.000 
c              -0.033 -0.915  1.000 
d              -0.739  0.117 -0.072  1.000 


*******************************************************************************
Thu Jan 16 15:19:11 2025


FIT:    data read from 'lattice_cohesive_energy.txt' u 2:3
        format = x:z
        #datapoints = 49
        residuals are weighted equally (unit weight)

function used for fitting: f(x)
	f(x) = (a*x/(b*(b-1)))*(b*(1-c/x)+(c/x)**b-1)+d
fitted parameters initialized with current variable values

iter      chisq       delta/lim  lambda   a             b             c             d            
   0 2.8502707522e+06   0.00e+00  6.73e+02    5.000000e-01   3.500000e+00   1.182000e+02  -3.710000e+01
  12 8.4721614839e-06  -5.79e-07  6.73e-08    7.728746e-01   4.014526e+00   2.706209e+01  -9.209535e+00

After 12 iterations the fit converged.
final sum of squares of residuals : 8.47216e-06
rel. change during last iteration : -5.78935e-12

degrees of freedom    (FIT_NDF)                        : 45
rms of residuals      (FIT_STDFIT) = sqrt(WSSR/ndf)    : 0.000433901
variance of residuals (reduced chisquare) = WSSR/ndf   : 1.8827e-07

Final set of parameters            Asymptotic Standard Error
=======================            ==========================
a               = 0.772875         +/- 0.0004625    (0.05984%)
b               = 4.01453          +/- 0.01895      (0.472%)
c               = 27.0621          +/- 0.001867     (0.006899%)
d               = -9.20954         +/- 9.335e-05    (0.001014%)

correlation matrix of the fit parameters:
                a      b      c      d      
a               1.000 
b              -0.073  1.000 
c              -0.033 -0.915  1.000 
d              -0.739  0.117 -0.072  1.000 


*******************************************************************************
Thu Jan 16 15:40:53 2025


FIT:    data read from 'lattice_cohesive_energy.txt' u 2:3
        format = x:z
        #datapoints = 49
        residuals are weighted equally (unit weight)

function used for fitting: f(x)
	f(x) = (a*x/(b*(b-1)))*(b*(1-c/x)+(c/x)**b-1)+d
fitted parameters initialized with current variable values

iter      chisq       delta/lim  lambda   a             b             c             d            
   0 2.8502708948e+06   0.00e+00  6.73e+02    5.000000e-01   3.500000e+00   1.182000e+02  -3.710000e+01
  12 8.4721635587e-06  -5.35e-07  6.73e-08    7.728746e-01   4.014526e+00   2.706209e+01  -9.209535e+00

After 12 iterations the fit converged.
final sum of squares of residuals : 8.47216e-06
rel. change during last iteration : -5.35044e-12

degrees of freedom    (FIT_NDF)                        : 45
rms of residuals      (FIT_STDFIT) = sqrt(WSSR/ndf)    : 0.000433901
variance of residuals (reduced chisquare) = WSSR/ndf   : 1.8827e-07

Final set of parameters            Asymptotic Standard Error
=======================            ==========================
a               = 0.772875         +/- 0.0004625    (0.05984%)
b               = 4.01453          +/- 0.01895      (0.472%)
c               = 27.0621          +/- 0.001867     (0.006899%)
d               = -9.20954         +/- 9.335e-05    (0.001014%)

correlation matrix of the fit parameters:
                a      b      c      d      
a               1.000 
b              -0.073  1.000 
c              -0.033 -0.915  1.000 
d              -0.739  0.117 -0.072  1.000 


*******************************************************************************
Thu Jan 16 15:41:30 2025


FIT:    data read from 'lattice_cohesive_energy.txt' u 2:3
        format = x:z
        #datapoints = 49
        residuals are weighted equally (unit weight)

function used for fitting: f(x)
	f(x) = (a*x/(b*(b-1)))*(b*(1-c/x)+(c/x)**b-1)+d
fitted parameters initialized with current variable values

iter      chisq       delta/lim  lambda   a             b             c             d            
   0 2.8502708948e+06   0.00e+00  6.73e+02    5.000000e-01   3.500000e+00   1.182000e+02  -3.710000e+01
  12 8.4721635587e-06  -5.35e-07  6.73e-08    7.728746e-01   4.014526e+00   2.706209e+01  -9.209535e+00

After 12 iterations the fit converged.
final sum of squares of residuals : 8.47216e-06
rel. change during last iteration : -5.35044e-12

degrees of freedom    (FIT_NDF)                        : 45
rms of residuals      (FIT_STDFIT) = sqrt(WSSR/ndf)    : 0.000433901
variance of residuals (reduced chisquare) = WSSR/ndf   : 1.8827e-07

Final set of parameters            Asymptotic Standard Error
=======================            ==========================
a               = 0.772875         +/- 0.0004625    (0.05984%)
b               = 4.01453          +/- 0.01895      (0.472%)
c               = 27.0621          +/- 0.001867     (0.006899%)
d               = -9.20954         +/- 9.335e-05    (0.001014%)

correlation matrix of the fit parameters:
                a      b      c      d      
a               1.000 
b              -0.073  1.000 
c              -0.033 -0.915  1.000 
d              -0.739  0.117 -0.072  1.000 
