

*******************************************************************************
Sun Jan 19 13:36:23 2025


FIT:    data read from 'lattice_cohesive_energy.txt' u 2:3
        format = x:z
        #datapoints = 49
        residuals are weighted equally (unit weight)

function used for fitting: f(x)
	f(x) = (a*x/(b*(b-1)))*(b*(1-c/x)+(c/x)**b-1)+d
fitted parameters initialized with current variable values

iter      chisq       delta/lim  lambda   a             b             c             d            
   0 1.2483972910e+04   0.00e+00  3.90e+01    5.000000e-01   3.500000e+00   1.182000e+02  -3.710000e+01
   7 7.5351182580e-04  -2.91e-06  3.90e-06    2.042915e+00   4.732811e+00   7.136929e+01  -4.179169e+01

After 7 iterations the fit converged.
final sum of squares of residuals : 0.000753512
rel. change during last iteration : -2.91068e-11

degrees of freedom    (FIT_NDF)                        : 45
rms of residuals      (FIT_STDFIT) = sqrt(WSSR/ndf)    : 0.00409203
variance of residuals (reduced chisquare) = WSSR/ndf   : 1.67447e-05

Final set of parameters            Asymptotic Standard Error
=======================            ==========================
a               = 2.04291          +/- 0.001676     (0.08202%)
b               = 4.73281          +/- 0.02548      (0.5385%)
c               = 71.3693          +/- 0.006594     (0.009239%)
d               = -41.7917         +/- 0.0008833    (0.002114%)

correlation matrix of the fit parameters:
                a      b      c      d      
a               1.000 
b              -0.128  1.000 
c              -0.016 -0.913  1.000 
d              -0.737  0.157 -0.093  1.000 
