# Chunk-averaged data for fix 3 and group file
# Timestep Number-of-chunks Total-count
# Chunk Coord1 Ncount v_temp
1050 20 6000
  1 0.025 302.8 2828.97
  2 0.075 298.8 3002.94
  3 0.125 299.5 3027.19
  4 0.175 300.9 2983.05
  5 0.225 299.2 2849.66
  6 0.275 293.6 2994.95
  7 0.325 296.6 3086.55
  8 0.375 308.1 2833.16
  9 0.425 301.8 2863.3
  10 0.475 304.7 2960.76
  11 0.525 297.8 3110.59
  12 0.575 298.8 3097
  13 0.625 297.9 3138.92
  14 0.675 296.5 2946.44
  15 0.725 302.7 3003
  16 0.775 298.6 2944.51
  17 0.825 294.2 3015.53
  18 0.875 298.7 2962.54
  19 0.925 307.2 2847.07
  20 0.975 301.6 2855.31
2100 20 6000
  1 0.025 304.3 2710.53
  2 0.075 295.8 2872.74
  3 0.125 302.5 3002.71
  4 0.175 300.2 3043.14
  5 0.225 301 3002.86
  6 0.275 294 2970.3
  7 0.325 297.6 2933.71
  8 0.375 307.6 2939.08
  9 0.425 302.8 3005.39
  10 0.475 299.7 2978.24
  11 0.525 297.9 3104.25
  12 0.575 296.5 3268
  13 0.625 299.4 3166.39
  14 0.675 294.6 3015.04
  15 0.725 306.9 2915.98
  16 0.775 297.8 2949.25
  17 0.825 297.9 2959.72
  18 0.875 294.9 3118.4
  19 0.925 307 2902.89
  20 0.975 301.6 2791.39
3150 20 6000
  1 0.025 303.4 2661
  2 0.075 301.3 2847.73
  3 0.125 298.5 2958.77
  4 0.175 301.3 3057.7
  5 0.225 299.6 2900.94
  6 0.275 293.9 2947.3
  7 0.325 298.2 2965.31
  8 0.375 309.3 2955.36
  9 0.425 300.1 2942.63
  10 0.475 300.5 3130.37
  11 0.525 298.1 3123.21
  12 0.575 300.3 3275.26
  13 0.625 292.1 3257.8
  14 0.675 301.8 3021.95
  15 0.725 305.2 2902.68
  16 0.775 302 2991.94
  17 0.825 294.4 2958.73
  18 0.875 296.1 2897.22
  19 0.925 305.2 2768.69
  20 0.975 298.7 2728.3
4200 20 6000
  1 0.025 306.7 2694.41
  2 0.075 302.2 2741.55
  3 0.125 299 2954.92
  4 0.175 303.6 2997.12
  5 0.225 299.7 2857.11
  6 0.275 296.5 3091.14
  7 0.325 299.8 2985.08
  8 0.375 303.5 2895.06
  9 0.425 300.2 3011.02
  10 0.475 299 3089.86
  11 0.525 296.7 3445.84
  12 0.575 294.2 3243.58
  13 0.625 299.4 3192.06
  14 0.675 296 3048.89
  15 0.725 307 3018.63
  16 0.775 296.9 2983.79
  17 0.825 297.8 2907.62
  18 0.875 296.1 3006.33
  19 0.925 305.2 2785.68
  20 0.975 300.5 2593.47
5250 20 6000
  1 0.025 307.7 2554.73
  2 0.075 298.1 2810.46
  3 0.125 299.5 2994.74
  4 0.175 305.2 2957.48
  5 0.225 301.5 2960.5
  6 0.275 295.3 3052.43
  7 0.325 299.4 3034.98
  8 0.375 305.9 2870.72
  9 0.425 300.5 3011.06
  10 0.475 299.5 3304.81
  11 0.525 295 3485.15
  12 0.575 296.2 3359.17
  13 0.625 298 3173.9
  14 0.675 296.1 3115.29
  15 0.725 309.8 2995.44
  16 0.775 297.4 2995.04
  17 0.825 298 2907.31
  18 0.875 295.1 2776.06
  19 0.925 304.6 2735.43
  20 0.975 297.2 2683.82
6300 20 6000
  1 0.025 304.8 2565.18
  2 0.075 298.2 2748.9
  3 0.125 300.2 2927.01
  4 0.175 302.8 2812.31
  5 0.225 299.1 3009.53
  6 0.275 296.7 2985.41
  7 0.325 299.3 2976.85
  8 0.375 302.2 2953.02
  9 0.425 299.4 3245.76
  10 0.475 301.3 3401.21
  11 0.525 295.6 3499.46
  12 0.575 295.5 3352.91
  13 0.625 298.5 3101.41
  14 0.675 291.8 3026.9
  15 0.725 305.5 2908.5
  16 0.775 298.6 2975.54
  17 0.825 300.7 2942.11
  18 0.875 298.4 2770.11
  19 0.925 306.5 2802.68
  20 0.975 304.9 2658.99
7350 20 6000
  1 0.025 304.1 2705.6
  2 0.075 302.4 2684.9
  3 0.125 299.2 2826.94
  4 0.175 301.3 2825.53
  5 0.225 298.7 2948.93
  6 0.275 295 2965.85
  7 0.325 299.2 2956.63
  8 0.375 304.5 3154.8
  9 0.425 298.9 3247.42
  10 0.475 298.1 3460.13
  11 0.525 294.9 3490.88
  12 0.575 299.9 3363.42
  13 0.625 300.2 3153.55
  14 0.675 293.3 2965.11
  15 0.725 304.3 3004.01
  16 0.775 298.3 2929.57
  17 0.825 298.8 2868.56
  18 0.875 295.8 2846.09
  19 0.925 309.4 2689.07
  20 0.975 303.7 2589.31
8400 20 6000
  1 0.025 306.8 2409.16
  2 0.075 298.4 2850.96
  3 0.125 299.4 2820.94
  4 0.175 298.9 2866.06
  5 0.225 301.6 2801.28
  6 0.275 298.3 3042.38
  7 0.325 296.5 3075.85
  8 0.375 305.1 3183.38
  9 0.425 300.5 3328.2
  10 0.475 300.1 3449.93
  11 0.525 288.8 3533.25
  12 0.575 296.3 3303.88
  13 0.625 299.4 3057.83
  14 0.675 295.5 2977.14
  15 0.725 304.2 3059.86
  16 0.775 297.3 3175.3
  17 0.825 297 2889.13
  18 0.875 301.6 2768.45
  19 0.925 308.9 2723
  20 0.975 305.4 2601.23
9450 20 6000
  1 0.025 309.9 2564.9
  2 0.075 298.4 2536.61
  3 0.125 299.6 2843.74
  4 0.175 304.9 2760.62
  5 0.225 298.8 2885.04
  6 0.275 301.3 2930.02
  7 0.325 295.3 3060.2
  8 0.375 303.7 3281.59
  9 0.425 301.5 3340.34
  10 0.475 298.6 3319.62
  11 0.525 295.9 3475.5
  12 0.575 295.2 3378.92
  13 0.625 299.4 3181.26
  14 0.675 292.1 3104.13
  15 0.725 303.2 3142.22
  16 0.775 294.9 2973.65
  17 0.825 300.4 2927.5
  18 0.875 296.9 2701.97
  19 0.925 309 2778.21
  20 0.975 301 2658.88
10500 20 6000
  1 0.025 303.4 2467.02
  2 0.075 301.3 2611.65
  3 0.125 301.5 2855.72
  4 0.175 299.7 2852.41
  5 0.225 301.8 2873.25
  6 0.275 296 2952.07
  7 0.325 300.4 2979.52
  8 0.375 301.4 3352.45
  9 0.425 298.1 3218.21
  10 0.475 302 3279.64
  11 0.525 293.1 3572.13
  12 0.575 290.2 3358.71
  13 0.625 298.6 3296.99
  14 0.675 292.4 3117.1
  15 0.725 305.9 3122.32
  16 0.775 298.7 3012.45
  17 0.825 299.2 2849.19
  18 0.875 304.6 2725.34
  19 0.925 304.3 2771.21
  20 0.975 307.4 2585.99
11550 20 6000
  1 0.025 309.5 2514.25
  2 0.075 299.7 2541.65
  3 0.125 300.3 2747.56
  4 0.175 301.8 2789.91
  5 0.225 302.6 2903.01
  6 0.275 297.3 2982.66
  7 0.325 298.3 3162.36
  8 0.375 303.4 3176.41
  9 0.425 299.4 3285.21
  10 0.475 299.4 3515.52
  11 0.525 299.1 3578.82
  12 0.575 293.1 3548.04
  13 0.625 296.9 3221.8
  14 0.675 295.3 3015.11
  15 0.725 301 3055.64
  16 0.775 298.3 2981.15
  17 0.825 293.9 2981.87
  18 0.875 302.8 2804.24
  19 0.925 304.9 2723.69
  20 0.975 303 2649.88
12600 20 6000
  1 0.025 306.4 2546.96
  2 0.075 302.8 2658.6
  3 0.125 299.7 2778.5
  4 0.175 303.9 2770.25
  5 0.225 299.1 2972.23
  6 0.275 297.5 2928.57
  7 0.325 296.7 3100.29
  8 0.375 303.5 3217.48
  9 0.425 300.1 3364.6
  10 0.475 298.7 3440.73
  11 0.525 293 3577.7
  12 0.575 293 3388.34
  13 0.625 296.1 3206.51
  14 0.675 293.9 3129.09
  15 0.725 306.4 2981.82
  16 0.775 298.7 2984.12
  17 0.825 298.7 2906.22
  18 0.875 299.8 2925.71
  19 0.925 308.4 2631.97
  20 0.975 303.6 2536.29
13650 20 6000
  1 0.025 305.6 2562.27
  2 0.075 302.1 2587.02
  3 0.125 300.2 2768.34
  4 0.175 302.9 2671.55
  5 0.225 300.5 3003.91
  6 0.275 295.4 3192.54
  7 0.325 297.2 3099.21
  8 0.375 307.2 3128.89
  9 0.425 298.9 3322.66
  10 0.475 299.5 3374.55
  11 0.525 294 3646.21
  12 0.575 293.7 3427.32
  13 0.625 299.6 3189.13
  14 0.675 292.7 3207.92
  15 0.725 305.7 3075.86
  16 0.775 299.8 2957.73
  17 0.825 299.4 2887.33
  18 0.875 296 2849.37
  19 0.925 309.5 2749.01
  20 0.975 300.1 2539.03
14700 20 6000
  1 0.025 303.9 2561.3
  2 0.075 303.4 2573.95
  3 0.125 300.5 2656.39
  4 0.175 302.9 2759.62
  5 0.225 301.9 2959.35
  6 0.275 296.5 3045.56
  7 0.325 297.7 3173.67
  8 0.375 301.1 3210.13
  9 0.425 300.3 3325.84
  10 0.475 300 3356.42
  11 0.525 289.6 3453.32
  12 0.575 294.8 3408.31
  13 0.625 298 3355.17
  14 0.675 294.8 3208.58
  15 0.725 307.1 3035.45
  16 0.775 295.9 2964.69
  17 0.825 298.1 2960.03
  18 0.875 299 2729.71
  19 0.925 310.2 2609.81
  20 0.975 304.3 2523.36
15750 20 6000
  1 0.025 307.3 2431.42
  2 0.075 298.5 2515.22
  3 0.125 304.2 2609.78
  4 0.175 302.7 2773.21
  5 0.225 299 2993.3
  6 0.275 299.8 3073.41
  7 0.325 297.3 3127.35
  8 0.375 301.2 3199.9
  9 0.425 300.6 3362.96
  10 0.475 297.2 3477.88
  11 0.525 294.3 3496.26
  12 0.575 295.6 3447.3
  13 0.625 296 3223.26
  14 0.675 297.2 3270.14
  15 0.725 307.2 3173.58
  16 0.775 297.9 3004.85
  17 0.825 300.3 2863.37
  18 0.875 293.4 2789.83
  19 0.925 311.2 2630.57
  20 0.975 299.1 2499.95
16800 20 6000
  1 0.025 305.7 2497.97
  2 0.075 305.2 2530.68
  3 0.125 301.9 2601.77
  4 0.175 303.5 2842.05
  5 0.225 301.5 2934.49
  6 0.275 298.4 3064.94
  7 0.325 299.6 3132.62
  8 0.375 300.1 3332.33
  9 0.425 298.7 3336.34
  10 0.475 297.2 3458.52
  11 0.525 292.6 3431.76
  12 0.575 294.7 3452.25
  13 0.625 297.7 3363.79
  14 0.675 294.8 3185.03
  15 0.725 301.2 3127.92
  16 0.775 297.8 3117.64
  17 0.825 299.4 2874.8
  18 0.875 296.2 2773.34
  19 0.925 311 2630.39
  20 0.975 302.8 2540.69
17850 20 6000
  1 0.025 304.3 2427.59
  2 0.075 301.7 2488.11
  3 0.125 298.9 2766.95
  4 0.175 301.8 2762.08
  5 0.225 302.3 2937.17
  6 0.275 296.5 3026.62
  7 0.325 298.4 3033.9
  8 0.375 302.6 3273.81
  9 0.425 296.9 3400.2
  10 0.475 299.6 3589.53
  11 0.525 290.1 3633.46
  12 0.575 296.6 3412.26
  13 0.625 298.2 3345.25
  14 0.675 296.1 3150.9
  15 0.725 304.3 3090.44
  16 0.775 299.8 3096.98
  17 0.825 298 2891.54
  18 0.875 295 2806.94
  19 0.925 315.2 2517.21
  20 0.975 303.7 2484.28
18900 20 6000
  1 0.025 306.4 2486.54
  2 0.075 302.6 2493.39
  3 0.125 303.2 2689.26
  4 0.175 299.2 2807.62
  5 0.225 301.5 2915.24
  6 0.275 298.4 3053.84
  7 0.325 296.2 2996.91
  8 0.375 301 3276.83
  9 0.425 300.8 3383.91
  10 0.475 300.5 3667.87
  11 0.525 293.4 3586.68
  12 0.575 293.5 3493.61
  13 0.625 296.2 3374.23
  14 0.675 296.7 3105.87
  15 0.725 297.9 3222.62
  16 0.775 300.5 2876.72
  17 0.825 299.1 2947.01
  18 0.875 298.6 2652.27
  19 0.925 310.1 2629.78
  20 0.975 304.2 2430.97
19950 20 6000
  1 0.025 306.8 2403.01
  2 0.075 301.7 2633.38
  3 0.125 300 2714.19
  4 0.175 303.3 2692.89
  5 0.225 301.2 2911.42
  6 0.275 296.8 3103.42
  7 0.325 301.3 3034.02
  8 0.375 300.6 3188.14
  9 0.425 298.1 3381.62
  10 0.475 297.4 3545.53
  11 0.525 295.2 3726.43
  12 0.575 295.3 3460.36
  13 0.625 298.3 3386.79
  14 0.675 291.5 3242.98
  15 0.725 303.9 3137.8
  16 0.775 297.4 3070.64
  17 0.825 298.5 2929.69
  18 0.875 297.7 2744.57
  19 0.925 308.1 2563.42
  20 0.975 306.9 2398.24
21000 20 6000
  1 0.025 304.9 2483.89
  2 0.075 301.7 2537.56
  3 0.125 301.9 2615.79
  4 0.175 302.1 2903.03
  5 0.225 300 2959.11
  6 0.275 295.9 2986.74
  7 0.325 299.4 3017.86
  8 0.375 304.7 3229.36
  9 0.425 298.9 3386.84
  10 0.475 297.1 3582.56
  11 0.525 291.8 3691.91
  12 0.575 293.4 3591.69
  13 0.625 295.9 3369.65
  14 0.675 294.8 3248.17
  15 0.725 302.3 3148.15
  16 0.775 299.4 3027.93
  17 0.825 298.2 3100.31
  18 0.875 300.2 2675.73
  19 0.925 308.5 2634.13
  20 0.975 308.9 2398.52
22050 20 6000
  1 0.025 307.7 2440.76
  2 0.075 302.1 2553.5
  3 0.125 300.9 2698.5
  4 0.175 304 2785.18
  5 0.225 301.8 2875.95
  6 0.275 298.7 2993.66
  7 0.325 296.9 3123.57
  8 0.375 303.2 3278.73
  9 0.425 297.7 3542.01
  10 0.475 300 3523.91
  11 0.525 292.9 3749.28
  12 0.575 292.5 3590.5
  13 0.625 297.2 3288.76
  14 0.675 291 3291.58
  15 0.725 307.2 3117.33
  16 0.775 295.6 3120.43
  17 0.825 301 2909.9
  18 0.875 297.2 2691.21
  19 0.925 312.1 2565.92
  20 0.975 300.3 2439.18
23100 20 6000
  1 0.025 302.6 2334.38
  2 0.075 303.5 2556.52
  3 0.125 302.1 2593.17
  4 0.175 297.4 2825.76
  5 0.225 300.9 2812.02
  6 0.275 299.6 2965.62
  7 0.325 297.8 3101.6
  8 0.375 300 3240.47
  9 0.425 299.7 3491.34
  10 0.475 297.6 3610.38
  11 0.525 292.1 3621.82
  12 0.575 294.9 3611.35
  13 0.625 292.9 3408.64
  14 0.675 300.5 3195.55
  15 0.725 302.1 3247.95
  16 0.775 297 3016.19
  17 0.825 299.2 2816.25
  18 0.875 301.9 2868.52
  19 0.925 308 2652.65
  20 0.975 310.2 2486.32
24150 20 6000
  1 0.025 309.2 2305.88
  2 0.075 302.2 2445.04
  3 0.125 301.6 2651.35
  4 0.175 300.7 2831.59
  5 0.225 301 2904.29
  6 0.275 298.5 3007.38
  7 0.325 297.1 3210.94
  8 0.375 303.3 3413.37
  9 0.425 299.8 3456.5
  10 0.475 298.1 3570.76
  11 0.525 293.7 3491.06
  12 0.575 291.5 3785.38
  13 0.625 294.5 3509.17
  14 0.675 296.8 3170.98
  15 0.725 305.6 3178.71
  16 0.775 299.8 2928.89
  17 0.825 296.3 2865.63
  18 0.875 300 2690.53
  19 0.925 307.4 2577.54
  20 0.975 302.9 2551.88
25200 20 6000
  1 0.025 305.6 2443.45
  2 0.075 302.3 2540.09
  3 0.125 301 2667.78
  4 0.175 303.4 2734.98
  5 0.225 299.1 3040.14
  6 0.275 300 3119.48
  7 0.325 297.1 3271.29
  8 0.375 301.5 3322.35
  9 0.425 300.3 3418.4
  10 0.475 297.5 3544.29
  11 0.525 293.9 3762.03
  12 0.575 290.7 3643.28
  13 0.625 297.3 3458
  14 0.675 295.6 3185.55
  15 0.725 301.1 3253.16
  16 0.775 299.1 3005.43
  17 0.825 300.9 2687.5
  18 0.875 298.4 2814.19
  19 0.925 308.4 2515.55
  20 0.975 306.8 2504.01
26250 20 6000
  1 0.025 306.5 2529.94
  2 0.075 302.6 2568.65
  3 0.125 301.1 2604.43
  4 0.175 304 2779.9
  5 0.225 299.5 2947.74
  6 0.275 298.9 3104.54
  7 0.325 298.8 3062.36
  8 0.375 302.8 3319.74
  9 0.425 298.8 3396.37
  10 0.475 295.5 3737.74
  11 0.525 291.6 3708.65
  12 0.575 294.2 3497.91
  13 0.625 296.8 3493.6
  14 0.675 295.1 3237.88
  15 0.725 303.7 3234.46
  16 0.775 295.9 2933.59
  17 0.825 301.4 2883.6
  18 0.875 298.7 2723.13
  19 0.925 306 2587.23
  20 0.975 308.1 2490.08
27300 20 6000
  1 0.025 311.5 2368.67
  2 0.075 298.3 2638.22
  3 0.125 303.3 2705.58
  4 0.175 301.6 2823.91
  5 0.225 301.3 2916.98
  6 0.275 297.7 2999.65
  7 0.325 298.2 3278.2
  8 0.375 299 3342.28
  9 0.425 299.5 3399.63
  10 0.475 297.5 3846.9
  11 0.525 292.4 3594.03
  12 0.575 298.5 3666.49
  13 0.625 296.3 3568.48
  14 0.675 296 3309.14
  15 0.725 302.3 3215.33
  16 0.775 298.3 2902.77
  17 0.825 298.5 2842.14
  18 0.875 301.3 2726
  19 0.925 303.7 2605.21
  20 0.975 304.8 2379.39
28350 20 6000
  1 0.025 310.1 2454.99
  2 0.075 301.4 2543.32
  3 0.125 301 2587.62
  4 0.175 303.5 2819.93
  5 0.225 303.5 3008.14
  6 0.275 296.7 3069.14
  7 0.325 298.9 3103.51
  8 0.375 301.3 3464.07
  9 0.425 300.9 3392.5
  10 0.475 296.9 3556.93
  11 0.525 289.4 3834.75
  12 0.575 294.3 3575.43
  13 0.625 295.8 3517.51
  14 0.675 294.3 3296.65
  15 0.725 304.1 3082.05
  16 0.775 297.3 3109.68
  17 0.825 301.1 2859.66
  18 0.875 297.9 2539.84
  19 0.925 306.9 2538.55
  20 0.975 304.7 2503.02
29400 20 6000
  1 0.025 308.4 2373.94
  2 0.075 299.4 2490.75
  3 0.125 303.9 2630.19
  4 0.175 301.4 2843
  5 0.225 298.2 2946.56
  6 0.275 298.1 3059.79
  7 0.325 295.8 3144.03
  8 0.375 301.1 3288.6
  9 0.425 300 3472.93
  10 0.475 295.9 3718.41
  11 0.525 291.5 3811.02
  12 0.575 291.8 3749.44
  13 0.625 298.4 3475.99
  14 0.675 298.6 3143.93
  15 0.725 304.5 3162.32
  16 0.775 299.3 3029.17
  17 0.825 301.5 2847.91
  18 0.875 301.3 2784.27
  19 0.925 309.4 2515.98
  20 0.975 301.5 2442.8
30450 20 6000
  1 0.025 313.2 2389.66
  2 0.075 302.5 2428.74
  3 0.125 301.3 2626.71
  4 0.175 303.8 2728.01
  5 0.225 300.9 2981.65
  6 0.275 298.2 3053.21
  7 0.325 296.8 3215.86
  8 0.375 303.2 3495.61
  9 0.425 297.6 3377.2
  10 0.475 298.5 3777.35
  11 0.525 293.1 3863.55
  12 0.575 292.7 3714.76
  13 0.625 290.4 3548.46
  14 0.675 297.9 3250.65
  15 0.725 302.2 3176.95
  16 0.775 298.7 2924.89
  17 0.825 299.4 2904.31
  18 0.875 300.8 2665.25
  19 0.925 305.2 2529.9
  20 0.975 303.6 2410.52
31500 20 6000
  1 0.025 306.7 2499.61
  2 0.075 300.8 2488.99
  3 0.125 300.5 2639.56
  4 0.175 303.8 2683.36
  5 0.225 296.8 3123.29
  6 0.275 299.1 3223.83
  7 0.325 299.9 3148.66
  8 0.375 298.6 3435.37
  9 0.425 300 3656.94
  10 0.475 298 3698.75
  11 0.525 293 3798.01
  12 0.575 291.1 3830.11
  13 0.625 300.1 3593.35
  14 0.675 295.6 3327.16
  15 0.725 305.6 3152.16
  16 0.775 298.2 3057.16
  17 0.825 300.6 2787.08
  18 0.875 296.3 2682.62
  19 0.925 309.5 2529.45
  20 0.975 305.8 2318.37
32550 20 6000
  1 0.025 309.1 2376.21
  2 0.075 306.2 2375.09
  3 0.125 297.4 2619.81
  4 0.175 304.8 2688.18
  5 0.225 303.7 2985.92
  6 0.275 297.4 3129.34
  7 0.325 297.8 3225.89
  8 0.375 301.7 3531.67
  9 0.425 298.4 3461.82
  10 0.475 298.6 3610.12
  11 0.525 291.5 3752.48
  12 0.575 290.5 3743.19
  13 0.625 293.9 3493.65
  14 0.675 296.6 3311.06
  15 0.725 300.9 3185.02
  16 0.775 298.9 2908.27
  17 0.825 299.6 2868.1
  18 0.875 300 2690.73
  19 0.925 307.3 2569.34
  20 0.975 305.7 2428.8
33600 20 6000
  1 0.025 303.5 2446.11
  2 0.075 300.1 2389.73
  3 0.125 300.8 2462.05
  4 0.175 304.8 2702.42
  5 0.225 294.7 2998.78
  6 0.275 298.9 3112.32
  7 0.325 298.8 3120.89
  8 0.375 300.5 3305.97
  9 0.425 297.1 3509.06
  10 0.475 297.9 3814.99
  11 0.525 293 3915.31
  12 0.575 292.9 3821.42
  13 0.625 297 3637.28
  14 0.675 296.6 3285.51
  15 0.725 301.8 3049.51
  16 0.775 300.5 2929.95
  17 0.825 301 2982.63
  18 0.875 304.5 2647.04
  19 0.925 305.8 2622.62
  20 0.975 309.8 2377.95
34650 20 6000
  1 0.025 313.8 2473.08
  2 0.075 303.8 2494.92
  3 0.125 301.5 2618.07
  4 0.175 304.1 2663.7
  5 0.225 299.4 3026.07
  6 0.275 298.5 3005.23
  7 0.325 299.3 3364.74
  8 0.375 300.7 3397.59
  9 0.425 299.5 3708.27
  10 0.475 296.1 3787.94
  11 0.525 292 3925.01
  12 0.575 294.9 3600.04
  13 0.625 291.2 3508.43
  14 0.675 294.9 3363.09
  15 0.725 301.3 3042.07
  16 0.775 301.7 2962.57
  17 0.825 297.4 2932.21
  18 0.875 301.2 2773.26
  19 0.925 305.2 2475
  20 0.975 303.5 2433.68
35700 20 6000
  1 0.025 306.1 2527.31
  2 0.075 299.2 2487.02
  3 0.125 303 2543.38
  4 0.175 299.3 2770.49
  5 0.225 300.4 2913.48
  6 0.275 297.2 3168.46
  7 0.325 297.6 3176.07
  8 0.375 303.4 3501.44
  9 0.425 298.3 3620.83
  10 0.475 296.5 3818.79
  11 0.525 288.7 3895.46
  12 0.575 294.5 3750.73
  13 0.625 296.3 3549.21
  14 0.675 297.9 3314.18
  15 0.725 302.5 3340.07
  16 0.775 301.8 2935.83
  17 0.825 301.3 2861.4
  18 0.875 300 2605.85
  19 0.925 313.4 2537.92
  20 0.975 302.6 2342.43
36750 20 6000
  1 0.025 309.4 2323.96
  2 0.075 304.6 2524.16
  3 0.125 300.9 2603.01
  4 0.175 304.4 2737.56
  5 0.225 301.7 2985.36
  6 0.275 298.8 3097.21
  7 0.325 297.4 3247.91
  8 0.375 303.9 3406.65
  9 0.425 295.7 3759.99
  10 0.475 297.4 3700.3
  11 0.525 292.4 3883.85
  12 0.575 290.5 3843.42
  13 0.625 291.3 3548.37
  14 0.675 297.3 3263.66
  15 0.725 299 3101.33
  16 0.775 303.6 3049.49
  17 0.825 298.8 2809.05
  18 0.875 300.9 2694.84
  19 0.925 306.1 2536.45
  20 0.975 305.9 2423.38
37800 20 6000
  1 0.025 307.6 2402.58
  2 0.075 303.6 2390.17
  3 0.125 301.2 2594.84
  4 0.175 303.5 2764.33
  5 0.225 301.7 2941.28
  6 0.275 297.1 3115.93
  7 0.325 299.2 3326.4
  8 0.375 301 3428.28
  9 0.425 296.9 3590.78
  10 0.475 296.1 3777.33
  11 0.525 290.1 3881.72
  12 0.575 292.7 3787.87
  13 0.625 296.7 3651.99
  14 0.675 297.4 3354.94
  15 0.725 303.6 3081.61
  16 0.775 301.5 2937.39
  17 0.825 299.6 2969.82
  18 0.875 298.2 2726.26
  19 0.925 313.3 2533.08
  20 0.975 299 2358.03
38850 20 6000
  1 0.025 311.2 2462.68
  2 0.075 301.4 2472.11
  3 0.125 301.6 2657.25
  4 0.175 304.3 2811.76
  5 0.225 301.8 2781.46
  6 0.275 299.4 3058.36
  7 0.325 297 3390.91
  8 0.375 302.8 3534.86
  9 0.425 298.1 3522.8
  10 0.475 297.6 3820.74
  11 0.525 293.6 3823.88
  12 0.575 288.2 3636.49
  13 0.625 292.8 3428.6
  14 0.675 297.8 3451.67
  15 0.725 301.8 3176.1
  16 0.775 299.6 3068.1
  17 0.825 299.9 2871.86
  18 0.875 298.2 2685.96
  19 0.925 307.8 2569.65
  20 0.975 305.1 2395.37
39900 20 6000
  1 0.025 307.4 2462.07
  2 0.075 299.9 2542.33
  3 0.125 303.3 2542.98
  4 0.175 304.7 2667.99
  5 0.225 299.7 2801.16
  6 0.275 298.5 3164.88
  7 0.325 297 3479.09
  8 0.375 301 3532.04
  9 0.425 299.9 3472.32
  10 0.475 297.1 3859.83
  11 0.525 289.1 3930.35
  12 0.575 291 3636.03
  13 0.625 296.7 3527.96
  14 0.675 298.3 3437.32
  15 0.725 302.3 3149.47
  16 0.775 300.6 3013.48
  17 0.825 299.3 2909.81
  18 0.875 302.1 2726.71
  19 0.925 310.3 2549.49
  20 0.975 301.8 2460.73
40950 20 6000
  1 0.025 308.6 2492.12
  2 0.075 300.8 2451.32
  3 0.125 302.5 2640.16
  4 0.175 306.3 2661.7
  5 0.225 300.7 2974.68
  6 0.275 298 3026.18
  7 0.325 298.6 3303.15
  8 0.375 303.9 3546.64
  9 0.425 296.7 3593.91
  10 0.475 294.3 3892.22
  11 0.525 289.3 3966.17
  12 0.575 291.8 3793.84
  13 0.625 295.5 3582.79
  14 0.675 298.7 3254.32
  15 0.725 302.4 3232.14
  16 0.775 299.7 3061.45
  17 0.825 298.2 2843.92
  18 0.875 300.5 2677.11
  19 0.925 305.8 2568.06
  20 0.975 307.7 2575.19
42000 20 6000
  1 0.025 312.7 2400.32
  2 0.075 298.1 2493.45
  3 0.125 305.3 2622.87
  4 0.175 303.8 2633.35
  5 0.225 300.7 2875.92
  6 0.275 298.1 3143.65
  7 0.325 297.3 3309.3
  8 0.375 303 3442.02
  9 0.425 298.8 3654.56
  10 0.475 298.7 3923.05
  11 0.525 289.4 4120.3
  12 0.575 291.4 3902.89
  13 0.625 299.1 3433.83
  14 0.675 295.8 3378.29
  15 0.725 302.9 3269.11
  16 0.775 297.8 3103.76
  17 0.825 297.4 2920.82
  18 0.875 299.4 2768.68
  19 0.925 303.8 2568.99
  20 0.975 306.5 2471.71
43050 20 6000
  1 0.025 306.9 2403.51
  2 0.075 302.8 2365.14
  3 0.125 302.4 2641.58
  4 0.175 303 2752.87
  5 0.225 299.5 2870.19
  6 0.275 296.5 3189.35
  7 0.325 299.2 3272.67
  8 0.375 300.9 3492.98
  9 0.425 296.9 3621.11
  10 0.475 297.2 3741.41
  11 0.525 293.2 3846.13
  12 0.575 290.9 3824.49
  13 0.625 297.2 3535.47
  14 0.675 295.7 3438.51
  15 0.725 302.2 3188.19
  16 0.775 298.8 3082.6
  17 0.825 302.1 3068.18
  18 0.875 298.3 2790.47
  19 0.925 306 2585.37
  20 0.975 310.3 2433.26
44100 20 6000
  1 0.025 310.4 2312
  2 0.075 302.9 2507.54
  3 0.125 302.3 2612.9
  4 0.175 301.3 2776.77
  5 0.225 300.3 2929.09
  6 0.275 299.4 3057.82
  7 0.325 298.8 3361.86
  8 0.375 300.7 3480.24
  9 0.425 302.8 3461.47
  10 0.475 298.7 3748.05
  11 0.525 290.8 4091.48
  12 0.575 294 3883.04
  13 0.625 293 3546.24
  14 0.675 301.2 3225
  15 0.725 296.9 3293.97
  16 0.775 298.1 3072.85
  17 0.825 299.3 2945.9
  18 0.875 297.5 2826.94
  19 0.925 308.1 2630.94
  20 0.975 303.5 2412.56
45150 20 6000
  1 0.025 307.7 2292.32
  2 0.075 301.6 2526.47
  3 0.125 303.7 2612.43
  4 0.175 302.5 2747.93
  5 0.225 301.5 2916.33
  6 0.275 293.9 3189.43
  7 0.325 298.9 3189
  8 0.375 300.9 3444.99
  9 0.425 298.4 3740.17
  10 0.475 294.4 3917.07
  11 0.525 291.8 3880.1
  12 0.575 288.7 3767.07
  13 0.625 296.8 3595.18
  14 0.675 296.2 3273.55
  15 0.725 303.9 3318.54
  16 0.775 298.5 3135.53
  17 0.825 301 2907.06
  18 0.875 302.3 2826.54
  19 0.925 315.1 2623.39
  20 0.975 302.2 2516.15
46200 20 6000
  1 0.025 313.4 2374.27
  2 0.075 305 2444.2
  3 0.125 305.2 2565.64
  4 0.175 303.2 2887.8
  5 0.225 298.3 3049.99
  6 0.275 298.7 3109.62
  7 0.325 297.5 3177.37
  8 0.375 305.6 3451
  9 0.425 301.7 3681.11
  10 0.475 296.6 3981.71
  11 0.525 293.5 4040.62
  12 0.575 291.6 3801.52
  13 0.625 295.1 3599.04
  14 0.675 291.6 3333.4
  15 0.725 304.4 3188.62
  16 0.775 295.5 3197.13
  17 0.825 298.1 2859.45
  18 0.875 298.6 2747.71
  19 0.925 305.4 2703.57
  20 0.975 301 2448.43
47250 20 6000
  1 0.025 307.1 2398.86
  2 0.075 301.3 2466.48
  3 0.125 302.9 2547.25
  4 0.175 300.4 2796.54
  5 0.225 301.1 2925.9
  6 0.275 297.6 3009.6
  7 0.325 296.9 3359.2
  8 0.375 303.5 3282.34
  9 0.425 297.5 3766.67
  10 0.475 294.3 3921.02
  11 0.525 287.7 3837.99
  12 0.575 289.6 3911.47
  13 0.625 300.7 3537.16
  14 0.675 294.6 3480.6
  15 0.725 305.8 3095.2
  16 0.775 301 3106.86
  17 0.825 299.4 3062.15
  18 0.875 299.5 2917.43
  19 0.925 313.4 2579.97
  20 0.975 305.7 2467.56
48300 20 6000
  1 0.025 315.5 2394.49
  2 0.075 297.2 2439.81
  3 0.125 304.6 2573.74
  4 0.175 306.1 2695.39
  5 0.225 300.1 2945.45
  6 0.275 298.6 3190.82
  7 0.325 299.5 3247.44
  8 0.375 301.9 3516.84
  9 0.425 300.1 3666.39
  10 0.475 292.8 3751.14
  11 0.525 296.1 3990.04
  12 0.575 292.7 3711.96
  13 0.625 292 3718.29
  14 0.675 294.5 3254.1
  15 0.725 302.2 3029.77
  16 0.775 298.4 3085.06
  17 0.825 298.5 3080.19
  18 0.875 299 2839.35
  19 0.925 307.9 2559.47
  20 0.975 302.3 2627.48
49350 20 6000
  1 0.025 310.5 2427.04
  2 0.075 301.6 2450.09
  3 0.125 301.6 2624.95
  4 0.175 302.7 2725.35
  5 0.225 299.4 2947.36
  6 0.275 299 3045.66
  7 0.325 295.5 3413.71
  8 0.375 303.1 3515.4
  9 0.425 296.7 3540.5
  10 0.475 298.2 3742.1
  11 0.525 285.5 4041.47
  12 0.575 294 3705.66
  13 0.625 296.6 3545.61
  14 0.675 295.5 3345.43
  15 0.725 307.2 3202.92
  16 0.775 295.7 3302.91
  17 0.825 302.7 2919.94
  18 0.875 300.3 2955.39
  19 0.925 308.5 2726.9
  20 0.975 305.7 2547.78
50400 20 6000
  1 0.025 309.4 2383.84
  2 0.075 307.2 2513.44
  3 0.125 301.6 2532.82
  4 0.175 302.4 2679.05
  5 0.225 300.6 2949.77
  6 0.275 298.8 3233.3
  7 0.325 298.6 3460.47
  8 0.375 304.7 3653.64
  9 0.425 298 3579.8
  10 0.475 297.8 3851.36
  11 0.525 293.6 3788.93
  12 0.575 290 3814.73
  13 0.625 294.9 3447.13
  14 0.675 295 3331.35
  15 0.725 302.7 3282.87
  16 0.775 296.9 3156.17
  17 0.825 300.6 2960.02
  18 0.875 295.9 2882.66
  19 0.925 307.1 2781.35
  20 0.975 304.2 2610.11
51450 20 6000
  1 0.025 307.8 2534.42
  2 0.075 302.5 2453.93
  3 0.125 302.4 2703.05
  4 0.175 302.5 2809.08
  5 0.225 299.3 2810.62
  6 0.275 298.7 3092.62
  7 0.325 295.5 3402.15
  8 0.375 301.3 3491.86
  9 0.425 299.2 3559.49
  10 0.475 296.6 3828.45
  11 0.525 289.5 3828.21
  12 0.575 293.3 3735.93
  13 0.625 296.5 3460.89
  14 0.675 295.9 3382.95
  15 0.725 302.2 3243
  16 0.775 304.6 3163.48
  17 0.825 300.3 2978.92
  18 0.875 296.5 2906.55
  19 0.925 309.1 2844.17
  20 0.975 306.3 2478.17
52500 20 6000
  1 0.025 307.8 2504.06
  2 0.075 302 2469.98
  3 0.125 301 2599.91
  4 0.175 304.4 2794.63
  5 0.225 298.1 2888.05
  6 0.275 301 3105.74
  7 0.325 300.2 3343.95
  8 0.375 302.8 3612.66
  9 0.425 299.7 3575.16
  10 0.475 297.3 3906.53
  11 0.525 292.7 3931.09
  12 0.575 292.3 3799.97
  13 0.625 295.9 3504.19
  14 0.675 290.7 3584.07
  15 0.725 304.2 3120.66
  16 0.775 299.3 3052.85
  17 0.825 297.9 3109.89
  18 0.875 298.3 2942.5
  19 0.925 308.4 2761.34
  20 0.975 306 2616.18
53550 20 6000
  1 0.025 310.5 2449.07
  2 0.075 303.3 2538.99
  3 0.125 299.5 2515.42
  4 0.175 304.4 2912.19
  5 0.225 300.8 2905.3
  6 0.275 300.1 2975.69
  7 0.325 299.8 3341.58
  8 0.375 300.7 3624
  9 0.425 296.4 3771.99
  10 0.475 297.5 3781.43
  11 0.525 287.3 3940.3
  12 0.575 292 3798.37
  13 0.625 297.4 3583.05
  14 0.675 296.6 3513.23
  15 0.725 302 3367.5
  16 0.775 301.1 3124.95
  17 0.825 298.8 2937.8
  18 0.875 299.4 2909.26
  19 0.925 311.1 2743.55
  20 0.975 301.3 2574.97
54600 20 6000
  1 0.025 309 2480.13
  2 0.075 302.5 2609.1
  3 0.125 300.6 2645.06
  4 0.175 301.4 2687.77
  5 0.225 303.3 2827.03
  6 0.275 298.8 3117.15
  7 0.325 297.2 3422.33
  8 0.375 302 3638.84
  9 0.425 300.1 3627.58
  10 0.475 295.7 3775.09
  11 0.525 289.5 3814
  12 0.575 294.4 3864.95
  13 0.625 292.5 3665.56
  14 0.675 296.1 3294.86
  15 0.725 305.3 3228.63
  16 0.775 299.2 3073.33
  17 0.825 299.8 2936.2
  18 0.875 298.8 3005.24
  19 0.925 306.8 2797.16
  20 0.975 307 2593.56
55650 20 6000
  1 0.025 308.2 2485.13
  2 0.075 306.6 2437.35
  3 0.125 301.2 2533.91
  4 0.175 305.7 2716.72
  5 0.225 301.3 2941.13
  6 0.275 294.7 3144.88
  7 0.325 300.5 3276.4
  8 0.375 299.8 3640.8
  9 0.425 300.2 3612.65
  10 0.475 299.4 3894.56
  11 0.525 290.9 4106.82
  12 0.575 290.3 4026.8
  13 0.625 292.6 3642.3
  14 0.675 297.8 3244.69
  15 0.725 301.9 3262.68
  16 0.775 297.4 3152.51
  17 0.825 301.9 2896.48
  18 0.875 299.4 2852.19
  19 0.925 307.3 2718.08
  20 0.975 302.9 2603.37
56700 20 6000
  1 0.025 307 2362.44
  2 0.075 303 2571.32
  3 0.125 304.2 2610.61
  4 0.175 299.7 2786.1
  5 0.225 303.6 2941.3
  6 0.275 298.6 3144.6
  7 0.325 297.6 3226.45
  8 0.375 303 3546.96
  9 0.425 296.6 3720.19
  10 0.475 296.2 3883.31
  11 0.525 288.7 3889.54
  12 0.575 289.8 3938.46
  13 0.625 296.5 3669.78
  14 0.675 296 3378.88
  15 0.725 302.5 3189.53
  16 0.775 301.9 3023.41
  17 0.825 299.6 3009.54
  18 0.875 301.4 2812.52
  19 0.925 308.3 2792.21
  20 0.975 305.8 2655.96
57750 20 6000
  1 0.025 311.4 2483.67
  2 0.075 303.2 2516.86
  3 0.125 301.9 2605.94
  4 0.175 304.1 2782.6
  5 0.225 301.7 2964.89
  6 0.275 299.2 3059.16
  7 0.325 298.4 3365.6
  8 0.375 302 3691.25
  9 0.425 300.8 3759.74
  10 0.475 296.6 4132.87
  11 0.525 291.1 3959.93
  12 0.575 288.2 3762.42
  13 0.625 294.7 3545.9
  14 0.675 293.7 3471.86
  15 0.725 304.5 3362.92
  16 0.775 300.9 3058.79
  17 0.825 298.8 2990.04
  18 0.875 298.3 2799.49
  19 0.925 306.1 2686.67
  20 0.975 304.4 2565.29
58800 20 6000
  1 0.025 306 2443.92
  2 0.075 300.9 2443.25
  3 0.125 303.7 2592.44
  4 0.175 300.7 2783.96
  5 0.225 301.8 2858.08
  6 0.275 297.5 3158.37
  7 0.325 298.6 3329.01
  8 0.375 301.8 3418.72
  9 0.425 298.4 3713.04
  10 0.475 296.7 3992.78
  11 0.525 286.2 3981.38
  12 0.575 292.3 4046.91
  13 0.625 296.1 3648.14
  14 0.675 293.7 3498.41
  15 0.725 304.8 3289.12
  16 0.775 302.2 3034.37
  17 0.825 299.5 2986.67
  18 0.875 301.4 2884.61
  19 0.925 312.4 2728.93
  20 0.975 305.3 2660.04
59850 20 6000
  1 0.025 310.6 2347.39
  2 0.075 301.4 2578.01
  3 0.125 301.4 2720.07
  4 0.175 305.8 2733.89
  5 0.225 302 2974.6
  6 0.275 300.7 3196.24
  7 0.325 300.7 3329.68
  8 0.375 302.8 3404.87
  9 0.425 300.5 3769.69
  10 0.475 294.6 4015.57
  11 0.525 290.9 4127.52
  12 0.575 291.1 3889.43
  13 0.625 289.3 3885.52
  14 0.675 296.1 3514.13
  15 0.725 301.8 3356.1
  16 0.775 300.6 2947.56
  17 0.825 297.7 2990.07
  18 0.875 298.4 2939.66
  19 0.925 310.2 2739.37
  20 0.975 303.4 2567.91
60900 20 6000
  1 0.025 307.1 2458.26
  2 0.075 300.8 2597.28
  3 0.125 301.5 2674.6
  4 0.175 301.3 2835.14
  5 0.225 301.8 2810.8
  6 0.275 294.4 3185.77
  7 0.325 297.2 3291.65
  8 0.375 304 3531.16
  9 0.425 297.6 3747.72
  10 0.475 294.9 4011.68
  11 0.525 286.3 4200.13
  12 0.575 295.3 3979.54
  13 0.625 298 3884.03
  14 0.675 296.7 3604.76
  15 0.725 303 3204.6
  16 0.775 306 2965.28
  17 0.825 298.8 3073.18
  18 0.875 300.2 2966.78
  19 0.925 309.8 2642.84
  20 0.975 305.3 2531.78
61950 20 6000
  1 0.025 314.3 2459.52
  2 0.075 303.3 2538.53
  3 0.125 302.2 2675.58
  4 0.175 304.9 2882.92
  5 0.225 302.6 2847.3
  6 0.275 300.3 3120.75
  7 0.325 297.3 3456.02
  8 0.375 304.8 3652.6
  9 0.425 300.2 3654.14
  10 0.475 295.7 3799.92
  11 0.525 291.2 4180.89
  12 0.575 288.4 4040.07
  13 0.625 294 3712.56
  14 0.675 291.9 3465.44
  15 0.725 303.6 3269.78
  16 0.775 300 3078.86
  17 0.825 298.7 2942.07
  18 0.875 298.9 2850.05
  19 0.925 302.9 2742.48
  20 0.975 304.8 2584.75
63000 20 6000
  1 0.025 308.3 2465.96
  2 0.075 299.1 2583.1
  3 0.125 301.6 2723.96
  4 0.175 303.2 2782.78
  5 0.225 300.6 2751.98
  6 0.275 298.8 3074.72
  7 0.325 295.6 3396.15
  8 0.375 303.8 3544.79
  9 0.425 297.8 3605.78
  10 0.475 296.5 3940.75
  11 0.525 290.4 4072.75
  12 0.575 291.2 4052.17
  13 0.625 294.8 3749.97
  14 0.675 298.2 3573.34
  15 0.725 301 3334.37
  16 0.775 302.1 3126
  17 0.825 301.5 3001.81
  18 0.875 301.2 2845.77
  19 0.925 310.6 2606.9
  20 0.975 303.7 2706.37
64050 20 6000
  1 0.025 309.3 2487.58
  2 0.075 303.2 2638.16
  3 0.125 304.1 2745.9
  4 0.175 303.9 2775.42
  5 0.225 302.5 2877.51
  6 0.275 301.5 3004.33
  7 0.325 295.5 3454.48
  8 0.375 304.5 3685.87
  9 0.425 298.9 3773.85
  10 0.475 297.7 3853.74
  11 0.525 284.3 3860.51
  12 0.575 286.4 3889.5
  13 0.625 297.1 3672.56
  14 0.675 295.6 3547.85
  15 0.725 300.9 3283.98
  16 0.775 300.7 3140
  17 0.825 300.8 3084.32
  18 0.875 298.2 2871.1
  19 0.925 306.5 2656.44
  20 0.975 308.4 2572.43
65100 20 6000
  1 0.025 303.7 2490.05
  2 0.075 302.3 2507.18
  3 0.125 302.4 2746.99
  4 0.175 302.3 2871.67
  5 0.225 300.9 2918.33
  6 0.275 299.4 3002.05
  7 0.325 300.7 3306.04
  8 0.375 300.4 3615.19
  9 0.425 298.8 3770.42
  10 0.475 294.9 3743.55
  11 0.525 278.9 3917.86
  12 0.575 290.2 3849.88
  13 0.625 299 3590.43
  14 0.675 298.6 3666.78
  15 0.725 302.6 3363.64
  16 0.775 303.4 3124.24
  17 0.825 301 3163.64
  18 0.875 300.9 2869.8
  19 0.925 311 2693.77
  20 0.975 308.6 2560.7
66150 20 6000
  1 0.025 311.2 2475.42
  2 0.075 304.3 2577.32
  3 0.125 302.2 2655.69
  4 0.175 303.3 3003.4
  5 0.225 300.4 2867.6
  6 0.275 302 3140.52
  7 0.325 300.7 3322.06
  8 0.375 306.9 3670.38
  9 0.425 300.1 3802.88
  10 0.475 294.4 3921.91
  11 0.525 286.2 3908.63
  12 0.575 285.5 3661.28
  13 0.625 292.3 3503.2
  14 0.675 297.7 3433.58
  15 0.725 302.4 3278.4
  16 0.775 301 3214.56
  17 0.825 299 3007.98
  18 0.875 299 2816.02
  19 0.925 306.1 2652.06
  20 0.975 305.3 2546.99
67200 20 6000
  1 0.025 315.2 2495.66
  2 0.075 304.4 2554.25
  3 0.125 303.4 2676.02
  4 0.175 306.5 2802.7
  5 0.225 303.5 2937.02
  6 0.275 299.9 3151.18
  7 0.325 292 3367.15
  8 0.375 304.1 3584.84
  9 0.425 297.4 3643.9
  10 0.475 290.5 3937.63
  11 0.525 281.6 3812.09
  12 0.575 285.9 3658.67
  13 0.625 294.6 3601.94
  14 0.675 297.8 3547.43
  15 0.725 304.1 3195.9
  16 0.775 302.3 3168.04
  17 0.825 299 3113.42
  18 0.875 301.7 2937.84
  19 0.925 309 2741.32
  20 0.975 307.1 2482.64
68250 20 6000
  1 0.025 314.1 2479.18
  2 0.075 303.7 2531.04
  3 0.125 305.6 2704.8
  4 0.175 300.6 2823.78
  5 0.225 299.8 3111.64
  6 0.275 300.9 3289.86
  7 0.325 300.5 3359.78
  8 0.375 304 3576.88
  9 0.425 298.6 3626.8
  10 0.475 290 3808.53
  11 0.525 286.2 3934.09
  12 0.575 288.7 3739.22
  13 0.625 296.4 3599.66
  14 0.675 296.3 3409.98
  15 0.725 302.9 3184.27
  16 0.775 301.3 3118.37
  17 0.825 300.1 3104.51
  18 0.875 300.3 2951.79
  19 0.925 307.5 2775.39
  20 0.975 302.5 2590.93
69300 20 6000
  1 0.025 317.4 2355.11
  2 0.075 299 2527.63
  3 0.125 307.2 2648.94
  4 0.175 305.7 3028.55
  5 0.225 302 3017.96
  6 0.275 300.7 3087.62
  7 0.325 294.4 3330.25
  8 0.375 304.3 3613.01
  9 0.425 298.1 3614.71
  10 0.475 286.3 3764.68
  11 0.525 288.4 3873
  12 0.575 285.6 3785.25
  13 0.625 295.6 3513.98
  14 0.675 299 3320.13
  15 0.725 302.7 3313.3
  16 0.775 300.4 3148.31
  17 0.825 301.3 3072.27
  18 0.875 300.6 2949.73
  19 0.925 305.7 2855.41
  20 0.975 305.6 2598.59
70350 20 6000
  1 0.025 317.2 2497.76
  2 0.075 301.2 2661.65
  3 0.125 305.1 2651.23
  4 0.175 305.6 2868.15
  5 0.225 304.3 3024.42
  6 0.275 298.9 3366.4
  7 0.325 297.5 3413.05
  8 0.375 307.1 3477.04
  9 0.425 299.8 3539.81
  10 0.475 290.2 3737.59
  11 0.525 283.3 3810.69
  12 0.575 291 3734.3
  13 0.625 293.3 3553.08
  14 0.675 295.3 3419.24
  15 0.725 302.7 3368.95
  16 0.775 299.8 3151.42
  17 0.825 298.9 2971.16
  18 0.875 299.7 2885.74
  19 0.925 305.9 2737.73
  20 0.975 303.2 2554.25
71400 20 6000
  1 0.025 310.6 2637.44
  2 0.075 302.4 2629.38
  3 0.125 305.5 2722.78
  4 0.175 306.1 2923.95
  5 0.225 301.9 3126.58
  6 0.275 298.4 3148.84
  7 0.325 295 3359.46
  8 0.375 306.5 3455.25
  9 0.425 291.3 3488.49
  10 0.475 293.6 3764.52
  11 0.525 289 3952.78
  12 0.575 290.4 3720.68
  13 0.625 291.4 3619.01
  14 0.675 296 3470.88
  15 0.725 303.7 3281.32
  16 0.775 300.5 3203.38
  17 0.825 302.9 2926.05
  18 0.875 300 2848.17
  19 0.925 304.8 2722.67
  20 0.975 310 2563.47
72450 20 6000
  1 0.025 315.3 2403.48
  2 0.075 301.8 2710.93
  3 0.125 305 2791.67
  4 0.175 307.3 2960.29
  5 0.225 302.6 3078.86
  6 0.275 297.3 3400.4
  7 0.325 297.9 3283.04
  8 0.375 304.7 3537.03
  9 0.425 299.4 3500.5
  10 0.475 282.4 3806.89
  11 0.525 288.7 3802.93
  12 0.575 295.7 3693.31
  13 0.625 292.5 3655.7
  14 0.675 290.9 3393.13
  15 0.725 304.4 3299.33
  16 0.775 298.1 3140.31
  17 0.825 302.1 2757.8
  18 0.875 299.6 2934.94
  19 0.925 308.2 2889.82
  20 0.975 306.1 2620.28
73500 20 6000
  1 0.025 312.6 2431.92
  2 0.075 299.7 2555.48
  3 0.125 305.9 2802.6
  4 0.175 304 3056.46
  5 0.225 300.5 3160.8
  6 0.275 299.3 3302.88
  7 0.325 296.6 3545.31
  8 0.375 303 3620.17
  9 0.425 300.7 3650.92
  10 0.475 291.2 3731.31
  11 0.525 287.9 3917.91
  12 0.575 286 3654.49
  13 0.625 293.7 3611.81
  14 0.675 294.2 3479.95
  15 0.725 304.2 3300.56
  16 0.775 301.5 3002.44
  17 0.825 304 2901.22
  18 0.875 298.3 2945.72
  19 0.925 311.4 2721.17
  20 0.975 305.3 2592.81
74550 20 6000
  1 0.025 314.8 2518.97
  2 0.075 301.1 2488.73
  3 0.125 303.8 2663.81
  4 0.175 303.9 2874.19
  5 0.225 304.1 3087.54
  6 0.275 299.6 3374.15
  7 0.325 297.1 3457.83
  8 0.375 305 3572.23
  9 0.425 300.9 3615.27
  10 0.475 293.5 3782
  11 0.525 285.7 3746.36
  12 0.575 283.2 3715.7
  13 0.625 296.4 3433.87
  14 0.675 295.1 3468.07
  15 0.725 302.5 3376.27
  16 0.775 298.9 3306.97
  17 0.825 301.6 2830.11
  18 0.875 300.2 2758.72
  19 0.925 310.1 2803.36
  20 0.975 302.5 2608.29
75600 20 6000
  1 0.025 309.6 2358.07
  2 0.075 302.9 2491.26
  3 0.125 302.8 2742.81
  4 0.175 302.7 2927.86
  5 0.225 304.7 3158.4
  6 0.275 297.2 3277.91
  7 0.325 302.5 3486.91
  8 0.375 303.4 3681.71
  9 0.425 297.1 3670.79
  10 0.475 287.5 3716.28
  11 0.525 282.9 3840.42
  12 0.575 296.6 3854.7
  13 0.625 295.4 3588.4
  14 0.675 291 3581.29
  15 0.725 305.5 3276.71
  16 0.775 299.8 3106.4
  17 0.825 301.6 2920.16
  18 0.875 298.9 2875.3
  19 0.925 316.6 2683.37
  20 0.975 301.3 2609.77
76650 20 6000
  1 0.025 309.8 2457.99
  2 0.075 305.6 2503.8
  3 0.125 302.7 2613.28
  4 0.175 307.3 2947.41
  5 0.225 305.6 3051.44
  6 0.275 302.1 3313.6
  7 0.325 295.9 3410.02
  8 0.375 302.8 3542.32
  9 0.425 293.6 3630.96
  10 0.475 287.3 3806.22
  11 0.525 281.1 3918.01
  12 0.575 292 3760.24
  13 0.625 293.3 3748.19
  14 0.675 294.8 3517.76
  15 0.725 304 3385.4
  16 0.775 302.5 3096.07
  17 0.825 302.6 3013.16
  18 0.875 300.6 2932.64
  19 0.925 310.9 2773.97
  20 0.975 305.5 2608.71
77700 20 6000
  1 0.025 312.7 2485.33
  2 0.075 302.9 2561.01
  3 0.125 306.6 2730.73
  4 0.175 303.1 2968.24
  5 0.225 302 3115.6
  6 0.275 299.1 3110.71
  7 0.325 301.5 3484.09
  8 0.375 308.5 3495.6
  9 0.425 299.4 3628.13
  10 0.475 290.3 3834.26
  11 0.525 284.9 3854.56
  12 0.575 289.3 3933.53
  13 0.625 293 3598.67
  14 0.675 291.8 3418.59
  15 0.725 302.3 3287.76
  16 0.775 300.4 3096
  17 0.825 301.7 2957.22
  18 0.875 299.1 2925.71
  19 0.925 305.4 2816.41
  20 0.975 306 2535.85
78750 20 6000
  1 0.025 309.3 2623.76
  2 0.075 300.9 2531.91
  3 0.125 304 2702.46
  4 0.175 305.1 2947.08
  5 0.225 302.5 3144.31
  6 0.275 298.6 3208.24
  7 0.325 300.2 3354.1
  8 0.375 305.2 3358.23
  9 0.425 298.7 3599.33
  10 0.475 290 3732.66
  11 0.525 283.6 3991.6
  12 0.575 285.8 3882.22
  13 0.625 290.8 3441.45
  14 0.675 295.4 3455.56
  15 0.725 305.2 3289.41
  16 0.775 303.6 3330.94
  17 0.825 300.8 3083.51
  18 0.875 302.4 2912.22
  19 0.925 309.3 2732.78
  20 0.975 308.6 2641.52
79800 20 6000
  1 0.025 313 2505.7
  2 0.075 305 2557.12
  3 0.125 299.2 2841.97
  4 0.175 307.5 2849.29
  5 0.225 300.8 3036.22
  6 0.275 301.7 3282
  7 0.325 300.4 3441.42
  8 0.375 306.7 3421.73
  9 0.425 298 3551.48
  10 0.475 289.9 3792.47
  11 0.525 281.6 4143.94
  12 0.575 292.3 3955.11
  13 0.625 289.1 3810.49
  14 0.675 294.1 3449.38
  15 0.725 304.3 3156.22
  16 0.775 300.7 3249.79
  17 0.825 299 3006.64
  18 0.875 301.8 2911.54
  19 0.925 309 2824.89
  20 0.975 305.9 2615.54
80850 20 6000
  1 0.025 314 2461.14
  2 0.075 302.4 2673.71
  3 0.125 301.4 2733.47
  4 0.175 307.4 2794.14
  5 0.225 304.4 3077.34
  6 0.275 299.2 3126.64
  7 0.325 303 3272.01
  8 0.375 301 3374.32
  9 0.425 292.3 3670.43
  10 0.475 290 3892.01
  11 0.525 285 4023.61
  12 0.575 294.7 3850.96
  13 0.625 292.6 3703.97
  14 0.675 290.9 3531.41
  15 0.725 305.7 3227.13
  16 0.775 299.6 3249.36
  17 0.825 302.8 3000.03
  18 0.875 299.1 2849.09
  19 0.925 308.5 2731.17
  20 0.975 306 2757.52
81900 20 6000
  1 0.025 307.5 2497.38
  2 0.075 304.7 2513.91
  3 0.125 301.3 2763.06
  4 0.175 306.4 2949.5
  5 0.225 302.5 2990.26
  6 0.275 298.1 3136.81
  7 0.325 304.7 3316.16
  8 0.375 305.3 3579.28
  9 0.425 299.1 3681.96
  10 0.475 289.8 3942.54
  11 0.525 276.4 3990.45
  12 0.575 295.2 3797.25
  13 0.625 288.3 3617.51
  14 0.675 293.4 3430.07
  15 0.725 304.2 3298.26
  16 0.775 302.9 3215.08
  17 0.825 300.5 3057.4
  18 0.875 303.1 2962.59
  19 0.925 307.8 2803.48
  20 0.975 308.8 2659.53
82950 20 6000
  1 0.025 311.5 2585.37
  2 0.075 303.7 2495.31
  3 0.125 305.7 2610.44
  4 0.175 304.3 2876.6
  5 0.225 304.7 3109.25
  6 0.275 298.2 3151.48
  7 0.325 303.4 3346.72
  8 0.375 304.8 3609.54
  9 0.425 296.1 3657.16
  10 0.475 292.7 3974.35
  11 0.525 281.8 4039.96
  12 0.575 293.6 3949.11
  13 0.625 289.4 3540.59
  14 0.675 293.4 3485.97
  15 0.725 299.9 3322.49
  16 0.775 301.9 3175.47
  17 0.825 300.2 3078.94
  18 0.875 301.6 2832.12
  19 0.925 306.1 2764.69
  20 0.975 307 2657.93
84000 20 6000
  1 0.025 315.7 2488.82
  2 0.075 300.8 2593.51
  3 0.125 304.3 2727.27
  4 0.175 307.1 2916.49
  5 0.225 303.6 3007.47
  6 0.275 302.9 3126.92
  7 0.325 300 3371.46
  8 0.375 305.2 3536.77
  9 0.425 294.2 3620.12
  10 0.475 292.5 3994.06
  11 0.525 277.5 4039.73
  12 0.575 293.4 3803.41
  13 0.625 289.9 3681.03
  14 0.675 289.6 3432.37
  15 0.725 305.4 3461.14
  16 0.775 301.1 3298.42
  17 0.825 299.5 3080.31
  18 0.875 303.1 3063.1
  19 0.925 305.3 2681.84
  20 0.975 308.9 2598.42
85050 20 6000
  1 0.025 302.9 2526.02
  2 0.075 302 2580.78
  3 0.125 302.2 2800.3
  4 0.175 308 2727.99
  5 0.225 307.3 2993.4
  6 0.275 297.9 3130.02
  7 0.325 305.2 3201.58
  8 0.375 298.7 3712.74
  9 0.425 296.7 3647.07
  10 0.475 292.1 3979.69
  11 0.525 282.7 4051.88
  12 0.575 292.2 3773.12
  13 0.625 287.5 3735.02
  14 0.675 296.8 3426.98
  15 0.725 302.4 3494.74
  16 0.775 299.9 3206.85
  17 0.825 301.7 3184.61
  18 0.875 299.7 2878.59
  19 0.925 310.7 2747.79
  20 0.975 313.4 2686.59
86100 20 6000
  1 0.025 305.2 2588.96
  2 0.075 303.8 2549.84
  3 0.125 306.7 2643.47
  4 0.175 309.4 2964.49
  5 0.225 302.3 2905.23
  6 0.275 299.2 3247.57
  7 0.325 297.8 3234.93
  8 0.375 296.9 3566.1
  9 0.425 293.4 3734.77
  10 0.475 290.6 3746.81
  11 0.525 284.1 4122.47
  12 0.575 293.3 4132.15
  13 0.625 296.2 3846.13
  14 0.675 292.7 3485.22
  15 0.725 303.4 3446.81
  16 0.775 300.4 3311.51
  17 0.825 300.2 3083.16
  18 0.875 301.1 2940.2
  19 0.925 315.6 2850.8
  20 0.975 307.7 2550.77
87150 20 6000
  1 0.025 314.1 2527.54
  2 0.075 307 2631.49
  3 0.125 303.8 2594.73
  4 0.175 307.1 2851.58
  5 0.225 302.2 3016.13
  6 0.275 303.9 3205.68
  7 0.325 298.5 3224.63
  8 0.375 302.8 3496.89
  9 0.425 299.1 3764.84
  10 0.475 294.8 3885.1
  11 0.525 282.6 4037.98
  12 0.575 290.1 4158.53
  13 0.625 293.2 3750.06
  14 0.675 284.9 3499.7
  15 0.725 304.1 3339.13
  16 0.775 299.7 3331.2
  17 0.825 299.3 3051.71
  18 0.875 299.9 2891.95
  19 0.925 305.8 2690.04
  20 0.975 307.1 2585.17
88200 20 6000
  1 0.025 311.4 2533.49
  2 0.075 302.3 2554.37
  3 0.125 306.7 2729.75
  4 0.175 305.8 2829.4
  5 0.225 304.6 3054.05
  6 0.275 299.3 3171.05
  7 0.325 295 3291.12
  8 0.375 301.7 3489.83
  9 0.425 295 3663
  10 0.475 290 4006.41
  11 0.525 281.8 4149.9
  12 0.575 293 4006.63
  13 0.625 291.6 3731.46
  14 0.675 292.1 3539.23
  15 0.725 306.2 3416.78
  16 0.775 303.1 3177.61
  17 0.825 300.8 3192.59
  18 0.875 302.4 3055.42
  19 0.925 309.9 2686.94
  20 0.975 307.3 2636.56
89250 20 6000
  1 0.025 315.3 2614.18
  2 0.075 303.4 2612.54
  3 0.125 306 2655.99
  4 0.175 311.8 2827.04
  5 0.225 307.7 3029.28
  6 0.275 300.7 3228.95
  7 0.325 296.1 3412.95
  8 0.375 301.7 3468.52
  9 0.425 292.1 3646.38
  10 0.475 288.2 3997.75
  11 0.525 282.9 4067.91
  12 0.575 292.6 3896.32
  13 0.625 294.1 3862.1
  14 0.675 286.8 3566.35
  15 0.725 299.2 3376.45
  16 0.775 304.6 3341.55
  17 0.825 298.9 3104.61
  18 0.875 303.3 2877.64
  19 0.925 311.4 2654.83
  20 0.975 303.2 2654.61
90300 20 6000
  1 0.025 314.4 2429.75
  2 0.075 301.7 2614.95
  3 0.125 306 2635.87
  4 0.175 307.4 2930.6
  5 0.225 305.4 2874.56
  6 0.275 299.6 3248.78
  7 0.325 297 3515.82
  8 0.375 297.5 3587.11
  9 0.425 299.3 3753.59
  10 0.475 288.1 3918.65
  11 0.525 289.4 4102.73
  12 0.575 295 3798.21
  13 0.625 289.3 3812.09
  14 0.675 289.1 3527.86
  15 0.725 300.2 3407.86
  16 0.775 302.5 3306.14
  17 0.825 302 3017.37
  18 0.875 300 2932.01
  19 0.925 308.9 2757.76
  20 0.975 307.2 2615.32
91350 20 6000
  1 0.025 316.6 2516.8
  2 0.075 303.1 2541.36
  3 0.125 306.7 2664.01
  4 0.175 309 2775.63
  5 0.225 307.8 2946.85
  6 0.275 298.2 3261.54
  7 0.325 292.1 3393.36
  8 0.375 300.8 3727.03
  9 0.425 301.6 3825.15
  10 0.475 288.1 3956.44
  11 0.525 282.9 4016.7
  12 0.575 289.7 3938.01
  13 0.625 292.2 3867.46
  14 0.675 289.3 3604.89
  15 0.725 300.2 3471.01
  16 0.775 305.3 3318.65
  17 0.825 299.2 3016.3
  18 0.875 303.7 2956.26
  19 0.925 305.7 2881.57
  20 0.975 307.8 2649.83
92400 20 6000
  1 0.025 315.2 2585.74
  2 0.075 302.1 2561.59
  3 0.125 305 2635.95
  4 0.175 307.6 2757.8
  5 0.225 304.3 2962.55
  6 0.275 303 3242.24
  7 0.325 301 3405.22
  8 0.375 303.9 3610.2
  9 0.425 293.2 3867.32
  10 0.475 287.8 4015.04
  11 0.525 287.5 4076.66
  12 0.575 291.8 3893.87
  13 0.625 285.4 3816.09
  14 0.675 289.6 3653.71
  15 0.725 304.8 3352.39
  16 0.775 301.5 3331.38
  17 0.825 301.6 3162.96
  18 0.875 301.7 3056.24
  19 0.925 304.6 2783.34
  20 0.975 308.4 2582.22
93450 20 6000
  1 0.025 317.3 2572.29
  2 0.075 299.8 2537.19
  3 0.125 306.3 2790.66
  4 0.175 308.3 2922.18
  5 0.225 303.5 3112.98
  6 0.275 302.1 3160.75
  7 0.325 294 3393.8
  8 0.375 299.4 3696.88
  9 0.425 300.8 3919.61
  10 0.475 288.8 3966.81
  11 0.525 287 4066.61
  12 0.575 289.6 4147.92
  13 0.625 290.3 3639.24
  14 0.675 290.8 3684.08
  15 0.725 299.9 3377.78
  16 0.775 303.9 3326.47
  17 0.825 302.1 3077.37
  18 0.875 301 2916.4
  19 0.925 309.5 2822.74
  20 0.975 305.6 2685.41
94500 20 6000
  1 0.025 313.9 2462.25
  2 0.075 303.6 2494.17
  3 0.125 302.2 2679.9
  4 0.175 308.7 2921.2
  5 0.225 304.1 2993.86
  6 0.275 298.4 3258.62
  7 0.325 291.1 3320.27
  8 0.375 303.5 3570.97
  9 0.425 294.1 3969.72
  10 0.475 293.9 4026.55
  11 0.525 285.9 4088.75
  12 0.575 287.8 3907.13
  13 0.625 290.8 3648.04
  14 0.675 296.3 3583.65
  15 0.725 300.2 3551.72
  16 0.775 302.3 3343.89
  17 0.825 300.2 3164.26
  18 0.875 303.1 2913.55
  19 0.925 310.2 2958.89
  20 0.975 309.7 2629.46
95550 20 6000
  1 0.025 314.4 2496.08
  2 0.075 303.6 2500.22
  3 0.125 301.4 2783.25
  4 0.175 306.8 2885.95
  5 0.225 302.9 3049.04
  6 0.275 301.9 3142.88
  7 0.325 300.6 3457.33
  8 0.375 304.5 3512.25
  9 0.425 295.6 3917.79
  10 0.475 284.7 4016.57
  11 0.525 287.9 4152.34
  12 0.575 291.4 3926.89
  13 0.625 287.3 3907.3
  14 0.675 298.6 3526.5
  15 0.725 299.7 3418.11
  16 0.775 303.7 3395.85
  17 0.825 298.1 3284.1
  18 0.875 303.1 2866.22
  19 0.925 307.9 2879.93
  20 0.975 305.9 2643.8
96600 20 6000
  1 0.025 314.8 2547.84
  2 0.075 303.5 2557.79
  3 0.125 306.3 2833.62
  4 0.175 305 2881
  5 0.225 306.1 3089.04
  6 0.275 301.3 3286.86
  7 0.325 296.7 3486.01
  8 0.375 298.4 3733.36
  9 0.425 298.3 3707.63
  10 0.475 292 3955.11
  11 0.525 288.3 3938.52
  12 0.575 286.1 4058.41
  13 0.625 290.2 3906.05
  14 0.675 296.5 3601.06
  15 0.725 298.9 3474.41
  16 0.775 302.2 3261.68
  17 0.825 301.2 3008.78
  18 0.875 301.5 3093.39
  19 0.925 304.8 2891.27
  20 0.975 307.9 2570.96
97650 20 6000
  1 0.025 312.2 2464.61
  2 0.075 302.3 2605.31
  3 0.125 304 2732.91
  4 0.175 308.3 2861.01
  5 0.225 305.5 2957.2
  6 0.275 301 3250.66
  7 0.325 293.5 3652.56
  8 0.375 302.1 3667.29
  9 0.425 303.7 3756.21
  10 0.475 287.4 4125.17
  11 0.525 289.3 4271.3
  12 0.575 290.5 3945.1
  13 0.625 286.5 3875.27
  14 0.675 289.3 3687.33
  15 0.725 301.7 3537.66
  16 0.775 302.1 3309.09
  17 0.825 303.1 3099.21
  18 0.875 298.5 3081.84
  19 0.925 306.5 2819.48
  20 0.975 312.5 2642.56
98700 20 6000
  1 0.025 308.1 2438.11
  2 0.075 302.1 2658.32
  3 0.125 309 2775.45
  4 0.175 309.3 2775.13
  5 0.225 304.8 2904.22
  6 0.275 294.2 3326.93
  7 0.325 287.8 3294.46
  8 0.375 295.4 3688.81
  9 0.425 303.9 3890.85
  10 0.475 287.2 4059.97
  11 0.525 293 4059.12
  12 0.575 289.8 3989.38
  13 0.625 293.3 3980.41
  14 0.675 290.8 3706.62
  15 0.725 303.5 3482.8
  16 0.775 302.8 3399.58
  17 0.825 302.9 3247.2
  18 0.875 300.9 3067.76
  19 0.925 313.9 2840.48
  20 0.975 307.3 2661.97
99750 20 6000
  1 0.025 311.3 2495.76
  2 0.075 305.4 2585.4
  3 0.125 301.8 2787.6
  4 0.175 307.8 2833.47
  5 0.225 305.8 3008.42
  6 0.275 300.1 3337.46
  7 0.325 294.3 3624.23
  8 0.375 302 3721.53
  9 0.425 302.7 3708.92
  10 0.475 290 4094.44
  11 0.525 293.7 4037.92
  12 0.575 284.3 4156.91
  13 0.625 289.7 3893.27
  14 0.675 287.2 3796.57
  15 0.725 301.5 3443.47
  16 0.775 304.8 3218.97
  17 0.825 300.5 3282.7
  18 0.875 300.2 3083.6
  19 0.925 307.9 2777.45
  20 0.975 309 2676.06
100800 20 6000
  1 0.025 316.5 2482.19
  2 0.075 303.3 2636.18
  3 0.125 304.8 2830.48
  4 0.175 309.6 2971.27
  5 0.225 308.7 3010.59
  6 0.275 300.8 3375.85
  7 0.325 290 3414.96
  8 0.375 297.8 3615.93
  9 0.425 302.4 3767.96
  10 0.475 284.7 4074.07
  11 0.525 289.6 4105.27
  12 0.575 284.7 3930.86
  13 0.625 290.3 3962.78
  14 0.675 293.7 3717.39
  15 0.725 301.9 3432.15
  16 0.775 304.7 3460.61
  17 0.825 301.1 3106.22
  18 0.875 301.6 2983.58
  19 0.925 306.2 2883.98
  20 0.975 307.6 2589.25
101850 20 6000
  1 0.025 314.1 2483.52
  2 0.075 303.8 2549.82
  3 0.125 307.2 2831.79
  4 0.175 302.9 2924.84
  5 0.225 306 3039.66
  6 0.275 302.4 3363.04
  7 0.325 291.5 3503.44
  8 0.375 301.2 3713.54
  9 0.425 307.3 3749.96
  10 0.475 286.2 3966.99
  11 0.525 293 4053.78
  12 0.575 287.2 4188.8
  13 0.625 293.8 4010.69
  14 0.675 288.9 3771.11
  15 0.725 300.7 3550.43
  16 0.775 300.9 3194.02
  17 0.825 303.6 3128.26
  18 0.875 297.2 3010.41
  19 0.925 308.4 2930.33
  20 0.975 303.7 2651.89
102900 20 6000
  1 0.025 308.2 2614.91
  2 0.075 303.7 2690.84
  3 0.125 308.7 2740.74
  4 0.175 311.4 2967.31
  5 0.225 305.5 3047.9
  6 0.275 298.5 3390.22
  7 0.325 294.3 3629.5
  8 0.375 300.1 3675.41
  9 0.425 303.3 3817.05
  10 0.475 279.6 3880.84
  11 0.525 292.2 4038.08
  12 0.575 283.4 4267.12
  13 0.625 292.9 3876.93
  14 0.675 282.8 3854.7
  15 0.725 299.2 3505.65
  16 0.775 303.4 3340.21
  17 0.825 305.4 3295.38
  18 0.875 302.1 3126.59
  19 0.925 311.1 2808.96
  20 0.975 314.2 2660.02
103950 20 6000
  1 0.025 308.2 2646.58
  2 0.075 302 2666.39
  3 0.125 305.3 2773.1
  4 0.175 305.2 2873.69
  5 0.225 305 3061.98
  6 0.275 301.9 3353.77
  7 0.325 292.2 3517.32
  8 0.375 303.7 3589.91
  9 0.425 299.6 3694.73
  10 0.475 282.5 3855.71
  11 0.525 291.1 4251.91
  12 0.575 290.8 4055.5
  13 0.625 296.7 4162.03
  14 0.675 290.2 3833.56
  15 0.725 301.7 3586.94
  16 0.775 301 3362.78
  17 0.825 302.3 3135.43
  18 0.875 300.5 3018.57
  19 0.925 313.1 2757.77
  20 0.975 307 2621.2
105000 20 6000
  1 0.025 314 2529.12
  2 0.075 305.4 2684.79
  3 0.125 308.6 2956.49
  4 0.175 307.9 2863.24
  5 0.225 305.4 3235.8
  6 0.275 296.8 3232.44
  7 0.325 289.9 3514.73
  8 0.375 301 3579.37
  9 0.425 299.6 3911.81
  10 0.475 284.1 4018.18
  11 0.525 283.6 4152.12
  12 0.575 291.1 4056.22
  13 0.625 296.3 4015.66
  14 0.675 292.1 3693.39
  15 0.725 301 3563.07
  16 0.775 303.4 3458.03
  17 0.825 300.3 3257.34
  18 0.875 304.1 3017.01
  19 0.925 307.2 2851.62
  20 0.975 308.2 2649.33
106050 20 6000
  1 0.025 315.7 2597.42
  2 0.075 303.5 2761.79
  3 0.125 305.6 2870.86
  4 0.175 308.2 2885.11
  5 0.225 306.1 3162.52
  6 0.275 296.8 3316.07
  7 0.325 295.2 3390.52
  8 0.375 299.8 3767.81
  9 0.425 302.9 3962.62
  10 0.475 289.3 4138.5
  11 0.525 288.2 4145.23
  12 0.575 286.9 4095.8
  13 0.625 295 3895.09
  14 0.675 290.2 3741.14
  15 0.725 300.7 3607.87
  16 0.775 297.7 3387.57
  17 0.825 300.1 3250.81
  18 0.875 300.4 3049.91
  19 0.925 311.8 2861.23
  20 0.975 305.9 2603.92
107100 20 6000
  1 0.025 308.3 2561.82
  2 0.075 306.6 2654.91
  3 0.125 305.1 2791
  4 0.175 307.9 2943.88
  5 0.225 303.9 3176.78
  6 0.275 297.6 3306.42
  7 0.325 294.1 3476.68
  8 0.375 297.3 3711.01
  9 0.425 301 3959.56
  10 0.475 287.9 3937.44
  11 0.525 292.3 4227.35
  12 0.575 291.3 4287.87
  13 0.625 289.7 4122.17
  14 0.675 293.2 3845.99
  15 0.725 304.6 3579.91
  16 0.775 298.7 3383.04
  17 0.825 301.3 3217.76
  18 0.875 298.9 3240.39
  19 0.925 308.8 2687.6
  20 0.975 311.5 2600.07
108150 20 6000
  1 0.025 312.4 2585.22
  2 0.075 306.4 2716.42
  3 0.125 305.7 2817.83
  4 0.175 310.7 2960.2
  5 0.225 307 3180.62
  6 0.275 299 3341.14
  7 0.325 292.4 3523.71
  8 0.375 302.7 3591.7
  9 0.425 296.6 4109.24
  10 0.475 282 4222.9
  11 0.525 291.5 3932.24
  12 0.575 288.5 4163.25
  13 0.625 294.6 4006.89
  14 0.675 283.9 3737.67
  15 0.725 296.5 3652.73
  16 0.775 300.6 3481.09
  17 0.825 299.8 3190.06
  18 0.875 304.2 2992.19
  19 0.925 311.3 2881.48
  20 0.975 314.2 2620.8
109200 20 6000
  1 0.025 308.9 2500.17
  2 0.075 302.8 2742.87
  3 0.125 304.1 2813.2
  4 0.175 307.3 2901.93
  5 0.225 302.1 3189.69
  6 0.275 300.1 3271.79
  7 0.325 295.2 3372.62
  8 0.375 295.8 3806.87
  9 0.425 304.7 3886.21
  10 0.475 282 4148.49
  11 0.525 292.7 4328.46
  12 0.575 288.4 4147.03
  13 0.625 288.9 4052.47
  14 0.675 294 3871.27
  15 0.725 305.5 3745.33
  16 0.775 300.8 3472.32
  17 0.825 302 3154.43
  18 0.875 302.8 2971.2
  19 0.925 312.5 2900.84
  20 0.975 309.4 2725.91
110250 20 6000
  1 0.025 315.4 2624.3
  2 0.075 301.7 2826.24
  3 0.125 306.3 2788.31
  4 0.175 310.1 3053.47
  5 0.225 308.8 3226.99
  6 0.275 300.9 3240.74
  7 0.325 298.6 3516.49
  8 0.375 296.2 3824.8
  9 0.425 297.4 4095.2
  10 0.475 287 4301.02
  11 0.525 286.5 4114.49
  12 0.575 288.3 4116.65
  13 0.625 287 4181.2
  14 0.675 293.3 3728.91
  15 0.725 299.7 3599.59
  16 0.775 303.6 3406.53
  17 0.825 300.6 3246.77
  18 0.875 302.3 2927.73
  19 0.925 307.4 2796.75
  20 0.975 308.9 2768.68
111300 20 6000
  1 0.025 315.8 2710.37
  2 0.075 301.3 2861.5
  3 0.125 306.7 2994.67
  4 0.175 311.5 2928.84
  5 0.225 305.1 3175.62
  6 0.275 300.5 3307.33
  7 0.325 298.1 3504.8
  8 0.375 296 3761
  9 0.425 301 3938.26
  10 0.475 281.5 4419.2
  11 0.525 284.8 4255.67
  12 0.575 283.2 4341
  13 0.625 293 4043.26
  14 0.675 294.8 3851.9
  15 0.725 304.8 3777.21
  16 0.775 301.7 3369.19
  17 0.825 300.1 3222.08
  18 0.875 302.2 2943.83
  19 0.925 307.7 2792.62
  20 0.975 310.2 2698.27
112350 20 6000
  1 0.025 311.1 2652.98
  2 0.075 301.2 2832.61
  3 0.125 308 2920.84
  4 0.175 310.5 2991.32
  5 0.225 304 3128.51
  6 0.275 298.9 3294.18
  7 0.325 297.2 3426.92
  8 0.375 296.3 3813.69
  9 0.425 309.1 4047.44
  10 0.475 281.3 4602.79
  11 0.525 282.8 4352.88
  12 0.575 290 4114.49
  13 0.625 288.8 4120.09
  14 0.675 288.5 3990.96
  15 0.725 306.9 3713.69
  16 0.775 300.8 3357.02
  17 0.825 303 3285.91
  18 0.875 300.3 2925.15
  19 0.925 309.8 2905.44
  20 0.975 311.5 2767.04
113400 20 6000
  1 0.025 310.9 2707.41
  2 0.075 307 2707.63
  3 0.125 309.8 2788.42
  4 0.175 313.3 3037.38
  5 0.225 305.9 3171.17
  6 0.275 299.9 3382.46
  7 0.325 298 3563.42
  8 0.375 291 3815.71
  9 0.425 296.3 3950.35
  10 0.475 288.3 4258.63
  11 0.525 288.1 4456.89
  12 0.575 285.6 4147.34
  13 0.625 286.6 4102.46
  14 0.675 288.6 3808.3
  15 0.725 303.3 3689.56
  16 0.775 300.2 3551.47
  17 0.825 306.7 3118.03
  18 0.875 300.8 3039.14
  19 0.925 312.4 2971.47
  20 0.975 307.3 2761.25
114450 20 6000
  1 0.025 310.2 2834.35
  2 0.075 306.6 2745.96
  3 0.125 305.4 2939.22
  4 0.175 310.6 3075.43
  5 0.225 306.3 3229.01
  6 0.275 302.7 3438.07
  7 0.325 297.6 3583.41
  8 0.375 296.6 3775.64
  9 0.425 299.3 4235.39
  10 0.475 291.5 4385.79
  11 0.525 286.7 4543.04
  12 0.575 293.6 4274.29
  13 0.625 286.4 4159.31
  14 0.675 284.9 3885.08
  15 0.725 304.2 3778.11
  16 0.775 298.7 3357.05
  17 0.825 305.1 3153.75
  18 0.875 296.1 3043.01
  19 0.925 309 2723.35
  20 0.975 308.5 2634.25
115500 20 6000
  1 0.025 305.9 2625.24
  2 0.075 310.7 2752.62
  3 0.125 311.8 3037.71
  4 0.175 311 3078.35
  5 0.225 302 3270.54
  6 0.275 292.8 3412.52
  7 0.325 294.2 3592.76
  8 0.375 295.4 3808.16
  9 0.425 293.3 4029.28
  10 0.475 284.8 4304.91
  11 0.525 288.3 4361.2
  12 0.575 287.7 4462.76
  13 0.625 289.2 4070.21
  14 0.675 289.9 3964.14
  15 0.725 305.1 3686.09
  16 0.775 303.4 3570.52
  17 0.825 304.4 3231.68
  18 0.875 303.3 3014.7
  19 0.925 312.8 2919.87
  20 0.975 314 2654.84
116550 20 6000
  1 0.025 310.2 2667.52
  2 0.075 304.8 2756.1
  3 0.125 307.8 2839.73
  4 0.175 309.4 3136.35
  5 0.225 306.5 3367.27
  6 0.275 301.5 3421.35
  7 0.325 296.8 3824.91
  8 0.375 297.7 3933.61
  9 0.425 298.5 4045.58
  10 0.475 287.5 4413.42
  11 0.525 287.3 4485.32
  12 0.575 282.8 4387.45
  13 0.625 293.9 4262.96
  14 0.675 290 3888.63
  15 0.725 303.5 3683.18
  16 0.775 300.2 3492.25
  17 0.825 303 3193.15
  18 0.875 299.4 3016.02
  19 0.925 310.5 2918.51
  20 0.975 308.7 2791.14
117600 20 6000
  1 0.025 313.4 2741.04
  2 0.075 301.8 2818.32
  3 0.125 310.6 2991.3
  4 0.175 311.8 3129.59
  5 0.225 305.3 3398.97
  6 0.275 297.7 3451.19
  7 0.325 295.7 3803.8
  8 0.375 295.4 3813.59
  9 0.425 298.1 4081.23
  10 0.475 289.4 4431.89
  11 0.525 286 4682.56
  12 0.575 289.8 4496.24
  13 0.625 289.1 4256.72
  14 0.675 288.7 4098.63
  15 0.725 303.6 3790.17
  16 0.775 300.2 3432.4
  17 0.825 301 3186.04
  18 0.875 303.3 3014.24
  19 0.925 311.8 2817.4
  20 0.975 307.3 2858.27
118650 20 6000
  1 0.025 306.9 2686.92
  2 0.075 306.7 2963.65
  3 0.125 312.1 2933.31
  4 0.175 312 3105.1
  5 0.225 300.9 3288.37
  6 0.275 295 3442.45
  7 0.325 295.6 3618.81
  8 0.375 287.2 3838.5
  9 0.425 298.6 4041.29
  10 0.475 289.3 4357.34
  11 0.525 283.6 4518.45
  12 0.575 289.9 4545.89
  13 0.625 286.5 4316.51
  14 0.675 290.3 4162.45
  15 0.725 306.9 3792.24
  16 0.775 307 3506.94
  17 0.825 300.7 3397.74
  18 0.875 307.1 2943.46
  19 0.925 312.3 2912.33
  20 0.975 311.4 2836.78
119700 20 6000
  1 0.025 313.8 2714.87
  2 0.075 306.7 2886.75
  3 0.125 304.4 2945.07
  4 0.175 312.8 3109.99
  5 0.225 309.4 3320.96
  6 0.275 303.6 3518.16
  7 0.325 302.7 3831.17
  8 0.375 293.7 3952.64
  9 0.425 297.5 4198.95
  10 0.475 291 4384.34
  11 0.525 287 4563.09
  12 0.575 289.3 4461.6
  13 0.625 288 4248.37
  14 0.675 290.7 4028.41
  15 0.725 302.1 3829.92
  16 0.775 298.8 3558.47
  17 0.825 301.1 3339.26
  18 0.875 299.2 3105.03
  19 0.925 305.3 2927.3
  20 0.975 302.9 2808.4
120750 20 6000
  1 0.025 312.4 2759.6
  2 0.075 304.7 2879.57
  3 0.125 312.2 2939.63
  4 0.175 310.5 2974.05
  5 0.225 304.5 3258.61
  6 0.275 294.6 3521.2
  7 0.325 296.6 3763.7
  8 0.375 294.8 4004.61
  9 0.425 295.7 4237.29
  10 0.475 283.9 4409.44
  11 0.525 281.7 4508.37
  12 0.575 285.4 4361.8
  13 0.625 286.8 4168.91
  14 0.675 290.8 4175.41
  15 0.725 304.1 3997.4
  16 0.775 303.3 3654.79
  17 0.825 307.1 3330.77
  18 0.875 305.2 3196.29
  19 0.925 309.6 3030.47
  20 0.975 316.1 2711.82
121800 20 6000
  1 0.025 314.5 2702.1
  2 0.075 302.8 2774.76
  3 0.125 304.2 2843.02
  4 0.175 312.3 3241.76
  5 0.225 306.9 3269.92
  6 0.275 298.7 3573.31
  7 0.325 301 3770.56
  8 0.375 290.8 4054.65
  9 0.425 299.1 4095.94
  10 0.475 288.2 4542.8
  11 0.525 285.7 4732.41
  12 0.575 297.8 4421.99
  13 0.625 286.5 4312.98
  14 0.675 288.4 4107.82
  15 0.725 301.2 3844.6
  16 0.775 299.4 3530.08
  17 0.825 300.9 3354.69
  18 0.875 302.1 3310.22
  19 0.925 307.4 2928.55
  20 0.975 312.1 2704.97
122850 20 6000
  1 0.025 318.2 2752.24
  2 0.075 302.1 2749.95
  3 0.125 308.9 2918.45
  4 0.175 314 3242.66
  5 0.225 305.3 3214.52
  6 0.275 300.6 3608.62
  7 0.325 297.6 3722.14
  8 0.375 292.8 4143.94
  9 0.425 292 4328.93
  10 0.475 286.3 4555.98
  11 0.525 287 4522.96
  12 0.575 292.5 4569.11
  13 0.625 288.6 4446.49
  14 0.675 291.5 4144.45
  15 0.725 301.1 3766.9
  16 0.775 300.9 3606.93
  17 0.825 300.5 3421.82
  18 0.875 302.9 3284.12
  19 0.925 307 2867.74
  20 0.975 310.2 2866.79
123900 20 6000
  1 0.025 311.2 2794.88
  2 0.075 306.2 2872.97
  3 0.125 311.4 2917.21
  4 0.175 313.1 3193.34
  5 0.225 303 3249.03
  6 0.275 294.1 3551.58
  7 0.325 296 3727.11
  8 0.375 300 3884.38
  9 0.425 293.8 4371.41
  10 0.475 289.7 4629.97
  11 0.525 285 4644.15
  12 0.575 288.5 4431.27
  13 0.625 289.9 4411.28
  14 0.675 284.4 4181.53
  15 0.725 303.4 3838.01
  16 0.775 298.4 3658.68
  17 0.825 304.4 3472.74
  18 0.875 302.6 3207.6
  19 0.925 310.6 2827.61
  20 0.975 314.3 2751.42
124950 20 6000
  1 0.025 315.8 2725.62
  2 0.075 304.2 2791.45
  3 0.125 310.5 2959.83
  4 0.175 313 3146.47
  5 0.225 302.3 3364.77
  6 0.275 295.8 3534.55
  7 0.325 296.9 4048.45
  8 0.375 294.1 4203.26
  9 0.425 300.1 4274.69
  10 0.475 289.9 4575.36
  11 0.525 281.8 4684.94
  12 0.575 291.2 4567.05
  13 0.625 285.5 4389.12
  14 0.675 288.2 4124.62
  15 0.725 305.9 3850.95
  16 0.775 299.9 3734.49
  17 0.825 302.3 3614.77
  18 0.875 305.4 3070.38
  19 0.925 306.6 2919.86
  20 0.975 310.6 2805.77
126000 20 6000
  1 0.025 313.9 2786.09
  2 0.075 306 2913.22
  3 0.125 316.5 2863.4
  4 0.175 310.9 3148.11
  5 0.225 302.1 3347.86
  6 0.275 294.1 3861.12
  7 0.325 297.4 3880.93
  8 0.375 293.8 4077.89
  9 0.425 295.3 4447.28
  10 0.475 288 4664.99
  11 0.525 282.5 4696.72
  12 0.575 283.8 4977.2
  13 0.625 292.9 4489.28
  14 0.675 294.5 4209.65
  15 0.725 302.7 3908.75
  16 0.775 297.8 3485.89
  17 0.825 302.8 3664.32
  18 0.875 302.3 3226.04
  19 0.925 312.5 2885.71
  20 0.975 310.2 2755.94
127050 20 6000
  1 0.025 313.1 2621.11
  2 0.075 305.4 2765.84
  3 0.125 307.6 2992.88
  4 0.175 315.2 3128.89
  5 0.225 302 3484.99
  6 0.275 295.3 3604.72
  7 0.325 301.3 3838.2
  8 0.375 295.1 4273.73
  9 0.425 299.1 4353.13
  10 0.475 287.2 4524.89
  11 0.525 283 4721.88
  12 0.575 287.3 4893.06
  13 0.625 290.7 4485.88
  14 0.675 290 4368.78
  15 0.725 308.3 3968.42
  16 0.775 295.9 3751.68
  17 0.825 303.2 3448.58
  18 0.875 301.9 3260.28
  19 0.925 310.2 3027.86
  20 0.975 308.2 2830.43
128100 20 6000
  1 0.025 309.1 2803.99
  2 0.075 310.4 2870.1
  3 0.125 315.3 2982.77
  4 0.175 308.2 3206.52
  5 0.225 302.5 3419.75
  6 0.275 295.2 3694.21
  7 0.325 293.5 3998.6
  8 0.375 291.6 4184.99
  9 0.425 294.4 4494.88
  10 0.475 283.7 4761.75
  11 0.525 285.7 4759.27
  12 0.575 286.3 4689.25
  13 0.625 289.7 4606.26
  14 0.675 289.3 4124.5
  15 0.725 304.8 3987.75
  16 0.775 308.5 3601.74
  17 0.825 301 3667.45
  18 0.875 303.5 3242.25
  19 0.925 313.6 2991.79
  20 0.975 313.7 2952.76
129150 20 6000
  1 0.025 322 2688.37
  2 0.075 304 2853.36
  3 0.125 306.2 2964.73
  4 0.175 310.7 3161.86
  5 0.225 301.9 3607.03
  6 0.275 298.9 3806.23
  7 0.325 301.2 3963.2
  8 0.375 302.7 4233.06
  9 0.425 298 4587.36
  10 0.475 284.3 4614.7
  11 0.525 283.6 4829.05
  12 0.575 290.2 4771.28
  13 0.625 293.7 4513
  14 0.675 295 4357.95
  15 0.725 297.6 4047.16
  16 0.775 292.7 3635.24
  17 0.825 301.3 3357.64
  18 0.875 301.8 3399.82
  19 0.925 310.2 3057.43
  20 0.975 304 3017.05
130200 20 6000
  1 0.025 314.6 2699.27
  2 0.075 305.7 2935.47
  3 0.125 313.9 3113.51
  4 0.175 311.3 3209.07
  5 0.225 305.1 3553.56
  6 0.275 294.3 3844.2
  7 0.325 297.9 4064.17
  8 0.375 294.3 4136.88
  9 0.425 292.7 4447.83
  10 0.475 282.9 4616.12
  11 0.525 286.5 4828.36
  12 0.575 282.7 4803.58
  13 0.625 290.6 4452.57
  14 0.675 292.2 4379.33
  15 0.725 299.8 4282.22
  16 0.775 302.8 3811.47
  17 0.825 306.5 3386.85
  18 0.875 305.2 3390.56
  19 0.925 311.1 3111.51
  20 0.975 309.9 2946.68
131250 20 6000
  1 0.025 317.1 2766.72
  2 0.075 306.7 2933.55
  3 0.125 309.8 3055.53
  4 0.175 314.6 3259.7
  5 0.225 308.8 3670.35
  6 0.275 292.3 3860.19
  7 0.325 293.6 4074.52
  8 0.375 297.5 4242.98
  9 0.425 294.7 4309.06
  10 0.475 285.7 4882.38
  11 0.525 286.1 4909.22
  12 0.575 291.6 4834.91
  13 0.625 290.6 4695.83
  14 0.675 283.4 4431.42
  15 0.725 307.3 4185.08
  16 0.775 296.4 3714.02
  17 0.825 305.5 3500.61
  18 0.875 302.8 3426.24
  19 0.925 308 3064.18
  20 0.975 307.5 2823.45
132300 20 6000
  1 0.025 313.8 2864.54
  2 0.075 307.6 2927.3
  3 0.125 313.6 2956.56
  4 0.175 310.6 3289.67
  5 0.225 299.9 3537.82
  6 0.275 296.6 3754.36
  7 0.325 296.8 4016.04
  8 0.375 291.7 4218.06
  9 0.425 300.1 4411.12
  10 0.475 285.5 4727.65
  11 0.525 282.7 5251.38
  12 0.575 287.1 5017.61
  13 0.625 293.3 4834.37
  14 0.675 287.9 4439.12
  15 0.725 307.2 4017.3
  16 0.775 294.2 3769.56
  17 0.825 304.8 3533.86
  18 0.875 305.3 3128.06
  19 0.925 310.2 3181.35
  20 0.975 311.1 2940.44
133350 20 6000
  1 0.025 319.6 2906.8
  2 0.075 305.4 3003.88
  3 0.125 313.6 3120.21
  4 0.175 311.6 3333.22
  5 0.225 305.6 3373.64
  6 0.275 294.2 3909.31
  7 0.325 296.7 4176.92
  8 0.375 297.9 4522.81
  9 0.425 300.4 4679.31
  10 0.475 284.2 4947.51
  11 0.525 281.7 5073
  12 0.575 285.2 5003.21
  13 0.625 285.8 4832.31
  14 0.675 285.5 4460.71
  15 0.725 302.8 4136.16
  16 0.775 298.2 3924.07
  17 0.825 299.6 3662.68
  18 0.875 307.3 3311.49
  19 0.925 312.9 3072.31
  20 0.975 311.8 2952.06
134400 20 6000
  1 0.025 321.7 2818.03
  2 0.075 305.5 3091.15
  3 0.125 310.4 3231.24
  4 0.175 315.1 3307.98
  5 0.225 304.9 3540.01
  6 0.275 296.8 3968.89
  7 0.325 300.6 3931.29
  8 0.375 292.7 4421.13
  9 0.425 296.1 4961.5
  10 0.475 283.2 5207.84
  11 0.525 279 5026.62
  12 0.575 287.5 5138.45
  13 0.625 295.3 4885.85
  14 0.675 290.6 4363.9
  15 0.725 300.4 4215.51
  16 0.775 295.2 3874.06
  17 0.825 303.2 3633.79
  18 0.875 305 3321.13
  19 0.925 310.4 3141.27
  20 0.975 306.4 2853.27
135450 20 6000
  1 0.025 313.2 2985.71
  2 0.075 306.1 3062.65
  3 0.125 311.3 3043.51
  4 0.175 312.1 3392.7
  5 0.225 300.4 3620.39
  6 0.275 299.7 3721.47
  7 0.325 296 3963.5
  8 0.375 294 4361.9
  9 0.425 290.4 4880.31
  10 0.475 282.8 5092.75
  11 0.525 281.7 5474.44
  12 0.575 288.4 5060.88
  13 0.625 290.9 5072.17
  14 0.675 289.9 4563.11
  15 0.725 307.1 4293.76
  16 0.775 299.1 4028.32
  17 0.825 308.5 3682.49
  18 0.875 304.6 3429.62
  19 0.925 312.2 3167.42
  20 0.975 311.6 2946.49
136500 20 6000
  1 0.025 318.6 2994.31
  2 0.075 306.9 2955.47
  3 0.125 310.9 3194.42
  4 0.175 314.6 3466.85
  5 0.225 308.1 3422.72
  6 0.275 300.9 4025.05
  7 0.325 295.4 4312.82
  8 0.375 292.5 4599.54
  9 0.425 293.7 4682.05
  10 0.475 290.3 5022.06
  11 0.525 280.3 5529
  12 0.575 287.1 5192.46
  13 0.625 282.9 4863.32
  14 0.675 286.8 4574.63
  15 0.725 301.2 4157.8
  16 0.775 296.5 3846.94
  17 0.825 301.4 3732.31
  18 0.875 308.7 3399.3
  19 0.925 313 3248.01
  20 0.975 310.2 3058.5
137550 20 6000
  1 0.025 313.3 2876.62
  2 0.075 307.8 3081.38
  3 0.125 311.7 3238.91
  4 0.175 309.7 3307.87
  5 0.225 301 3778.58
  6 0.275 294.8 4018
  7 0.325 302 4259.61
  8 0.375 290.5 4658.59
  9 0.425 292.4 4897.25
  10 0.475 291.7 5374.56
  11 0.525 281.8 5377.24
  12 0.575 290.6 5104.92
  13 0.625 290.3 5022.69
  14 0.675 291.9 4736.78
  15 0.725 298.3 4406.73
  16 0.775 297 4153.94
  17 0.825 302.7 3632.9
  18 0.875 306.6 3424.14
  19 0.925 309 3313.07
  20 0.975 316.9 3118.27
138600 20 6000
  1 0.025 317.1 3024.4
  2 0.075 306.7 3113.41
  3 0.125 317.8 3237.98
  4 0.175 312.6 3536.06
  5 0.225 304.7 3723.69
  6 0.275 296.3 4118.17
  7 0.325 301 4488.38
  8 0.375 290 4778.64
  9 0.425 284 4859.17
  10 0.475 288 5246.26
  11 0.525 278.7 5443.09
  12 0.575 285 5276.95
  13 0.625 287.4 5015.72
  14 0.675 286.8 4924.17
  15 0.725 301.6 4242.46
  16 0.775 301.6 4063.72
  17 0.825 306.5 3769.07
  18 0.875 309.6 3446.77
  19 0.925 312 3237.07
  20 0.975 312.6 3144.7
139650 20 6000
  1 0.025 318.5 3088.67
  2 0.075 307.6 3224.23
  3 0.125 312.4 3321.58
  4 0.175 313.4 3627.09
  5 0.225 308.9 3759.23
  6 0.275 301.1 4220.95
  7 0.325 293.3 4556.53
  8 0.375 291.8 4814.91
  9 0.425 294.1 5092.06
  10 0.475 284.4 5393.87
  11 0.525 278.8 5517.36
  12 0.575 277.2 5308.64
  13 0.625 291.8 5210.85
  14 0.675 288.3 4702.91
  15 0.725 303.5 4515.76
  16 0.775 303.4 4050.76
  17 0.825 304.3 3823.76
  18 0.875 306.4 3532
  19 0.925 313.5 3216.68
  20 0.975 307.3 3141.83
140700 20 6000
  1 0.025 318.6 3073.42
  2 0.075 307.1 3156.02
  3 0.125 314.9 3295.19
  4 0.175 310.7 3588.16
  5 0.225 303.2 3681.18
  6 0.275 301.8 4129.42
  7 0.325 293.9 4663.13
  8 0.375 296.9 4831.61
  9 0.425 285.5 5470.19
  10 0.475 284.5 5614.08
  11 0.525 281.8 5803.04
  12 0.575 284.7 5449.39
  13 0.625 286.4 5310.14
  14 0.675 291.2 4933.94
  15 0.725 305.3 4496.99
  16 0.775 301.2 4207.01
  17 0.825 307.9 3535.95
  18 0.875 305.6 3514.71
  19 0.925 308.1 3364.01
  20 0.975 310.7 3233.39
141750 20 6000
  1 0.025 319.4 3164.01
  2 0.075 310.2 3249.23
  3 0.125 314.8 3423.66
  4 0.175 313.2 3682.02
  5 0.225 303.9 3874.2
  6 0.275 300.3 4286.1
  7 0.325 301.6 4699.24
  8 0.375 294.5 5180.42
  9 0.425 289.5 5261.49
  10 0.475 279.7 5826.51
  11 0.525 275.1 5940.23
  12 0.575 277.3 5737.54
  13 0.625 285 5222.55
  14 0.675 288.4 5016.38
  15 0.725 301.8 4507.89
  16 0.775 304.7 4187.76
  17 0.825 308 3766.93
  18 0.875 307.7 3660.61
  19 0.925 314.3 3381.11
  20 0.975 310.6 3166.17
142800 20 6000
  1 0.025 320 3048.12
  2 0.075 313.4 3233.09
  3 0.125 316.1 3600.36
  4 0.175 316.5 3625.93
  5 0.225 298.2 3990.86
  6 0.275 295.3 4381.91
  7 0.325 292.1 4901.65
  8 0.375 291.5 5224.95
  9 0.425 285.5 5383.79
  10 0.475 283.8 6028.13
  11 0.525 282.9 6109.91
  12 0.575 279.4 6041.66
  13 0.625 289.8 5473.48
  14 0.675 286 5029.13
  15 0.725 302.6 4551.08
  16 0.775 306 4200.98
  17 0.825 305.4 3886.53
  18 0.875 310.3 3496.98
  19 0.925 313 3424.29
  20 0.975 312.2 3242.99
143850 20 6000
  1 0.025 318.6 2986.34
  2 0.075 311.3 3253.53
  3 0.125 313.6 3479.13
  4 0.175 316.7 3783.85
  5 0.225 304.2 4153.06
  6 0.275 297.9 4632.09
  7 0.325 287.9 4803.16
  8 0.375 292.6 5424.53
  9 0.425 285 5902.02
  10 0.475 284.6 6042.93
  11 0.525 283.2 6232.91
  12 0.575 276.4 6165.45
  13 0.625 287.2 5934.85
  14 0.675 289 5414.96
  15 0.725 305.7 4634.32
  16 0.775 306 4100.04
  17 0.825 307.7 3993.84
  18 0.875 306.5 3709.61
  19 0.925 313.4 3290.02
  20 0.975 312.5 3288.53
144900 20 6000
  1 0.025 323.7 3231.55
  2 0.075 314.8 3274.09
  3 0.125 320.7 3484.5
  4 0.175 318.1 3811.27
  5 0.225 303.8 4320.16
  6 0.275 302.8 4691.41
  7 0.325 297 5089.89
  8 0.375 291.3 5643.75
  9 0.425 281.5 6012.99
  10 0.475 278.4 6296.04
  11 0.525 279.9 6861.99
  12 0.575 270.9 6487.68
  13 0.625 281.4 5835.07
  14 0.675 289.2 5325.29
  15 0.725 301.3 4910.69
  16 0.775 300.5 4234.95
  17 0.825 302.4 3949.78
  18 0.875 314 3700.94
  19 0.925 318.5 3481.82
  20 0.975 309.8 3328.92
145950 20 6000
  1 0.025 316.2 3220.38
  2 0.075 310.3 3176.55
  3 0.125 319.5 3483.66
  4 0.175 315.5 3859.08
  5 0.225 304 4332.01
  6 0.275 299.5 4799.77
  7 0.325 295.2 5363.5
  8 0.375 286.8 5897.13
  9 0.425 283.7 6263.54
  10 0.475 277.7 6930.27
  11 0.525 280.4 7501.27
  12 0.575 277.6 6679.3
  13 0.625 283.6 6136.29
  14 0.675 285.6 5565.44
  15 0.725 300.5 5113.4
  16 0.775 307.9 4595.73
  17 0.825 307.7 4191.96
  18 0.875 316.6 3862.26
  19 0.925 316 3594.66
  20 0.975 315.7 3269.2
147000 20 6000
  1 0.025 330.4 3119.94
  2 0.075 317.7 3360.89
  3 0.125 319.3 3748.21
  4 0.175 318 3963.8
  5 0.225 309.3 4280.84
  6 0.275 301.5 5073.94
  7 0.325 299.7 5595.71
  8 0.375 283.9 6511.41
  9 0.425 274.6 7033.2
  10 0.475 274.4 7694.36
  11 0.525 273.2 7506.29
  12 0.575 267.2 7632.29
  13 0.625 279.3 6596.09
  14 0.675 288.7 5853.66
  15 0.725 302.3 5317.3
  16 0.775 301.8 5044.85
  17 0.825 307 4432.27
  18 0.875 314.9 3980.64
  19 0.925 322 3707.38
  20 0.975 314.8 3309.73
148050 20 6000
  1 0.025 321.4 3285.48
  2 0.075 319.6 3365.93
  3 0.125 319.8 3832.84
  4 0.175 313.2 4076.57
  5 0.225 308.4 4658.27
  6 0.275 297.2 5291.05
  7 0.325 297 6070.28
  8 0.375 286.2 6317.3
  9 0.425 273.8 7567.03
  10 0.475 265 8912.72
  11 0.525 261.1 9132.97
  12 0.575 263.4 8613.88
  13 0.625 284.7 7631.54
  14 0.675 294.4 6268.36
  15 0.725 302.7 6078.36
  16 0.775 307.2 5139.22
  17 0.825 312.3 4766.76
  18 0.875 321.5 3970.17
  19 0.925 325.1 3574.83
  20 0.975 326 3571.06
149100 20 6000
  1 0.025 329.5 3398.74
  2 0.075 330.7 3503.89
  3 0.125 325.4 3979.67
  4 0.175 315.2 4527.44
  5 0.225 316.7 4911.26
  6 0.275 299.7 5488.25
  7 0.325 300.9 6682.61
  8 0.375 284.2 8032.96
  9 0.425 266.8 9662.46
  10 0.475 257.1 11780.2
  11 0.525 251 12718.2
  12 0.575 262.4 9998.16
  13 0.625 274.6 8988.99
  14 0.675 290.1 7392.61
  15 0.725 301.3 6395.51
  16 0.775 303.8 5488.78
  17 0.825 310.4 4894.12
  18 0.875 322 4268.74
  19 0.925 331.8 3805.55
  20 0.975 326.4 3480.5
150150 20 6000
  1 0.025 354 3735.11
  2 0.075 341.4 3850.17
  3 0.125 338.7 4354.7
  4 0.175 330 4999.78
  5 0.225 321.8 5788.32
  6 0.275 313.2 6718.92
  7 0.325 302 8879.02
  8 0.375 271.3 12330
  9 0.425 242.6 17912.3
  10 0.475 216.8 23224
  11 0.525 219.5 23934.7
  12 0.575 245.7 17762.1
  13 0.625 266.5 13568.1
  14 0.675 289.9 10117.7
  15 0.725 307.4 7818.94
  16 0.775 314.8 6581.77
  17 0.825 318.7 5460.55
  18 0.875 326.6 4679.45
  19 0.925 344.2 4227.48
  20 0.975 334.9 3849.75
