

*******************************************************************************
Fri Dec 13 16:15:33 2024


FIT:    data read from 'lattice_cohesive_energy.txt' u 2:3
        format = x:z
        #datapoints = 49
        residuals are weighted equally (unit weight)

function used for fitting: f(x)
	f(x) = (a*x/(b*(b-1)))*(b*(1-c/x)+(c/x)**b-1)+d
fitted parameters initialized with current variable values

iter      chisq       delta/lim  lambda   a             b             c             d            
   0 9.8402892706e-03   0.00e+00  3.23e+00    5.000000e-02   4.000000e+00   2.570000e+02  -6.300000e+00
   5 2.8754020720e-06  -1.34e-02  3.23e-05    4.850030e-02   3.986900e+00   2.576067e+02  -6.312000e+00

After 5 iterations the fit converged.
final sum of squares of residuals : 2.8754e-06
rel. change during last iteration : -1.34046e-07

degrees of freedom    (FIT_NDF)                        : 45
rms of residuals      (FIT_STDFIT) = sqrt(WSSR/ndf)    : 0.00025278
variance of residuals (reduced chisquare) = WSSR/ndf   : 6.38978e-08

Final set of parameters            Asymptotic Standard Error
=======================            ==========================
a               = 0.0485003        +/- 2.829e-05    (0.05833%)
b               = 3.9869           +/- 0.01848      (0.4636%)
c               = 257.607          +/- 0.01734      (0.006731%)
d               = -6.312           +/- 5.438e-05    (0.0008615%)

correlation matrix of the fit parameters:
                a      b      c      d      
a               1.000 
b              -0.071  1.000 
c              -0.033 -0.915  1.000 
d              -0.739  0.115 -0.071  1.000 
