# Fix print output for fix fluxlog
50 0.1 -123738.613968384 1.7484535914367 
100 0.2 -123738.272318782 2.21411615680068 
150 0.3 -123738.494960968 4.26954348237793 
200 0.4 -123737.992580967 6.1689856032108 
250 0.5 -123738.019310369 7.13723960307029 
300 0.6 -123737.955784352 9.19891227617231 
350 0.7 -123737.94484181 10.3112377851346 
400 0.8 -123737.633976912 13.539019752412 
450 0.9 -123737.705125971 15.5706999137508 
500 1 -123737.502310246 16.7046649176257 
550 1.1 -123737.498122503 18.9617759993908 
600 1.2 -123737.445247415 21.2073558856035 
650 1.3 -123737.594234533 23.5301657387845 
700 1.4 -123736.578460901 24.9013498729649 
750 1.5 -123736.264323352 26.5654874745275 
800 1.6 -123736.754533018 28.8395575415633 
850 1.7 -123736.350401385 30.5663995500218 
900 1.8 -123736.302052975 31.8063527821845 
950 1.9 -123735.872473491 32.7916676324129 
1000 2 -123735.707766206 35.0880794324284 
1050 2.1 -123736.31626911 36.215891442719 
1100 2.2 -123736.016607652 38.2159601511866 
1150 2.3 -123736.057299437 40.0426219479033 
1200 2.4 -123735.980970066 41.706576112029 
1250 2.5 -123735.144537793 43.5500204015612 
1300 2.6 -123735.328217821 44.2663283492534 
1350 2.7 -123734.865821437 45.1485536075709 
1400 2.8 -123735.008161056 46.1210882036241 
1450 2.9 -123735.248380544 47.8140641809677 
1500 3 -123735.118187524 49.7785967939588 
1550 3.1 -123735.538800997 50.6084052934966 
1600 3.2 -123735.276188019 52.8176446176086 
1650 3.3 -123735.524332743 53.1849651304559 
1700 3.4 -123735.454293066 54.3052603096037 
1750 3.5 -123735.871676936 55.7983217015852 
1800 3.6 -123735.494535801 57.7634761372431 
1850 3.7 -123735.399970943 59.9336657754076 
1900 3.8 -123735.384440314 61.043743294644 
1950 3.9 -123734.7071056 62.8700296455609 
2000 4 -123735.0981759 64.7478117630976 
2050 4.1 -123734.238015203 65.6918803803062 
2100 4.2 -123733.920538308 66.9248829983661 
2150 4.3 -123734.012839663 67.7963324083352 
2200 4.4 -123734.375567836 69.4201455290867 
2250 4.5 -123733.879652377 71.2677195363368 
2300 4.6 -123734.101862857 72.1905397167268 
2350 4.7 -123734.506767972 74.0487954113319 
2400 4.8 -123734.101039133 75.0694504569831 
2450 4.9 -123733.876806112 76.5695969316256 
2500 5 -123734.598866709 78.3906093423564 
2550 5.1 -123734.389186967 79.8705586753534 
2600 5.2 -123733.475293565 80.7719324826782 
2650 5.3 -123733.458958687 81.3010451846409 
2700 5.4 -123732.656111236 82.0278316156407 
2750 5.5 -123732.432910986 82.8489409175489 
2800 5.6 -123732.099131477 85.0095635936929 
2850 5.7 -123732.113909936 86.5970568259746 
2900 5.8 -123731.876727493 87.4853269099972 
2950 5.9 -123731.526042837 88.9541767480839 
3000 6 -123731.184089638 89.2704460202323 
3050 6.1 -123731.29002337 90.000570487811 
3100 6.2 -123728.580934601 90.8236334243224 
3150 6.3 -123728.936467275 91.6898345426091 
3200 6.4 -123728.703177403 92.6574349741075 
3250 6.5 -123728.314529125 95.0672325110236 
3300 6.6 -123728.699536307 96.635824479782 
3350 6.7 -123728.084614891 97.7633916305867 
3400 6.8 -123728.082324789 99.9475723772308 
3450 6.9 -123728.752542496 101.257089220873 
3500 7 -123728.043597775 101.741051487295 
3550 7.1 -123727.982800444 102.194432983624 
3600 7.2 -123727.350172032 103.818865429533 
3650 7.3 -123726.860960067 104.651203506798 
3700 7.4 -123726.908625183 106.609930462736 
3750 7.5 -123726.484879274 108.213331573895 
3800 7.6 -123726.815785927 109.588341333174 
3850 7.7 -123727.114437816 109.91610817825 
3900 7.8 -123726.91196795 110.778536056326 
3950 7.9 -123727.519695477 111.996149231939 
4000 8 -123726.863228693 112.844354026472 
4050 8.1 -123724.763753126 113.702215940949 
4100 8.2 -123722.923470484 115.416776041192 
4150 8.3 -123722.230728344 117.665003439099 
4200 8.4 -123721.829026518 117.995466695224 
4250 8.5 -123721.897602063 119.980938991479 
4300 8.6 -123722.269754634 121.650909114429 
4350 8.7 -123721.820560268 123.408919561849 
4400 8.8 -123720.573773173 125.299621516814 
4450 8.9 -123720.087407253 127.053123126342 
4500 9 -123720.089804979 128.78378752725 
4550 9.1 -123719.584071508 129.622608345694 
4600 9.2 -123718.982051977 130.037956957046 
4650 9.3 -123719.320237541 131.755817756167 
4700 9.4 -123718.768210278 133.542499758172 
4750 9.5 -123718.468398572 135.110568526893 
4800 9.6 -123718.81209771 135.979105521777 
4850 9.7 -123717.883630271 138.26230129455 
4900 9.8 -123718.116337584 140.418972222664 
4950 9.9 -123716.875125661 141.074224259272 
5000 10 -123716.180594865 142.705530780961 
5050 10.1 -123716.306530032 144.970160111376 
5100 10.2 -123716.897659238 145.75498487115 
5150 10.3 -123716.239841922 146.739794429391 
5200 10.4 -123716.368204852 147.156528475242 
5250 10.5 -123716.258626068 148.616428210756 
5300 10.6 -123716.270491298 148.918455142448 
5350 10.7 -123715.814073927 150.975961905954 
5400 10.8 -123715.503268651 152.541583039759 
5450 10.9 -123715.371044101 154.019714642656 
5500 11 -123715.653430069 156.257079937843 
5550 11.1 -123715.292528594 157.299912306979 
5600 11.2 -123715.109372366 157.711203628772 
5650 11.3 -123715.423814455 159.179013194739 
5700 11.4 -123716.009296054 160.967927631891 
5750 11.5 -123715.501646497 162.40548779651 
5800 11.6 -123715.23421573 164.277984862317 
5850 11.7 -123712.155453283 164.717092391237 
5900 11.8 -123711.845254856 165.62996639242 
5950 11.9 -123711.839092566 167.457495169012 
6000 12 -123712.179289137 168.815026890011 
6050 12.1 -123711.650555808 169.624513019748 
6100 12.2 -123711.768076881 171.348750501827 
6150 12.3 -123712.059181208 173.143966269406 
6200 12.4 -123712.031853036 174.942164463516 
6250 12.5 -123712.099110619 175.381724260217 
6300 12.6 -123711.709060046 178.072232850718 
6350 12.7 -123711.537603403 179.54811610288 
6400 12.8 -123711.616666895 181.499975778486 
6450 12.9 -123711.596639824 182.692416519547 
6500 13 -123711.590358638 183.116901787775 
6550 13.1 -123711.485110222 183.56344158897 
6600 13.2 -123711.760692725 183.980234857001 
6650 13.3 -123711.91530288 184.772730295591 
6700 13.4 -123710.960869331 185.406274138556 
6750 13.5 -123710.959723517 187.2052042487 
6800 13.6 -123711.282853604 189.012204974353 
6850 13.7 -123711.471899992 190.61815704202 
6900 13.8 -123711.383423288 191.145552012307 
6950 13.9 -123711.144678591 191.906016587213 
7000 14 -123710.899954123 193.505151669067 
7050 14.1 -123711.419052223 194.31368528265 
7100 14.2 -123710.2568371 195.482619225611 
7150 14.3 -123710.085098355 196.513907047041 
7200 14.4 -123709.662738744 197.402395107945 
7250 14.5 -123709.572996335 198.759587144759 
7300 14.6 -123709.423148375 200.168903299167 
7350 14.7 -123709.664212496 201.766837764642 
7400 14.8 -123709.95182768 202.68059255058 
7450 14.9 -123709.489547574 203.631136522914 
7500 15 -123709.552671963 204.545138703357 
7550 15.1 -123709.600893174 205.171410442868 
7600 15.2 -123709.044264472 206.600325577498 
7650 15.3 -123708.942043144 208.097729241783 
7700 15.4 -123708.849785907 208.997659680983 
7750 15.5 -123708.167054771 211.086741005257 
7800 15.6 -123708.362913711 212.960644002427 
7850 15.7 -123708.378545202 214.599107301479 
7900 15.8 -123708.050746134 215.903425664287 
7950 15.9 -123708.345563636 217.046087719136 
8000 16 -123708.461069657 217.409606281903 
8050 16.1 -123708.404330022 218.291504023106 
8100 16.2 -123708.082762571 220.387709483719 
8150 16.3 -123707.806814821 221.417846468064 
8200 16.4 -123707.357158121 223.025187060503 
8250 16.5 -123706.782438252 224.627889662757 
8300 16.6 -123707.265614807 226.79077029482 
8350 16.7 -123706.062320946 228.655786303314 
8400 16.8 -123706.005525972 229.465503096326 
8450 16.9 -123705.490576345 229.978914028813 
8500 17 -123705.414196063 230.815006934661 
8550 17.1 -123705.078002346 232.438230453806 
8600 17.2 -123705.490744725 233.608451642207 
8650 17.3 -123705.889851224 234.032369499629 
8700 17.4 -123705.554502797 234.924066807787 
8750 17.5 -123705.684526468 236.702988880501 
8800 17.6 -123705.19999681 237.598365062278 
8850 17.7 -123705.444733616 239.245083334331 
8900 17.8 -123705.59226115 240.450662133792 
8950 17.9 -123705.650450899 240.965976334253 
9000 18 -123705.779420063 241.825457803438 
9050 18.1 -123705.482188547 242.69187576781 
9100 18.2 -123705.430581291 243.236621658814 
9150 18.3 -123705.592817782 244.266054252559 
9200 18.4 -123704.942643868 245.756747030404 
9250 18.5 -123704.795039547 247.118308680095 
9300 18.6 -123704.606293115 249.287599002703 
9350 18.7 -123704.035334414 249.574144076968 
9400 18.8 -123704.226795523 251.094995375953 
9450 18.9 -123703.829733071 252.321775041367 
9500 19 -123703.589834536 253.277681180066 
9550 19.1 -123703.086547744 254.068728050059 
9600 19.2 -123703.094808519 254.915658290978 
9650 19.3 -123702.907373238 255.670115408469 
9700 19.4 -123703.312114832 256.379678806566 
9750 19.5 -123703.05179039 258.974024155812 
9800 19.6 -123703.093262382 260.876109470012 
9850 19.7 -123702.868376729 262.483544532759 
9900 19.8 -123702.697921908 264.245922517533 
9950 19.9 -123702.389115346 264.566134570808 
10000 20 -123702.215647884 264.876457693862 
10050 20.1 -123702.350034822 265.199989711674 
10100 20.2 -123702.187890676 267.102759159378 
10150 20.3 -123701.943989075 268.636013011733 
10200 20.4 -123701.892023442 270.068172326425 
10250 20.5 -123701.645700277 271.813017475772 
10300 20.6 -123701.621185493 273.364721513335 
10350 20.7 -123701.253069666 274.87548064586 
10400 20.8 -123700.679317655 275.247110115504 
10450 20.9 -123700.891230348 276.322418556494 
10500 21 -123700.948124859 277.906138901788 
10550 21.1 -123700.779883793 278.361842546057 
10600 21.2 -123700.919473713 280.114766799778 
10650 21.3 -123700.222597323 281.393753721156 
10700 21.4 -123699.532496161 283.288617807423 
10750 21.5 -123699.16097325 285.023979264391 
10800 21.6 -123698.975841499 286.653173199738 
10850 21.7 -123698.881678103 287.600590753523 
10900 21.8 -123699.044523891 289.011183538192 
10950 21.9 -123698.994722112 290.587167281473 
11000 22 -123699.353031456 291.704901937284 
11050 22.1 -123699.93503637 293.321183127891 
11100 22.2 -123697.442015469 294.818725136908 
11150 22.3 -123697.899833439 296.361351215089 
11200 22.4 -123697.714642396 296.743910941854 
11250 22.5 -123697.052216114 298.297540556176 
11300 22.6 -123696.389569952 298.581113388889 
11350 22.7 -123695.705802251 299.024415408518 
11400 22.8 -123696.075169365 300.522466283002 
11450 22.9 -123695.254920748 300.916882523211 
11500 23 -123695.683520474 302.181803914501 
11550 23.1 -123695.957978943 303.104034316704 
11600 23.2 -123695.177962273 303.45485648935 
11650 23.3 -123694.504508352 304.301783273484 
11700 23.4 -123694.200845988 306.417833516463 
11750 23.5 -123693.916870114 307.747882838888 
11800 23.6 -123694.363013395 309.575498681587 
11850 23.7 -123692.181803656 311.542295653903 
11900 23.8 -123692.388370721 312.50137144783 
11950 23.9 -123690.164163995 313.767714257565 
12000 24 -123690.485521773 314.075694217257 
12050 24.1 -123691.082782686 315.608921703825 
12100 24.2 -123690.796228257 317.787908419809 
12150 24.3 -123690.414551879 319.676312022732 
12200 24.4 -123689.223994153 320.437035537934 
12250 24.5 -123689.592348482 321.31044476132 
12300 24.6 -123689.947832185 322.018987172993 
12350 24.7 -123689.358071411 324.292570189138 
12400 24.8 -123689.399027755 325.761873565791 
12450 24.9 -123689.552475593 327.387142007403 
12500 25 -123689.697697266 328.289267511053 
12550 25.1 -123689.790811988 329.991441843561 
12600 25.2 -123688.829278084 330.613992674 
12650 25.3 -123689.226314399 331.367699905992 
12700 25.4 -123689.392443812 332.648613964745 
12750 25.5 -123689.288672071 334.060014255822 
12800 25.6 -123689.638687169 335.472123574575 
12850 25.7 -123689.057320982 337.32402646386 
12900 25.8 -123688.268277354 338.802876230357 
12950 25.9 -123687.534780914 340.207168562925 
13000 26 -123688.029668453 341.082710928814 
13050 26.1 -123687.102218362 342.011668729361 
13100 26.2 -123687.413765743 343.777130964554 
13150 26.3 -123686.34118838 346.323007138142 
13200 26.4 -123686.233915286 347.734641311899 
13250 26.5 -123686.384245715 349.496657336614 
13300 26.6 -123685.631126997 351.00978660415 
13350 26.7 -123684.289244408 351.91435399366 
13400 26.8 -123683.504118359 352.970504663739 
13450 26.9 -123683.36032315 354.933184257971 
13500 27 -123682.96037163 355.429789795048 
13550 27.1 -123682.930294416 357.773820820573 
13600 27.2 -123682.42327619 359.453389065144 
13650 27.3 -123682.897820886 360.226946034461 
13700 27.4 -123682.95213881 361.069129884769 
13750 27.5 -123683.162045355 362.904101298461 
13800 27.6 -123682.830630195 364.853483592393 
13850 27.7 -123683.338935027 366.870023307562 
13900 27.8 -123683.648497123 368.36454525808 
13950 27.9 -123683.254763981 369.99852623666 
14000 28 -123683.076320365 371.612655486713 
14050 28.1 -123682.914611836 372.361660191196 
14100 28.2 -123682.834624731 373.85876736367 
14150 28.3 -123683.260604247 375.44608679994 
14200 28.4 -123682.8315297 376.699529900868 
14250 28.5 -123683.76070097 376.981692468578 
14300 28.6 -123684.057266122 377.393635132788 
14350 28.7 -123683.117906557 378.18580625649 
14400 28.8 -123683.401050405 379.667694834166 
14450 28.9 -123682.945490293 380.434638954549 
14500 29 -123682.9226472 380.722930058201 
14550 29.1 -123682.550746881 381.100219043676 
14600 29.2 -123682.049303672 382.71745679435 
14650 29.3 -123681.552768821 383.915020016182 
14700 29.4 -123681.005240299 385.318673534526 
14750 29.5 -123680.752337665 387.196369072394 
14800 29.6 -123680.315413711 389.05862280287 
14850 29.7 -123680.755096743 390.607638015309 
14900 29.8 -123680.653771706 392.068318748357 
14950 29.9 -123679.695621283 393.490125510302 
15000 30 -123679.954619161 394.302533786052 
15050 30.1 -123680.048359164 395.839946527542 
15100 30.2 -123679.699693416 397.112761273704 
15150 30.3 -123679.381434075 397.347805208863 
15200 30.4 -123679.462465865 398.092142252594 
15250 30.5 -123678.709605372 399.635897086919 
15300 30.6 -123678.528413167 400.271776787876 
15350 30.7 -123678.883461464 400.584216535377 
15400 30.8 -123677.703407271 401.009837473618 
15450 30.9 -123677.925333851 401.779424146023 
15500 31 -123676.971633462 402.234781980447 
15550 31.1 -123677.296534106 403.284920834714 
15600 31.2 -123677.137085373 403.944971510484 
15650 31.3 -123676.344309355 404.441512014887 
15700 31.4 -123676.737429039 405.810701951499 
15750 31.5 -123675.687262593 406.631530390725 
15800 31.6 -123675.504057301 408.15052649194 
15850 31.7 -123674.60309301 409.496508074203 
15900 31.8 -123675.572693044 411.107829354711 
15950 31.9 -123673.943476567 411.863631936685 
16000 32 -123673.715777216 412.506606410156 
16050 32.1 -123673.768108974 413.103471606976 
16100 32.2 -123673.682192691 413.370766639568 
16150 32.3 -123673.86797045 414.276851347269 
16200 32.4 -123674.042110264 416.180498026909 
16250 32.5 -123673.481188107 417.102254996203 
16300 32.6 -123673.523897691 418.56716941104 
16350 32.7 -123673.025345013 420.710465353008 
16400 32.8 -123672.396376786 422.447972727462 
16450 32.9 -123672.801382019 423.811374763305 
16500 33 -123672.751316613 424.595479096916 
16550 33.1 -123672.483958671 425.195086286068 
16600 33.2 -123671.772522382 426.802959866468 
16650 33.3 -123671.42612713 428.470118600828 
16700 33.4 -123671.672049892 429.418751939355 
16750 33.5 -123671.39042488 429.946355542382 
16800 33.6 -123670.961686236 430.891287959405 
16850 33.7 -123670.448994652 432.402938123555 
16900 33.8 -123669.273009823 433.117641047515 
16950 33.9 -123667.903561049 434.445425179739 
17000 34 -123668.017290249 435.567754163299 
17050 34.1 -123668.142085582 435.798000766872 
17100 34.2 -123667.534724878 437.327337144231 
17150 34.3 -123665.771891908 437.953336072433 
17200 34.4 -123662.681546419 438.696087239289 
17250 34.5 -123662.603235883 439.601289363819 
17300 34.6 -123662.377058662 440.472203063549 
17350 34.7 -123661.277339847 441.437285801606 
17400 34.8 -123660.375222741 442.93462183906 
17450 34.9 -123660.428418218 443.297182317716 
17500 35 -123660.283602233 444.094116836672 
17550 35.1 -123659.575455257 444.989631445136 
17600 35.2 -123658.221071678 445.768446469724 
17650 35.3 -123658.49318933 447.51960761158 
17700 35.4 -123658.703529462 448.39102701115 
17750 35.5 -123658.451085685 450.32724231525 
17800 35.6 -123658.128990258 451.252386045429 
17850 35.7 -123657.365706437 451.791603212448 
17900 35.8 -123656.595002843 452.209331286183 
17950 35.9 -123657.081184925 453.098053159347 
18000 36 -123656.325479482 454.002586182242 
18050 36.1 -123656.188012009 455.806044660917 
18100 36.2 -123654.287729259 456.402207669515 
18150 36.3 -123653.71685706 457.710640867244 
18200 36.4 -123653.285124305 458.711410013995 
18250 36.5 -123651.987501921 459.486339292146 
18300 36.6 -123651.591932754 460.412158238568 
18350 36.7 -123651.147946614 462.030215173907 
18400 36.8 -123651.189280706 462.897796037208 
18450 36.9 -123651.396669046 463.917173097408 
18500 37 -123649.892852464 465.697950954961 
18550 37.1 -123649.09596711 466.868218078744 
18600 37.2 -123648.571273015 467.567620327024 
18650 37.3 -123648.570738109 468.405771859603 
18700 37.4 -123648.00092185 470.020839068547 
18750 37.5 -123648.116195261 471.621923715536 
18800 37.6 -123648.681574652 473.048094771126 
18850 37.7 -123647.510350353 473.806658410785 
18900 37.8 -123646.805768196 474.667069818153 
18950 37.9 -123647.005756297 475.050732992273 
19000 38 -123646.953096207 476.587037573406 
19050 38.1 -123645.907520288 477.793870567361 
19100 38.2 -123646.081380952 478.566863199516 
19150 38.3 -123645.427720638 479.234222780549 
19200 38.4 -123645.61839885 481.068491615001 
19250 38.5 -123645.585359507 482.703225382593 
19300 38.6 -123645.476087946 483.039387094202 
19350 38.7 -123645.434702508 485.476078170172 
19400 38.8 -123644.5986362 487.992951725211 
19450 38.9 -123644.063206893 489.339986512281 
19500 39 -123643.911682516 490.132250073854 
19550 39.1 -123643.052245138 491.726631581436 
19600 39.2 -123642.593127338 493.543897706377 
19650 39.3 -123642.419059601 495.317504300468 
19700 39.4 -123642.208938611 496.264245929283 
19750 39.5 -123641.138951881 497.931563267476 
19800 39.6 -123640.68195299 499.669761862946 
19850 39.7 -123640.637391935 500.516237754048 
19900 39.8 -123640.282853121 501.663672926743 
19950 39.9 -123640.363868942 502.957445739415 
20000 40 -123639.810888858 504.227889556515 
20050 40.1 -123638.6470926 505.217326119979 
20100 40.2 -123636.390483846 506.600193732314 
20150 40.3 -123636.022032415 508.382899109073 
20200 40.4 -123636.654343519 510.259903192014 
20250 40.5 -123636.449948454 511.143308104966 
20300 40.6 -123636.216056524 511.670764010892 
20350 40.7 -123636.380315575 512.81683930405 
20400 40.8 -123636.195718061 514.066040103842 
20450 40.9 -123635.897943235 515.423477919542 
20500 41 -123634.823435214 516.611774669572 
20550 41.1 -123635.132750912 518.061242110576 
20600 41.2 -123634.146739011 519.923587837892 
20650 41.3 -123631.668171692 521.376312881297 
20700 41.4 -123630.490848 522.457512852267 
20750 41.5 -123630.141764588 523.463767620249 
20800 41.6 -123629.885618414 524.787300513722 
20850 41.7 -123630.191893995 525.80525565752 
20900 41.8 -123629.599034973 526.245628901513 
20950 41.9 -123629.976615692 527.904494392074 
21000 42 -123629.984940245 529.340563645085 
21050 42.1 -123629.872450609 529.738474341059 
21100 42.2 -123629.503930608 530.167632240288 
21150 42.3 -123629.450785589 531.621918026795 
21200 42.4 -123629.183349878 533.493496327034 
21250 42.5 -123628.938867342 534.939234075797 
21300 42.6 -123629.447611293 536.533867489137 
21350 42.7 -123629.167133103 537.956778804991 
21400 42.8 -123628.819657294 538.220445909173 
21450 42.9 -123628.147014295 540.00099909355 
21500 43 -123629.012320687 540.675946857151 
21550 43.1 -123628.130124413 542.039677952181 
21600 43.2 -123627.560804311 542.346626115287 
21650 43.3 -123626.335742386 543.512295949867 
21700 43.4 -123626.955783592 544.854149078891 
21750 43.5 -123626.153031897 545.594546827584 
21800 43.6 -123625.431061239 546.364769650523 
21850 43.7 -123625.60241677 547.726357247979 
21900 43.8 -123624.293756472 549.073002063405 
21950 43.9 -123621.989713452 550.946328282093 
22000 44 -123621.237952745 552.907869743881 
22050 44.1 -123621.083602466 553.536782193214 
22100 44.2 -123619.425034914 554.764952317281 
22150 44.3 -123618.340851127 556.07980645339 
22200 44.4 -123615.63930939 556.812761878018 
22250 44.5 -123615.488789263 558.789812580098 
22300 44.6 -123615.244027977 560.001564904304 
22350 44.7 -123614.565031801 561.543262150822 
22400 44.8 -123615.221820181 563.706802215998 
22450 44.9 -123615.057123598 564.475989829389 
22500 45 -123614.737754269 565.220190144483 
22550 45.1 -123614.159862837 565.898538364585 
22600 45.2 -123614.383469624 567.618179962665 
22650 45.3 -123614.397033048 568.243054402922 
22700 45.4 -123613.055987581 568.975068580739 
22750 45.5 -123613.061992071 570.14872929014 
22800 45.6 -123612.552183607 571.327341292731 
22850 45.7 -123611.929850099 572.128314804793 
22900 45.8 -123611.219478672 574.12758026176 
22950 45.9 -123610.46045098 575.918507046804 
23000 46 -123609.857911505 577.019537831593 
23050 46.1 -123608.876378389 577.754625598615 
23100 46.2 -123608.39739613 578.141259668422 
23150 46.3 -123608.257463884 579.680743318753 
23200 46.4 -123608.710131115 581.382511926838 
23250 46.5 -123608.7168517 581.670946300104 
23300 46.6 -123607.674413555 582.125631714594 
23350 46.7 -123607.604411009 583.666121499463 
23400 46.8 -123607.303847432 585.377719940727 
23450 46.9 -123607.396970429 586.788144832412 
23500 47 -123607.195018008 588.007794680826 
23550 47.1 -123606.773527369 590.02117670599 
23600 47.2 -123605.856429033 590.803739723542 
23650 47.3 -123605.466353442 592.084045458902 
23700 47.4 -123604.99686738 593.440351426509 
23750 47.5 -123605.281972045 594.104721652946 
23800 47.6 -123605.436437035 596.335611116608 
23850 47.7 -123605.189786461 596.719918976601 
23900 47.8 -123600.09709902 597.377442026002 
23950 47.9 -123600.516325956 598.907496200934 
24000 48 -123600.335720577 600.635317488881 
24050 48.1 -123599.617910227 601.108541289172 
24100 48.2 -123598.989444556 601.483296394294 
24150 48.3 -123598.65755533 603.491606518671 
24200 48.4 -123597.91797612 604.345248536595 
24250 48.5 -123597.907101984 606.076024826948 
24300 48.6 -123597.411100714 607.464885356374 
24350 48.7 -123597.130625231 609.107270139955 
24400 48.8 -123597.135592644 610.441214648961 
24450 48.9 -123596.061191699 611.045225985157 
24500 49 -123596.202553084 611.769836077544 
24550 49.1 -123596.608590987 612.404321610302 
24600 49.2 -123595.646269921 612.661524848619 
24650 49.3 -123595.918366713 613.320432047749 
24700 49.4 -123595.667606386 614.47048078237 
24750 49.5 -123595.890151219 614.789745618535 
24800 49.6 -123596.187164918 616.237452575995 
24850 49.7 -123596.663112795 618.242468700852 
24900 49.8 -123594.867567593 619.056669236893 
24950 49.9 -123595.062113906 620.730374672573 
25000 50 -123594.781525575 621.324282668808 
25050 50.1 -123594.200712579 622.684035675121 
25100 50.2 -123592.549276945 623.07662869782 
25150 50.3 -123591.578256798 623.49725222253 
25200 50.4 -123589.986192769 625.007963302708 
25250 50.5 -123588.622979491 626.923070902911 
25300 50.6 -123589.13415359 628.547665093255 
25350 50.7 -123588.568423037 628.829245280552 
25400 50.8 -123587.081162046 630.210636558384 
25450 50.9 -123586.42888217 630.573609280379 
25500 51 -123585.570560031 631.424734075263 
25550 51.1 -123585.630688141 632.85538042895 
25600 51.2 -123584.970799445 633.636512923708 
25650 51.3 -123583.334802212 634.40306430328 
25700 51.4 -123581.671907841 636.221419216006 
25750 51.5 -123581.620234073 637.648832885927 
25800 51.6 -123580.875835554 639.544367749634 
25850 51.7 -123579.849094202 640.438981196234 
25900 51.8 -123580.312935001 641.91607579786 
25950 51.9 -123580.315599121 642.782604635413 
26000 52 -123580.172732521 644.037680699256 
26050 52.1 -123577.542002119 644.388609879742 
26100 52.2 -123577.970911474 645.451444029755 
26150 52.3 -123577.835420956 646.461522490958 
26200 52.4 -123578.330200135 647.393619156821 
26250 52.5 -123576.928949811 649.025006554599 
26300 52.6 -123576.629485804 650.511415858773 
26350 52.7 -123576.762067416 651.990041651151 
26400 52.8 -123576.296368165 652.319290646314 
26450 52.9 -123576.031040006 653.707432076132 
26500 53 -123575.293840624 655.23799159137 
26550 53.1 -123574.937620654 656.627332593297 
26600 53.2 -123573.485780866 657.167453340227 
26650 53.3 -123573.941777049 657.566671939942 
26700 53.4 -123573.111450015 658.29524152172 
26750 53.5 -123572.979783088 659.068725416918 
26800 53.6 -123571.654482409 659.793275945892 
26850 53.7 -123571.387662969 660.286645125228 
26900 53.8 -123571.22277934 660.537433563538 
26950 53.9 -123570.685081677 661.703351378163 
27000 54 -123567.929188369 662.634371354648 
27050 54.1 -123567.347505099 664.103665240318 
27100 54.2 -123566.872102422 665.075130273419 
27150 54.3 -123567.6223444 665.405482653773 
27200 54.4 -123567.206944925 666.056347095158 
27250 54.5 -123566.665973121 667.554941748559 
27300 54.6 -123566.04419026 669.151983342196 
27350 54.7 -123565.866898369 669.909040976142 
27400 54.8 -123565.844579353 671.520618803289 
27450 54.9 -123563.656373826 673.175867081122 
27500 55 -123563.508495118 674.081201911122 
27550 55.1 -123562.973837189 675.672416341621 
27600 55.2 -123562.326849505 677.84829992908 
27650 55.3 -123562.016886101 678.156633785153 
27700 55.4 -123561.940462229 680.145130342816 
27750 55.5 -123561.90650035 681.810863669561 
27800 55.6 -123561.708997085 682.654882062669 
27850 55.7 -123561.531900412 683.603836296871 
27900 55.8 -123561.028267222 685.074264916115 
27950 55.9 -123560.964797649 685.798064299231 
28000 56 -123558.158562897 687.302966812449 
28050 56.1 -123556.029552241 688.792391955709 
28100 56.2 -123556.520435769 689.66849059819 
28150 56.3 -123556.111489752 690.39111893777 
28200 56.4 -123554.823537348 691.580891236613 
28250 56.5 -123555.201351543 692.959781564644 
28300 56.6 -123555.084681529 694.98613492153 
28350 56.7 -123552.855100441 695.657126586534 
28400 56.8 -123552.326331708 696.087496150354 
28450 56.9 -123552.140033112 696.960886289835 
28500 57 -123551.94965612 698.149546152728 
28550 57.1 -123551.701010665 698.88249195571 
28600 57.2 -123551.9464585 700.655933882578 
28650 57.3 -123550.359471103 701.948837229684 
28700 57.4 -123550.470042481 702.220540187179 
28750 57.5 -123549.394663073 703.198008944753 
28800 57.6 -123548.743868655 704.786712480939 
28850 57.7 -123548.967104065 705.270146231673 
28900 57.8 -123549.407239161 706.13818166439 
28950 57.9 -123548.838828551 707.095873382782 
29000 58 -123548.369635656 708.257145108248 
29050 58.1 -123548.328350182 709.748909209466 
29100 58.2 -123547.374699445 710.013632277503 
29150 58.3 -123546.362098899 710.357566914779 
29200 58.4 -123545.700545221 711.122572692891 
29250 58.5 -123545.3728013 711.652971299696 
29300 58.6 -123544.650056788 712.840586361204 
29350 58.7 -123544.459792274 713.475550003364 
29400 58.8 -123544.023248923 714.044658194662 
29450 58.9 -123543.858217227 715.728999435672 
29500 59 -123543.635811307 717.423961868809 
29550 59.1 -123543.450683425 719.745481938413 
29600 59.2 -123543.216241594 721.568725347035 
29650 59.3 -123542.377787572 722.290185702956 
29700 59.4 -123541.60610027 723.47330350088 
29750 59.5 -123539.292698938 725.336194495365 
29800 59.6 -123539.120328147 726.634891960321 
29850 59.7 -123538.665596038 727.44615459925 
29900 59.8 -123537.248557354 729.16586451238 
29950 59.9 -123537.475944776 730.434955170269 
30000 60 -123537.882466689 731.505665171092 
30050 60.1 -123537.126980135 732.90249956667 
30100 60.2 -123536.896975625 734.541612967165 
30150 60.3 -123536.602223479 736.06991418828 
30200 60.4 -123535.217321306 737.635870331594 
30250 60.5 -123535.856822343 739.143586410591 
30300 60.6 -123535.063580074 740.116693100942 
30350 60.7 -123535.429406434 741.819006563964 
30400 60.8 -123533.93830574 742.217437470632 
30450 60.9 -123532.895039066 743.634787685294 
30500 61 -123532.816755759 745.354346825224 
30550 61.1 -123533.012820081 747.192283951713 
30600 61.2 -123533.391541096 748.078098284011 
30650 61.3 -123533.0711237 749.568389143241 
30700 61.4 -123532.353163438 751.018297514397 
30750 61.5 -123530.152180013 752.472794373964 
30800 61.6 -123528.688421557 753.250396347216 
30850 61.7 -123528.105671436 754.135328015268 
30900 61.8 -123527.817368711 755.086832998945 
30950 61.9 -123527.219364506 756.69331138046 
31000 62 -123525.808114478 758.05448814598 
31050 62.1 -123525.307032025 759.671990903329 
31100 62.2 -123524.522117319 761.851402456312 
31150 62.3 -123522.220920004 762.235576193155 
31200 62.4 -123522.301319731 763.486345726489 
31250 62.5 -123521.419566633 765.25552987169 
31300 62.6 -123521.304544286 766.646456891025 
31350 62.7 -123520.451728693 767.583980042527 
31400 62.8 -123518.5279333 768.670880291026 
31450 62.9 -123518.704731209 770.087055478559 
31500 63 -123518.823714306 770.902990382789 
31550 63.1 -123518.111796152 771.472876266592 
31600 63.2 -123518.115845285 772.596963933968 
31650 63.3 -123518.044929739 774.081656177678 
31700 63.4 -123518.098587854 774.478350303012 
31750 63.5 -123517.51191634 775.716447562458 
31800 63.6 -123518.183507965 777.487664765919 
31850 63.7 -123517.496903588 778.948912521292 
31900 63.8 -123516.158410781 779.691207489471 
31950 63.9 -123516.865188488 781.119334254035 
32000 64 -123517.166082327 781.713846252044 
32050 64.1 -123516.827048301 782.543792206481 
32100 64.2 -123517.030847279 782.815684296019 
32150 64.3 -123516.339588571 783.615020228884 
32200 64.4 -123516.398920516 785.295329691798 
32250 64.5 -123514.542662193 786.594984237061 
32300 64.6 -123513.928154385 788.252926367479 
32350 64.7 -123513.967263674 789.578713406299 
32400 64.8 -123513.900768179 791.345937233579 
32450 64.9 -123514.435660082 792.538775576432 
32500 65 -123515.262391932 793.110570374218 
32550 65.1 -123512.220008057 793.536463046365 
32600 65.2 -123512.647144361 794.416752967639 
32650 65.3 -123512.047055127 795.62689309462 
32700 65.4 -123510.525324358 796.312190107029 
32750 65.5 -123510.423188927 797.550051379817 
32800 65.6 -123509.333967866 799.042280144629 
32850 65.7 -123508.785033544 799.954422871984 
32900 65.8 -123509.129726875 801.680030964155 
32950 65.9 -123507.505555657 802.58535595415 
33000 66 -123507.531761734 804.023807276921 
33050 66.1 -123506.27291779 804.673094653872 
33100 66.2 -123505.881239765 806.188358751071 
33150 66.3 -123505.144763458 806.538588107155 
33200 66.4 -123505.392351145 807.910410264027 
33250 66.5 -123505.063262988 808.690091486016 
33300 66.6 -123504.196169765 809.431930009353 
33350 66.7 -123504.12794899 810.836274320059 
33400 66.8 -123503.777100163 811.302297881179 
33450 66.9 -123504.521688807 812.056804850957 
33500 67 -123504.788597732 812.415885700682 
33550 67.1 -123503.880762503 813.218470120881 
33600 67.2 -123503.496934825 814.352057030946 
33650 67.3 -123500.514134107 814.703859307255 
33700 67.4 -123500.297479341 816.36322853755 
33750 67.5 -123500.809033285 816.950958221193 
33800 67.6 -123500.977965311 818.019616869303 
33850 67.7 -123499.207236179 820.129762432658 
33900 67.8 -123499.092656871 821.6358761581 
33950 67.9 -123497.445884371 822.73166772274 
34000 68 -123497.248080999 824.749927662267 
34050 68.1 -123497.706095164 825.646116157097 
34100 68.2 -123496.205077019 826.325477442147 
34150 68.3 -123497.32140442 827.746229796899 
34200 68.4 -123497.504071681 828.114055951876 
34250 68.5 -123497.387277204 829.479086619516 
34300 68.6 -123497.820610522 830.982443075609 
34350 68.7 -123497.738611745 831.731666865903 
34400 68.8 -123496.981856632 832.492375222128 
34450 68.9 -123497.610033562 833.801245366876 
34500 69 -123496.598520865 834.760101659311 
34550 69.1 -123496.075363495 836.207984703688 
34600 69.2 -123495.659478704 836.884828240026 
34650 69.3 -123494.629933924 838.215978036525 
34700 69.4 -123494.631474394 838.878261399505 
34750 69.5 -123494.9593407 840.372027299728 
34800 69.6 -123493.856336848 841.590561093359 
34850 69.7 -123493.211595434 842.445041443277 
34900 69.8 -123493.543754734 842.733734147897 
34950 69.9 -123490.465637167 844.140178598042 
35000 70 -123490.695774425 845.479909721756 
35050 70.1 -123490.858801942 846.847218850303 
35100 70.2 -123490.232491751 847.96271359182 
35150 70.3 -123490.57192579 848.665927166117 
35200 70.4 -123490.907908089 850.574254830203 
35250 70.5 -123490.395498759 851.564270233126 
35300 70.6 -123490.37971677 852.899798278536 
35350 70.7 -123489.485864362 854.676791256672 
35400 70.8 -123488.80083574 856.235323363432 
35450 70.9 -123488.986285277 857.554266133799 
35500 71 -123488.758228872 858.284184664447 
35550 71.1 -123486.804160154 859.742269462658 
35600 71.2 -123484.27609696 860.639269608029 
35650 71.3 -123482.220618821 861.760429372237 
35700 71.4 -123478.622273039 863.380321230098 
35750 71.5 -123478.877015312 864.511535078303 
35800 71.6 -123477.734252933 865.685110989765 
35850 71.7 -123477.636412433 866.298304782512 
35900 71.8 -123477.84699745 868.459786086632 
35950 71.9 -123477.259227489 870.481250855754 
36000 72 -123475.325999758 871.384125859432 
36050 72.1 -123475.021448377 873.05741309406 
36100 72.2 -123474.007011958 874.303152448778 
36150 72.3 -123474.854247187 875.072990838163 
36200 72.4 -123473.073123431 876.715322638476 
36250 72.5 -123472.486160027 877.541460821415 
36300 72.6 -123473.070084279 877.840569892209 
36350 72.7 -123472.25352451 879.526039609681 
36400 72.8 -123470.256876662 880.276582234095 
36450 72.9 -123467.917986031 881.731707939953 
36500 73 -123467.495876485 883.047268222389 
36550 73.1 -123467.237583903 885.141226794083 
36600 73.2 -123466.537368435 886.632304015886 
36650 73.3 -123466.386866483 888.163064733045 
36700 73.4 -123466.759297887 888.858806613775 
36750 73.5 -123465.101126773 890.51692198884 
36800 73.6 -123465.072485429 891.409707445468 
36850 73.7 -123464.708586847 892.811846163815 
36900 73.8 -123463.007408602 894.272666416719 
36950 73.9 -123463.36949373 895.484065149598 
37000 74 -123462.637180989 895.795238934883 
37050 74.1 -123461.346168711 897.111179088363 
37100 74.2 -123461.420675485 898.047156163854 
37150 74.3 -123458.987645028 898.827003968796 
37200 74.4 -123458.426805665 899.421128069238 
37250 74.5 -123459.041895372 900.870207637905 
37300 74.6 -123458.840137956 901.553438248871 
37350 74.7 -123457.731438215 902.209965474235 
37400 74.8 -123457.116845549 902.942644051594 
37450 74.9 -123456.623492164 903.719536301377 
37500 75 -123455.017773659 904.071276809463 
37550 75.1 -123454.909069301 905.927421710025 
37600 75.2 -123453.499232524 906.892993682206 
37650 75.3 -123454.182992006 907.850411005824 
37700 75.4 -123453.345558988 909.42134144086 
37750 75.5 -123453.567992511 910.916662014268 
37800 75.6 -123452.243503615 912.057319469445 
37850 75.7 -123451.920473943 912.430518469439 
37900 75.8 -123450.978154548 914.004515858919 
37950 75.9 -123449.835343587 915.273708328197 
38000 76 -123448.397450886 916.529061228814 
38050 76.1 -123448.486142699 918.150092165676 
38100 76.2 -123447.432918166 919.869143114835 
38150 76.3 -123446.201114333 920.711491388275 
38200 76.4 -123446.547939771 922.60688209647 
38250 76.5 -123445.808535064 924.455653763528 
38300 76.6 -123445.12152389 925.538914570753 
38350 76.7 -123444.04929624 927.040758549925 
38400 76.8 -123442.741142378 928.409406929099 
38450 76.9 -123441.699279589 930.032974852799 
38500 77 -123442.343087847 931.675390408349 
38550 77.1 -123439.687558961 932.98732736792 
38600 77.2 -123439.639626315 933.736541491056 
38650 77.3 -123439.956561478 934.915635683318 
38700 77.4 -123438.995265473 936.58107614309 
38750 77.5 -123437.084923652 938.121010406585 
38800 77.6 -123436.250874911 939.37847323026 
38850 77.7 -123436.34609207 939.702734892467 
38900 77.8 -123436.206525012 940.31850156703 
38950 77.9 -123436.09976437 941.04459473528 
39000 78 -123435.790510145 942.627473833199 
39050 78.1 -123436.610425538 943.464063857621 
39100 78.2 -123435.695750298 944.310779162504 
39150 78.3 -123433.040070842 946.052206150345 
39200 78.4 -123431.823921812 947.305562313829 
39250 78.5 -123430.651846836 947.810355273023 
39300 78.6 -123431.376866675 950.040619718175 
39350 78.7 -123431.411088303 951.638171487523 
39400 78.8 -123431.395634724 952.891017425635 
39450 78.9 -123430.928849597 953.639964746907 
39500 79 -123430.138886296 955.061334410231 
39550 79.1 -123429.349107042 956.034944949503 
39600 79.2 -123428.71173365 956.929663866317 
39650 79.3 -123428.247564826 958.465345768675 
39700 79.4 -123427.489194129 958.879498021497 
39750 79.5 -123426.777067856 960.038068604171 
39800 79.6 -123425.777168792 961.728101583152 
39850 79.7 -123425.469192269 963.338747622611 
39900 79.8 -123425.48441802 965.071969165007 
39950 79.9 -123426.430355189 966.536506114986 
40000 80 -123426.194311427 967.969553957361 
40050 80.1 -123425.672945555 969.179597459397 
40100 80.2 -123425.843311491 970.541761407586 
40150 80.3 -123424.693334886 972.334560064864 
40200 80.4 -123424.30094893 973.398148913294 
40250 80.5 -123421.123089573 974.175019988782 
40300 80.6 -123420.928670052 974.442892788198 
40350 80.7 -123420.278117229 974.768251426443 
40400 80.8 -123419.148289368 975.684987073301 
40450 80.9 -123419.59664175 977.502134499621 
40500 81 -123417.889187421 978.890492115479 
40550 81.1 -123417.212483337 980.311758506441 
40600 81.2 -123415.680795337 981.85055469307 
40650 81.3 -123415.49748791 983.169336836567 
40700 81.4 -123414.059768855 984.906785444738 
40750 81.5 -123413.247791849 986.206341387858 
40800 81.6 -123413.749110315 987.924382345477 
40850 81.7 -123411.29966585 989.215577362222 
40900 81.8 -123408.65390132 989.847679055104 
40950 81.9 -123408.172241396 990.247302888476 
41000 82 -123408.1136297 992.117782432926 
41050 82.1 -123408.238574385 993.542352196725 
41100 82.2 -123407.166733402 994.225825504082 
41150 82.3 -123406.884132741 995.916718878619 
41200 82.4 -123407.163425423 997.307932742641 
41250 82.5 -123405.876877648 998.449193080643 
41300 82.6 -123405.419943423 999.750698316009 
41350 82.7 -123405.061310324 1001.3115172063 
41400 82.8 -123404.718760124 1003.63298809323 
41450 82.9 -123404.944717083 1005.31608476837 
41500 83 -123402.667229376 1007.00839866891 
41550 83.1 -123401.600225734 1008.94109420833 
41600 83.2 -123401.16017331 1009.7503585269 
41650 83.3 -123399.199399499 1010.00399145364 
41700 83.4 -123399.006575721 1011.35985048498 
41750 83.5 -123397.769091048 1012.47601415918 
41800 83.6 -123396.87050845 1013.19901190692 
41850 83.7 -123396.114643888 1013.42284368679 
41900 83.8 -123395.095524871 1013.86908468457 
41950 83.9 -123393.042626673 1015.65568912011 
42000 84 -123391.801391665 1016.51448960963 
42050 84.1 -123390.822432763 1017.37013628608 
42100 84.2 -123390.515077097 1018.22764713373 
42150 84.3 -123389.059244699 1019.04307147664 
42200 84.4 -123386.310450532 1019.90509182872 
42250 84.5 -123386.281811596 1020.32671989531 
42300 84.6 -123385.628274678 1020.69643132559 
42350 84.7 -123385.155127368 1021.48707895957 
42400 84.8 -123385.599607724 1023.66429552243 
42450 84.9 -123383.788204897 1024.9607347378 
42500 85 -123383.065626672 1027.47130139316 
42550 85.1 -123382.334791281 1028.32459939169 
42600 85.2 -123381.037163185 1029.54454630075 
42650 85.3 -123379.231053927 1030.29947946199 
42700 85.4 -123378.442342635 1031.29536624748 
42750 85.5 -123378.24039996 1033.18340029619 
42800 85.6 -123378.350019462 1034.55501085043 
42850 85.7 -123377.773130133 1034.9255442412 
42900 85.8 -123376.177341259 1036.33084031779 
42950 85.9 -123376.659663811 1037.18373507333 
43000 86 -123376.266354514 1039.161896225 
43050 86.1 -123375.004971736 1039.51162739915 
43100 86.2 -123374.960213695 1040.73091084669 
43150 86.3 -123372.694175894 1041.41875831314 
43200 86.4 -123373.119558298 1042.6874270592 
43250 86.5 -123370.118638136 1043.36758368631 
43300 86.6 -123370.320160009 1043.78807805041 
43350 86.7 -123370.265082599 1045.43572164136 
43400 86.8 -123369.333378993 1046.08257413604 
43450 86.9 -123369.517365075 1047.3927807076 
43500 87 -123369.496568583 1048.26370448175 
43550 87.1 -123369.777526527 1049.79091461177 
43600 87.2 -123368.781736589 1050.47443970271 
43650 87.3 -123369.200951699 1052.31940911515 
43700 87.4 -123368.404461411 1052.55306294769 
43750 87.5 -123366.86308753 1053.58086414418 
43800 87.6 -123365.946859661 1054.00714558719 
43850 87.7 -123365.457501412 1054.7406600987 
43900 87.8 -123366.262450918 1055.34236992469 
43950 87.9 -123364.64418812 1057.17130204352 
44000 88 -123365.401070381 1058.83092891566 
44050 88.1 -123365.387591279 1060.19286849439 
44100 88.2 -123363.918896596 1060.86826060396 
44150 88.3 -123363.504886577 1062.68223289529 
44200 88.4 -123360.704550094 1063.28153361539 
44250 88.5 -123361.576084935 1063.96386352068 
44300 88.6 -123361.109220979 1064.67917916764 
44350 88.7 -123360.050344669 1065.77336406359 
44400 88.8 -123359.182055797 1066.79270282186 
44450 88.9 -123358.721067237 1067.05188973612 
44500 89 -123358.99998266 1068.53905200692 
44550 89.1 -123358.652957906 1068.92521344092 
44600 89.2 -123359.087651744 1069.73200628349 
44650 89.3 -123358.056003436 1070.22883689048 
44700 89.4 -123357.750455387 1070.8794338375 
44750 89.5 -123357.738373375 1072.79790478531 
44800 89.6 -123357.888132584 1075.04534593012 
44850 89.7 -123358.670177195 1075.69412004977 
44900 89.8 -123356.565330544 1076.45065537056 
44950 89.9 -123355.354473717 1077.67966577323 
45000 90 -123354.338424233 1078.00853601335 
45050 90.1 -123353.843732981 1079.67372409787 
45100 90.2 -123350.568386159 1080.74884048421 
45150 90.3 -123350.724424381 1082.17768755843 
45200 90.4 -123350.265881712 1083.37814414442 
45250 90.5 -123349.670329165 1084.99772733605 
45300 90.6 -123349.823345688 1086.59153136283 
45350 90.7 -123349.324128546 1088.08574178933 
45400 90.8 -123348.858138294 1089.69415367615 
45450 90.9 -123348.475134091 1090.61523099182 
45500 91 -123347.782904055 1091.45524268409 
45550 91.1 -123347.869442942 1093.16696793945 
45600 91.2 -123346.782368915 1093.78960956513 
45650 91.3 -123345.889190002 1094.88279676079 
45700 91.4 -123345.84050869 1096.03339468738 
45750 91.5 -123345.195363958 1096.70675569163 
45800 91.6 -123343.228208505 1097.64657758411 
45850 91.7 -123342.124811654 1098.85301731461 
45900 91.8 -123341.025614671 1100.39155394735 
45950 91.9 -123339.300160857 1100.72869344028 
46000 92 -123339.311584476 1101.53020443028 
46050 92.1 -123338.787169778 1102.14285423458 
46100 92.2 -123336.696447199 1102.93180241014 
46150 92.3 -123334.688280552 1104.1918498784 
46200 92.4 -123332.652827107 1105.40768931063 
46250 92.5 -123332.282734085 1107.22614650643 
46300 92.6 -123332.080520008 1107.80632129557 
46350 92.7 -123332.341226078 1108.97142045946 
46400 92.8 -123330.186872665 1109.66024412762 
46450 92.9 -123329.075898627 1110.87954543622 
46500 93 -123328.942273531 1112.70828455053 
46550 93.1 -123328.872437707 1114.39817281804 
46600 93.2 -123329.042466963 1114.78665289072 
46650 93.3 -123329.025525753 1115.44392362219 
46700 93.4 -123325.998351124 1117.73863916244 
46750 93.5 -123325.257193528 1118.22340769788 
46800 93.6 -123324.49211142 1119.52540052531 
46850 93.7 -123324.885289221 1121.07251069539 
46900 93.8 -123323.58179445 1121.70128284922 
46950 93.9 -123323.3774479 1122.97255722818 
47000 94 -123323.008303381 1124.41484820091 
47050 94.1 -123321.315572858 1125.88424250487 
47100 94.2 -123320.536973841 1126.84827534607 
47150 94.3 -123319.222153206 1127.17035900148 
47200 94.4 -123317.686215325 1128.44964860267 
47250 94.5 -123317.29434903 1129.79083979236 
47300 94.6 -123317.412255116 1130.35818362752 
47350 94.7 -123314.63083191 1131.91143973766 
47400 94.8 -123313.32296061 1133.14034151998 
47450 94.9 -123311.664683656 1133.51232244946 
47500 95 -123311.162032174 1134.8031823809 
47550 95.1 -123310.701977571 1135.521346701 
47600 95.2 -123310.290573348 1136.8493576109 
47650 95.3 -123307.962632736 1137.44937597651 
47700 95.4 -123308.417418905 1138.14898512597 
47750 95.5 -123308.126626923 1138.93635388562 
47800 95.6 -123308.356058258 1140.43836618576 
47850 95.7 -123307.171212266 1141.16668152914 
47900 95.8 -123306.813439111 1141.83213205301 
47950 95.9 -123306.560331536 1142.57722959442 
48000 96 -123305.390911118 1145.33240269537 
48050 96.1 -123304.707239283 1146.09415631166 
48100 96.2 -123304.614184802 1147.62827259917 
48150 96.3 -123304.090202547 1149.04650636923 
48200 96.4 -123302.652026059 1149.66016121567 
48250 96.5 -123301.669128405 1151.42915754003 
48300 96.6 -123302.01383088 1152.3348075305 
48350 96.7 -123301.290598649 1153.06021270308 
48400 96.8 -123300.974474759 1154.71658495697 
48450 96.9 -123301.286961917 1156.4715219111 
48500 97 -123301.335593421 1158.06646173026 
48550 97.1 -123299.200379654 1159.36681889251 
48600 97.2 -123294.887139605 1160.126392477 
48650 97.3 -123294.536297958 1160.90954014443 
48700 97.4 -123294.432636223 1161.72123947011 
48750 97.5 -123291.623657273 1162.37457001641 
48800 97.6 -123291.599884709 1163.863962688 
48850 97.7 -123290.656141407 1164.48591045743 
48900 97.8 -123290.695797862 1164.93860491603 
48950 97.9 -123288.318016867 1165.61218267524 
49000 98 -123287.49693127 1166.78001458614 
49050 98.1 -123286.384070233 1167.43175292167 
49100 98.2 -123286.286090829 1168.07893388528 
49150 98.3 -123284.846438955 1170.42113195144 
49200 98.4 -123284.962049999 1172.5160236778 
49250 98.5 -123283.263500798 1173.28786828926 
49300 98.6 -123283.368697663 1173.98176042563 
49350 98.7 -123282.551421095 1175.27115572384 
49400 98.8 -123281.504736392 1176.97748343647 
49450 98.9 -123280.54374025 1178.22052548573 
49500 99 -123278.912382612 1178.61001815512 
49550 99.1 -123278.05578712 1178.92556959704 
49600 99.2 -123278.377519781 1180.34860728798 
49650 99.3 -123276.363536632 1182.00218927309 
49700 99.4 -123275.303460884 1183.08941776822 
49750 99.5 -123275.916640595 1184.19455484544 
49800 99.6 -123274.956783348 1185.68470239129 
49850 99.7 -123274.288183176 1187.59516298515 
49900 99.8 -123273.709951466 1187.9704884949 
49950 99.9 -123274.080274343 1190.29473156204 
50000 100 -123272.734721951 1191.65088893487 
50050 100.1 -123271.172805516 1192.43862816489 
50100 100.2 -123271.751388898 1194.18608978365 
50150 100.3 -123271.263117006 1194.87597557853 
50200 100.4 -123264.746263144 1195.82344458081 
50250 100.5 -123263.438972123 1197.94818567174 
50300 100.6 -123262.919299938 1198.828137449 
50350 100.7 -123262.229647557 1200.70217497396 
50400 100.8 -123262.082462108 1201.66974343938 
50450 100.9 -123261.202528459 1203.07725769776 
50500 101 -123260.384663898 1203.50095890367 
50550 101.1 -123259.589611779 1203.72663181883 
50600 101.2 -123259.597772225 1204.41378040638 
50650 101.3 -123259.986790398 1204.70309989023 
50700 101.4 -123259.56509506 1205.91397252898 
50750 101.5 -123257.2200683 1207.19591329415 
50800 101.6 -123256.764731774 1207.90877683567 
50850 101.7 -123256.138109204 1209.32877451441 
50900 101.8 -123254.368804464 1210.98636349336 
50950 101.9 -123254.995688944 1212.34228723336 
51000 102 -123255.094829001 1214.07000356271 
51050 102.1 -123253.91661993 1215.67985615319 
51100 102.2 -123252.108522828 1216.99374313213 
51150 102.3 -123250.683882657 1218.0557047955 
51200 102.4 -123250.920592444 1219.40204074552 
51250 102.5 -123250.190555392 1220.44634512796 
51300 102.6 -123249.298458441 1221.95532321734 
51350 102.7 -123249.78663245 1222.70653835023 
51400 102.8 -123250.224881889 1223.10514590499 
51450 102.9 -123248.161809825 1224.9661559953 
51500 103 -123247.874785896 1226.29868276144 
51550 103.1 -123246.385871521 1227.66246014942 
51600 103.2 -123246.430289221 1229.06923581245 
51650 103.3 -123244.976750092 1229.47175794097 
51700 103.4 -123242.641008709 1230.58142680062 
51750 103.5 -123242.367487183 1232.14295017549 
51800 103.6 -123241.932022528 1233.99565234502 
51850 103.7 -123242.506998801 1235.58041010689 
51900 103.8 -123240.787370273 1236.95056230757 
51950 103.9 -123240.112525096 1238.41877658379 
52000 104 -123240.239229373 1238.74957439345 
52050 104.1 -123239.36826416 1240.07787774955 
52100 104.2 -123239.40914927 1240.88318022985 
52150 104.3 -123239.116618497 1241.29019844394 
52200 104.4 -123238.364251169 1241.66133073811 
52250 104.5 -123237.943387158 1243.16086654866 
52300 104.6 -123237.18814655 1244.33123081251 
52350 104.7 -123235.863582714 1245.91890019106 
52400 104.8 -123234.677123345 1246.6427971544 
52450 104.9 -123234.692605715 1247.36614947416 
52500 105 -123233.025792416 1248.55717468068 
52550 105.1 -123233.298442528 1249.9366154917 
52600 105.2 -123233.338237463 1251.15861312137 
52650 105.3 -123230.599034799 1252.07030376211 
52700 105.4 -123229.579093546 1252.3493358667 
52750 105.5 -123227.431322539 1253.22478476501 
52800 105.6 -123227.853768108 1253.48776070942 
52850 105.7 -123225.686852209 1253.88064865702 
52900 105.8 -123226.198169124 1255.04649192947 
52950 105.9 -123223.793908449 1256.03087609693 
53000 106 -123222.890667352 1257.18984407566 
53050 106.1 -123222.688741458 1257.5220081431 
53100 106.2 -123219.996201469 1259.27616486051 
53150 106.3 -123219.479960814 1259.9627038611 
53200 106.4 -123218.521374134 1260.29883132535 
53250 106.5 -123215.699596267 1262.09569327842 
53300 106.6 -123215.980272235 1263.17235622989 
53350 106.7 -123214.445285747 1264.50930489169 
53400 106.8 -123213.406877747 1265.77842393694 
53450 106.9 -123211.850808336 1267.22404570209 
53500 107 -123211.363330642 1268.73447037001 
53550 107.1 -123211.972458559 1269.3764898075 
53600 107.2 -123211.916890214 1270.7885951726 
53650 107.3 -123211.54179131 1272.17000618223 
53700 107.4 -123210.300601413 1273.955931512 
53750 107.5 -123209.937482277 1275.4076172496 
53800 107.6 -123206.424219584 1276.3143319263 
53850 107.7 -123206.493200317 1277.93026580614 
53900 107.8 -123205.598492103 1279.39237055737 
53950 107.9 -123204.488306526 1280.21900654676 
54000 108 -123203.485298693 1280.65948940123 
54050 108.1 -123201.855338241 1281.03348775149 
54100 108.2 -123201.209439225 1282.51184797615 
54150 108.3 -123201.125222128 1282.80258470829 
54200 108.4 -123199.929849296 1283.20492793728 
54250 108.5 -123198.57701886 1284.7659198988 
54300 108.6 -123198.3867734 1286.51150480663 
54350 108.7 -123197.057380019 1286.84137981802 
54400 108.8 -123196.763936133 1288.28573710415 
54450 108.9 -123195.294918805 1289.65701495517 
54500 109 -123196.195075539 1289.99626442451 
54550 109.1 -123196.263901272 1291.41817982899 
54600 109.2 -123194.360909483 1292.59171221663 
54650 109.3 -123191.830250945 1293.88246466201 
54700 109.4 -123191.901276488 1295.03874848573 
54750 109.5 -123192.37563595 1296.17915767312 
54800 109.6 -123190.991653876 1297.95099312029 
54850 109.7 -123189.485180682 1298.80586535986 
54900 109.8 -123188.5531337 1299.69707331124 
54950 109.9 -123188.016443401 1300.61668621165 
55000 110 -123186.616663737 1301.29208363158 
55050 110.1 -123186.38501198 1302.30742441781 
55100 110.2 -123183.195042669 1303.98968032991 
55150 110.3 -123182.436239485 1304.7616247417 
55200 110.4 -123182.316651889 1306.37757400996 
55250 110.5 -123181.625743856 1307.15299927442 
55300 110.6 -123181.044548836 1307.93055427068 
55350 110.7 -123181.120643523 1309.20130957743 
55400 110.8 -123179.49987233 1310.67978678502 
55450 110.9 -123178.912727465 1312.37396204144 
55500 111 -123177.761798027 1313.96082945814 
55550 111.1 -123177.694598902 1315.35640151293 
55600 111.2 -123177.572132578 1316.82505905558 
55650 111.3 -123174.406974158 1318.36397912561 
55700 111.4 -123172.558224299 1319.93713760785 
55750 111.5 -123169.270453249 1321.21730095831 
55800 111.6 -123169.771143859 1321.87966842293 
55850 111.7 -123166.873781728 1323.43497664089 
55900 111.8 -123165.78380327 1324.96969273726 
55950 111.9 -123165.501085551 1326.81808217516 
56000 112 -123164.513615371 1327.35619268327 
56050 112.1 -123161.263681521 1329.18617202184 
56100 112.2 -123159.653305618 1329.8171240727 
56150 112.3 -123157.08669527 1330.29069023434 
56200 112.4 -123156.677387273 1332.44352740706 
56250 112.5 -123156.345709699 1333.18423509081 
56300 112.6 -123153.790009145 1334.78302207152 
56350 112.7 -123153.262749462 1335.87545839675 
56400 112.8 -123153.082995358 1336.64260272476 
56450 112.9 -123151.977555675 1337.5669027109 
56500 113 -123149.415610524 1339.12835253257 
56550 113.1 -123148.678937474 1339.637064617 
56600 113.2 -123148.011039557 1340.19828784651 
56650 113.3 -123147.827169246 1341.72093204431 
56700 113.4 -123146.910529514 1342.96855262013 
56750 113.5 -123145.692829184 1343.81404748712 
56800 113.6 -123145.405988532 1345.0889254209 
56850 113.7 -123144.004464968 1345.72804160652 
56900 113.8 -123140.030351174 1347.3016055479 
56950 113.9 -123140.27119294 1347.92958676831 
57000 114 -123139.439264878 1349.54766026227 
57050 114.1 -123139.02471967 1350.19548673701 
57100 114.2 -123139.724719388 1351.04229679563 
57150 114.3 -123137.198241986 1352.47546928478 
57200 114.4 -123136.695608901 1354.05697410504 
57250 114.5 -123136.170042565 1354.28362972185 
57300 114.6 -123135.489551007 1356.21218225825 
57350 114.7 -123134.111369 1357.81956009963 
57400 114.8 -123133.857781788 1359.28463576469 
57450 114.9 -123132.629129031 1360.08409376394 
57500 115 -123132.567532979 1360.853019536 
57550 115.1 -123131.620794808 1362.14398419277 
57600 115.2 -123130.70599666 1363.64832439631 
57650 115.3 -123131.645273004 1364.87983735337 
57700 115.4 -123130.605833707 1366.30474610012 
57750 115.5 -123131.039222945 1367.04842971564 
57800 115.6 -123130.355217271 1367.84309268198 
57850 115.7 -123129.407280882 1368.22217615935 
57900 115.8 -123128.654984927 1369.50941652545 
57950 115.9 -123128.453525075 1369.82769989688 
58000 116 -123128.558430979 1370.59237410423 
58050 116.1 -123128.725161738 1370.968449777 
58100 116.2 -123128.752444987 1371.97031752017 
58150 116.3 -123126.462271727 1373.86965513971 
58200 116.4 -123124.032384014 1375.60214290411 
58250 116.5 -123123.054879696 1377.27948504427 
58300 116.6 -123122.578036238 1378.60086823583 
58350 116.7 -123119.426887189 1380.2765944427 
58400 116.8 -123118.829014522 1381.1590754739 
58450 116.9 -123118.4545728 1381.89298457342 
58500 117 -123117.026442065 1382.70729011223 
58550 117.1 -123116.148174192 1384.15347808399 
58600 117.2 -123115.245177908 1385.70699314408 
58650 117.3 -123114.931480593 1386.3257204123 
58700 117.4 -123114.224558831 1386.86862741938 
58750 117.5 -123114.753653971 1388.65657899278 
58800 117.6 -123115.263870237 1389.00117190303 
58850 117.7 -123114.182025075 1389.85172880152 
58900 117.8 -123112.65480296 1390.54443459335 
58950 117.9 -123109.678765611 1391.70370130742 
59000 118 -123107.925975659 1392.0531394101 
59050 118.1 -123107.310181919 1393.38504507787 
59100 118.2 -123106.711218297 1394.09210095168 
59150 118.3 -123105.412668276 1394.83752612635 
59200 118.4 -123105.796737964 1395.9953538659 
59250 118.5 -123103.141189663 1396.34969328869 
59300 118.6 -123102.327600187 1396.70681486786 
59350 118.7 -123101.894772659 1398.0599600559 
59400 118.8 -123100.578248629 1398.80516487656 
59450 118.9 -123099.575486228 1400.03118166883 
59500 119 -123099.263875781 1401.58355378889 
59550 119.1 -123098.234409868 1402.96994390478 
59600 119.2 -123096.415994367 1404.1714244487 
59650 119.3 -123097.383620795 1404.56317856358 
59700 119.4 -123097.861700473 1405.15158399268 
59750 119.5 -123096.459726936 1407.0672978071 
59800 119.6 -123097.342573955 1408.49133735403 
59850 119.7 -123095.954989745 1409.3015951457 
59900 119.8 -123093.472375501 1410.06835217724 
59950 119.9 -123093.317988669 1410.80703241997 
60000 120 -123091.387770509 1411.73747114948 
60050 120.1 -123089.421919355 1412.41612782563 
60100 120.2 -123087.712525261 1414.16872625855 
60150 120.3 -123088.053474524 1415.4705938481 
60200 120.4 -123086.515305636 1415.75969736899 
60250 120.5 -123086.493650116 1416.07453711711 
60300 120.6 -123084.175718054 1417.07926462578 
60350 120.7 -123085.034655244 1417.42363636479 
60400 120.8 -123083.058274306 1419.43637985475 
60450 120.9 -123083.123450941 1421.13180344564 
60500 121 -123081.694072636 1422.46959806261 
60550 121.1 -123081.345642316 1423.27040222511 
60600 121.2 -123081.5772896 1424.23653750186 
60650 121.3 -123080.216507463 1425.71757984934 
60700 121.4 -123078.964351446 1426.39613849029 
60750 121.5 -123076.733023445 1427.86683161813 
60800 121.6 -123077.523938186 1429.05811082136 
60850 121.7 -123077.339052927 1429.74648830223 
60900 121.8 -123076.315724231 1431.51370329686 
60950 121.9 -123075.623885714 1432.78453720161 
61000 122 -123074.682758187 1433.10256652273 
61050 122.1 -123073.734474787 1433.94022384745 
61100 122.2 -123073.286862664 1434.61382892516 
61150 122.3 -123073.037078408 1435.50526681848 
61200 122.4 -123072.522632045 1436.28752719732 
61250 122.5 -123069.920855765 1436.68889041571 
61300 122.6 -123070.533943086 1438.65578926568 
61350 122.7 -123069.01985068 1440.22543732845 
61400 122.8 -123068.477050088 1441.00843393925 
61450 122.9 -123066.10688617 1442.43118672431 
61500 123 -123064.356894969 1443.74296254399 
61550 123.1 -123062.985251394 1445.00889651659 
61600 123.2 -123062.980440998 1445.3469697025 
61650 123.3 -123062.360015976 1446.58836065839 
61700 123.4 -123060.785206824 1448.1314751248 
61750 123.5 -123058.57175214 1448.95707125717 
61800 123.6 -123058.561684274 1449.3088130122 
61850 123.7 -123057.250412934 1449.802837112 
61900 123.8 -123057.138934882 1451.72710688112 
61950 123.9 -123053.615365897 1452.22360634991 
62000 124 -123053.695117497 1454.44938717876 
62050 124.1 -123053.529627164 1456.63163136598 
62100 124.2 -123052.82530996 1458.26764333168 
62150 124.3 -123049.321371924 1459.11199792684 
62200 124.4 -123049.319831241 1460.58421980311 
62250 124.5 -123050.135691699 1460.9947024445 
62300 124.6 -123048.862586196 1461.63862385727 
62350 124.7 -123049.60962013 1463.17650165796 
62400 124.8 -123047.926014519 1464.61597157589 
62450 124.9 -123047.818432889 1465.892107884 
62500 125 -123047.833798973 1466.96437386808 
62550 125.1 -123045.649468734 1468.23120450566 
62600 125.2 -123045.593890442 1469.71657112297 
62650 125.3 -123044.396461477 1470.76747317296 
62700 125.4 -123044.86623445 1472.29477061243 
62750 125.5 -123044.448748298 1473.31414846442 
62800 125.6 -123042.925784884 1474.62251054264 
62850 125.7 -123043.57513581 1475.39576282998 
62900 125.8 -123040.55916413 1476.19090524361 
62950 125.9 -123038.416433001 1476.80441571223 
63000 126 -123038.311642066 1478.0832550391 
63050 126.1 -123035.064607567 1478.7993967078 
63100 126.2 -123033.840701467 1481.26001374476 
63150 126.3 -123031.248027832 1482.77697536248 
63200 126.4 -123030.059706878 1483.97063742408 
63250 126.5 -123028.568989312 1484.6165853193 
63300 126.6 -123027.78222665 1486.29612195838 
63350 126.7 -123025.919890653 1487.12238150692 
63400 126.8 -123026.180484946 1488.43567807495 
63450 126.9 -123025.375347106 1488.97017827354 
63500 127 -123026.727895857 1489.64574558286 
63550 127.1 -123026.361072952 1491.38444182829 
63600 127.2 -123024.494924444 1492.86476039953 
63650 127.3 -123022.127886469 1494.52141484995 
63700 127.4 -123018.277329467 1495.37858519122 
63750 127.5 -123017.56014974 1496.78607470331 
63800 127.6 -123017.316137373 1497.42078366404 
63850 127.7 -123017.11697987 1498.61479961569 
63900 127.8 -123015.618779104 1499.69513653399 
63950 127.9 -123011.838800439 1500.50707704069 
64000 128 -123009.002028403 1500.9802986033 
64050 128.1 -123008.893260983 1501.49472884598 
64100 128.2 -123009.024229866 1502.1325369121 
64150 128.3 -123007.360631969 1504.33220891942 
64200 128.4 -123008.113773341 1505.10483916859 
64250 128.5 -123003.058054535 1505.80969827775 
64300 128.6 -123002.946045292 1507.25921044839 
64350 128.7 -122998.849201656 1508.77762447174 
64400 128.8 -122998.175830984 1510.42310017847 
64450 128.9 -122996.085285417 1511.61698010579 
64500 129 -122993.671361836 1512.19357623259 
64550 129.1 -122991.88215042 1513.80593038117 
64600 129.2 -122992.010903136 1514.51489539647 
64650 129.3 -122991.352729116 1515.41293906033 
64700 129.4 -122990.453755481 1516.98105394836 
64750 129.5 -122989.208190472 1517.73406411919 
64800 129.6 -122987.553963205 1518.4646387104 
64850 129.7 -122985.846915058 1519.88645731919 
64900 129.8 -122985.162372046 1521.81506624444 
64950 129.9 -122983.215276104 1522.48431550637 
65000 130 -122982.629442671 1523.73773959988 
65050 130.1 -122980.641600952 1524.71840782716 
65100 130.2 -122978.344984706 1526.1702667499 
65150 130.3 -122976.120118203 1527.602022744 
65200 130.4 -122973.822774461 1529.17092347687 
65250 130.5 -122971.686765184 1530.71524770979 
65300 130.6 -122971.744143865 1531.1080162977 
65350 130.7 -122971.35014125 1531.96678963546 
65400 130.8 -122970.664115458 1532.85562147558 
65450 130.9 -122971.165940777 1534.56080557409 
65500 131 -122970.322683565 1536.08187525069 
65550 131.1 -122969.202213229 1537.57964362446 
65600 131.2 -122968.287210374 1538.97857855274 
65650 131.3 -122966.489370538 1540.35940779872 
65700 131.4 -122964.889026939 1540.87800872496 
65750 131.5 -122965.445058153 1542.80507378579 
65800 131.6 -122963.069337464 1544.42904449651 
65850 131.7 -122959.493730001 1545.23656949609 
65900 131.8 -122955.202170087 1546.63122066227 
65950 131.9 -122955.913921928 1547.50878482072 
66000 132 -122951.744633184 1548.59872952959 
66050 132.1 -122950.900778454 1549.93172196283 
66100 132.2 -122951.342328157 1551.2826664854 
66150 132.3 -122950.996857392 1552.0662749775 
66200 132.4 -122950.011864849 1553.49838514531 
66250 132.5 -122949.39187565 1555.34597328592 
66300 132.6 -122948.413884255 1555.61584656048 
66350 132.7 -122947.704384691 1557.22894842349 
66400 132.8 -122947.584190323 1557.50347167045 
66450 132.9 -122946.792381506 1558.79635328428 
66500 133 -122946.29822541 1559.5239872928 
66550 133.1 -122946.367087055 1560.43169640185 
66600 133.2 -122946.561358797 1561.14519522563 
66650 133.3 -122940.827024395 1562.68440950949 
66700 133.4 -122939.840183902 1564.07678776733 
66750 133.5 -122936.474877745 1564.68722414125 
66800 133.6 -122934.750629516 1565.96742724581 
66850 133.7 -122934.250570354 1566.36356763616 
66900 133.8 -122932.736572726 1567.59040227543 
66950 133.9 -122930.611579606 1568.53417202343 
67000 134 -122930.327003164 1570.31285109995 
67050 134.1 -122929.812350309 1571.0977436817 
67100 134.2 -122928.812473561 1572.20661750977 
67150 134.3 -122925.469558576 1573.01817997451 
67200 134.4 -122922.695092996 1575.00345562927 
67250 134.5 -122922.12104003 1576.90690279899 
67300 134.6 -122921.609480014 1578.64007891926 
67350 134.7 -122918.948294361 1580.67975326153 
67400 134.8 -122918.148718446 1582.06340580972 
67450 134.9 -122918.171750797 1583.52201652734 
67500 135 -122918.664990356 1584.22369904532 
67550 135.1 -122915.233139882 1585.18617985893 
67600 135.2 -122912.859683094 1585.75665771946 
67650 135.3 -122910.265912445 1587.27793580711 
67700 135.4 -122909.573492324 1588.86366552974 
67750 135.5 -122907.265360726 1589.70683361199 
67800 135.6 -122906.908946379 1591.79081825559 
67850 135.7 -122905.385889205 1593.06448988857 
67900 135.8 -122904.849373462 1593.77826213946 
67950 135.9 -122902.60580492 1594.97843992491 
68000 136 -122901.752434709 1595.42792501622 
68050 136.1 -122897.988343892 1596.4325780449 
68100 136.2 -122898.69362291 1596.76641014675 
68150 136.3 -122897.304037464 1598.67216436466 
68200 136.4 -122897.769424225 1599.30036327067 
68250 136.5 -122894.924552371 1599.85863090896 
68300 136.6 -122895.536971913 1600.60795171045 
68350 136.7 -122894.761285532 1603.35114177941 
68400 136.8 -122891.549568405 1604.78126810156 
68450 136.9 -122890.330295162 1605.0132093236 
68500 137 -122890.529928052 1606.97575798643 
68550 137.1 -122888.720449252 1607.37417275721 
68600 137.2 -122888.65947494 1608.8092668527 
68650 137.3 -122886.058336647 1611.04236538457 
68700 137.4 -122885.223562726 1612.34065307156 
68750 137.5 -122882.563703666 1614.25139892565 
68800 137.6 -122881.655280417 1615.00316244471 
68850 137.7 -122882.831295258 1615.75625864804 
68900 137.8 -122882.709601618 1617.19471466191 
68950 137.9 -122882.801156016 1617.97146030704 
69000 138 -122881.373903041 1618.75729344825 
69050 138.1 -122878.441298884 1620.61220450479 
69100 138.2 -122877.832227647 1621.09354550732 
69150 138.3 -122875.208010512 1622.83702810249 
69200 138.4 -122873.826218684 1624.27110177801 
69250 138.5 -122872.52306793 1626.01623052641 
69300 138.6 -122866.326375657 1627.55828677712 
69350 138.7 -122865.769928111 1629.12842371642 
69400 138.8 -122865.326227542 1631.01874648691 
69450 138.9 -122863.785486337 1632.77419905625 
69500 139 -122862.946168584 1633.3156515511 
69550 139.1 -122864.09724693 1634.48622369905 
69600 139.2 -122862.354230427 1635.11254250038 
69650 139.3 -122862.12603886 1635.98520681081 
69700 139.4 -122860.602301121 1637.47133915083 
69750 139.5 -122859.253040425 1638.84202968243 
69800 139.6 -122858.512600927 1640.0787218009 
69850 139.7 -122858.207142173 1641.52589889671 
69900 139.8 -122857.239120623 1643.14653024806 
69950 139.9 -122855.056310486 1644.52890462701 
70000 140 -122851.895747076 1646.33864713217 
70050 140.1 -122852.579908927 1647.62509336653 
70100 140.2 -122852.126952597 1649.00505925197 
70150 140.3 -122853.602446868 1649.97667762329 
70200 140.4 -122851.61671547 1651.75705887443 
70250 140.5 -122851.482814911 1653.50329070223 
70300 140.6 -122849.637472377 1654.88976098028 
70350 140.7 -122848.859521374 1655.66132476951 
70400 140.8 -122847.771369077 1657.04021085017 
70450 140.9 -122844.974155964 1658.16542037289 
70500 141 -122844.640031452 1658.4793712014 
70550 141.1 -122843.119195663 1659.06325530591 
70600 141.2 -122843.633577641 1659.51987184065 
70650 141.3 -122840.752850586 1661.22039406687 
70700 141.4 -122840.37426482 1661.97549870632 
70750 141.5 -122840.47181065 1663.43292051972 
70800 141.6 -122839.323721151 1663.67629521307 
70850 141.7 -122838.425411073 1665.12904811836 
70900 141.8 -122836.021862458 1666.33307935559 
70950 141.9 -122835.609639604 1667.16569697591 
71000 142 -122835.310976998 1667.41476809366 
71050 142.1 -122833.423019862 1668.08100621779 
71100 142.2 -122832.999654424 1669.73010426967 
71150 142.3 -122832.615566669 1671.28848372777 
71200 142.4 -122832.687842121 1672.55726276542 
71250 142.5 -122831.356093143 1674.85172893793 
71300 142.6 -122831.781989293 1676.24051427029 
71350 142.7 -122830.49218179 1677.10761835853 
71400 142.8 -122828.946453582 1678.39242146415 
71450 142.9 -122823.597573294 1680.11033790575 
71500 143 -122822.775694501 1680.92262620056 
71550 143.1 -122820.013082558 1682.00934379485 
71600 143.2 -122817.630581359 1683.23944246059 
71650 143.3 -122817.503271587 1683.5677243679 
71700 143.4 -122817.053686922 1684.3683115257 
71750 143.5 -122817.296861562 1685.22246818389 
71800 143.6 -122817.363672956 1686.21415734598 
71850 143.7 -122816.437872595 1686.85684103464 
71900 143.8 -122812.585710503 1687.63524356484 
71950 143.9 -122810.977171782 1689.89689137589 
72000 144 -122809.187250985 1691.33217151722 
72050 144.1 -122806.98508116 1692.20871773844 
72100 144.2 -122804.520137283 1693.67754093923 
72150 144.3 -122804.270906141 1694.94922980971 
72200 144.4 -122802.647992223 1696.2346817369 
72250 144.5 -122800.952788469 1697.72393449276 
72300 144.6 -122800.527841482 1698.42532852844 
72350 144.7 -122797.741398896 1699.63348398389 
72400 144.8 -122796.739147325 1700.88543181314 
72450 144.9 -122794.674408001 1701.73065676228 
72500 145 -122795.189642683 1703.05525449242 
72550 145.1 -122792.717925601 1703.77764207815 
72600 145.2 -122792.88386027 1705.61956747144 
72650 145.3 -122793.123133043 1705.91896954641 
72700 145.4 -122793.33005503 1706.26692964691 
72750 145.5 -122794.117997576 1707.80369418273 
72800 145.6 -122790.956418545 1708.93737297689 
72850 145.7 -122789.635888514 1709.1456455757 
72900 145.8 -122788.631960958 1710.52880637149 
72950 145.9 -122788.116305401 1711.83894783621 
73000 146 -122788.231548067 1713.40870541618 
73050 146.1 -122784.659206636 1714.15951220883 
73100 146.2 -122782.763388956 1715.89663426119 
73150 146.3 -122782.989384319 1717.41384989858 
73200 146.4 -122781.835806789 1718.97083927873 
73250 146.5 -122780.864929478 1719.6157464788 
73300 146.6 -122778.245708481 1721.2125524396 
73350 146.7 -122777.152188007 1722.73025168672 
73400 146.8 -122776.486479574 1724.39936069685 
73450 146.9 -122775.52491874 1725.80519054691 
73500 147 -122776.056718855 1727.29711766325 
73550 147.1 -122772.257182714 1728.10358414165 
73600 147.2 -122768.243522452 1729.35127180618 
73650 147.3 -122765.341543039 1731.02354621557 
73700 147.4 -122763.811610163 1732.47983307601 
73750 147.5 -122764.787144065 1733.78924834954 
73800 147.6 -122762.847173869 1735.82983066463 
73850 147.7 -122760.186239409 1736.51380558651 
73900 147.8 -122759.883352634 1738.00030924949 
73950 147.9 -122756.923099632 1739.00135631048 
74000 148 -122757.434905439 1739.74564074215 
74050 148.1 -122755.769227425 1741.27732471059 
74100 148.2 -122752.216378234 1742.49185474585 
74150 148.3 -122751.012098598 1743.86420347062 
74200 148.4 -122749.07849077 1745.48522203637 
74250 148.5 -122746.840623085 1745.88195867698 
74300 148.6 -122744.796291658 1746.63022398138 
74350 148.7 -122742.00589817 1748.2389056069 
74400 148.8 -122742.637505104 1749.43083180064 
74450 148.9 -122742.189196528 1751.45265160256 
74500 149 -122739.480744353 1752.0559828465 
74550 149.1 -122739.072502295 1753.78298076677 
74600 149.2 -122739.169070617 1754.55741742307 
74650 149.3 -122736.081137674 1756.10211275258 
74700 149.4 -122734.698071166 1756.98633751442 
74750 149.5 -122730.595142267 1757.71972936173 
74800 149.6 -122730.325862544 1759.42306385497 
74850 149.7 -122727.713734827 1760.77393970789 
74900 149.8 -122727.573170121 1761.35472154554 
74950 149.9 -122724.031582732 1762.55330910861 
75000 150 -122721.853197329 1762.88764096809 
75050 150.1 -122720.772244938 1764.33794476832 
75100 150.2 -122718.758713457 1765.96046324979 
75150 150.3 -122713.774498946 1767.56446222075 
75200 150.4 -122711.391495479 1767.8627573554 
75250 150.5 -122712.364011822 1768.46992885137 
75300 150.6 -122711.600913716 1768.90521912787 
75350 150.7 -122711.22204421 1769.74212994013 
75400 150.8 -122709.719881548 1771.42284561286 
75450 150.9 -122710.484559572 1773.36984049429 
75500 151 -122710.498471205 1774.21741669643 
75550 151.1 -122709.905699374 1775.36490860658 
75600 151.2 -122709.14097336 1776.61011691692 
75650 151.3 -122705.918761977 1777.56002693733 
75700 151.4 -122706.677564703 1778.01908661207 
75750 151.5 -122705.302927985 1778.82127100851 
75800 151.6 -122704.632556251 1779.54984472381 
75850 151.7 -122703.455369784 1780.55885047859 
75900 151.8 -122701.490362306 1781.96086108167 
75950 151.9 -122698.588868919 1782.60655788855 
76000 152 -122697.145329097 1783.36909614632 
76050 152.1 -122695.528208189 1784.8242011466 
76100 152.2 -122693.937544339 1785.7967673783 
76150 152.3 -122695.252422839 1787.18496701402 
76200 152.4 -122693.548677582 1787.45891584358 
76250 152.5 -122688.952209576 1788.14132262678 
76300 152.6 -122687.670842502 1789.44024828797 
76350 152.7 -122686.489865728 1790.04558993227 
76400 152.8 -122683.535373358 1790.35804888949 
76450 152.9 -122682.504192891 1793.00579972578 
76500 153 -122680.472130144 1794.34279613809 
76550 153.1 -122679.29332525 1795.1010747283 
76600 153.2 -122676.924721935 1795.71740252831 
76650 153.3 -122676.130502826 1797.18842616327 
76700 153.4 -122673.709087385 1798.65693776213 
76750 153.5 -122671.393506384 1799.2368785387 
76800 153.6 -122668.972900016 1800.0843910135 
76850 153.7 -122667.146326182 1800.68189887692 
76900 153.8 -122665.223080402 1801.87742692716 
76950 153.9 -122664.635589651 1803.53234377309 
77000 154 -122662.721685008 1804.44609096884 
77050 154.1 -122661.541571659 1805.45829414925 
77100 154.2 -122660.123645919 1806.55489076163 
77150 154.3 -122659.587704132 1807.79596990926 
77200 154.4 -122659.073917319 1808.44591697283 
77250 154.5 -122657.124031545 1809.69295356113 
77300 154.6 -122656.200310873 1810.04867245966 
77350 154.7 -122654.751305122 1811.2425554322 
77400 154.8 -122652.144737448 1811.86914765435 
77450 154.9 -122649.16075982 1813.23649464997 
77500 155 -122648.246123355 1814.16144340102 
77550 155.1 -122646.573434709 1815.49004086099 
77600 155.2 -122647.288829419 1816.14349677366 
77650 155.3 -122641.798576956 1817.4205563207 
77700 155.4 -122638.410182855 1818.36409433018 
77750 155.5 -122633.921273103 1819.83412843043 
77800 155.6 -122632.019604027 1821.09777651349 
77850 155.7 -122631.420110434 1822.74789754841 
77900 155.8 -122629.671354915 1823.19773666382 
77950 155.9 -122627.967704027 1824.83035081395 
78000 156 -122626.54872601 1826.1512615706 
78050 156.1 -122623.636937537 1827.5339766145 
78100 156.2 -122619.848117973 1828.13626559617 
78150 156.3 -122616.500921475 1829.46317187003 
78200 156.4 -122614.448166223 1830.25753282799 
78250 156.5 -122611.182460719 1830.99154996377 
78300 156.6 -122607.081008899 1831.81965033686 
78350 156.7 -122601.308583466 1832.87642823083 
78400 156.8 -122604.127041477 1833.78107710626 
78450 156.9 -122603.19343794 1835.36006002111 
78500 157 -122602.843568894 1836.68036038183 
78550 157.1 -122600.539356738 1838.13465156895 
78600 157.2 -122597.654581369 1838.42395492341 
78650 157.3 -122596.112630783 1839.89858625223 
78700 157.4 -122593.664963243 1840.79754625362 
78750 157.5 -122589.903407138 1842.0392008026 
78800 157.6 -122586.42302271 1843.14080511929 
78850 157.7 -122579.930210438 1844.82394451115 
78900 157.8 -122579.025644343 1845.62071731368 
78950 157.9 -122578.008279413 1846.05096964293 
79000 158 -122576.211681951 1846.82678434518 
79050 158.1 -122573.539619696 1847.58295316754 
79100 158.2 -122570.906803551 1848.17708623436 
79150 158.3 -122567.998896529 1849.37948102077 
79200 158.4 -122567.169267209 1850.47114935264 
79250 158.5 -122565.030609172 1850.86029448403 
79300 158.6 -122563.353582366 1851.52416233914 
79350 158.7 -122563.035086498 1852.88319905259 
79400 158.8 -122564.288941615 1854.32842685857 
79450 158.9 -122563.195259571 1854.7289377451 
79500 159 -122563.497214241 1855.71056598935 
79550 159.1 -122561.206884591 1856.28185353497 
79600 159.2 -122559.896244627 1857.79367397719 
79650 159.3 -122556.788105873 1858.64538639894 
79700 159.4 -122557.118930006 1858.94920621973 
79750 159.5 -122555.039745962 1860.33201843728 
79800 159.6 -122554.156429556 1860.89865685536 
79850 159.7 -122552.928497038 1862.21004326498 
79900 159.8 -122550.129486236 1862.79276635364 
79950 159.9 -122547.077934497 1864.18985226535 
80000 160 -122545.175986361 1865.78828109187 
80050 160.1 -122544.138502383 1866.57024506782 
80100 160.2 -122544.509773717 1867.45060925868 
80150 160.3 -122538.648689405 1868.79673358494 
80200 160.4 -122538.724358075 1869.22963707419 
80250 160.5 -122537.943089547 1870.47751614551 
80300 160.6 -122533.57243424 1871.7269169522 
80350 160.7 -122531.758905398 1872.21142076781 
80400 160.8 -122530.453705092 1872.91332867623 
80450 160.9 -122525.631794035 1873.21084969795 
80500 161 -122523.526023303 1874.66525200429 
80550 161.1 -122520.862965042 1876.25718286353 
80600 161.2 -122519.66557368 1877.690272231 
80650 161.3 -122515.947503853 1879.15600532312 
80700 161.4 -122512.056425352 1880.07247697406 
80750 161.5 -122509.063892637 1881.96791752057 
80800 161.6 -122505.239374198 1882.35646299345 
80850 161.7 -122503.966387891 1882.54832620619 
80900 161.8 -122494.872076633 1882.90721317276 
80950 161.9 -122492.923768497 1883.15682034024 
81000 162 -122491.739823354 1884.57448037746 
81050 162.1 -122490.460935142 1886.21759384497 
81100 162.2 -122486.66352993 1886.89540036057 
81150 162.3 -122484.428919408 1888.27823544299 
81200 162.4 -122484.094188687 1889.19517450624 
81250 162.5 -122483.699316761 1890.64307910901 
81300 162.6 -122484.709332258 1891.25471052175 
81350 162.7 -122481.753540215 1891.99062001643 
81400 162.8 -122477.434852195 1893.07633297735 
81450 162.9 -122476.349240534 1893.70248011363 
81500 163 -122475.948162368 1894.24002307785 
81550 163.1 -122476.248386713 1895.53535839994 
81600 163.2 -122473.709374094 1896.75411172876 
81650 163.3 -122472.133097056 1898.44412242583 
81700 163.4 -122469.784236788 1899.59846379612 
81750 163.5 -122466.468607841 1901.06639568733 
81800 163.6 -122463.831036421 1901.79501870275 
81850 163.7 -122459.630269739 1902.46805548105 
81900 163.8 -122459.780810823 1902.68065641165 
81950 163.9 -122459.955622193 1903.89723094595 
82000 164 -122458.528686701 1905.34502037653 
82050 164.1 -122456.949378344 1906.00463432042 
82100 164.2 -122452.284727779 1907.60549336252 
82150 164.3 -122449.88858471 1908.90501751679 
82200 164.4 -122445.727772912 1909.21809291412 
82250 164.5 -122445.81245509 1910.4878660082 
82300 164.6 -122445.295890749 1910.91074614714 
82350 164.7 -122443.763669318 1913.21382678347 
82400 164.8 -122437.193618364 1914.21663848474 
82450 164.9 -122433.844492036 1915.69961431192 
82500 165 -122426.259976601 1916.44106186114 
82550 165.1 -122425.542581824 1917.68905391173 
82600 165.2 -122425.459640058 1919.03748804464 
82650 165.3 -122426.231221356 1919.66959407071 
82700 165.4 -122423.584899473 1921.11715799177 
82750 165.5 -122418.884658431 1922.93518926832 
82800 165.6 -122416.752793235 1923.7600805793 
82850 165.7 -122412.936199069 1924.58837685038 
82900 165.8 -122409.047350149 1925.93061442473 
82950 165.9 -122407.529408195 1927.76220506505 
83000 166 -122407.399288337 1928.43662675623 
83050 166.1 -122406.793502974 1930.28189483488 
83100 166.2 -122404.012211746 1931.77963676698 
83150 166.3 -122402.115736535 1932.49865463859 
83200 166.4 -122401.244066913 1934.0992992768 
83250 166.5 -122397.73267826 1934.70768618417 
83300 166.6 -122396.217746295 1936.0710630115 
83350 166.7 -122394.036858368 1936.76962932509 
83400 166.8 -122390.273313937 1937.55696894257 
83450 166.9 -122385.44149598 1938.14319842677 
83500 167 -122381.506191227 1938.87541191596 
83550 167.1 -122381.462855412 1940.1813392194 
83600 167.2 -122378.264471394 1941.82640068068 
83650 167.3 -122374.181440237 1942.13528871159 
83700 167.4 -122371.302879204 1943.65823771588 
83750 167.5 -122367.431794601 1945.62391489628 
83800 167.6 -122365.234276644 1947.10223146334 
83850 167.7 -122364.255569277 1948.77488455626 
83900 167.8 -122363.291185216 1950.2174296584 
83950 167.9 -122360.015694032 1951.65882610893 
84000 168 -122355.496045207 1952.84625504917 
84050 168.1 -122353.71105509 1954.04539707026 
84100 168.2 -122350.760217177 1954.65605518381 
84150 168.3 -122347.90933751 1956.38120860575 
84200 168.4 -122347.659551031 1957.84739385601 
84250 168.5 -122342.805562808 1959.41969362908 
84300 168.6 -122336.478127513 1960.8600950471 
84350 168.7 -122334.491809576 1961.19824868395 
84400 168.8 -122333.961364619 1961.60063156309 
84450 168.9 -122335.059131205 1962.94834322463 
84500 169 -122331.641132931 1964.25773395454 
84550 169.1 -122325.52844297 1965.3385920757 
84600 169.2 -122326.621440176 1966.04089484237 
84650 169.3 -122325.321132064 1966.36482789854 
84700 169.4 -122323.804584697 1966.98005636562 
84750 169.5 -122321.63362555 1967.37976464112 
84800 169.6 -122319.448962329 1968.31157961229 
84850 169.7 -122314.788856449 1969.21736442797 
84900 169.8 -122314.225350382 1970.69014831243 
84950 169.9 -122313.897362784 1972.08754567583 
85000 170 -122311.459535109 1973.50875710353 
85050 170.1 -122307.644251835 1975.12348874602 
85100 170.2 -122307.464964108 1975.90595274151 
85150 170.3 -122302.778386671 1977.34138574699 
85200 170.4 -122301.375690846 1977.89844814254 
85250 170.5 -122298.927370931 1979.210970262 
85300 170.6 -122296.042409585 1980.77009559398 
85350 170.7 -122293.802581 1981.99675928535 
85400 170.8 -122290.375521398 1982.28043121128 
85450 170.9 -122283.97203937 1983.06649080529 
85500 171 -122281.495637294 1984.78138529393 
85550 171.1 -122279.607720775 1985.60474765866 
85600 171.2 -122275.115105393 1987.23222236637 
85650 171.3 -122268.713471604 1988.25152899173 
85700 171.4 -122264.407125112 1989.61513405406 
85750 171.5 -122263.529107092 1991.48354994705 
85800 171.6 -122260.350594649 1993.42489395121 
85850 171.7 -122258.183893202 1994.1926710503 
85900 171.8 -122252.630830833 1995.71969601042 
85950 171.9 -122247.139556977 1997.19024352046 
86000 172 -122245.798523773 1997.81010357908 
86050 172.1 -122241.594038952 1998.70687649736 
86100 172.2 -122241.968223478 2000.47159761046 
86150 172.3 -122235.214046793 2001.64169994751 
86200 172.4 -122235.097587979 2003.04497667125 
86250 172.5 -122233.064077299 2003.7729743327 
86300 172.6 -122231.530946007 2005.19265596419 
86350 172.7 -122227.466106988 2006.39372509664 
86400 172.8 -122222.827473329 2007.93889990178 
86450 172.9 -122221.186241817 2009.51721050521 
86500 173 -122217.584604111 2010.72894089554 
86550 173.1 -122215.662930322 2010.96053546439 
86600 173.2 -122209.534521655 2011.71193975396 
86650 173.3 -122207.071674139 2013.32498904997 
86700 173.4 -122201.73234965 2013.55102741992 
86750 173.5 -122197.33453114 2015.34275388047 
86800 173.6 -122195.503716189 2016.0818895498 
86850 173.7 -122191.042006201 2016.86944171785 
86900 173.8 -122187.20042807 2018.23008665438 
86950 173.9 -122185.324287426 2018.4945189731 
87000 174 -122183.512666887 2019.19073765032 
87050 174.1 -122175.427613281 2020.5571740598 
87100 174.2 -122171.676036025 2020.9054605872 
87150 174.3 -122168.599347883 2021.26222854007 
87200 174.4 -122164.221213573 2021.90130536936 
87250 174.5 -122159.176644194 2023.26504872882 
87300 174.6 -122154.023899121 2024.00864308087 
87350 174.7 -122152.261583842 2024.55843978335 
87400 174.8 -122150.699217347 2024.95540918269 
87450 174.9 -122147.622120922 2025.79661042379 
87500 175 -122144.518446408 2026.12477667772 
87550 175.1 -122143.520698299 2026.91936364517 
87600 175.2 -122138.102952592 2028.36154536615 
87650 175.3 -122133.542615022 2029.09776617939 
87700 175.4 -122130.268418692 2029.95478015429 
87750 175.5 -122126.355139047 2030.54968900269 
87800 175.6 -122121.589160216 2031.33006966701 
87850 175.7 -122118.255867058 2032.17633242661 
87900 175.8 -122116.918401861 2033.81867089112 
87950 175.9 -122110.724627546 2035.47466887253 
88000 176 -122108.278926961 2036.81470856891 
88050 176.1 -122103.061773626 2038.7213051365 
88100 176.2 -122097.457430466 2039.44323982875 
88150 176.3 -122091.654760869 2040.81854599315 
88200 176.4 -122085.476371428 2042.16694741938 
88250 176.5 -122084.747849778 2043.56470720382 
88300 176.6 -122080.541985853 2044.31626214716 
88350 176.7 -122078.285803033 2045.05328293064 
88400 176.8 -122075.935482477 2046.72629576222 
88450 176.9 -122075.069259695 2048.2549717976 
88500 177 -122075.094884759 2049.52740254156 
88550 177.1 -122072.373358207 2050.12854307597 
88600 177.2 -122071.041990446 2051.35830310161 
88650 177.3 -122068.712193613 2051.59986473883 
88700 177.4 -122066.811717048 2052.38803702121 
88750 177.5 -122065.217939243 2053.9682817532 
88800 177.6 -122062.741787119 2054.58036672824 
88850 177.7 -122060.534533146 2056.09101996811 
88900 177.8 -122059.920341991 2056.74263490836 
88950 177.9 -122055.531302662 2057.40442416101 
89000 178 -122054.373877654 2058.17230072537 
89050 178.1 -122051.849052141 2059.5260620532 
89100 178.2 -122048.801320306 2061.26321855988 
89150 178.3 -122045.8627172 2062.95455428027 
89200 178.4 -122043.592588584 2064.61612944453 
89250 178.5 -122038.881483318 2065.31902919302 
89300 178.6 -122036.950869599 2066.08682713097 
89350 178.7 -122037.289357501 2067.34405396414 
89400 178.8 -122034.511272669 2067.86961539844 
89450 178.9 -122033.273920823 2068.91068170629 
89500 179 -122025.48597121 2069.8113217724 
89550 179.1 -122025.27955326 2070.88193168886 
89600 179.2 -122017.643758379 2071.11556879114 
89650 179.3 -122010.527437707 2072.62232152804 
89700 179.4 -122003.237059488 2073.96240338726 
89750 179.5 -122001.964231744 2075.71738007463 
89800 179.6 -121993.655028156 2077.04662561624 
89850 179.7 -121991.319899601 2077.98594532387 
89900 179.8 -121989.758645132 2078.70791268122 
89950 179.9 -121985.306047479 2079.05911954633 
90000 180 -121980.541125555 2080.62258424359 
90050 180.1 -121975.165277559 2081.86245754391 
90100 180.2 -121972.703993566 2083.14958473907 
90150 180.3 -121970.200021469 2084.50810247024 
90200 180.4 -121964.629756894 2085.2860701653 
90250 180.5 -121962.09574646 2086.65193322176 
90300 180.6 -121958.662072761 2088.44785824521 
90350 180.7 -121953.51847316 2089.92384074443 
90400 180.8 -121948.049985363 2091.93758072926 
90450 180.9 -121946.15950854 2092.65064308807 
90500 181 -121941.510066665 2093.44119972721 
90550 181.1 -121941.316437634 2094.86777283255 
90600 181.2 -121938.888098108 2095.55061355018 
90650 181.3 -121935.560005788 2097.26538616819 
90700 181.4 -121930.822938089 2097.62298145825 
90750 181.5 -121926.623347161 2098.34548140576 
90800 181.6 -121922.643990784 2100.42779627833 
90850 181.7 -121919.823493049 2101.84968728133 
90900 181.8 -121916.066819656 2102.33075479349 
90950 181.9 -121914.203888186 2103.6925306155 
91000 182 -121912.678892761 2104.40577683855 
91050 182.1 -121906.166115085 2105.33411514802 
91100 182.2 -121900.077476797 2106.30018217593 
91150 182.3 -121896.727553019 2108.00728702603 
91200 182.4 -121889.587275381 2109.34940664287 
91250 182.5 -121888.379151946 2110.10126347122 
91300 182.6 -121882.882780401 2110.71930248474 
91350 182.7 -121882.113248936 2112.19234865291 
91400 182.8 -121878.396113546 2113.02554112551 
91450 182.9 -121873.213120348 2114.80458329995 
91500 183 -121871.317371426 2115.419954102 
91550 183.1 -121866.165190443 2116.46397862622 
91600 183.2 -121855.261275495 2116.68624772013 
91650 183.3 -121853.482679847 2117.4320898802 
91700 183.4 -121845.325720884 2117.73409445483 
91750 183.5 -121842.710932625 2119.44862170045 
91800 183.6 -121843.05327103 2120.83952283032 
91850 183.7 -121836.774575034 2122.30532599186 
91900 183.8 -121830.427175664 2123.34828729744 
91950 183.9 -121828.10657597 2125.12142954925 
92000 184 -121825.852998542 2125.44348601592 
92050 184.1 -121816.772857047 2126.32492318306 
92100 184.2 -121813.848582259 2127.88983863775 
92150 184.3 -121810.662647755 2128.54720750586 
92200 184.4 -121808.065671944 2128.96072090971 
92250 184.5 -121803.905712124 2130.28124824459 
92300 184.6 -121803.934026297 2131.68954920157 
92350 184.7 -121797.624833928 2132.93289058777 
92400 184.8 -121794.796012067 2134.97385037893 
92450 184.9 -121787.224764498 2136.69365404912 
92500 185 -121783.290284455 2138.1996299804 
92550 185.1 -121782.971689696 2139.32981290997 
92600 185.2 -121773.602285567 2140.70404482141 
92650 185.3 -121769.844527412 2141.71263870671 
92700 185.4 -121763.045987034 2142.63498645654 
92750 185.5 -121761.908157073 2143.45316304345 
92800 185.6 -121752.944744998 2144.34333144378 
92850 185.7 -121746.179254568 2145.03633497074 
92900 185.8 -121742.058640461 2146.49813737451 
92950 185.9 -121732.257822806 2148.07044774912 
93000 186 -121727.306182871 2149.85552944309 
93050 186.1 -121723.377946338 2151.52013023215 
93100 186.2 -121717.721036849 2152.76588932454 
93150 186.3 -121711.254387903 2154.18870992677 
93200 186.4 -121707.59086233 2155.56569890613 
93250 186.5 -121700.543598601 2156.84769761807 
93300 186.6 -121693.932838039 2157.37168566379 
93350 186.7 -121688.084956011 2157.75250987893 
93400 186.8 -121680.57837876 2158.05474117442 
93450 186.9 -121674.127285237 2158.86590873904 
93500 187 -121672.211400124 2160.64309687041 
93550 187.1 -121663.292905732 2161.03503909371 
93600 187.2 -121660.676224172 2162.54015398328 
93650 187.3 -121655.335333699 2163.92198879844 
93700 187.4 -121651.656669546 2166.01618766279 
93750 187.5 -121649.093303641 2167.43131160472 
93800 187.6 -121642.476738565 2167.77622216743 
93850 187.7 -121638.653347158 2169.25006778274 
93900 187.8 -121632.734179004 2170.85634194728 
93950 187.9 -121626.800225176 2172.40328523698 
94000 188 -121622.867801699 2173.51521296487 
94050 188.1 -121620.147444448 2174.51741708254 
94100 188.2 -121612.025164358 2176.10055170855 
94150 188.3 -121608.833197233 2176.38642959598 
94200 188.4 -121605.338825828 2177.66237281867 
94250 188.5 -121600.173502393 2178.86469498445 
94300 188.6 -121596.627853415 2180.35669171112 
94350 188.7 -121589.01281978 2181.84315009466 
94400 188.8 -121578.311267225 2183.2526338907 
94450 188.9 -121572.152099116 2184.62997725418 
94500 189 -121566.596818805 2186.04276437209 
94550 189.1 -121559.43567415 2187.21664250242 
94600 189.2 -121551.106443802 2187.92839614755 
94650 189.3 -121544.416188031 2189.79140443863 
94700 189.4 -121537.938859192 2191.46420546585 
94750 189.5 -121524.190357345 2192.39630588656 
94800 189.6 -121507.661834158 2193.44118850315 
94850 189.7 -121503.580678824 2194.77472965823 
94900 189.8 -121496.593488969 2196.3699655038 
94950 189.9 -121490.722394178 2197.72732853501 
95000 190 -121477.559214842 2198.53488021012 
95050 190.1 -121462.623223414 2199.10489539802 
95100 190.2 -121455.864333902 2199.93689575083 
95150 190.3 -121449.227353847 2201.50214056453 
95200 190.4 -121442.807106727 2202.38079278996 
95250 190.5 -121433.672717408 2203.60210395404 
95300 190.6 -121427.942458673 2204.7616424172 
95350 190.7 -121419.726696457 2205.06533225332 
95400 190.8 -121408.262688317 2206.67341410655 
95450 190.9 -121402.196862907 2208.96987117255 
95500 191 -121398.10375596 2209.82763875714 
95550 191.1 -121393.640596465 2211.2535778532 
95600 191.2 -121388.098096713 2212.77721037433 
95650 191.3 -121378.914182069 2213.68190686376 
95700 191.4 -121375.056060334 2215.08383626408 
95750 191.5 -121369.053951629 2216.45126505671 
95800 191.6 -121362.836421763 2217.57123061022 
95850 191.7 -121356.301773014 2219.06022556493 
95900 191.8 -121351.152914045 2219.74638551938 
95950 191.9 -121347.388676253 2221.40785718643 
96000 192 -121348.469761638 2222.49123786498 
96050 192.1 -121338.633603901 2223.1472354509 
96100 192.2 -121331.458211393 2224.70755591343 
96150 192.3 -121315.838349576 2226.93548118364 
96200 192.4 -121300.978065575 2227.35852106092 
96250 192.5 -121291.44689084 2228.94781741972 
96300 192.6 -121285.535181189 2229.33019828381 
96350 192.7 -121275.224050763 2230.85512329748 
96400 192.8 -121264.031013712 2231.66745034286 
96450 192.9 -121251.760475237 2233.24947960224 
96500 193 -121245.16530991 2233.62362069817 
96550 193.1 -121234.009126697 2235.30792818528 
96600 193.2 -121229.686223025 2237.19195440656 
96650 193.3 -121221.808912483 2237.74020442949 
96700 193.4 -121213.304754876 2239.42081345714 
96750 193.5 -121207.286944135 2240.96650341048 
96800 193.6 -121194.145276799 2242.54892655314 
96850 193.7 -121187.258615174 2243.51553213554 
96900 193.8 -121178.839189596 2243.98090435551 
96950 193.9 -121172.18338182 2245.53841717173 
97000 194 -121164.368452185 2246.87789668808 
97050 194.1 -121157.349380461 2248.50774359597 
97100 194.2 -121144.40334091 2250.27413013423 
97150 194.3 -121131.710876411 2251.93713883259 
97200 194.4 -121122.879324992 2253.25662173627 
97250 194.5 -121116.443524088 2254.42899630507 
97300 194.6 -121107.898982234 2255.47570604226 
97350 194.7 -121104.818218424 2257.54132287911 
97400 194.8 -121097.33972932 2258.4332535743 
97450 194.9 -121086.802013726 2259.68775886828 
97500 195 -121072.74953762 2260.76634500551 
97550 195.1 -121056.741170855 2262.27332631816 
97600 195.2 -121043.812247115 2263.20078132533 
97650 195.3 -121024.815896281 2264.94594255411 
97700 195.4 -121016.332931041 2265.77615022248 
97750 195.5 -121006.796571504 2267.19017205354 
97800 195.6 -120994.870094548 2267.92108567378 
97850 195.7 -120987.896915005 2268.86480637734 
97900 195.8 -120982.173658697 2270.10459610231 
97950 195.9 -120970.13323007 2271.78386393508 
98000 196 -120957.620266113 2272.38193397558 
98050 196.1 -120943.054650268 2272.63170683857 
98100 196.2 -120938.858791049 2272.83690378903 
98150 196.3 -120928.618397942 2273.41543448213 
98200 196.4 -120920.31621649 2274.15651538973 
98250 196.5 -120906.00930711 2275.4497289364 
98300 196.6 -120898.117385028 2277.19875994569 
98350 196.7 -120884.812470659 2277.92468457582 
98400 196.8 -120869.264237528 2279.729516621 
98450 196.9 -120863.022313191 2280.41186606873 
98500 197 -120846.275641072 2281.12739383807 
98550 197.1 -120832.516245757 2282.72764398405 
98600 197.2 -120823.614557017 2284.31012605635 
98650 197.3 -120804.886546384 2285.00096659575 
98700 197.4 -120796.730469812 2285.86529119325 
98750 197.5 -120788.326191363 2287.61276366877 
98800 197.6 -120771.63831602 2288.84394024692 
98850 197.7 -120765.615694086 2289.6848714857 
98900 197.8 -120752.854859214 2290.13784917604 
98950 197.9 -120732.981147867 2291.49298359638 
99000 198 -120720.219768928 2293.37068909102 
99050 198.1 -120708.168713135 2294.13657593098 
99100 198.2 -120696.336607098 2295.41886224903 
99150 198.3 -120683.406449986 2296.75015848517 
99200 198.4 -120675.398378385 2298.3884378021 
99250 198.5 -120666.076873036 2299.97160995968 
99300 198.6 -120652.917404216 2301.65689977571 
99350 198.7 -120637.113458641 2301.99536951295 
99400 198.8 -120626.33972409 2302.4088447644 
99450 198.9 -120603.053844713 2303.37669065193 
99500 199 -120588.768750406 2305.24743530768 
99550 199.1 -120578.193307614 2306.06898326537 
99600 199.2 -120555.412124001 2307.61446051967 
99650 199.3 -120541.343259572 2308.77978046229 
99700 199.4 -120522.270527737 2309.44319265554 
99750 199.5 -120507.100547396 2311.64210032344 
99800 199.6 -120487.24483032 2312.60821664213 
99850 199.7 -120471.425112507 2313.12564361071 
99900 199.8 -120455.543732371 2314.19439936949 
99950 199.9 -120437.044713583 2315.83806800331 
100000 200 -120420.74076158 2316.96770640365 
100050 200.1 -120403.394180802 2318.84941164387 
100100 200.2 -120385.704765495 2319.6542243275 
100150 200.3 -120372.973317775 2320.77023748377 
100200 200.4 -120354.94872156 2321.72085896156 
100250 200.5 -120336.29850356 2322.89177038038 
100300 200.6 -120321.350886755 2324.40832489813 
100350 200.7 -120305.984583863 2324.86430036559 
100400 200.8 -120284.049703692 2326.45685724379 
100450 200.9 -120260.634391731 2328.04688636228 
100500 201 -120250.374614127 2329.74859293403 
100550 201.1 -120232.258562516 2330.56717470111 
100600 201.2 -120211.496171112 2332.06949000056 
100650 201.3 -120189.648462378 2333.49993347094 
100700 201.4 -120171.156958591 2334.33519977424 
100750 201.5 -120154.701300677 2335.88376077435 
100800 201.6 -120138.788488207 2338.07562212098 
100850 201.7 -120120.783107124 2338.33590747022 
100900 201.8 -120102.371394338 2340.23547673859 
100950 201.9 -120088.196986148 2341.67378523944 
101000 202 -120061.632578072 2342.5308540362 
101050 202.1 -120049.600187616 2344.45725311764 
101100 202.2 -120032.284208158 2345.55925504586 
101150 202.3 -119999.406815213 2347.10024169658 
101200 202.4 -119968.460751925 2348.73574517597 
101250 202.5 -119941.714399875 2350.23409881814 
101300 202.6 -119907.150212638 2352.38899615339 
101350 202.7 -119874.47582504 2354.45641084354 
101400 202.8 -119836.347470299 2356.52425691459 
101450 202.9 -119812.926769157 2358.05201781533 
101500 203 -119787.070524796 2359.06515111112 
101550 203.1 -119749.59378569 2359.80251584875 
101600 203.2 -119695.19396396 2360.94199222683 
101650 203.3 -119649.546364665 2362.89474842551 
101700 203.4 -119587.484608745 2363.88244912303 
101750 203.5 -119552.053387943 2365.48046205234 
101800 203.6 -119509.164315629 2365.73538949383 
101850 203.7 -119480.579799255 2366.49643434561 
101900 203.8 -119452.861314264 2367.92520104259 
101950 203.9 -119424.369120703 2369.64970260795 
102000 204 -119395.471271704 2371.09094310079 
102050 204.1 -119364.198751171 2371.6103129528 
102100 204.2 -119323.986061 2373.48379758198 
102150 204.3 -119284.114433779 2374.88255372038 
102200 204.4 -119229.995063132 2376.09088337949 
102250 204.5 -119189.192175903 2378.05317064211 
102300 204.6 -119159.055170485 2379.67947302804 
102350 204.7 -119111.638378442 2380.50712388648 
102400 204.8 -119056.565036826 2381.88324646016 
102450 204.9 -119005.43251462 2382.67893156274 
102500 205 -118973.706944623 2383.22768983982 
102550 205.1 -118926.685034107 2384.75110911211 
102600 205.2 -118886.167016753 2385.60547581547 
102650 205.3 -118841.035973197 2386.3809821426 
102700 205.4 -118788.329653128 2386.71842523004 
102750 205.5 -118734.974125747 2388.60325783287 
102800 205.6 -118691.668464256 2389.58679705601 
102850 205.7 -118644.919561886 2390.54671160272 
102900 205.8 -118559.838872412 2391.45059317453 
102950 205.9 -118482.207732146 2393.00575838452 
103000 206 -118413.067530023 2394.2027615986 
103050 206.1 -118352.918458725 2395.29361917257 
103100 206.2 -118308.419112927 2397.03659098437 
103150 206.3 -118269.453534226 2397.85306915755 
103200 206.4 -118190.074278366 2399.52084648853 
103250 206.5 -118130.56812811 2401.1271533817 
103300 206.6 -118072.623782779 2402.15739477536 
103350 206.7 -117983.777543406 2403.75057606923 
103400 206.8 -117885.780893985 2404.3784162262 
103450 206.9 -117798.195792481 2405.82923183222 
103500 207 -117724.913244208 2407.62375700087 
103550 207.1 -117614.226691552 2409.02628621385 
103600 207.2 -117484.30318693 2409.62360555286 
103650 207.3 -117396.745095101 2411.80880437217 
103700 207.4 -117257.235497043 2414.21534334667 
103750 207.5 -117109.876810038 2416.24329074778 
103800 207.6 -116997.302894195 2418.45695966678 
103850 207.7 -116875.286100847 2419.5371362515 
103900 207.8 -116723.673560057 2421.2126633371 
103950 207.9 -116569.76728848 2422.61445531241 
104000 208 -116421.99578107 2423.70142149768 
104050 208.1 -116207.295728822 2424.66904187864 
104100 208.2 -116012.479781391 2425.55328165731 
104150 208.3 -115796.742922074 2427.17080448092 
104200 208.4 -115593.588003253 2428.67565223058 
104250 208.5 -115410.487352396 2429.86534848295 
104300 208.6 -115182.973354339 2431.80720828204 
104350 208.7 -114930.520800615 2432.2166222184 
104400 208.8 -114699.158867296 2433.94310503294 
104450 208.9 -114355.519564336 2436.1928011382 
104500 209 -114032.402603156 2437.67370520574 
104550 209.1 -113651.730807947 2440.00386909916 
104600 209.2 -113301.987212992 2442.03490635569 
104650 209.3 -112898.790093603 2443.19694192853 
104700 209.4 -112408.133635923 2444.53470032702 
104750 209.5 -111806.791521033 2446.55729495005 
104800 209.6 -111165.685741116 2448.37210619602 
104850 209.7 -110338.241205963 2449.23599385816 
104900 209.8 -109517.926086799 2450.76101076795 
104950 209.9 -108518.06967114 2453.00672852551 
105000 210 -107397.981686827 2453.54502656982 
105050 210.1 -106087.962540585 2455.04326698668 
105100 210.2 -104592.643677553 2455.46857490515 
105150 210.3 -103032.384405846 2456.29972999681 
105200 210.4 -101040.515659486 2458.20232510289 
105250 210.5 -98823.3404866986 2458.23495985546 
105300 210.6 -96469.1831174968 2459.40866232375 
105350 210.7 -93469.8256274249 2460.83068478154 
105400 210.8 -89998.5612233352 2460.79098410858 
105450 210.9 -86602.1922421606 2462.94349749515 
105500 211 -82185.9303766955 2465.17291672345 
105550 211.1 -76958.7664914608 2464.93037269057 
105600 211.2 -72020.6530386553 2466.33412000915 
105650 211.3 -67054.4862969733 2467.42223337479 
105700 211.4 -61189.5300492158 2468.79685734889 
