# Chunk-averaged data for fix 3 and group file
# Timestep Number-of-chunks Total-count
# Chunk Coord1 Ncount v_temp
1050 20 9000
  1 0.025 449.7 2935.95
  2 0.075 453 2935.1
  3 0.125 448.5 2921.65
  4 0.175 444 3038.79
  5 0.225 458.5 3089.32
  6 0.275 447.9 3027.18
  7 0.325 441.1 3080.14
  8 0.375 452.2 3037.21
  9 0.425 453.5 3157.17
  10 0.475 457.4 2981.79
  11 0.525 445.8 3088.29
  12 0.575 454.1 2939.38
  13 0.625 448.4 2928.27
  14 0.675 449.5 3115.19
  15 0.725 446.9 3016.19
  16 0.775 444.4 3000.72
  17 0.825 451.4 2973.98
  18 0.875 449.7 3051.16
  19 0.925 455.4 3031.83
  20 0.975 448.6 2889.12
2100 20 9000
  1 0.025 450.7 2766.21
  2 0.075 455.1 2775.79
  3 0.125 450.7 2952.7
  4 0.175 445.4 3022.56
  5 0.225 459.3 2955.04
  6 0.275 447.8 3036.3
  7 0.325 446.1 3243.99
  8 0.375 453.8 3147.34
  9 0.425 451.2 3041.23
  10 0.475 448.5 3047.35
  11 0.525 440.6 3185.08
  12 0.575 448.7 3008.09
  13 0.625 449.2 3071.28
  14 0.675 453.1 3029.71
  15 0.725 452.1 3035.32
  16 0.775 441.9 3010.11
  17 0.825 453.3 2934.84
  18 0.875 451.1 3044.09
  19 0.925 455.3 3000.1
  20 0.975 446.1 2905.65
3150 20 9000
  1 0.025 449.1 2650.64
  2 0.075 452.6 2863.25
  3 0.125 449.6 2897.94
  4 0.175 446 2987.22
  5 0.225 456.6 3033.74
  6 0.275 448.9 3011.56
  7 0.325 443.3 3086.27
  8 0.375 453.5 3120.66
  9 0.425 452.3 3036.29
  10 0.475 452.3 3170.35
  11 0.525 446.4 3160.99
  12 0.575 453.8 3154.82
  13 0.625 444 3024.51
  14 0.675 449.5 3089
  15 0.725 454.4 3087.8
  16 0.775 441.6 2970.62
  17 0.825 446.1 2969.26
  18 0.875 452.7 2987.46
  19 0.925 459 2994.27
  20 0.975 448.3 2829.77
4200 20 9000
  1 0.025 451.8 2620.66
  2 0.075 454.5 2854.08
  3 0.125 447.6 2930.23
  4 0.175 445.4 3036.92
  5 0.225 457.3 2899.85
  6 0.275 448.2 3007.87
  7 0.325 439.5 3122
  8 0.375 452.8 3059.4
  9 0.425 454.2 3160.34
  10 0.475 454.9 3205.44
  11 0.525 444.8 3192.3
  12 0.575 450.4 3173.03
  13 0.625 448.7 3078.67
  14 0.675 451.3 3012.27
  15 0.725 451.1 3049.23
  16 0.775 447.1 3046.45
  17 0.825 448.7 2978.47
  18 0.875 450 2990.36
  19 0.925 454.6 2865.62
  20 0.975 447.1 2885.71
5250 20 9000
  1 0.025 452.9 2704.75
  2 0.075 453.9 2807.01
  3 0.125 453.2 2976.26
  4 0.175 442.8 2991.07
  5 0.225 457.5 2976.27
  6 0.275 448.7 2945.5
  7 0.325 444 3125.33
  8 0.375 455.5 3184.09
  9 0.425 450.8 3020.85
  10 0.475 449.4 3228.08
  11 0.525 437.7 3365.68
  12 0.575 450.4 3170.14
  13 0.625 447.8 3044.81
  14 0.675 447.7 3208.36
  15 0.725 451.4 3037.15
  16 0.775 449.6 3035.55
  17 0.825 449.6 2974.26
  18 0.875 448 2963.27
  19 0.925 459.6 2819.38
  20 0.975 449.5 2715.79
6300 20 9000
  1 0.025 449.7 2722.34
  2 0.075 457.3 2698.09
  3 0.125 452.2 2917.43
  4 0.175 446.6 3022.73
  5 0.225 456.2 2975.75
  6 0.275 448.2 2994.42
  7 0.325 444.9 3122.1
  8 0.375 452.7 3171.87
  9 0.425 453.4 3054.04
  10 0.475 448.8 3196.57
  11 0.525 437.5 3447.71
  12 0.575 451.9 3194.12
  13 0.625 446.9 3063.37
  14 0.675 452.6 3079.38
  15 0.725 448.7 3148.41
  16 0.775 447.7 2962.42
  17 0.825 444.3 2926.65
  18 0.875 451.1 2911.98
  19 0.925 460.4 2817.3
  20 0.975 448.9 2731.72
7350 20 9000
  1 0.025 452 2654.2
  2 0.075 450.8 2732.08
  3 0.125 449.8 2883.83
  4 0.175 441.2 3013.69
  5 0.225 456.2 2875.25
  6 0.275 450.8 3027.37
  7 0.325 441.5 3086.7
  8 0.375 454.9 3163.12
  9 0.425 448.3 3164.35
  10 0.475 453.1 3359.88
  11 0.525 439.1 3609.66
  12 0.575 449.6 3312.48
  13 0.625 451.1 3125.79
  14 0.675 455.6 3046.45
  15 0.725 449.9 3046.3
  16 0.775 443.7 2946.54
  17 0.825 449.7 2967.96
  18 0.875 453.6 2891.18
  19 0.925 458.4 2751.44
  20 0.975 450.7 2713.8
8400 20 9000
  1 0.025 451.3 2633.51
  2 0.075 452.8 2752.83
  3 0.125 449.5 2843.59
  4 0.175 447.7 2987.65
  5 0.225 457.8 2895.77
  6 0.275 447 3072.66
  7 0.325 447 3045.95
  8 0.375 450.7 3208.16
  9 0.425 451.5 3110.84
  10 0.475 447.2 3415.66
  11 0.525 440.4 3433.26
  12 0.575 447.1 3188.19
  13 0.625 446 3124.8
  14 0.675 446.7 3162.88
  15 0.725 448.8 3031.72
  16 0.775 447.2 3007.03
  17 0.825 450.6 2912.6
  18 0.875 453.8 2953.67
  19 0.925 464.7 2769.08
  20 0.975 452.2 2626.84
9450 20 9000
  1 0.025 454.3 2473.27
  2 0.075 456 2695.57
  3 0.125 449.8 2918.2
  4 0.175 450.8 2986.49
  5 0.225 455.6 2972.21
  6 0.275 450.3 3051.37
  7 0.325 446.6 3110.23
  8 0.375 448.1 3276.55
  9 0.425 453.5 3192.54
  10 0.475 448 3422.22
  11 0.525 437.4 3477.46
  12 0.575 448.5 3359.98
  13 0.625 443.9 3172.22
  14 0.675 450.8 3123.37
  15 0.725 451.8 3004.94
  16 0.775 447.2 3019.6
  17 0.825 449.3 2941.16
  18 0.875 448.5 2932.57
  19 0.925 456.5 2732.01
  20 0.975 453.1 2621.44
10500 20 9000
  1 0.025 453.2 2511.89
  2 0.075 455.7 2633.58
  3 0.125 446.9 2896.79
  4 0.175 446.8 2891.13
  5 0.225 455.4 2924.64
  6 0.275 445.8 3053.55
  7 0.325 446.2 3137.32
  8 0.375 452 3180.03
  9 0.425 453.4 3243.1
  10 0.475 449.3 3519.02
  11 0.525 442.7 3618.62
  12 0.575 445.2 3372.43
  13 0.625 447.8 3235.2
  14 0.675 452.4 3108.97
  15 0.725 451.9 2956.14
  16 0.775 444 2959.37
  17 0.825 447.3 2889.28
  18 0.875 450 2927.25
  19 0.925 462.7 2793.65
  20 0.975 451.3 2568.5
11550 20 9000
  1 0.025 451.6 2398.56
  2 0.075 457 2675.33
  3 0.125 448.4 2885.85
  4 0.175 447 2943.32
  5 0.225 453.3 2876.27
  6 0.275 446.4 2975.87
  7 0.325 446.9 3085.96
  8 0.375 453.2 3206.08
  9 0.425 448.8 3239.1
  10 0.475 447.9 3492.18
  11 0.525 436.7 3471.79
  12 0.575 443.2 3372
  13 0.625 446.9 3157.36
  14 0.675 449.6 3185.77
  15 0.725 453 3001.81
  16 0.775 448 2955.75
  17 0.825 451.8 2949.71
  18 0.875 451.6 2860.37
  19 0.925 464.3 2815.05
  20 0.975 454.4 2569.92
12600 20 9000
  1 0.025 455.6 2408.39
  2 0.075 460.6 2672.3
  3 0.125 453.5 2878.6
  4 0.175 448.6 2890.91
  5 0.225 457.1 3012.07
  6 0.275 448.3 3066.21
  7 0.325 448.1 3089.15
  8 0.375 453.1 3160.79
  9 0.425 446.6 3306.78
  10 0.475 449.4 3368.94
  11 0.525 441.2 3452.91
  12 0.575 443.1 3534.27
  13 0.625 442.9 3297.12
  14 0.675 450.8 3128.4
  15 0.725 455.1 2970.26
  16 0.775 442.9 2998.49
  17 0.825 447 2979.18
  18 0.875 452.6 2876.09
  19 0.925 456 2690.96
  20 0.975 447.5 2619.38
13650 20 9000
  1 0.025 451.3 2416.61
  2 0.075 454.2 2608.44
  3 0.125 448 2818.07
  4 0.175 448.7 2906.33
  5 0.225 453.5 3050.49
  6 0.275 448.1 3012.16
  7 0.325 441.4 3041.84
  8 0.375 453.8 3267.61
  9 0.425 452.4 3306.79
  10 0.475 450.2 3493.63
  11 0.525 439.5 3671.17
  12 0.575 448.7 3514.14
  13 0.625 445.1 3291.37
  14 0.675 451.4 3087.47
  15 0.725 452.6 3029.7
  16 0.775 444.6 2940.96
  17 0.825 447 2926.65
  18 0.875 451.5 2907.97
  19 0.925 461.6 2748.64
  20 0.975 456.4 2515.52
14700 20 9000
  1 0.025 451 2341.93
  2 0.075 455.7 2524.77
  3 0.125 451 2785.69
  4 0.175 448.3 2858.4
  5 0.225 453.8 3000.01
  6 0.275 448.4 3123.45
  7 0.325 445.4 3125.72
  8 0.375 449.7 3271.21
  9 0.425 452.1 3276.14
  10 0.475 445.5 3536.26
  11 0.525 436.1 3685.94
  12 0.575 447.3 3435.39
  13 0.625 441.6 3296.8
  14 0.675 450.2 3089.76
  15 0.725 453.6 3045.79
  16 0.775 452.5 2966
  17 0.825 449.2 2925.99
  18 0.875 454.1 2900.93
  19 0.925 459.5 2802.64
  20 0.975 455 2507.59
15750 20 9000
  1 0.025 454.6 2356.33
  2 0.075 463.2 2496.1
  3 0.125 454.2 2752.26
  4 0.175 449.1 2915.56
  5 0.225 456.7 3015.28
  6 0.275 447.3 3038.5
  7 0.325 445.3 3034.56
  8 0.375 452.2 3278.38
  9 0.425 452.1 3304.29
  10 0.475 446.6 3528.53
  11 0.525 435.8 3763.53
  12 0.575 444.2 3427.35
  13 0.625 442.5 3222.77
  14 0.675 446.7 3176.2
  15 0.725 450.9 3088.18
  16 0.775 447.8 2962.59
  17 0.825 447.9 2893.41
  18 0.875 452.7 2881.95
  19 0.925 458.1 2717.04
  20 0.975 452.1 2508.75
16800 20 9000
  1 0.025 454.9 2389.71
  2 0.075 453.7 2459.91
  3 0.125 452 2807.43
  4 0.175 447.7 2940.07
  5 0.225 454.3 2910.86
  6 0.275 446.3 3073.02
  7 0.325 442.3 3094.05
  8 0.375 451.5 3312.35
  9 0.425 453.4 3328.34
  10 0.475 451.6 3558.25
  11 0.525 436.5 3737.61
  12 0.575 448.2 3402.65
  13 0.625 445.9 3276.34
  14 0.675 446.7 3191.84
  15 0.725 450 3187.15
  16 0.775 446.2 3057.69
  17 0.825 448.6 2929.41
  18 0.875 455.4 2786.31
  19 0.925 462.8 2736.08
  20 0.975 452 2480.85
17850 20 9000
  1 0.025 454.4 2354.13
  2 0.075 458.1 2448.7
  3 0.125 449.8 2752.94
  4 0.175 453 2912.6
  5 0.225 453.8 2952.16
  6 0.275 449.7 3017.77
  7 0.325 445.7 3195.28
  8 0.375 450.1 3310.2
  9 0.425 449.8 3286.32
  10 0.475 444.9 3544.61
  11 0.525 440.1 3785.67
  12 0.575 445.9 3463.12
  13 0.625 442.2 3230.62
  14 0.675 447.8 3285.52
  15 0.725 453.6 3120.88
  16 0.775 448.4 2859.63
  17 0.825 450.9 2987.13
  18 0.875 449.8 2819.44
  19 0.925 460.7 2673.63
  20 0.975 451.3 2500.13
18900 20 9000
  1 0.025 459.2 2389.11
  2 0.075 457.7 2542.54
  3 0.125 452.5 2689.16
  4 0.175 450.8 2815.04
  5 0.225 457.6 3013.48
  6 0.275 451.8 3034.62
  7 0.325 443.2 3237.33
  8 0.375 451.4 3337.03
  9 0.425 451.5 3458.11
  10 0.475 447.1 3566.54
  11 0.525 438.6 3600.93
  12 0.575 444.4 3543.97
  13 0.625 441.1 3236.45
  14 0.675 448.5 3345.29
  15 0.725 442.4 3164.4
  16 0.775 452.1 2928.07
  17 0.825 449 2873.9
  18 0.875 452.2 2823.47
  19 0.925 457.2 2723.42
  20 0.975 451.7 2465.45
19950 20 9000
  1 0.025 450.3 2414.91
  2 0.075 455.8 2451.26
  3 0.125 450.9 2697.11
  4 0.175 447.9 2848.3
  5 0.225 452.9 2961.41
  6 0.275 446.9 3116.06
  7 0.325 444.9 3187.46
  8 0.375 451.3 3377.72
  9 0.425 451.4 3499.03
  10 0.475 449.5 3541.78
  11 0.525 442.4 3804.94
  12 0.575 443.5 3507.96
  13 0.625 442 3322.71
  14 0.675 445.7 3221.95
  15 0.725 450.8 3198.1
  16 0.775 449 3093.14
  17 0.825 449.5 2839.27
  18 0.875 456.2 2810.08
  19 0.925 467.1 2702.92
  20 0.975 452 2497.34
21000 20 9000
  1 0.025 454.5 2338.36
  2 0.075 460.3 2475.51
  3 0.125 453.3 2760.99
  4 0.175 448.8 2888.92
  5 0.225 461.9 2959.36
  6 0.275 446 3087.27
  7 0.325 439.6 3290
  8 0.375 451.7 3299.98
  9 0.425 450.7 3512.05
  10 0.475 444.9 3600.82
  11 0.525 432 3786.01
  12 0.575 445.6 3625.06
  13 0.625 447.7 3346.26
  14 0.675 452.5 3188.98
  15 0.725 447.1 3172.74
  16 0.775 453.6 2888.81
  17 0.825 446.7 2985.95
  18 0.875 452.5 2825.41
  19 0.925 457.6 2617.75
  20 0.975 453 2556.89
22050 20 9000
  1 0.025 460.7 2288.93
  2 0.075 455 2526.54
  3 0.125 455.4 2706.23
  4 0.175 450.6 2890.89
  5 0.225 457.6 2982.47
  6 0.275 447.6 3087.37
  7 0.325 443.8 3263.8
  8 0.375 451 3313.4
  9 0.425 450.9 3445.24
  10 0.475 447 3790.36
  11 0.525 437.2 3808.23
  12 0.575 443.5 3516.15
  13 0.625 442.7 3314.89
  14 0.675 446 3234.08
  15 0.725 448.4 3215.8
  16 0.775 447.8 2973.18
  17 0.825 448.1 2867.64
  18 0.875 453.3 2765.35
  19 0.925 457 2641.68
  20 0.975 456.4 2434.88
23100 20 9000
  1 0.025 450.2 2263.53
  2 0.075 456.3 2468.97
  3 0.125 452.9 2661.35
  4 0.175 447.5 2832.39
  5 0.225 455.1 2979.01
  6 0.275 446 3067.77
  7 0.325 441.7 3182.2
  8 0.375 453 3371.1
  9 0.425 448.2 3529.15
  10 0.475 447.4 3631.96
  11 0.525 437.5 3867.63
  12 0.575 447.2 3590.7
  13 0.625 444.1 3418.94
  14 0.675 445 3319.67
  15 0.725 450.1 3117.08
  16 0.775 448.9 3087.1
  17 0.825 451.3 2939.6
  18 0.875 458.5 2741.73
  19 0.925 464.9 2679.64
  20 0.975 454.2 2447.95
24150 20 9000
  1 0.025 455.6 2313.22
  2 0.075 456.4 2405.85
  3 0.125 452.3 2588.56
  4 0.175 453.7 2852.36
  5 0.225 457.2 2983.94
  6 0.275 447.3 3130.52
  7 0.325 443.1 3308.16
  8 0.375 450.8 3331.76
  9 0.425 446.1 3569.28
  10 0.475 443 3625.23
  11 0.525 432.4 3805.66
  12 0.575 447.2 3503.63
  13 0.625 446.3 3409.21
  14 0.675 449.1 3271.43
  15 0.725 451.1 3185.14
  16 0.775 450 2976.35
  17 0.825 452.8 2963.98
  18 0.875 450.8 2776.54
  19 0.925 463 2576.72
  20 0.975 451.8 2395.77
25200 20 9000
  1 0.025 458.9 2366.97
  2 0.075 456.8 2514.43
  3 0.125 456.3 2622.94
  4 0.175 449.2 2781.72
  5 0.225 460.4 2953.73
  6 0.275 446 3117.24
  7 0.325 445.4 3265.95
  8 0.375 454.5 3409.71
  9 0.425 448.7 3590.11
  10 0.475 446.9 3620.94
  11 0.525 436.8 3839.41
  12 0.575 447.3 3667.77
  13 0.625 442.5 3451.48
  14 0.675 443.2 3358.53
  15 0.725 447.3 3125.42
  16 0.775 448.5 3014.91
  17 0.825 446.8 2843.42
  18 0.875 454 2738.21
  19 0.925 454.6 2583.76
  20 0.975 455.9 2479.35
26250 20 9000
  1 0.025 452.6 2381.67
  2 0.075 453.1 2542.29
  3 0.125 455 2568.06
  4 0.175 448.8 2813.32
  5 0.225 455 2961.11
  6 0.275 446.7 3009.59
  7 0.325 445.5 3312.97
  8 0.375 447.9 3367.86
  9 0.425 450.6 3524.85
  10 0.475 445.8 3726.56
  11 0.525 436 3823.33
  12 0.575 444.6 3819.3
  13 0.625 441.4 3518.92
  14 0.675 450.4 3311.52
  15 0.725 450.2 3165.11
  16 0.775 449.6 2941.84
  17 0.825 452.8 2922.31
  18 0.875 453.9 2752.58
  19 0.925 467 2552.09
  20 0.975 453.1 2431.34
27300 20 9000
  1 0.025 455.7 2307.45
  2 0.075 455 2529.74
  3 0.125 450.9 2607.95
  4 0.175 451.9 2828.24
  5 0.225 462.5 2848.44
  6 0.275 451 3182.86
  7 0.325 440.6 3331.19
  8 0.375 449 3405.99
  9 0.425 446.3 3552.82
  10 0.475 442.6 3578.51
  11 0.525 431.9 3814.02
  12 0.575 440.9 3727.87
  13 0.625 445.8 3538.03
  14 0.675 448.9 3329.12
  15 0.725 454.6 3126.5
  16 0.775 449.8 3038.11
  17 0.825 453 2847.64
  18 0.875 449.4 2751.08
  19 0.925 466.4 2573.41
  20 0.975 453.8 2520.52
28350 20 9000
  1 0.025 462.1 2372.97
  2 0.075 458 2463.71
  3 0.125 452.7 2599.91
  4 0.175 450.8 2770.52
  5 0.225 461.9 2964.36
  6 0.275 446.5 3183.37
  7 0.325 444.3 3290.38
  8 0.375 450.6 3511.07
  9 0.425 450.6 3598.15
  10 0.475 444.6 3756.96
  11 0.525 442.8 3668.26
  12 0.575 445.3 3720.28
  13 0.625 441.5 3464.47
  14 0.675 443.1 3385.3
  15 0.725 446.6 3093.46
  16 0.775 447.2 3001.43
  17 0.825 445.8 2858.61
  18 0.875 452.9 2671.61
  19 0.925 457.4 2705.29
  20 0.975 455.3 2359.16
29400 20 9000
  1 0.025 455.2 2289.68
  2 0.075 452.9 2516.41
  3 0.125 452.3 2557.74
  4 0.175 448.4 2718.77
  5 0.225 455.6 2992.78
  6 0.275 447.2 3078.82
  7 0.325 446 3278.82
  8 0.375 451.2 3385.92
  9 0.425 448.5 3631.19
  10 0.475 447.9 3717.03
  11 0.525 431.6 3793.03
  12 0.575 445.7 3687.24
  13 0.625 443.6 3538.76
  14 0.675 452.4 3320.11
  15 0.725 448.6 3203.76
  16 0.775 450.4 2955.12
  17 0.825 447.2 2995.52
  18 0.875 459.6 2711.69
  19 0.925 458.9 2631.59
  20 0.975 456.8 2409.5
30450 20 9000
  1 0.025 457.5 2405.18
  2 0.075 456.2 2372.19
  3 0.125 455.8 2612.25
  4 0.175 450.4 2817.26
  5 0.225 460.5 3018
  6 0.275 446.7 3129.88
  7 0.325 440.7 3200.36
  8 0.375 449.8 3552.08
  9 0.425 447 3590.97
  10 0.475 440.4 3744.93
  11 0.525 435 3660.5
  12 0.575 441.8 3794.47
  13 0.625 447.9 3506.98
  14 0.675 446.5 3339.28
  15 0.725 452.7 3167.92
  16 0.775 448.8 2987.64
  17 0.825 450.5 2867.78
  18 0.875 453.4 2800.92
  19 0.925 459.4 2529.06
  20 0.975 459 2432.28
31500 20 9000
  1 0.025 458.3 2240.79
  2 0.075 456.6 2376.81
  3 0.125 456.4 2629.59
  4 0.175 447.7 2790.6
  5 0.225 457.9 2952.82
  6 0.275 450.5 3128.15
  7 0.325 445.5 3240.67
  8 0.375 450.8 3545.9
  9 0.425 450 3570.78
  10 0.475 445.5 3780.47
  11 0.525 438.5 3976.75
  12 0.575 443.9 3828.43
  13 0.625 441.1 3470.82
  14 0.675 447.6 3347.48
  15 0.725 450.4 3260.95
  16 0.775 447.7 2966.93
  17 0.825 445.9 2877.58
  18 0.875 452.4 2740.1
  19 0.925 460.3 2562.63
  20 0.975 453 2434.26
32550 20 9000
  1 0.025 452.6 2222
  2 0.075 452.8 2490.39
  3 0.125 453.5 2640.68
  4 0.175 452.4 2694.04
  5 0.225 458.1 2951.4
  6 0.275 451.4 3110.22
  7 0.325 441.7 3265.65
  8 0.375 451 3390.29
  9 0.425 447.1 3608.1
  10 0.475 442.4 3813.95
  11 0.525 431.2 3906.43
  12 0.575 447 3754.23
  13 0.625 445.7 3604.15
  14 0.675 451.3 3448.38
  15 0.725 451.1 3149.65
  16 0.775 447.6 3013.39
  17 0.825 450 2985.2
  18 0.875 454.2 2699.59
  19 0.925 460 2592.04
  20 0.975 458.9 2365.94
33600 20 9000
  1 0.025 451.9 2227.91
  2 0.075 457.8 2468.92
  3 0.125 453.7 2585.06
  4 0.175 450.9 2762.39
  5 0.225 459.4 2929.89
  6 0.275 446.3 3155.2
  7 0.325 442.8 3225.51
  8 0.375 451.1 3367.78
  9 0.425 447.1 3698.56
  10 0.475 441.4 3786.79
  11 0.525 436.1 3871.21
  12 0.575 441.3 3766.57
  13 0.625 442.7 3656.66
  14 0.675 449.7 3303.96
  15 0.725 448.1 3245.6
  16 0.775 451.1 3000.13
  17 0.825 450.8 2982.53
  18 0.875 454.8 2767.29
  19 0.925 465.2 2637.31
  20 0.975 457.8 2394.27
34650 20 9000
  1 0.025 451.2 2309.66
  2 0.075 457.6 2372.31
  3 0.125 453.6 2629.14
  4 0.175 450.3 2820.49
  5 0.225 463.6 2957.47
  6 0.275 448.9 3176.94
  7 0.325 442.9 3359.75
  8 0.375 453.4 3308.69
  9 0.425 450.8 3645.33
  10 0.475 445.5 3774.13
  11 0.525 436.8 3994.43
  12 0.575 441.3 3709.01
  13 0.625 440.3 3623.82
  14 0.675 448.8 3359.84
  15 0.725 449.7 3192.06
  16 0.775 447.5 3046.81
  17 0.825 447.9 2883.28
  18 0.875 451.1 2725.88
  19 0.925 457.5 2517.75
  20 0.975 461.3 2439.19
35700 20 9000
  1 0.025 454.8 2256.31
  2 0.075 456.2 2424.96
  3 0.125 456.3 2565.41
  4 0.175 449.1 2778.24
  5 0.225 460.1 3022.58
  6 0.275 447.5 3179.18
  7 0.325 443 3192.97
  8 0.375 453.1 3435.89
  9 0.425 447.4 3598.25
  10 0.475 443.9 3846.56
  11 0.525 430.9 3981.44
  12 0.575 443.1 3755.17
  13 0.625 445.4 3700.34
  14 0.675 449.5 3415.37
  15 0.725 452.8 3146.81
  16 0.775 449.4 3160.48
  17 0.825 449.1 2934.52
  18 0.875 452.8 2762.26
  19 0.925 461.4 2568.8
  20 0.975 454.2 2368.33
36750 20 9000
  1 0.025 457.5 2248.14
  2 0.075 455.7 2447.81
  3 0.125 456.5 2581.43
  4 0.175 450 2862.27
  5 0.225 461.8 2910.51
  6 0.275 446.3 3093.06
  7 0.325 437.5 3222.84
  8 0.375 451.7 3367.3
  9 0.425 451.3 3697.49
  10 0.475 440.9 3875.02
  11 0.525 429 4073.69
  12 0.575 445.5 3749.71
  13 0.625 443.1 3699.38
  14 0.675 446.7 3391.23
  15 0.725 450.7 3286.42
  16 0.775 450.3 3135.37
  17 0.825 448.9 2917.87
  18 0.875 453.8 2708.97
  19 0.925 461.7 2571.31
  20 0.975 461.1 2356.35
37800 20 9000
  1 0.025 462.5 2286.64
  2 0.075 458.5 2465.43
  3 0.125 451.6 2611.54
  4 0.175 454.2 2820.49
  5 0.225 463.6 2928.11
  6 0.275 444.9 3112.48
  7 0.325 443.8 3285.28
  8 0.375 455.5 3451.23
  9 0.425 450.6 3543.48
  10 0.475 443.7 3970.91
  11 0.525 429.5 4041.03
  12 0.575 438.5 3810.88
  13 0.625 445.7 3549.18
  14 0.675 449.1 3404.95
  15 0.725 450.7 3222.46
  16 0.775 448.7 3138.29
  17 0.825 448.5 2976.39
  18 0.875 451.1 2644.66
  19 0.925 461 2576.34
  20 0.975 448.3 2356.05
38850 20 9000
  1 0.025 455.7 2206.78
  2 0.075 456.3 2469.58
  3 0.125 452.5 2556.41
  4 0.175 450 2850.82
  5 0.225 458.9 3063.37
  6 0.275 450.8 3015.95
  7 0.325 442.8 3252.58
  8 0.375 449.6 3421.89
  9 0.425 449.7 3539.58
  10 0.475 442.6 3899.83
  11 0.525 433.2 4105.76
  12 0.575 442.2 3946.16
  13 0.625 442.7 3642.8
  14 0.675 451.3 3348.9
  15 0.725 452.5 3360.18
  16 0.775 450.1 3129.65
  17 0.825 449.9 2913.86
  18 0.875 453 2711.62
  19 0.925 460.4 2621.8
  20 0.975 455.8 2378.27
39900 20 9000
  1 0.025 458.9 2230.29
  2 0.075 458.6 2336.44
  3 0.125 458 2570.48
  4 0.175 451.7 2753.6
  5 0.225 464.4 2929.29
  6 0.275 444.5 3060.15
  7 0.325 439.7 3310.89
  8 0.375 449.2 3489.97
  9 0.425 451.5 3651
  10 0.475 436.9 3801.74
  11 0.525 423 3926.01
  12 0.575 443.8 3869.16
  13 0.625 444.4 3701.15
  14 0.675 451.4 3276.23
  15 0.725 451 3267.48
  16 0.775 450.3 3221.8
  17 0.825 451.6 2914.53
  18 0.875 456.4 2652.54
  19 0.925 458.5 2586.41
  20 0.975 456.2 2493.86
40950 20 9000
  1 0.025 459.5 2260.96
  2 0.075 456.2 2371.43
  3 0.125 455.3 2524.27
  4 0.175 455.6 2753.04
  5 0.225 465.3 2919.89
  6 0.275 446.5 3200.4
  7 0.325 447.3 3229.46
  8 0.375 453.1 3538.85
  9 0.425 449.6 3828.18
  10 0.475 440.3 3742.04
  11 0.525 417.5 3890.42
  12 0.575 439.4 3753.77
  13 0.625 445.1 3414.81
  14 0.675 447.5 3486.33
  15 0.725 448.8 3356.14
  16 0.775 450.8 3045.66
  17 0.825 449.6 2921.74
  18 0.875 458.7 2681.37
  19 0.925 455.5 2682.81
  20 0.975 458.4 2444.02
42000 20 9000
  1 0.025 455.9 2250.04
  2 0.075 456.8 2322.18
  3 0.125 455.5 2460.49
  4 0.175 451.5 2678.27
  5 0.225 465.5 2954.53
  6 0.275 446.7 3075.95
  7 0.325 441.2 3217.06
  8 0.375 452.2 3530.26
  9 0.425 452.6 3591.83
  10 0.475 436 3779.2
  11 0.525 420.9 3811.6
  12 0.575 444 3748.38
  13 0.625 447.6 3588.23
  14 0.675 448 3505.15
  15 0.725 454.3 3344.24
  16 0.775 451.4 3178.64
  17 0.825 448.5 2900.12
  18 0.875 454.4 2772.44
  19 0.925 458.2 2571.39
  20 0.975 458.8 2430.41
43050 20 9000
  1 0.025 457.4 2263.53
  2 0.075 455.9 2417.99
  3 0.125 458.7 2504.92
  4 0.175 456.1 2734.15
  5 0.225 466.7 3000.25
  6 0.275 450.8 3089.1
  7 0.325 441.4 3412.28
  8 0.375 451.4 3401.46
  9 0.425 446.5 3573.68
  10 0.475 435.1 3797.27
  11 0.525 415.6 3870.67
  12 0.575 442.9 3836.09
  13 0.625 446.4 3497.69
  14 0.675 447.7 3439.59
  15 0.725 450.5 3460.9
  16 0.775 450.3 3215.95
  17 0.825 452.5 2799.47
  18 0.875 456.6 2713.64
  19 0.925 460.3 2460.1
  20 0.975 457.2 2508.49
44100 20 9000
  1 0.025 458.2 2298.94
  2 0.075 457.4 2336.54
  3 0.125 459 2600.97
  4 0.175 456.8 2707.61
  5 0.225 463.1 2994.05
  6 0.275 448.6 3051.95
  7 0.325 443.3 3410.02
  8 0.375 448.4 3521.34
  9 0.425 449.6 3533.28
  10 0.475 436.7 3730.53
  11 0.525 421.7 3792.35
  12 0.575 434.5 3722.58
  13 0.625 443.8 3619.83
  14 0.675 444.4 3485.62
  15 0.725 447.9 3312.15
  16 0.775 446.6 3194.06
  17 0.825 455.2 2825.65
  18 0.875 460.6 2793.55
  19 0.925 462.3 2523
  20 0.975 461.9 2338.13
45150 20 9000
  1 0.025 456.6 2246
  2 0.075 456.4 2375.62
  3 0.125 456.2 2526
  4 0.175 453.3 2776.86
  5 0.225 469.5 2925.12
  6 0.275 449.2 3114.49
  7 0.325 444.4 3411.42
  8 0.375 451.9 3476.06
  9 0.425 449.1 3404.38
  10 0.475 435.8 3791.28
  11 0.525 420.5 3746.47
  12 0.575 431.2 3890.01
  13 0.625 447.2 3587.65
  14 0.675 452.6 3489.76
  15 0.725 453.6 3317.73
  16 0.775 449.6 3136.87
  17 0.825 452.7 2878.9
  18 0.875 454.3 2724.43
  19 0.925 455.8 2592.54
  20 0.975 460.1 2302.87
46200 20 9000
  1 0.025 458 2139.27
  2 0.075 457.9 2353.35
  3 0.125 453.8 2480.86
  4 0.175 457.6 2825.75
  5 0.225 465.5 2988.61
  6 0.275 450.4 3042.88
  7 0.325 446.9 3344.96
  8 0.375 449.9 3435.41
  9 0.425 442.5 3568.92
  10 0.475 432.2 3765.88
  11 0.525 425.4 3940.16
  12 0.575 436.6 3765.55
  13 0.625 446.1 3712.47
  14 0.675 449.6 3482.74
  15 0.725 450.5 3368.08
  16 0.775 449.7 3222.55
  17 0.825 451.3 2879.87
  18 0.875 457.4 2676.58
  19 0.925 457.2 2543.77
  20 0.975 461.5 2325.96
47250 20 9000
  1 0.025 457.4 2082.26
  2 0.075 457.5 2291.5
  3 0.125 455.7 2600.91
  4 0.175 455.5 2726.19
  5 0.225 467.3 3035.71
  6 0.275 448.7 3212.27
  7 0.325 446.4 3259.79
  8 0.375 450.7 3429.87
  9 0.425 438 3796.11
  10 0.475 437.2 3698.56
  11 0.525 422.2 3969.91
  12 0.575 436.3 3749.43
  13 0.625 440.8 3574.68
  14 0.675 445.2 3504.68
  15 0.725 449.8 3255.28
  16 0.775 453.1 3214.33
  17 0.825 453.4 2957.35
  18 0.875 460.4 2751.96
  19 0.925 464.1 2524.38
  20 0.975 460.3 2384.11
48300 20 9000
  1 0.025 459.5 2139.06
  2 0.075 460.3 2332.36
  3 0.125 454.7 2579.63
  4 0.175 456.1 2702.77
  5 0.225 465.9 3080.4
  6 0.275 451.3 3149.91
  7 0.325 446 3408.5
  8 0.375 452.3 3480.28
  9 0.425 446.1 3564.59
  10 0.475 434.4 3987.29
  11 0.525 414 3911.01
  12 0.575 437.8 3672.33
  13 0.625 439.8 3571.28
  14 0.675 451 3404.47
  15 0.725 452.7 3226.77
  16 0.775 452 3199.85
  17 0.825 450 3013.92
  18 0.875 458.9 2669.12
  19 0.925 457.5 2587.89
  20 0.975 459.7 2403.55
49350 20 9000
  1 0.025 459.3 2259.63
  2 0.075 457.8 2332.71
  3 0.125 455.7 2541.23
  4 0.175 458.9 2797.65
  5 0.225 464.4 3041.52
  6 0.275 448 3221.06
  7 0.325 444.3 3304.4
  8 0.375 453 3569.66
  9 0.425 443.7 3633.37
  10 0.475 438.2 3840.54
  11 0.525 417.4 4044.9
  12 0.575 442.4 3842.49
  13 0.625 437.9 3616
  14 0.675 450 3437.15
  15 0.725 452.8 3293.6
  16 0.775 448.7 3165.05
  17 0.825 448.9 3048.74
  18 0.875 459.2 2729.56
  19 0.925 454.9 2501.03
  20 0.975 464.5 2426.05
50400 20 9000
  1 0.025 461.9 2245.03
  2 0.075 460.4 2377.71
  3 0.125 460.2 2515.92
  4 0.175 455.9 2809.83
  5 0.225 465.1 3041.32
  6 0.275 447.2 3102.69
  7 0.325 444.2 3379.55
  8 0.375 451.7 3600.64
  9 0.425 445.7 3545.79
  10 0.475 429 3857.96
  11 0.525 419.8 4032.54
  12 0.575 440.8 3743.39
  13 0.625 433.8 3685.26
  14 0.675 448.8 3360.75
  15 0.725 452.6 3277.43
  16 0.775 451.9 3274.64
  17 0.825 453.8 2912.44
  18 0.875 458.1 2776.24
  19 0.925 458.8 2574.09
  20 0.975 460.3 2410.1
51450 20 9000
  1 0.025 462.2 2280.34
  2 0.075 458.1 2368.51
  3 0.125 459.8 2535.54
  4 0.175 455.3 2783.49
  5 0.225 464.4 3023.86
  6 0.275 450 3064.19
  7 0.325 442.7 3381.91
  8 0.375 456 3468.01
  9 0.425 439.5 3780.03
  10 0.475 434 3850.83
  11 0.525 420.9 3905.35
  12 0.575 438.1 3849.42
  13 0.625 431.6 3760.79
  14 0.675 449.6 3317.43
  15 0.725 455.2 3316.57
  16 0.775 452 3163.94
  17 0.825 453.5 2921.86
  18 0.875 458.8 2707.79
  19 0.925 457.7 2576.54
  20 0.975 460.6 2320.31
52500 20 9000
  1 0.025 462 2251.99
  2 0.075 458.4 2350.14
  3 0.125 454.4 2674.13
  4 0.175 452.4 2798.1
  5 0.225 471.2 2908.83
  6 0.275 451.2 3186.32
  7 0.325 446.7 3286.08
  8 0.375 455.1 3535.96
  9 0.425 440.2 3729.42
  10 0.475 434.6 3921.16
  11 0.525 420.5 4031.14
  12 0.575 433.6 3899.2
  13 0.625 438 3634.27
  14 0.675 454.6 3440.77
  15 0.725 452 3372.74
  16 0.775 450.6 3138.45
  17 0.825 453.2 2890.74
  18 0.875 453.8 2791.6
  19 0.925 459.7 2516.92
  20 0.975 457.8 2302.8
53550 20 9000
  1 0.025 461.1 2262.98
  2 0.075 459.2 2387.34
  3 0.125 457.2 2678.83
  4 0.175 460.2 2713.84
  5 0.225 463.2 2980.58
  6 0.275 451 3174.54
  7 0.325 440.5 3205.39
  8 0.375 454.7 3508.6
  9 0.425 441.9 3776.48
  10 0.475 431.5 3885.45
  11 0.525 420.2 4091.43
  12 0.575 440.1 3975.19
  13 0.625 427 3648.65
  14 0.675 450.7 3445.94
  15 0.725 453.4 3242.07
  16 0.775 452 3152.01
  17 0.825 453.9 2936.33
  18 0.875 458.8 2749.4
  19 0.925 461.5 2558.93
  20 0.975 461.9 2375.99
54600 20 9000
  1 0.025 463.6 2327.52
  2 0.075 456.8 2399.2
  3 0.125 462.2 2512.13
  4 0.175 455.4 2862.35
  5 0.225 470 2914.05
  6 0.275 449.2 3160.1
  7 0.325 445.2 3332.9
  8 0.375 454 3387.3
  9 0.425 436.9 3664.24
  10 0.475 433.4 4045.66
  11 0.525 411.8 3972.26
  12 0.575 438 3993.06
  13 0.625 430.6 3749.87
  14 0.675 452.4 3407.73
  15 0.725 459.5 3362.09
  16 0.775 453.8 3267.51
  17 0.825 453.2 2907.16
  18 0.875 456.2 2699.27
  19 0.925 459 2554.72
  20 0.975 458.8 2294.17
55650 20 9000
  1 0.025 462.6 2283.44
  2 0.075 458.8 2337.62
  3 0.125 456.3 2587.46
  4 0.175 456.7 2735.18
  5 0.225 466.7 2907.88
  6 0.275 449 3168.78
  7 0.325 442.7 3378.74
  8 0.375 458.6 3568.33
  9 0.425 442.2 3788.12
  10 0.475 434.7 3919.36
  11 0.525 425.9 4016.67
  12 0.575 435.4 4004.22
  13 0.625 433.5 3767.96
  14 0.675 449 3454.79
  15 0.725 450 3326.89
  16 0.775 451 3207.68
  17 0.825 452.6 3074.64
  18 0.875 455.6 2693.92
  19 0.925 460 2511.31
  20 0.975 458.7 2457.86
56700 20 9000
  1 0.025 459.8 2290.15
  2 0.075 460.4 2341.74
  3 0.125 461.8 2601.69
  4 0.175 457.5 2793.02
  5 0.225 466.7 2894.31
  6 0.275 449.3 3131.57
  7 0.325 441.8 3356.37
  8 0.375 451.9 3538.65
  9 0.425 438.3 3799.46
  10 0.475 437.9 3912.45
  11 0.525 418.7 4335.14
  12 0.575 441.4 4096.48
  13 0.625 430.2 3635.52
  14 0.675 448.4 3492.48
  15 0.725 450.5 3343
  16 0.775 451.4 3106.46
  17 0.825 453.4 2880.78
  18 0.875 462.1 2731.86
  19 0.925 459.1 2580.53
  20 0.975 459.4 2360.97
57750 20 9000
  1 0.025 462.5 2258.42
  2 0.075 457.6 2433.57
  3 0.125 465.2 2603.41
  4 0.175 459.1 2712.45
  5 0.225 463.3 2891.49
  6 0.275 450.3 3129.45
  7 0.325 446.9 3383.21
  8 0.375 452.9 3440.11
  9 0.425 437.2 3712.77
  10 0.475 427.3 4005.21
  11 0.525 415.9 4230.61
  12 0.575 429.9 3997.88
  13 0.625 434.8 3769.02
  14 0.675 449 3615.74
  15 0.725 453.4 3433.22
  16 0.775 457.5 3188.28
  17 0.825 460.6 2930.72
  18 0.875 458.7 2730.83
  19 0.925 457.1 2477.96
  20 0.975 460.8 2403.37
58800 20 9000
  1 0.025 459.7 2302.47
  2 0.075 457.8 2448.54
  3 0.125 464 2548.51
  4 0.175 457.6 2790.92
  5 0.225 463.2 2872.55
  6 0.275 453.6 3153.68
  7 0.325 446.1 3249.28
  8 0.375 453.9 3583.07
  9 0.425 445.2 3667.72
  10 0.475 429.6 4019.06
  11 0.525 419.3 4118.33
  12 0.575 432.2 4039.4
  13 0.625 424.4 3648.27
  14 0.675 443.3 3540.2
  15 0.725 452.5 3325.3
  16 0.775 453.3 3056.9
  17 0.825 457.4 2960.87
  18 0.875 461.4 2778.31
  19 0.925 460.9 2513
  20 0.975 464.6 2349.2
59850 20 9000
  1 0.025 456.8 2324.13
  2 0.075 458.8 2427.82
  3 0.125 459.3 2581.05
  4 0.175 460.7 2769.51
  5 0.225 467 3009.11
  6 0.275 450.2 3088.18
  7 0.325 443.3 3287.92
  8 0.375 453.6 3519.68
  9 0.425 441.4 3811.26
  10 0.475 435.8 4139.88
  11 0.525 425.3 4240.77
  12 0.575 428.5 4009.68
  13 0.625 429.4 3898.6
  14 0.675 446.5 3566.66
  15 0.725 456.9 3295.27
  16 0.775 458 3005.21
  17 0.825 452.1 3045.02
  18 0.875 457.5 2770.63
  19 0.925 457.4 2592.16
  20 0.975 461.5 2332.87
60900 20 9000
  1 0.025 455.9 2278.06
  2 0.075 456.4 2489.64
  3 0.125 460.9 2609.17
  4 0.175 457.6 2843.8
  5 0.225 469.4 2866.6
  6 0.275 451 3150.8
  7 0.325 446.7 3225.74
  8 0.375 450.3 3503.04
  9 0.425 434.2 3775.41
  10 0.475 436.2 4104.13
  11 0.525 418.5 4279.87
  12 0.575 434.5 3993.39
  13 0.625 436.1 3823.26
  14 0.675 446 3542.21
  15 0.725 455.1 3267.4
  16 0.775 457.2 3083.88
  17 0.825 451 3035.68
  18 0.875 461.1 2814.76
  19 0.925 457.9 2532.9
  20 0.975 464 2424.78
61950 20 9000
  1 0.025 459.9 2306
  2 0.075 458.7 2385.64
  3 0.125 460.5 2538.99
  4 0.175 455.1 2846.62
  5 0.225 466.1 2970.37
  6 0.275 452.4 3072.57
  7 0.325 448 3419.52
  8 0.375 451.6 3614.21
  9 0.425 442.9 3786.84
  10 0.475 428.1 4121.75
  11 0.525 413.6 4283.72
  12 0.575 435.3 4046.32
  13 0.625 428.7 3745.62
  14 0.675 445.6 3436.01
  15 0.725 450.1 3332.94
  16 0.775 450.2 3244.32
  17 0.825 453.9 2968.98
  18 0.875 466.4 2737.59
  19 0.925 463.1 2573.01
  20 0.975 469.8 2440.05
63000 20 9000
  1 0.025 461.1 2310.1
  2 0.075 461 2362.05
  3 0.125 462.3 2577.68
  4 0.175 457.7 2812.66
  5 0.225 467.7 2872.36
  6 0.275 453.1 3095.07
  7 0.325 448.1 3398.64
  8 0.375 452.2 3640.06
  9 0.425 434.1 3775.39
  10 0.475 429.8 4005.19
  11 0.525 416.9 4298.98
  12 0.575 433.7 4126.22
  13 0.625 432.8 3554.87
  14 0.675 449.5 3506.38
  15 0.725 452.4 3478.47
  16 0.775 456.7 3214.78
  17 0.825 452.4 2894.61
  18 0.875 461.4 2716.15
  19 0.925 459.8 2549.47
  20 0.975 457.3 2392.35
64050 20 9000
  1 0.025 465 2318.61
  2 0.075 458.6 2388.21
  3 0.125 465 2646.86
  4 0.175 455.9 2733.34
  5 0.225 462.1 2781.72
  6 0.275 453.2 3009.05
  7 0.325 443.1 3407.07
  8 0.375 452.5 3640.89
  9 0.425 437.3 3796.1
  10 0.475 431.1 4200.59
  11 0.525 418.2 4314.58
  12 0.575 435.5 3998.48
  13 0.625 437.9 3710.52
  14 0.675 444.9 3566.25
  15 0.725 454 3352.7
  16 0.775 455.7 3123.32
  17 0.825 452.9 3061.54
  18 0.875 460.4 2677.76
  19 0.925 459.3 2610.73
  20 0.975 457.4 2280.55
65100 20 9000
  1 0.025 464.8 2231.56
  2 0.075 460.3 2386.75
  3 0.125 459.3 2544.52
  4 0.175 461.6 2656.27
  5 0.225 460.4 2956.05
  6 0.275 450.6 3114.82
  7 0.325 447.8 3357.94
  8 0.375 448.1 3559.14
  9 0.425 434.9 3801.48
  10 0.475 433.3 4184.85
  11 0.525 419 4407.65
  12 0.575 434.5 4162.38
  13 0.625 433 3770.76
  14 0.675 450.9 3535.74
  15 0.725 453.5 3360.72
  16 0.775 451.3 3226.98
  17 0.825 453.2 2968.55
  18 0.875 462.5 2774.74
  19 0.925 461.1 2578.86
  20 0.975 459.9 2424.09
66150 20 9000
  1 0.025 459.7 2254.81
  2 0.075 459.6 2319.73
  3 0.125 465 2569.07
  4 0.175 460.1 2740.92
  5 0.225 460 2900.23
  6 0.275 450.8 3169.6
  7 0.325 448.6 3292
  8 0.375 448.6 3533.42
  9 0.425 437.7 3906.15
  10 0.475 427.6 4157.26
  11 0.525 414.6 4264.98
  12 0.575 434.6 4061.86
  13 0.625 430.4 3914.8
  14 0.675 447.9 3605.99
  15 0.725 452.1 3403.45
  16 0.775 450.7 3228.44
  17 0.825 458.2 2924.33
  18 0.875 467.8 2799.44
  19 0.925 462.3 2634.12
  20 0.975 463.7 2472.06
67200 20 9000
  1 0.025 467.4 2301.52
  2 0.075 459.7 2358.46
  3 0.125 464.1 2594.58
  4 0.175 464 2762.66
  5 0.225 463.8 2925.29
  6 0.275 450.2 3179.28
  7 0.325 450.9 3318.33
  8 0.375 448.3 3482.26
  9 0.425 425.8 3976.8
  10 0.475 431.4 4293.64
  11 0.525 421.6 4300.12
  12 0.575 434.2 4241.9
  13 0.625 432.7 3825.08
  14 0.675 442.1 3524.24
  15 0.725 451 3442.91
  16 0.775 454.1 3222.11
  17 0.825 454.5 2924.76
  18 0.875 464.6 2689.16
  19 0.925 461.2 2609.78
  20 0.975 458.4 2477.05
68250 20 9000
  1 0.025 455.9 2235.48
  2 0.075 456.1 2387.35
  3 0.125 457.3 2594.93
  4 0.175 458.8 2761.5
  5 0.225 468.4 2921.56
  6 0.275 453.7 3134.27
  7 0.325 448.1 3354.39
  8 0.375 450.6 3502.54
  9 0.425 440.3 4017.56
  10 0.475 429.6 4181.68
  11 0.525 413.2 4322.69
  12 0.575 435.8 4138.86
  13 0.625 435.5 3936.74
  14 0.675 444.3 3611.45
  15 0.725 450.3 3445.36
  16 0.775 453 3267.8
  17 0.825 458.4 2887.87
  18 0.875 463.9 2811.39
  19 0.925 460.1 2602.21
  20 0.975 466.7 2266.15
69300 20 9000
  1 0.025 460.2 2219.51
  2 0.075 460.7 2452.15
  3 0.125 462.9 2605.33
  4 0.175 458.5 2762.71
  5 0.225 462 2935.97
  6 0.275 449.9 3128.26
  7 0.325 446.5 3244.13
  8 0.375 446.8 3524.02
  9 0.425 431.9 3923.66
  10 0.475 432.9 4188.69
  11 0.525 421.4 4451.84
  12 0.575 435.4 4288.47
  13 0.625 435.3 3831.55
  14 0.675 442.7 3536.58
  15 0.725 449.7 3569.8
  16 0.775 448.1 3270.49
  17 0.825 450.9 2871.93
  18 0.875 467.1 2753.73
  19 0.925 469.3 2499.63
  20 0.975 467.8 2409.5
70350 20 9000
  1 0.025 460.5 2216.22
  2 0.075 456.1 2336.9
  3 0.125 464.3 2667.62
  4 0.175 459.2 2825.99
  5 0.225 465 2940.98
  6 0.275 452.1 3145.98
  7 0.325 447.6 3374.99
  8 0.375 448.2 3554.26
  9 0.425 435.3 3904.15
  10 0.475 428.5 4193.6
  11 0.525 418.9 4421.69
  12 0.575 433 4354.77
  13 0.625 437.6 3823.79
  14 0.675 440.5 3540.85
  15 0.725 448.6 3546.87
  16 0.775 449.9 3282.44
  17 0.825 454.9 2935.81
  18 0.875 469.9 2770.32
  19 0.925 464.3 2518.79
  20 0.975 465.6 2312.53
71400 20 9000
  1 0.025 465.9 2191.24
  2 0.075 457.9 2353.87
  3 0.125 462.8 2516.31
  4 0.175 457.8 2860.02
  5 0.225 465.6 2952.98
  6 0.275 454 3138.42
  7 0.325 445.2 3415.88
  8 0.375 446.2 3631.72
  9 0.425 440.7 3866.84
  10 0.475 433.2 4281.37
  11 0.525 418.2 4438.9
  12 0.575 428.6 4199.56
  13 0.625 429.9 3960.04
  14 0.675 450.2 3602.31
  15 0.725 453.4 3538.65
  16 0.775 453 3308.56
  17 0.825 456.3 2936.82
  18 0.875 462.8 2720.68
  19 0.925 461.8 2547.84
  20 0.975 456.5 2322.32
72450 20 9000
  1 0.025 470.1 2243.8
  2 0.075 461.6 2360.48
  3 0.125 466.1 2614.37
  4 0.175 458.2 2761.34
  5 0.225 459.2 3020.8
  6 0.275 451 3196.99
  7 0.325 450.2 3403.16
  8 0.375 445.1 3688.68
  9 0.425 439.2 3983.88
  10 0.475 431.1 4177.98
  11 0.525 416.1 4657.03
  12 0.575 426.1 4383.92
  13 0.625 434.7 3938.62
  14 0.675 443.9 3594.16
  15 0.725 452.1 3542.09
  16 0.775 450.6 3221.31
  17 0.825 456.7 2948.6
  18 0.875 466.1 2806.17
  19 0.925 463.8 2572.5
  20 0.975 458.1 2325.15
73500 20 9000
  1 0.025 474.1 2270.88
  2 0.075 460.5 2385.11
  3 0.125 468.3 2424.13
  4 0.175 458.2 2762.9
  5 0.225 461.9 2963.95
  6 0.275 450.1 3272.08
  7 0.325 450.3 3484.25
  8 0.375 449 3586.77
  9 0.425 429.9 3940.9
  10 0.475 432.6 4246.23
  11 0.525 416 4513.08
  12 0.575 427.9 4309.17
  13 0.625 434.1 3969.77
  14 0.675 444.8 3579.13
  15 0.725 449.6 3441.65
  16 0.775 451.9 3185.13
  17 0.825 452.4 2946.14
  18 0.875 464.9 2734.11
  19 0.925 468.6 2582.61
  20 0.975 454.9 2412.15
74550 20 9000
  1 0.025 462.4 2175.66
  2 0.075 456.8 2302.31
  3 0.125 458.8 2573.91
  4 0.175 455.9 2752.96
  5 0.225 466.8 2912.59
  6 0.275 451.9 3184.76
  7 0.325 445.7 3526.85
  8 0.375 450.9 3756.8
  9 0.425 437.4 3942.57
  10 0.475 436.6 4191.52
  11 0.525 413.7 4706.92
  12 0.575 435.6 4389.24
  13 0.625 431.3 4054.39
  14 0.675 444.6 3645.62
  15 0.725 452.9 3431.94
  16 0.775 452.6 3204.96
  17 0.825 454.4 2993.67
  18 0.875 468.5 2745.09
  19 0.925 461.9 2604.09
  20 0.975 461.3 2355.36
75600 20 9000
  1 0.025 466.2 2195.85
  2 0.075 462.9 2377.64
  3 0.125 463.1 2561.15
  4 0.175 459.8 2814.65
  5 0.225 464.2 2963.85
  6 0.275 454.6 3245.55
  7 0.325 451.9 3492.29
  8 0.375 443.5 3724.7
  9 0.425 433.9 4051.12
  10 0.475 436.1 4369.31
  11 0.525 414.7 4581.56
  12 0.575 431.9 4255.98
  13 0.625 425.3 4125.46
  14 0.675 447.4 3672.04
  15 0.725 446.6 3408.23
  16 0.775 449.3 3246.86
  17 0.825 451.5 2974.76
  18 0.875 461.2 2764.89
  19 0.925 475.8 2535.1
  20 0.975 460.1 2303.78
76650 20 9000
  1 0.025 472 2183.81
  2 0.075 467.4 2332.53
  3 0.125 467.2 2607.73
  4 0.175 455.7 2892.56
  5 0.225 467.6 2985.11
  6 0.275 453.6 3197.68
  7 0.325 448.8 3481.04
  8 0.375 448.8 3706.37
  9 0.425 434.3 4151.61
  10 0.475 423.5 4314.32
  11 0.525 415.6 4479
  12 0.575 426.4 4448.73
  13 0.625 428.1 3949.92
  14 0.675 437.7 3644.6
  15 0.725 451.9 3409.03
  16 0.775 451.1 3185.03
  17 0.825 453.9 3023.21
  18 0.875 461.2 2784.72
  19 0.925 476.5 2595.67
  20 0.975 458.7 2428.63
77700 20 9000
  1 0.025 465.2 2133.26
  2 0.075 461.7 2350.83
  3 0.125 467.3 2564.35
  4 0.175 458.2 2841.33
  5 0.225 463.7 3046.06
  6 0.275 449.9 3176.46
  7 0.325 448.8 3420.11
  8 0.375 446 3797.03
  9 0.425 435.8 4074.11
  10 0.475 416.5 4328.05
  11 0.525 421.9 4649.12
  12 0.575 438 4489.41
  13 0.625 428.3 4211.17
  14 0.675 440.9 3784.89
  15 0.725 451.6 3434.24
  16 0.775 456.3 3348.82
  17 0.825 455.5 2999.77
  18 0.875 472.6 2750.12
  19 0.925 462.1 2581.26
  20 0.975 459.7 2429.53
78750 20 9000
  1 0.025 461.2 2210.1
  2 0.075 463.9 2308.06
  3 0.125 462.3 2563.44
  4 0.175 462.1 2874.71
  5 0.225 463.9 3028.23
  6 0.275 450.5 3189.53
  7 0.325 446.7 3476.47
  8 0.375 451.3 3690.34
  9 0.425 438.5 4131.65
  10 0.475 429.7 4485.11
  11 0.525 422.7 4622.5
  12 0.575 430.2 4518.08
  13 0.625 425.5 4214.61
  14 0.675 445.6 3711.97
  15 0.725 447.9 3435.27
  16 0.775 454.7 3225.82
  17 0.825 457.5 3055.25
  18 0.875 467.3 2816.9
  19 0.925 462.6 2560.87
  20 0.975 455.9 2255.15
79800 20 9000
  1 0.025 461.1 2312.85
  2 0.075 472.6 2357.23
  3 0.125 465.1 2639.55
  4 0.175 462.8 2899.19
  5 0.225 466.1 3050.23
  6 0.275 450.7 3270.2
  7 0.325 447.6 3470.41
  8 0.375 447.2 3628.97
  9 0.425 434.9 4151.04
  10 0.475 427.7 4621.9
  11 0.525 430.6 4596.36
  12 0.575 430 4487.72
  13 0.625 425.8 4162.13
  14 0.675 428.9 3810.65
  15 0.725 451 3473.19
  16 0.775 451.8 3300.47
  17 0.825 452.1 2930.38
  18 0.875 460.4 2883.23
  19 0.925 474 2511.32
  20 0.975 459.6 2316.77
80850 20 9000
  1 0.025 467.6 2245.08
  2 0.075 461 2376.07
  3 0.125 464.6 2605.3
  4 0.175 461.1 2883.44
  5 0.225 464 3041.42
  6 0.275 453.2 3318.83
  7 0.325 449.4 3461.11
  8 0.375 449 3877.92
  9 0.425 435.9 4146.37
  10 0.475 423.5 4637.97
  11 0.525 414.5 4696.98
  12 0.575 428.5 4410.41
  13 0.625 426.7 4305.58
  14 0.675 438.5 3793.39
  15 0.725 455.8 3437.08
  16 0.775 457.6 3398.77
  17 0.825 454 3085.6
  18 0.875 469.1 2762.52
  19 0.925 468.5 2578.28
  20 0.975 457.5 2355.32
81900 20 9000
  1 0.025 470 2255.65
  2 0.075 463.4 2381.23
  3 0.125 465.4 2672.69
  4 0.175 454.7 2758.99
  5 0.225 461 3025.09
  6 0.275 446.7 3264.93
  7 0.325 446.8 3502.66
  8 0.375 448.5 3933.93
  9 0.425 437.4 4257.66
  10 0.475 428.1 4395.19
  11 0.525 426.5 4842.08
  12 0.575 430.3 4724.85
  13 0.625 430.8 4122.73
  14 0.675 435.8 3774.43
  15 0.725 455.5 3536.38
  16 0.775 451.3 3472.06
  17 0.825 453.2 3034.77
  18 0.875 467.6 2875.2
  19 0.925 468.4 2534.45
  20 0.975 458.6 2371.47
82950 20 9000
  1 0.025 465.5 2118.48
  2 0.075 469.2 2427.3
  3 0.125 471.2 2565.35
  4 0.175 459.9 2855.89
  5 0.225 463.9 3310.45
  6 0.275 451.9 3196.13
  7 0.325 449.5 3607.53
  8 0.375 446.2 3918.51
  9 0.425 438.4 4229.12
  10 0.475 423.7 4504.03
  11 0.525 423.9 4788.89
  12 0.575 429.7 4630.06
  13 0.625 425.6 4139.63
  14 0.675 444 3831.73
  15 0.725 443.9 3466.43
  16 0.775 451.5 3433.72
  17 0.825 452.9 3140.02
  18 0.875 459.1 2764.97
  19 0.925 471.3 2559.51
  20 0.975 458.7 2356.69
84000 20 9000
  1 0.025 466.6 2247.89
  2 0.075 460.6 2360.51
  3 0.125 467.4 2551.13
  4 0.175 456 2842.34
  5 0.225 465.7 3226.16
  6 0.275 451.1 3335.86
  7 0.325 447 3607.56
  8 0.375 447.7 3908.88
  9 0.425 435.6 4241.25
  10 0.475 427.6 4614.37
  11 0.525 419.8 4860.02
  12 0.575 421 4611.98
  13 0.625 424.3 4232.92
  14 0.675 444.5 3889.14
  15 0.725 455.2 3561.62
  16 0.775 454.2 3502.97
  17 0.825 454.9 3128.3
  18 0.875 462.5 2876.5
  19 0.925 472.8 2522.97
  20 0.975 465.5 2273.91
85050 20 9000
  1 0.025 471.9 2226.03
  2 0.075 463.7 2343.12
  3 0.125 467.6 2618.39
  4 0.175 460.4 2928.1
  5 0.225 462.6 3100.5
  6 0.275 455.3 3336.04
  7 0.325 442.9 3642.76
  8 0.375 446.5 3957.91
  9 0.425 429 4261.34
  10 0.475 429.3 4597.44
  11 0.525 423.8 4905.13
  12 0.575 425.5 4796.56
  13 0.625 420 4221.06
  14 0.675 447.5 4031.11
  15 0.725 455.2 3599.95
  16 0.775 452.5 3460.86
  17 0.825 454.4 3143.65
  18 0.875 464.5 2916.33
  19 0.925 470.6 2527.13
  20 0.975 456.8 2237.68
86100 20 9000
  1 0.025 473.4 2156.41
  2 0.075 464.1 2281.5
  3 0.125 470.2 2641.35
  4 0.175 456.9 2855.27
  5 0.225 466.5 3013.64
  6 0.275 453.8 3365.79
  7 0.325 449.5 3723
  8 0.375 441.9 4065.78
  9 0.425 442.2 4376.26
  10 0.475 435.2 4711.32
  11 0.525 416.6 5070.14
  12 0.575 417.6 4771.63
  13 0.625 422.5 4144.58
  14 0.675 436.3 3859.41
  15 0.725 452.4 3574.8
  16 0.775 454.7 3439.86
  17 0.825 450.4 3085.55
  18 0.875 465.8 2927.28
  19 0.925 474.7 2571.73
  20 0.975 455.3 2297.7
87150 20 9000
  1 0.025 472.9 2201.11
  2 0.075 467 2387.15
  3 0.125 469.3 2492.93
  4 0.175 456.2 2971.22
  5 0.225 466.7 3093.73
  6 0.275 459.4 3287.16
  7 0.325 442.1 3673.31
  8 0.375 443.6 4160.13
  9 0.425 437 4548.94
  10 0.475 429 4766.68
  11 0.525 420 5120.82
  12 0.575 416.7 4887.55
  13 0.625 431.1 4364.21
  14 0.675 441.3 3825.73
  15 0.725 447.9 3642.37
  16 0.775 454.5 3353.8
  17 0.825 453.5 3268.01
  18 0.875 458.7 2907.8
  19 0.925 473.5 2728.01
  20 0.975 459.6 2303.19
88200 20 9000
  1 0.025 475.3 2283.38
  2 0.075 474.4 2345.84
  3 0.125 465 2662.81
  4 0.175 455.3 2855.46
  5 0.225 473.5 2995.31
  6 0.275 448.7 3379.2
  7 0.325 440.5 3653.06
  8 0.375 441.8 4153.05
  9 0.425 436.4 4410.87
  10 0.475 421.6 4771.89
  11 0.525 410.3 5270.32
  12 0.575 426.3 4779.42
  13 0.625 422 4578.15
  14 0.675 444.6 4007.15
  15 0.725 458.2 3674.18
  16 0.775 459.1 3354.76
  17 0.825 452 3200.8
  18 0.875 463.7 2906.96
  19 0.925 469.5 2697.71
  20 0.975 461.8 2424.47
89250 20 9000
  1 0.025 467.7 2302.51
  2 0.075 469 2294.91
  3 0.125 469.3 2668.85
  4 0.175 456.7 2888.68
  5 0.225 474.1 3021.72
  6 0.275 452.7 3491.7
  7 0.325 439.6 3584.95
  8 0.375 439 4080.46
  9 0.425 432.6 4573.91
  10 0.475 422 4919.68
  11 0.525 422.6 5172.9
  12 0.575 422.5 5021
  13 0.625 427.5 4462.33
  14 0.675 437.2 4185.34
  15 0.725 459.2 3628.66
  16 0.775 454.2 3364.59
  17 0.825 454.7 3184.59
  18 0.875 462.3 3002.45
  19 0.925 472.7 2537.16
  20 0.975 464.4 2498.36
90300 20 9000
  1 0.025 464.1 2266.62
  2 0.075 460.3 2335.49
  3 0.125 467.4 2651.35
  4 0.175 457.3 2856.17
  5 0.225 461.9 3136.27
  6 0.275 461.5 3355.68
  7 0.325 441.9 3786.77
  8 0.375 448 4137.81
  9 0.425 434.2 4821.14
  10 0.475 425.7 4933.86
  11 0.525 414 5205.05
  12 0.575 431.3 5059.98
  13 0.625 426.8 4451.41
  14 0.675 433.4 4218.09
  15 0.725 454.9 3700.51
  16 0.775 458.1 3370.72
  17 0.825 455.1 3183.01
  18 0.875 467.1 2935.85
  19 0.925 470.8 2588.74
  20 0.975 466.2 2420.17
91350 20 9000
  1 0.025 471.8 2223.35
  2 0.075 469.2 2549.39
  3 0.125 471.4 2765.12
  4 0.175 456 2877.78
  5 0.225 479.2 3083.35
  6 0.275 448.1 3357.89
  7 0.325 446.9 3686.67
  8 0.375 445.7 4296.94
  9 0.425 431.2 4477.68
  10 0.475 414.5 4879
  11 0.525 416.5 5117.53
  12 0.575 417.2 5183.61
  13 0.625 425.3 4618.91
  14 0.675 443.9 4081.24
  15 0.725 448.3 3886.42
  16 0.775 460.3 3384.87
  17 0.825 458.4 3141.29
  18 0.875 460.7 2933.16
  19 0.925 474.7 2645.82
  20 0.975 460.7 2370.42
92400 20 9000
  1 0.025 475.6 2305.5
  2 0.075 471.6 2450.66
  3 0.125 468.4 2793.44
  4 0.175 456.1 2867.11
  5 0.225 476.4 3170.26
  6 0.275 450.9 3461.45
  7 0.325 440.3 3719.98
  8 0.375 441.4 4268.35
  9 0.425 437.9 4688.97
  10 0.475 417.2 5140.37
  11 0.525 415.7 5277.42
  12 0.575 416.8 5272.2
  13 0.625 426.6 4545.37
  14 0.675 435.8 4106.14
  15 0.725 446.6 3852.12
  16 0.775 464.7 3353.1
  17 0.825 459.9 3224.61
  18 0.875 462.7 2960.95
  19 0.925 473.9 2675.12
  20 0.975 461.5 2444.03
93450 20 9000
  1 0.025 469.2 2266.35
  2 0.075 461.7 2348.98
  3 0.125 469.2 2746.31
  4 0.175 461.1 2874.9
  5 0.225 473 3226.92
  6 0.275 454.4 3398.96
  7 0.325 450.4 3850.81
  8 0.375 443.6 4406.08
  9 0.425 439.5 4628.25
  10 0.475 413.6 5328.12
  11 0.525 411.9 5390.17
  12 0.575 421.1 5330.99
  13 0.625 417.3 4722.64
  14 0.675 440.2 4410.83
  15 0.725 463 3814.4
  16 0.775 462.1 3442.15
  17 0.825 453.6 3173.46
  18 0.875 467.1 2955.92
  19 0.925 466.5 2688.85
  20 0.975 461.5 2390.82
94500 20 9000
  1 0.025 471.5 2236.79
  2 0.075 473.4 2492.81
  3 0.125 467.6 2797.25
  4 0.175 453.6 2956.01
  5 0.225 475.8 3234.08
  6 0.275 452 3366.88
  7 0.325 441.6 3987.43
  8 0.375 446.1 4327.48
  9 0.425 432.7 4867.31
  10 0.475 427.3 5363.8
  11 0.525 409 5911.86
  12 0.575 411.7 5510.55
  13 0.625 430.7 4667.7
  14 0.675 439.2 4256.58
  15 0.725 449.2 3822.68
  16 0.775 457.1 3400.04
  17 0.825 454.4 3275.28
  18 0.875 460.6 2914.71
  19 0.925 480.5 2748.88
  20 0.975 466 2414.42
95550 20 9000
  1 0.025 470.9 2303.86
  2 0.075 468.4 2495.24
  3 0.125 469.8 2756.74
  4 0.175 459.3 3034.47
  5 0.225 477.1 3096.02
  6 0.275 455.9 3564.98
  7 0.325 442.3 3952.74
  8 0.375 443.6 4669.17
  9 0.425 431.3 5047.43
  10 0.475 416.4 5418.29
  11 0.525 403.4 5856.03
  12 0.575 411.2 5912.06
  13 0.625 423.3 4917.61
  14 0.675 443 4301
  15 0.725 451.9 3981.64
  16 0.775 453.8 3534.74
  17 0.825 462.3 3222.19
  18 0.875 467.4 3102.01
  19 0.925 480.5 2644.16
  20 0.975 468.2 2398.97
96600 20 9000
  1 0.025 475.3 2445.25
  2 0.075 476.7 2406.82
  3 0.125 471.6 2757.65
  4 0.175 468.4 3054.31
  5 0.225 470.3 3130.8
  6 0.275 454.9 3557.64
  7 0.325 440 3973.5
  8 0.375 441.1 4498.03
  9 0.425 426.1 5181.72
  10 0.475 413.2 5949.57
  11 0.525 412 5899
  12 0.575 417.1 5712.04
  13 0.625 415 5302.02
  14 0.675 439.2 4373.04
  15 0.725 455.1 3826.43
  16 0.775 456.3 3602.37
  17 0.825 459.8 3295.45
  18 0.875 465.2 2966.47
  19 0.925 478.6 2716.94
  20 0.975 464.1 2418.71
97650 20 9000
  1 0.025 473.8 2343.62
  2 0.075 474.8 2526.73
  3 0.125 467.9 2684.71
  4 0.175 466 2941
  5 0.225 471.1 3224.86
  6 0.275 453.3 3577.43
  7 0.325 442.8 3964.04
  8 0.375 444.6 4602.64
  9 0.425 427.5 5602.32
  10 0.475 417.5 6026.03
  11 0.525 411.9 6110.97
  12 0.575 408.1 6069.97
  13 0.625 417.9 5251.46
  14 0.675 444 4588.62
  15 0.725 450.3 4005.36
  16 0.775 463.4 3607.15
  17 0.825 460.5 3268.37
  18 0.875 466.2 3065.97
  19 0.925 478.8 2724.19
  20 0.975 459.6 2493.84
98700 20 9000
  1 0.025 478.9 2344.03
  2 0.075 481.2 2569.4
  3 0.125 466.1 2784.85
  4 0.175 471.9 2974.91
  5 0.225 471.6 3238
  6 0.275 452.5 3625.37
  7 0.325 440.3 4253.51
  8 0.375 446 4809.8
  9 0.425 416.4 5620.22
  10 0.475 410.4 6285.54
  11 0.525 405 6495.64
  12 0.575 419.2 6300.88
  13 0.625 417.7 5416.29
  14 0.675 440.1 4631.31
  15 0.725 450.9 4068.22
  16 0.775 459.9 3744.98
  17 0.825 462.6 3346.75
  18 0.875 467.2 3076.19
  19 0.925 477.8 2809.91
  20 0.975 464.3 2490.57
99750 20 9000
  1 0.025 475.2 2310.22
  2 0.075 478.5 2593.04
  3 0.125 471.7 2888.6
  4 0.175 474.4 3007.96
  5 0.225 479.3 3316.61
  6 0.275 452.4 3652.39
  7 0.325 444.2 4350.53
  8 0.375 441.7 5056.1
  9 0.425 420.8 5820.72
  10 0.475 406.8 6705.95
  11 0.525 396.1 6933.73
  12 0.575 404.7 6748.03
  13 0.625 415.6 5276.41
  14 0.675 440.1 4882.47
  15 0.725 452.9 4252.03
  16 0.775 463.9 3766.79
  17 0.825 456.1 3491.33
  18 0.875 476.1 3108.57
  19 0.925 480.9 2857.2
  20 0.975 468.6 2475.62
100800 20 9000
  1 0.025 476.8 2479.78
  2 0.075 483.2 2521.57
  3 0.125 468.5 2903.89
  4 0.175 474 3082.38
  5 0.225 482.6 3267.05
  6 0.275 451.7 3772.54
  7 0.325 443.7 4301.83
  8 0.375 438.2 5323.5
  9 0.425 423.4 6394.02
  10 0.475 407 7077.06
  11 0.525 389.7 7396.58
  12 0.575 404.7 7021.67
  13 0.625 415.4 6165.52
  14 0.675 445.6 4828.19
  15 0.725 449 4368.79
  16 0.775 462.5 3811.89
  17 0.825 457 3555.22
  18 0.875 476.7 3152.59
  19 0.925 480 2777.2
  20 0.975 470.3 2504.44
101850 20 9000
  1 0.025 483.9 2452.84
  2 0.075 483.3 2610.01
  3 0.125 474.5 2904.03
  4 0.175 463.3 3185.36
  5 0.225 482.9 3287.9
  6 0.275 454 4032.35
  7 0.325 452.4 4399.13
  8 0.375 432.6 5805.2
  9 0.425 423.2 7051.06
  10 0.475 403.5 7871.89
  11 0.525 386.8 8297.51
  12 0.575 396.8 7857.64
  13 0.625 406 6386.69
  14 0.675 444.5 5239.98
  15 0.725 450.4 4562.47
  16 0.775 464.3 3901.37
  17 0.825 461.2 3608.67
  18 0.875 476.6 3233.89
  19 0.925 484.4 2737.02
  20 0.975 475.4 2538.13
102900 20 9000
  1 0.025 490.7 2465.57
  2 0.075 491.1 2666.98
  3 0.125 476.2 2785.53
  4 0.175 472.1 3234.94
  5 0.225 491.6 3534.74
  6 0.275 462.2 4132.91
  7 0.325 451.7 5084.5
  8 0.375 434.1 6545.77
  9 0.425 399 7922.3
  10 0.475 381.3 9020.24
  11 0.525 373 9809.96
  12 0.575 383 9158.38
  13 0.625 409.6 7486.16
  14 0.675 446.3 5857.99
  15 0.725 461.2 4731.86
  16 0.775 468.7 4053.86
  17 0.825 460.8 3616.52
  18 0.875 475.3 3246.64
  19 0.925 491.7 2888.78
  20 0.975 480.4 2592.26
103950 20 9000
  1 0.025 498.9 2526.32
  2 0.075 497.8 2710.23
  3 0.125 483.8 2981.6
  4 0.175 490.8 3426.23
  5 0.225 493.1 3690.3
  6 0.275 463.9 4177.34
  7 0.325 448.9 5631.81
  8 0.375 425.8 7880.51
  9 0.425 400.8 10022.5
  10 0.475 368 12323.3
  11 0.525 354.2 13231
  12 0.575 350.6 12693
  13 0.625 401.6 9311.21
  14 0.675 441.4 6785.49
  15 0.725 459.1 5129.06
  16 0.775 476.3 4145.65
  17 0.825 471.3 3937.16
  18 0.875 483.2 3398.26
  19 0.925 506.9 2995.4
  20 0.975 483.6 2665.82
105000 20 9000
  1 0.025 508.6 2530.02
  2 0.075 516.8 2858.85
  3 0.125 502.4 3287.45
  4 0.175 505.8 3727.65
  5 0.225 523.8 4316.49
  6 0.275 481.6 5360.95
  7 0.325 456.7 8156.12
  8 0.375 413.7 12607.8
  9 0.425 346.8 21912.3
  10 0.475 327.6 28499.8
  11 0.525 308.8 31021.9
  12 0.575 300.7 28751
  13 0.625 370.5 19254.1
  14 0.675 450.5 10051
  15 0.725 477.3 6628.41
  16 0.775 490.3 4964.84
  17 0.825 490 4150.71
  18 0.875 504.8 3733.69
  19 0.925 519.1 3196.05
  20 0.975 504.2 2943.17
