

*******************************************************************************
Thu Jan 16 13:52:37 2025


FIT:    data read from 'lattice_cohesive_energy.txt' u 2:3
        format = x:z
        #datapoints = 49
        residuals are weighted equally (unit weight)

function used for fitting: f(x)
	f(x) = (a*x/(b*(b-1)))*(b*(1-c/x)+(c/x)**b-1)+d
fitted parameters initialized with current variable values

iter      chisq       delta/lim  lambda   a             b             c             d            
   0 2.1174419239e+06   0.00e+00  5.77e+02    5.000000e-01   3.500000e+00   1.182000e+02  -3.710000e+01
  11 8.9277933830e-06  -8.53e-02  5.77e-06    7.838716e-01   3.929716e+00   2.849151e+01  -1.041552e+01

After 11 iterations the fit converged.
final sum of squares of residuals : 8.92779e-06
rel. change during last iteration : -8.53034e-07

degrees of freedom    (FIT_NDF)                        : 45
rms of residuals      (FIT_STDFIT) = sqrt(WSSR/ndf)    : 0.000445416
variance of residuals (reduced chisquare) = WSSR/ndf   : 1.98395e-07

Final set of parameters            Asymptotic Standard Error
=======================            ==========================
a               = 0.783872         +/- 0.0004504    (0.05745%)
b               = 3.92972          +/- 0.01823      (0.4638%)
c               = 28.4915          +/- 0.001892     (0.00664%)
d               = -10.4155         +/- 9.58e-05     (0.0009198%)

correlation matrix of the fit parameters:
                a      b      c      d      
a               1.000 
b              -0.067  1.000 
c              -0.035 -0.915  1.000 
d              -0.739  0.112 -0.069  1.000 


*******************************************************************************
Thu Jan 16 13:52:55 2025


FIT:    data read from 'lattice_cohesive_energy.txt' u 2:3
        format = x:z
        #datapoints = 49
        residuals are weighted equally (unit weight)

function used for fitting: f(x)
	f(x) = (a*x/(b*(b-1)))*(b*(1-c/x)+(c/x)**b-1)+d
fitted parameters initialized with current variable values

iter      chisq       delta/lim  lambda   a             b             c             d            
   0 2.1174419239e+06   0.00e+00  5.77e+02    5.000000e-01   3.500000e+00   1.182000e+02  -3.710000e+01
  11 8.9277933830e-06  -8.53e-02  5.77e-06    7.838716e-01   3.929716e+00   2.849151e+01  -1.041552e+01

After 11 iterations the fit converged.
final sum of squares of residuals : 8.92779e-06
rel. change during last iteration : -8.53034e-07

degrees of freedom    (FIT_NDF)                        : 45
rms of residuals      (FIT_STDFIT) = sqrt(WSSR/ndf)    : 0.000445416
variance of residuals (reduced chisquare) = WSSR/ndf   : 1.98395e-07

Final set of parameters            Asymptotic Standard Error
=======================            ==========================
a               = 0.783872         +/- 0.0004504    (0.05745%)
b               = 3.92972          +/- 0.01823      (0.4638%)
c               = 28.4915          +/- 0.001892     (0.00664%)
d               = -10.4155         +/- 9.58e-05     (0.0009198%)

correlation matrix of the fit parameters:
                a      b      c      d      
a               1.000 
b              -0.067  1.000 
c              -0.035 -0.915  1.000 
d              -0.739  0.112 -0.069  1.000 


*******************************************************************************
Thu Jan 16 13:55:00 2025


FIT:    data read from 'lattice_cohesive_energy.txt' u 2:3
        format = x:z
        #datapoints = 49
        residuals are weighted equally (unit weight)

function used for fitting: f(x)
	f(x) = (a*x/(b*(b-1)))*(b*(1-c/x)+(c/x)**b-1)+d
fitted parameters initialized with current variable values

iter      chisq       delta/lim  lambda   a             b             c             d            
   0 2.1174419239e+06   0.00e+00  5.77e+02    5.000000e-01   3.500000e+00   1.182000e+02  -3.710000e+01
  11 8.9277933830e-06  -8.53e-02  5.77e-06    7.838716e-01   3.929716e+00   2.849151e+01  -1.041552e+01

After 11 iterations the fit converged.
final sum of squares of residuals : 8.92779e-06
rel. change during last iteration : -8.53034e-07

degrees of freedom    (FIT_NDF)                        : 45
rms of residuals      (FIT_STDFIT) = sqrt(WSSR/ndf)    : 0.000445416
variance of residuals (reduced chisquare) = WSSR/ndf   : 1.98395e-07

Final set of parameters            Asymptotic Standard Error
=======================            ==========================
a               = 0.783872         +/- 0.0004504    (0.05745%)
b               = 3.92972          +/- 0.01823      (0.4638%)
c               = 28.4915          +/- 0.001892     (0.00664%)
d               = -10.4155         +/- 9.58e-05     (0.0009198%)

correlation matrix of the fit parameters:
                a      b      c      d      
a               1.000 
b              -0.067  1.000 
c              -0.035 -0.915  1.000 
d              -0.739  0.112 -0.069  1.000 


*******************************************************************************
Thu Jan 16 13:57:13 2025


FIT:    data read from 'lattice_cohesive_energy.txt' u 2:3
        format = x:z
        #datapoints = 49
        residuals are weighted equally (unit weight)

function used for fitting: f(x)
	f(x) = (a*x/(b*(b-1)))*(b*(1-c/x)+(c/x)**b-1)+d
fitted parameters initialized with current variable values

iter      chisq       delta/lim  lambda   a             b             c             d            
   0 2.1174419255e+06   0.00e+00  5.77e+02    5.000000e-01   3.500000e+00   1.182000e+02  -3.710000e+01
  11 8.9277933809e-06  -8.53e-02  5.77e-06    7.838716e-01   3.929716e+00   2.849151e+01  -1.041552e+01

After 11 iterations the fit converged.
final sum of squares of residuals : 8.92779e-06
rel. change during last iteration : -8.53035e-07

degrees of freedom    (FIT_NDF)                        : 45
rms of residuals      (FIT_STDFIT) = sqrt(WSSR/ndf)    : 0.000445416
variance of residuals (reduced chisquare) = WSSR/ndf   : 1.98395e-07

Final set of parameters            Asymptotic Standard Error
=======================            ==========================
a               = 0.783872         +/- 0.0004504    (0.05745%)
b               = 3.92972          +/- 0.01823      (0.4638%)
c               = 28.4915          +/- 0.001892     (0.00664%)
d               = -10.4155         +/- 9.58e-05     (0.0009198%)

correlation matrix of the fit parameters:
                a      b      c      d      
a               1.000 
b              -0.067  1.000 
c              -0.035 -0.915  1.000 
d              -0.739  0.112 -0.069  1.000 


*******************************************************************************
Thu Jan 16 13:57:52 2025


FIT:    data read from 'lattice_cohesive_energy.txt' u 2:3
        format = x:z
        #datapoints = 49
        residuals are weighted equally (unit weight)

function used for fitting: f(x)
	f(x) = (a*x/(b*(b-1)))*(b*(1-c/x)+(c/x)**b-1)+d
fitted parameters initialized with current variable values

iter      chisq       delta/lim  lambda   a             b             c             d            
   0 2.1174419239e+06   0.00e+00  5.77e+02    5.000000e-01   3.500000e+00   1.182000e+02  -3.710000e+01
  11 8.9277933831e-06  -8.53e-02  5.77e-06    7.838716e-01   3.929716e+00   2.849151e+01  -1.041552e+01

After 11 iterations the fit converged.
final sum of squares of residuals : 8.92779e-06
rel. change during last iteration : -8.53034e-07

degrees of freedom    (FIT_NDF)                        : 45
rms of residuals      (FIT_STDFIT) = sqrt(WSSR/ndf)    : 0.000445416
variance of residuals (reduced chisquare) = WSSR/ndf   : 1.98395e-07

Final set of parameters            Asymptotic Standard Error
=======================            ==========================
a               = 0.783872         +/- 0.0004504    (0.05745%)
b               = 3.92972          +/- 0.01823      (0.4638%)
c               = 28.4915          +/- 0.001892     (0.00664%)
d               = -10.4155         +/- 9.58e-05     (0.0009198%)

correlation matrix of the fit parameters:
                a      b      c      d      
a               1.000 
b              -0.067  1.000 
c              -0.035 -0.915  1.000 
d              -0.739  0.112 -0.069  1.000 


*******************************************************************************
Thu Jan 16 13:58:40 2025


FIT:    data read from 'lattice_cohesive_energy.txt' u 2:3
        format = x:z
        #datapoints = 49
        residuals are weighted equally (unit weight)

function used for fitting: f(x)
	f(x) = (a*x/(b*(b-1)))*(b*(1-c/x)+(c/x)**b-1)+d
fitted parameters initialized with current variable values

iter      chisq       delta/lim  lambda   a             b             c             d            
   0 2.1174419239e+06   0.00e+00  5.77e+02    5.000000e-01   3.500000e+00   1.182000e+02  -3.710000e+01
  11 8.9277933832e-06  -8.53e-02  5.77e-06    7.838716e-01   3.929716e+00   2.849151e+01  -1.041552e+01

After 11 iterations the fit converged.
final sum of squares of residuals : 8.92779e-06
rel. change during last iteration : -8.53034e-07

degrees of freedom    (FIT_NDF)                        : 45
rms of residuals      (FIT_STDFIT) = sqrt(WSSR/ndf)    : 0.000445416
variance of residuals (reduced chisquare) = WSSR/ndf   : 1.98395e-07

Final set of parameters            Asymptotic Standard Error
=======================            ==========================
a               = 0.783872         +/- 0.0004504    (0.05745%)
b               = 3.92972          +/- 0.01823      (0.4638%)
c               = 28.4915          +/- 0.001892     (0.00664%)
d               = -10.4155         +/- 9.58e-05     (0.0009198%)

correlation matrix of the fit parameters:
                a      b      c      d      
a               1.000 
b              -0.067  1.000 
c              -0.035 -0.915  1.000 
d              -0.739  0.112 -0.069  1.000 


*******************************************************************************
Thu Jan 16 14:02:04 2025


FIT:    data read from 'lattice_cohesive_energy.txt' u 2:3
        format = x:z
        #datapoints = 49
        residuals are weighted equally (unit weight)

function used for fitting: f(x)
	f(x) = (a*x/(b*(b-1)))*(b*(1-c/x)+(c/x)**b-1)+d
fitted parameters initialized with current variable values

iter      chisq       delta/lim  lambda   a             b             c             d            
   0 2.1174419239e+06   0.00e+00  5.77e+02    5.000000e-01   3.500000e+00   1.182000e+02  -3.710000e+01
  11 8.9277933831e-06  -8.53e-02  5.77e-06    7.838716e-01   3.929716e+00   2.849151e+01  -1.041552e+01

After 11 iterations the fit converged.
final sum of squares of residuals : 8.92779e-06
rel. change during last iteration : -8.53034e-07

degrees of freedom    (FIT_NDF)                        : 45
rms of residuals      (FIT_STDFIT) = sqrt(WSSR/ndf)    : 0.000445416
variance of residuals (reduced chisquare) = WSSR/ndf   : 1.98395e-07

Final set of parameters            Asymptotic Standard Error
=======================            ==========================
a               = 0.783872         +/- 0.0004504    (0.05745%)
b               = 3.92972          +/- 0.01823      (0.4638%)
c               = 28.4915          +/- 0.001892     (0.00664%)
d               = -10.4155         +/- 9.58e-05     (0.0009198%)

correlation matrix of the fit parameters:
                a      b      c      d      
a               1.000 
b              -0.067  1.000 
c              -0.035 -0.915  1.000 
d              -0.739  0.112 -0.069  1.000 


*******************************************************************************
Thu Jan 16 14:08:16 2025


FIT:    data read from 'lattice_cohesive_energy.txt' u 2:3
        format = x:z
        #datapoints = 49
        residuals are weighted equally (unit weight)

function used for fitting: f(x)
	f(x) = (a*x/(b*(b-1)))*(b*(1-c/x)+(c/x)**b-1)+d
fitted parameters initialized with current variable values

iter      chisq       delta/lim  lambda   a             b             c             d            
   0 2.1174419239e+06   0.00e+00  5.77e+02    5.000000e-01   3.500000e+00   1.182000e+02  -3.710000e+01
  11 8.9277933830e-06  -8.53e-02  5.77e-06    7.838716e-01   3.929716e+00   2.849151e+01  -1.041552e+01

After 11 iterations the fit converged.
final sum of squares of residuals : 8.92779e-06
rel. change during last iteration : -8.53034e-07

degrees of freedom    (FIT_NDF)                        : 45
rms of residuals      (FIT_STDFIT) = sqrt(WSSR/ndf)    : 0.000445416
variance of residuals (reduced chisquare) = WSSR/ndf   : 1.98395e-07

Final set of parameters            Asymptotic Standard Error
=======================            ==========================
a               = 0.783872         +/- 0.0004504    (0.05745%)
b               = 3.92972          +/- 0.01823      (0.4638%)
c               = 28.4915          +/- 0.001892     (0.00664%)
d               = -10.4155         +/- 9.58e-05     (0.0009198%)

correlation matrix of the fit parameters:
                a      b      c      d      
a               1.000 
b              -0.067  1.000 
c              -0.035 -0.915  1.000 
d              -0.739  0.112 -0.069  1.000 


*******************************************************************************
Thu Jan 16 14:10:40 2025


FIT:    data read from 'lattice_cohesive_energy.txt' u 2:3
        format = x:z
        #datapoints = 49
        residuals are weighted equally (unit weight)

function used for fitting: f(x)
	f(x) = (a*x/(b*(b-1)))*(b*(1-c/x)+(c/x)**b-1)+d
fitted parameters initialized with current variable values

iter      chisq       delta/lim  lambda   a             b             c             d            
   0 2.1174419239e+06   0.00e+00  5.77e+02    5.000000e-01   3.500000e+00   1.182000e+02  -3.710000e+01
  11 8.9277933831e-06  -8.53e-02  5.77e-06    7.838716e-01   3.929716e+00   2.849151e+01  -1.041552e+01

After 11 iterations the fit converged.
final sum of squares of residuals : 8.92779e-06
rel. change during last iteration : -8.53034e-07

degrees of freedom    (FIT_NDF)                        : 45
rms of residuals      (FIT_STDFIT) = sqrt(WSSR/ndf)    : 0.000445416
variance of residuals (reduced chisquare) = WSSR/ndf   : 1.98395e-07

Final set of parameters            Asymptotic Standard Error
=======================            ==========================
a               = 0.783872         +/- 0.0004504    (0.05745%)
b               = 3.92972          +/- 0.01823      (0.4638%)
c               = 28.4915          +/- 0.001892     (0.00664%)
d               = -10.4155         +/- 9.58e-05     (0.0009198%)

correlation matrix of the fit parameters:
                a      b      c      d      
a               1.000 
b              -0.067  1.000 
c              -0.035 -0.915  1.000 
d              -0.739  0.112 -0.069  1.000 


*******************************************************************************
Thu Jan 16 14:12:13 2025


FIT:    data read from 'lattice_cohesive_energy.txt' u 2:3
        format = x:z
        #datapoints = 49
        residuals are weighted equally (unit weight)

function used for fitting: f(x)
	f(x) = (a*x/(b*(b-1)))*(b*(1-c/x)+(c/x)**b-1)+d
fitted parameters initialized with current variable values

iter      chisq       delta/lim  lambda   a             b             c             d            
   0 2.1174419244e+06   0.00e+00  5.77e+02    5.000000e-01   3.500000e+00   1.182000e+02  -3.710000e+01
  11 8.9277933830e-06  -8.53e-02  5.77e-06    7.838716e-01   3.929716e+00   2.849151e+01  -1.041552e+01

After 11 iterations the fit converged.
final sum of squares of residuals : 8.92779e-06
rel. change during last iteration : -8.53034e-07

degrees of freedom    (FIT_NDF)                        : 45
rms of residuals      (FIT_STDFIT) = sqrt(WSSR/ndf)    : 0.000445416
variance of residuals (reduced chisquare) = WSSR/ndf   : 1.98395e-07

Final set of parameters            Asymptotic Standard Error
=======================            ==========================
a               = 0.783872         +/- 0.0004504    (0.05745%)
b               = 3.92972          +/- 0.01823      (0.4638%)
c               = 28.4915          +/- 0.001892     (0.00664%)
d               = -10.4155         +/- 9.58e-05     (0.0009198%)

correlation matrix of the fit parameters:
                a      b      c      d      
a               1.000 
b              -0.067  1.000 
c              -0.035 -0.915  1.000 
d              -0.739  0.112 -0.069  1.000 


*******************************************************************************
Thu Jan 16 14:13:50 2025


FIT:    data read from 'lattice_cohesive_energy.txt' u 2:3
        format = x:z
        #datapoints = 49
        residuals are weighted equally (unit weight)

function used for fitting: f(x)
	f(x) = (a*x/(b*(b-1)))*(b*(1-c/x)+(c/x)**b-1)+d
fitted parameters initialized with current variable values

iter      chisq       delta/lim  lambda   a             b             c             d            
   0 2.1174419244e+06   0.00e+00  5.77e+02    5.000000e-01   3.500000e+00   1.182000e+02  -3.710000e+01
  11 8.9277933830e-06  -8.53e-02  5.77e-06    7.838716e-01   3.929716e+00   2.849151e+01  -1.041552e+01

After 11 iterations the fit converged.
final sum of squares of residuals : 8.92779e-06
rel. change during last iteration : -8.53034e-07

degrees of freedom    (FIT_NDF)                        : 45
rms of residuals      (FIT_STDFIT) = sqrt(WSSR/ndf)    : 0.000445416
variance of residuals (reduced chisquare) = WSSR/ndf   : 1.98395e-07

Final set of parameters            Asymptotic Standard Error
=======================            ==========================
a               = 0.783872         +/- 0.0004504    (0.05745%)
b               = 3.92972          +/- 0.01823      (0.4638%)
c               = 28.4915          +/- 0.001892     (0.00664%)
d               = -10.4155         +/- 9.58e-05     (0.0009198%)

correlation matrix of the fit parameters:
                a      b      c      d      
a               1.000 
b              -0.067  1.000 
c              -0.035 -0.915  1.000 
d              -0.739  0.112 -0.069  1.000 


*******************************************************************************
Thu Jan 16 14:19:38 2025


FIT:    data read from 'lattice_cohesive_energy.txt' u 2:3
        format = x:z
        #datapoints = 49
        residuals are weighted equally (unit weight)

function used for fitting: f(x)
	f(x) = (a*x/(b*(b-1)))*(b*(1-c/x)+(c/x)**b-1)+d
fitted parameters initialized with current variable values

iter      chisq       delta/lim  lambda   a             b             c             d            
   0 2.1174419244e+06   0.00e+00  5.77e+02    5.000000e-01   3.500000e+00   1.182000e+02  -3.710000e+01
  11 8.9277933830e-06  -8.53e-02  5.77e-06    7.838716e-01   3.929716e+00   2.849151e+01  -1.041552e+01

After 11 iterations the fit converged.
final sum of squares of residuals : 8.92779e-06
rel. change during last iteration : -8.53034e-07

degrees of freedom    (FIT_NDF)                        : 45
rms of residuals      (FIT_STDFIT) = sqrt(WSSR/ndf)    : 0.000445416
variance of residuals (reduced chisquare) = WSSR/ndf   : 1.98395e-07

Final set of parameters            Asymptotic Standard Error
=======================            ==========================
a               = 0.783872         +/- 0.0004504    (0.05745%)
b               = 3.92972          +/- 0.01823      (0.4638%)
c               = 28.4915          +/- 0.001892     (0.00664%)
d               = -10.4155         +/- 9.58e-05     (0.0009198%)

correlation matrix of the fit parameters:
                a      b      c      d      
a               1.000 
b              -0.067  1.000 
c              -0.035 -0.915  1.000 
d              -0.739  0.112 -0.069  1.000 


*******************************************************************************
Thu Jan 16 14:24:09 2025


FIT:    data read from 'lattice_cohesive_energy.txt' u 2:3
        format = x:z
        #datapoints = 49
        residuals are weighted equally (unit weight)

function used for fitting: f(x)
	f(x) = (a*x/(b*(b-1)))*(b*(1-c/x)+(c/x)**b-1)+d
fitted parameters initialized with current variable values

iter      chisq       delta/lim  lambda   a             b             c             d            
   0 2.1174419239e+06   0.00e+00  5.77e+02    5.000000e-01   3.500000e+00   1.182000e+02  -3.710000e+01
  11 8.9277933831e-06  -8.53e-02  5.77e-06    7.838716e-01   3.929716e+00   2.849151e+01  -1.041552e+01

After 11 iterations the fit converged.
final sum of squares of residuals : 8.92779e-06
rel. change during last iteration : -8.53034e-07

degrees of freedom    (FIT_NDF)                        : 45
rms of residuals      (FIT_STDFIT) = sqrt(WSSR/ndf)    : 0.000445416
variance of residuals (reduced chisquare) = WSSR/ndf   : 1.98395e-07

Final set of parameters            Asymptotic Standard Error
=======================            ==========================
a               = 0.783872         +/- 0.0004504    (0.05745%)
b               = 3.92972          +/- 0.01823      (0.4638%)
c               = 28.4915          +/- 0.001892     (0.00664%)
d               = -10.4155         +/- 9.58e-05     (0.0009198%)

correlation matrix of the fit parameters:
                a      b      c      d      
a               1.000 
b              -0.067  1.000 
c              -0.035 -0.915  1.000 
d              -0.739  0.112 -0.069  1.000 


*******************************************************************************
Thu Jan 16 14:24:38 2025


FIT:    data read from 'lattice_cohesive_energy.txt' u 2:3
        format = x:z
        #datapoints = 49
        residuals are weighted equally (unit weight)

function used for fitting: f(x)
	f(x) = (a*x/(b*(b-1)))*(b*(1-c/x)+(c/x)**b-1)+d
fitted parameters initialized with current variable values

iter      chisq       delta/lim  lambda   a             b             c             d            
   0 2.1174419244e+06   0.00e+00  5.77e+02    5.000000e-01   3.500000e+00   1.182000e+02  -3.710000e+01
  11 8.9277933830e-06  -8.53e-02  5.77e-06    7.838716e-01   3.929716e+00   2.849151e+01  -1.041552e+01

After 11 iterations the fit converged.
final sum of squares of residuals : 8.92779e-06
rel. change during last iteration : -8.53034e-07

degrees of freedom    (FIT_NDF)                        : 45
rms of residuals      (FIT_STDFIT) = sqrt(WSSR/ndf)    : 0.000445416
variance of residuals (reduced chisquare) = WSSR/ndf   : 1.98395e-07

Final set of parameters            Asymptotic Standard Error
=======================            ==========================
a               = 0.783872         +/- 0.0004504    (0.05745%)
b               = 3.92972          +/- 0.01823      (0.4638%)
c               = 28.4915          +/- 0.001892     (0.00664%)
d               = -10.4155         +/- 9.58e-05     (0.0009198%)

correlation matrix of the fit parameters:
                a      b      c      d      
a               1.000 
b              -0.067  1.000 
c              -0.035 -0.915  1.000 
d              -0.739  0.112 -0.069  1.000 


*******************************************************************************
Thu Jan 16 14:34:57 2025


FIT:    data read from 'lattice_cohesive_energy.txt' u 2:3
        format = x:z
        #datapoints = 49
        residuals are weighted equally (unit weight)

function used for fitting: f(x)
	f(x) = (a*x/(b*(b-1)))*(b*(1-c/x)+(c/x)**b-1)+d
fitted parameters initialized with current variable values

iter      chisq       delta/lim  lambda   a             b             c             d            
   0 2.1174419239e+06   0.00e+00  5.77e+02    5.000000e-01   3.500000e+00   1.182000e+02  -3.710000e+01
  11 8.9277933831e-06  -8.53e-02  5.77e-06    7.838716e-01   3.929716e+00   2.849151e+01  -1.041552e+01

After 11 iterations the fit converged.
final sum of squares of residuals : 8.92779e-06
rel. change during last iteration : -8.53034e-07

degrees of freedom    (FIT_NDF)                        : 45
rms of residuals      (FIT_STDFIT) = sqrt(WSSR/ndf)    : 0.000445416
variance of residuals (reduced chisquare) = WSSR/ndf   : 1.98395e-07

Final set of parameters            Asymptotic Standard Error
=======================            ==========================
a               = 0.783872         +/- 0.0004504    (0.05745%)
b               = 3.92972          +/- 0.01823      (0.4638%)
c               = 28.4915          +/- 0.001892     (0.00664%)
d               = -10.4155         +/- 9.58e-05     (0.0009198%)

correlation matrix of the fit parameters:
                a      b      c      d      
a               1.000 
b              -0.067  1.000 
c              -0.035 -0.915  1.000 
d              -0.739  0.112 -0.069  1.000 


*******************************************************************************
Thu Jan 16 14:50:34 2025


FIT:    data read from 'lattice_cohesive_energy.txt' u 2:3
        format = x:z
        #datapoints = 49
        residuals are weighted equally (unit weight)

function used for fitting: f(x)
	f(x) = (a*x/(b*(b-1)))*(b*(1-c/x)+(c/x)**b-1)+d
fitted parameters initialized with current variable values

iter      chisq       delta/lim  lambda   a             b             c             d            
   0 2.8502707522e+06   0.00e+00  6.73e+02    5.000000e-01   3.500000e+00   1.182000e+02  -3.710000e+01
  12 8.4721614839e-06  -4.69e-07  6.73e-08    7.728746e-01   4.014526e+00   2.706209e+01  -9.209535e+00

After 12 iterations the fit converged.
final sum of squares of residuals : 8.47216e-06
rel. change during last iteration : -4.69458e-12

degrees of freedom    (FIT_NDF)                        : 45
rms of residuals      (FIT_STDFIT) = sqrt(WSSR/ndf)    : 0.000433901
variance of residuals (reduced chisquare) = WSSR/ndf   : 1.8827e-07

Final set of parameters            Asymptotic Standard Error
=======================            ==========================
a               = 0.772875         +/- 0.0004625    (0.05984%)
b               = 4.01453          +/- 0.01895      (0.472%)
c               = 27.0621          +/- 0.001867     (0.006899%)
d               = -9.20954         +/- 9.335e-05    (0.001014%)

correlation matrix of the fit parameters:
                a      b      c      d      
a               1.000 
b              -0.073  1.000 
c              -0.033 -0.915  1.000 
d              -0.739  0.117 -0.072  1.000 


*******************************************************************************
Thu Jan 16 15:17:47 2025


FIT:    data read from 'lattice_cohesive_energy.txt' u 2:3
        format = x:z
        #datapoints = 49
        residuals are weighted equally (unit weight)

function used for fitting: f(x)
	f(x) = (a*x/(b*(b-1)))*(b*(1-c/x)+(c/x)**b-1)+d
fitted parameters initialized with current variable values

iter      chisq       delta/lim  lambda   a             b             c             d            
   0 2.8502707556e+06   0.00e+00  6.73e+02    5.000000e-01   3.500000e+00   1.182000e+02  -3.710000e+01
  12 8.4721615003e-06  -4.39e-07  6.73e-08    7.728746e-01   4.014526e+00   2.706209e+01  -9.209535e+00

After 12 iterations the fit converged.
final sum of squares of residuals : 8.47216e-06
rel. change during last iteration : -4.39205e-12

degrees of freedom    (FIT_NDF)                        : 45
rms of residuals      (FIT_STDFIT) = sqrt(WSSR/ndf)    : 0.000433901
variance of residuals (reduced chisquare) = WSSR/ndf   : 1.8827e-07

Final set of parameters            Asymptotic Standard Error
=======================            ==========================
a               = 0.772875         +/- 0.0004625    (0.05984%)
b               = 4.01453          +/- 0.01895      (0.472%)
c               = 27.0621          +/- 0.001867     (0.006899%)
d               = -9.20954         +/- 9.335e-05    (0.001014%)

correlation matrix of the fit parameters:
                a      b      c      d      
a               1.000 
b              -0.073  1.000 
c              -0.033 -0.915  1.000 
d              -0.739  0.117 -0.072  1.000 


*******************************************************************************
Thu Jan 16 15:19:11 2025


FIT:    data read from 'lattice_cohesive_energy.txt' u 2:3
        format = x:z
        #datapoints = 49
        residuals are weighted equally (unit weight)

function used for fitting: f(x)
	f(x) = (a*x/(b*(b-1)))*(b*(1-c/x)+(c/x)**b-1)+d
fitted parameters initialized with current variable values

iter      chisq       delta/lim  lambda   a             b             c             d            
   0 2.8502707522e+06   0.00e+00  6.73e+02    5.000000e-01   3.500000e+00   1.182000e+02  -3.710000e+01
  12 8.4721614839e-06  -5.79e-07  6.73e-08    7.728746e-01   4.014526e+00   2.706209e+01  -9.209535e+00

After 12 iterations the fit converged.
final sum of squares of residuals : 8.47216e-06
rel. change during last iteration : -5.78935e-12

degrees of freedom    (FIT_NDF)                        : 45
rms of residuals      (FIT_STDFIT) = sqrt(WSSR/ndf)    : 0.000433901
variance of residuals (reduced chisquare) = WSSR/ndf   : 1.8827e-07

Final set of parameters            Asymptotic Standard Error
=======================            ==========================
a               = 0.772875         +/- 0.0004625    (0.05984%)
b               = 4.01453          +/- 0.01895      (0.472%)
c               = 27.0621          +/- 0.001867     (0.006899%)
d               = -9.20954         +/- 9.335e-05    (0.001014%)

correlation matrix of the fit parameters:
                a      b      c      d      
a               1.000 
b              -0.073  1.000 
c              -0.033 -0.915  1.000 
d              -0.739  0.117 -0.072  1.000 


*******************************************************************************
Thu Jan 16 15:40:53 2025


FIT:    data read from 'lattice_cohesive_energy.txt' u 2:3
        format = x:z
        #datapoints = 49
        residuals are weighted equally (unit weight)

function used for fitting: f(x)
	f(x) = (a*x/(b*(b-1)))*(b*(1-c/x)+(c/x)**b-1)+d
fitted parameters initialized with current variable values

iter      chisq       delta/lim  lambda   a             b             c             d            
   0 2.8502708948e+06   0.00e+00  6.73e+02    5.000000e-01   3.500000e+00   1.182000e+02  -3.710000e+01
  12 8.4721635587e-06  -5.35e-07  6.73e-08    7.728746e-01   4.014526e+00   2.706209e+01  -9.209535e+00

After 12 iterations the fit converged.
final sum of squares of residuals : 8.47216e-06
rel. change during last iteration : -5.35044e-12

degrees of freedom    (FIT_NDF)                        : 45
rms of residuals      (FIT_STDFIT) = sqrt(WSSR/ndf)    : 0.000433901
variance of residuals (reduced chisquare) = WSSR/ndf   : 1.8827e-07

Final set of parameters            Asymptotic Standard Error
=======================            ==========================
a               = 0.772875         +/- 0.0004625    (0.05984%)
b               = 4.01453          +/- 0.01895      (0.472%)
c               = 27.0621          +/- 0.001867     (0.006899%)
d               = -9.20954         +/- 9.335e-05    (0.001014%)

correlation matrix of the fit parameters:
                a      b      c      d      
a               1.000 
b              -0.073  1.000 
c              -0.033 -0.915  1.000 
d              -0.739  0.117 -0.072  1.000 


*******************************************************************************
Thu Jan 16 15:41:30 2025


FIT:    data read from 'lattice_cohesive_energy.txt' u 2:3
        format = x:z
        #datapoints = 49
        residuals are weighted equally (unit weight)

function used for fitting: f(x)
	f(x) = (a*x/(b*(b-1)))*(b*(1-c/x)+(c/x)**b-1)+d
fitted parameters initialized with current variable values

iter      chisq       delta/lim  lambda   a             b             c             d            
   0 2.8502708948e+06   0.00e+00  6.73e+02    5.000000e-01   3.500000e+00   1.182000e+02  -3.710000e+01
  12 8.4721635587e-06  -5.35e-07  6.73e-08    7.728746e-01   4.014526e+00   2.706209e+01  -9.209535e+00

After 12 iterations the fit converged.
final sum of squares of residuals : 8.47216e-06
rel. change during last iteration : -5.35044e-12

degrees of freedom    (FIT_NDF)                        : 45
rms of residuals      (FIT_STDFIT) = sqrt(WSSR/ndf)    : 0.000433901
variance of residuals (reduced chisquare) = WSSR/ndf   : 1.8827e-07

Final set of parameters            Asymptotic Standard Error
=======================            ==========================
a               = 0.772875         +/- 0.0004625    (0.05984%)
b               = 4.01453          +/- 0.01895      (0.472%)
c               = 27.0621          +/- 0.001867     (0.006899%)
d               = -9.20954         +/- 9.335e-05    (0.001014%)

correlation matrix of the fit parameters:
                a      b      c      d      
a               1.000 
b              -0.073  1.000 
c              -0.033 -0.915  1.000 
d              -0.739  0.117 -0.072  1.000 


*******************************************************************************
Sun Jan 19 11:08:09 2025


FIT:    data read from 'lattice_cohesive_energy.txt' u 2:3
        format = x:z
        #datapoints = 49
        residuals are weighted equally (unit weight)

function used for fitting: f(x)
	f(x) = (a*x/(b*(b-1)))*(b*(1-c/x)+(c/x)**b-1)+d
fitted parameters initialized with current variable values

iter      chisq       delta/lim  lambda   a             b             c             d            
   0 2.8502707504e+06   0.00e+00  6.73e+02    5.000000e-01   3.500000e+00   1.182000e+02  -3.710000e+01
  12 8.4721615053e-06  -6.25e-07  6.73e-08    7.728746e-01   4.014526e+00   2.706209e+01  -9.209535e+00

After 12 iterations the fit converged.
final sum of squares of residuals : 8.47216e-06
rel. change during last iteration : -6.24665e-12

degrees of freedom    (FIT_NDF)                        : 45
rms of residuals      (FIT_STDFIT) = sqrt(WSSR/ndf)    : 0.000433901
variance of residuals (reduced chisquare) = WSSR/ndf   : 1.8827e-07

Final set of parameters            Asymptotic Standard Error
=======================            ==========================
a               = 0.772875         +/- 0.0004625    (0.05984%)
b               = 4.01453          +/- 0.01895      (0.472%)
c               = 27.0621          +/- 0.001867     (0.006899%)
d               = -9.20954         +/- 9.335e-05    (0.001014%)

correlation matrix of the fit parameters:
                a      b      c      d      
a               1.000 
b              -0.073  1.000 
c              -0.033 -0.915  1.000 
d              -0.739  0.117 -0.072  1.000 


*******************************************************************************
Mon Jan 20 17:02:31 2025


FIT:    data read from 'lattice_cohesive_energy.txt' u 2:3
        format = x:z
        #datapoints = 49
        residuals are weighted equally (unit weight)

function used for fitting: f(x)
	f(x) = (a*x/(b*(b-1)))*(b*(1-c/x)+(c/x)**b-1)+d
fitted parameters initialized with current variable values

iter      chisq       delta/lim  lambda   a             b             c             d            
   0 2.8506066337e+06   0.00e+00  6.73e+02    5.000000e-01   3.500000e+00   1.182000e+02  -3.710000e+01
  12 8.4720928509e-06  -6.20e-07  6.73e-08    7.728979e-01   4.014534e+00   2.706156e+01  -9.209724e+00

After 12 iterations the fit converged.
final sum of squares of residuals : 8.47209e-06
rel. change during last iteration : -6.19831e-12

degrees of freedom    (FIT_NDF)                        : 45
rms of residuals      (FIT_STDFIT) = sqrt(WSSR/ndf)    : 0.000433899
variance of residuals (reduced chisquare) = WSSR/ndf   : 1.88269e-07

Final set of parameters            Asymptotic Standard Error
=======================            ==========================
a               = 0.772898         +/- 0.0004625    (0.05984%)
b               = 4.01453          +/- 0.01895      (0.472%)
c               = 27.0616          +/- 0.001867     (0.006899%)
d               = -9.20972         +/- 9.335e-05    (0.001014%)

correlation matrix of the fit parameters:
                a      b      c      d      
a               1.000 
b              -0.073  1.000 
c              -0.033 -0.915  1.000 
d              -0.739  0.117 -0.072  1.000 


*******************************************************************************
Mon Jan 20 17:05:48 2025


FIT:    data read from 'lattice_cohesive_energy.txt' u 2:3
        format = x:z
        #datapoints = 49
        residuals are weighted equally (unit weight)

function used for fitting: f(x)
	f(x) = (a*x/(b*(b-1)))*(b*(1-c/x)+(c/x)**b-1)+d
fitted parameters initialized with current variable values

iter      chisq       delta/lim  lambda   a             b             c             d            
   0 2.8506066337e+06   0.00e+00  6.73e+02    5.000000e-01   3.500000e+00   1.182000e+02  -3.710000e+01
  12 8.4720928509e-06  -6.20e-07  6.73e-08    7.728979e-01   4.014534e+00   2.706156e+01  -9.209724e+00

After 12 iterations the fit converged.
final sum of squares of residuals : 8.47209e-06
rel. change during last iteration : -6.19831e-12

degrees of freedom    (FIT_NDF)                        : 45
rms of residuals      (FIT_STDFIT) = sqrt(WSSR/ndf)    : 0.000433899
variance of residuals (reduced chisquare) = WSSR/ndf   : 1.88269e-07

Final set of parameters            Asymptotic Standard Error
=======================            ==========================
a               = 0.772898         +/- 0.0004625    (0.05984%)
b               = 4.01453          +/- 0.01895      (0.472%)
c               = 27.0616          +/- 0.001867     (0.006899%)
d               = -9.20972         +/- 9.335e-05    (0.001014%)

correlation matrix of the fit parameters:
                a      b      c      d      
a               1.000 
b              -0.073  1.000 
c              -0.033 -0.915  1.000 
d              -0.739  0.117 -0.072  1.000 


*******************************************************************************
Mon Jan 20 17:08:15 2025


FIT:    data read from 'lattice_cohesive_energy.txt' u 2:3
        format = x:z
        #datapoints = 49
        residuals are weighted equally (unit weight)

function used for fitting: f(x)
	f(x) = (a*x/(b*(b-1)))*(b*(1-c/x)+(c/x)**b-1)+d
fitted parameters initialized with current variable values

iter      chisq       delta/lim  lambda   a             b             c             d            
   0 2.8521250367e+06   0.00e+00  6.74e+02    5.000000e-01   3.500000e+00   1.182000e+02  -3.710000e+01
  12 8.9404487176e-06  -6.04e-07  6.74e-08    7.729593e-01   4.022445e+00   2.706010e+01  -9.209654e+00

After 12 iterations the fit converged.
final sum of squares of residuals : 8.94045e-06
rel. change during last iteration : -6.03864e-12

degrees of freedom    (FIT_NDF)                        : 45
rms of residuals      (FIT_STDFIT) = sqrt(WSSR/ndf)    : 0.000445732
variance of residuals (reduced chisquare) = WSSR/ndf   : 1.98677e-07

Final set of parameters            Asymptotic Standard Error
=======================            ==========================
a               = 0.772959         +/- 0.0004752    (0.06148%)
b               = 4.02244          +/- 0.01946      (0.4838%)
c               = 27.0601          +/- 0.001917     (0.007086%)
d               = -9.20965         +/- 9.591e-05    (0.001041%)

correlation matrix of the fit parameters:
                a      b      c      d      
a               1.000 
b              -0.075  1.000 
c              -0.032 -0.915  1.000 
d              -0.739  0.118 -0.072  1.000 


*******************************************************************************
Mon Jan 20 17:12:44 2025


FIT:    data read from 'lattice_cohesive_energy.txt' u 2:3
        format = x:z
        #datapoints = 49
        residuals are weighted equally (unit weight)

function used for fitting: f(x)
	f(x) = (a*x/(b*(b-1)))*(b*(1-c/x)+(c/x)**b-1)+d
fitted parameters initialized with current variable values

iter      chisq       delta/lim  lambda   a             b             c             d            
   0 2.8505782969e+06   0.00e+00  6.73e+02    5.000000e-01   3.500000e+00   1.182000e+02  -3.710000e+01
  12 8.4721437373e-06  -5.07e-07  6.73e-08    7.728977e-01   4.014540e+00   2.706160e+01  -9.209714e+00

After 12 iterations the fit converged.
final sum of squares of residuals : 8.47214e-06
rel. change during last iteration : -5.06671e-12

degrees of freedom    (FIT_NDF)                        : 45
rms of residuals      (FIT_STDFIT) = sqrt(WSSR/ndf)    : 0.000433901
variance of residuals (reduced chisquare) = WSSR/ndf   : 1.8827e-07

Final set of parameters            Asymptotic Standard Error
=======================            ==========================
a               = 0.772898         +/- 0.0004625    (0.05984%)
b               = 4.01454          +/- 0.01895      (0.472%)
c               = 27.0616          +/- 0.001867     (0.006899%)
d               = -9.20971         +/- 9.335e-05    (0.001014%)

correlation matrix of the fit parameters:
                a      b      c      d      
a               1.000 
b              -0.073  1.000 
c              -0.033 -0.915  1.000 
d              -0.739  0.117 -0.072  1.000 


*******************************************************************************
Mon Jan 20 17:14:47 2025


FIT:    data read from 'lattice_cohesive_energy.txt' u 2:3
        format = x:z
        #datapoints = 49
        residuals are weighted equally (unit weight)

function used for fitting: f(x)
	f(x) = (a*x/(b*(b-1)))*(b*(1-c/x)+(c/x)**b-1)+d
fitted parameters initialized with current variable values

iter      chisq       delta/lim  lambda   a             b             c             d            
   0 2.8505782969e+06   0.00e+00  6.73e+02    5.000000e-01   3.500000e+00   1.182000e+02  -3.710000e+01
  12 8.4721437373e-06  -5.64e-07  6.73e-08    7.728977e-01   4.014540e+00   2.706160e+01  -9.209714e+00

After 12 iterations the fit converged.
final sum of squares of residuals : 8.47214e-06
rel. change during last iteration : -5.64479e-12

degrees of freedom    (FIT_NDF)                        : 45
rms of residuals      (FIT_STDFIT) = sqrt(WSSR/ndf)    : 0.000433901
variance of residuals (reduced chisquare) = WSSR/ndf   : 1.8827e-07

Final set of parameters            Asymptotic Standard Error
=======================            ==========================
a               = 0.772898         +/- 0.0004625    (0.05984%)
b               = 4.01454          +/- 0.01895      (0.472%)
c               = 27.0616          +/- 0.001867     (0.006899%)
d               = -9.20971         +/- 9.335e-05    (0.001014%)

correlation matrix of the fit parameters:
                a      b      c      d      
a               1.000 
b              -0.073  1.000 
c              -0.033 -0.915  1.000 
d              -0.739  0.117 -0.072  1.000 


*******************************************************************************
Mon Jan 20 17:18:14 2025


FIT:    data read from 'lattice_cohesive_energy.txt' u 2:3
        format = x:z
        #datapoints = 49
        residuals are weighted equally (unit weight)

function used for fitting: f(x)
	f(x) = (a*x/(b*(b-1)))*(b*(1-c/x)+(c/x)**b-1)+d
fitted parameters initialized with current variable values

iter      chisq       delta/lim  lambda   a             b             c             d            
   0 2.8505782969e+06   0.00e+00  6.73e+02    5.000000e-01   3.500000e+00   1.182000e+02  -3.710000e+01
  12 8.4721437373e-06  -5.54e-07  6.73e-08    7.728977e-01   4.014540e+00   2.706160e+01  -9.209714e+00

After 12 iterations the fit converged.
final sum of squares of residuals : 8.47214e-06
rel. change during last iteration : -5.54321e-12

degrees of freedom    (FIT_NDF)                        : 45
rms of residuals      (FIT_STDFIT) = sqrt(WSSR/ndf)    : 0.000433901
variance of residuals (reduced chisquare) = WSSR/ndf   : 1.8827e-07

Final set of parameters            Asymptotic Standard Error
=======================            ==========================
a               = 0.772898         +/- 0.0004625    (0.05984%)
b               = 4.01454          +/- 0.01895      (0.472%)
c               = 27.0616          +/- 0.001867     (0.006899%)
d               = -9.20971         +/- 9.335e-05    (0.001014%)

correlation matrix of the fit parameters:
                a      b      c      d      
a               1.000 
b              -0.073  1.000 
c              -0.033 -0.915  1.000 
d              -0.739  0.117 -0.072  1.000 


*******************************************************************************
Mon Jan 20 17:19:10 2025


FIT:    data read from 'lattice_cohesive_energy.txt' u 2:3
        format = x:z
        #datapoints = 49
        residuals are weighted equally (unit weight)

function used for fitting: f(x)
	f(x) = (a*x/(b*(b-1)))*(b*(1-c/x)+(c/x)**b-1)+d
fitted parameters initialized with current variable values

iter      chisq       delta/lim  lambda   a             b             c             d            
   0 2.4646865204e+06   0.00e+00  6.39e+02    5.000000e-01   3.500000e+00   1.182000e+02  -3.710000e+01
 607 8.4765556210e+01  -1.40e-02  6.39e-04   -2.052743e+01  -9.174481e+00   3.091863e+01   7.605938e-01

After 607 iterations the fit converged.
final sum of squares of residuals : 84.7656
rel. change during last iteration : -1.39609e-07

degrees of freedom    (FIT_NDF)                        : 45
rms of residuals      (FIT_STDFIT) = sqrt(WSSR/ndf)    : 1.37247
variance of residuals (reduced chisquare) = WSSR/ndf   : 1.88368

Final set of parameters            Asymptotic Standard Error
=======================            ==========================
a               = -20.5274         +/- 6.903        (33.63%)
b               = -9.17448         +/- 5.483        (59.76%)
c               = 30.9186          +/- 0.2707       (0.8755%)
d               = 0.760594         +/- 0.401        (52.72%)

correlation matrix of the fit parameters:
                a      b      c      d      
a               1.000 
b               0.972  1.000 
c               0.161 -0.009  1.000 
d              -0.736 -0.681  0.093  1.000 


*******************************************************************************
Mon Jan 20 17:19:21 2025


FIT:    data read from 'lattice_cohesive_energy.txt' u 2:3
        format = x:z
        #datapoints = 49
        residuals are weighted equally (unit weight)

function used for fitting: f(x)
	f(x) = (a*x/(b*(b-1)))*(b*(1-c/x)+(c/x)**b-1)+d
fitted parameters initialized with current variable values

iter      chisq       delta/lim  lambda   a             b             c             d            
   0 2.8502709730e+06   0.00e+00  6.73e+02    5.000000e-01   3.500000e+00   1.182000e+02  -3.710000e+01
  12 8.4721630210e-06  -5.40e-07  6.73e-08    7.728746e-01   4.014526e+00   2.706209e+01  -9.209535e+00

After 12 iterations the fit converged.
final sum of squares of residuals : 8.47216e-06
rel. change during last iteration : -5.39583e-12

degrees of freedom    (FIT_NDF)                        : 45
rms of residuals      (FIT_STDFIT) = sqrt(WSSR/ndf)    : 0.000433901
variance of residuals (reduced chisquare) = WSSR/ndf   : 1.8827e-07

Final set of parameters            Asymptotic Standard Error
=======================            ==========================
a               = 0.772875         +/- 0.0004625    (0.05984%)
b               = 4.01453          +/- 0.01895      (0.472%)
c               = 27.0621          +/- 0.001867     (0.006899%)
d               = -9.20954         +/- 9.335e-05    (0.001014%)

correlation matrix of the fit parameters:
                a      b      c      d      
a               1.000 
b              -0.073  1.000 
c              -0.033 -0.915  1.000 
d              -0.739  0.117 -0.072  1.000 


*******************************************************************************
Tue Jan 21 10:59:56 2025


FIT:    data read from 'lattice_cohesive_energy.txt' u 2:3
        format = x:z
        #datapoints = 49
        residuals are weighted equally (unit weight)

function used for fitting: f(x)
	f(x) = (a*x/(b*(b-1)))*(b*(1-c/x)+(c/x)**b-1)+d
fitted parameters initialized with current variable values

iter      chisq       delta/lim  lambda   a             b             c             d            
   0 2.8505783157e+06   0.00e+00  6.73e+02    5.000000e-01   3.500000e+00   1.182000e+02  -3.710000e+01
  12 8.4720869244e-06  -5.96e-07  6.73e-08    7.728977e-01   4.014540e+00   2.706160e+01  -9.209714e+00

After 12 iterations the fit converged.
final sum of squares of residuals : 8.47209e-06
rel. change during last iteration : -5.95976e-12

degrees of freedom    (FIT_NDF)                        : 45
rms of residuals      (FIT_STDFIT) = sqrt(WSSR/ndf)    : 0.000433899
variance of residuals (reduced chisquare) = WSSR/ndf   : 1.88269e-07

Final set of parameters            Asymptotic Standard Error
=======================            ==========================
a               = 0.772898         +/- 0.0004625    (0.05984%)
b               = 4.01454          +/- 0.01895      (0.472%)
c               = 27.0616          +/- 0.001867     (0.006899%)
d               = -9.20971         +/- 9.335e-05    (0.001014%)

correlation matrix of the fit parameters:
                a      b      c      d      
a               1.000 
b              -0.073  1.000 
c              -0.033 -0.915  1.000 
d              -0.739  0.117 -0.072  1.000 


*******************************************************************************
Tue Jan 21 11:00:49 2025


FIT:    data read from 'lattice_cohesive_energy.txt' u 2:3
        format = x:z
        #datapoints = 49
        residuals are weighted equally (unit weight)

function used for fitting: f(x)
	f(x) = (a*x/(b*(b-1)))*(b*(1-c/x)+(c/x)**b-1)+d
fitted parameters initialized with current variable values

iter      chisq       delta/lim  lambda   a             b             c             d            
   0 2.8505783157e+06   0.00e+00  6.73e+02    5.000000e-01   3.500000e+00   1.182000e+02  -3.710000e+01
  12 8.4720869244e-06  -5.66e-07  6.73e-08    7.728977e-01   4.014540e+00   2.706160e+01  -9.209714e+00

After 12 iterations the fit converged.
final sum of squares of residuals : 8.47209e-06
rel. change during last iteration : -5.66183e-12

degrees of freedom    (FIT_NDF)                        : 45
rms of residuals      (FIT_STDFIT) = sqrt(WSSR/ndf)    : 0.000433899
variance of residuals (reduced chisquare) = WSSR/ndf   : 1.88269e-07

Final set of parameters            Asymptotic Standard Error
=======================            ==========================
a               = 0.772898         +/- 0.0004625    (0.05984%)
b               = 4.01454          +/- 0.01895      (0.472%)
c               = 27.0616          +/- 0.001867     (0.006899%)
d               = -9.20971         +/- 9.335e-05    (0.001014%)

correlation matrix of the fit parameters:
                a      b      c      d      
a               1.000 
b              -0.073  1.000 
c              -0.033 -0.915  1.000 
d              -0.739  0.117 -0.072  1.000 


*******************************************************************************
Thu Jan 23 14:14:24 2025


FIT:    data read from 'lattice_cohesive_energy.txt' u 2:3
        format = x:z
        #datapoints = 49
        residuals are weighted equally (unit weight)

function used for fitting: f(x)
	f(x) = (a*x/(b*(b-1)))*(b*(1-c/x)+(c/x)**b-1)+d
fitted parameters initialized with current variable values

iter      chisq       delta/lim  lambda   a             b             c             d            
   0 2.8506066331e+06   0.00e+00  6.73e+02    5.000000e-01   3.500000e+00   1.182000e+02  -3.710000e+01
  12 8.4720332563e-06  -5.86e-07  6.73e-08    7.728979e-01   4.014533e+00   2.706156e+01  -9.209724e+00

After 12 iterations the fit converged.
final sum of squares of residuals : 8.47203e-06
rel. change during last iteration : -5.86382e-12

degrees of freedom    (FIT_NDF)                        : 45
rms of residuals      (FIT_STDFIT) = sqrt(WSSR/ndf)    : 0.000433898
variance of residuals (reduced chisquare) = WSSR/ndf   : 1.88267e-07

Final set of parameters            Asymptotic Standard Error
=======================            ==========================
a               = 0.772898         +/- 0.0004625    (0.05984%)
b               = 4.01453          +/- 0.01895      (0.472%)
c               = 27.0616          +/- 0.001867     (0.006899%)
d               = -9.20972         +/- 9.335e-05    (0.001014%)

correlation matrix of the fit parameters:
                a      b      c      d      
a               1.000 
b              -0.073  1.000 
c              -0.033 -0.915  1.000 
d              -0.739  0.117 -0.072  1.000 


*******************************************************************************
Thu Jan 23 14:25:29 2025


FIT:    data read from 'lattice_cohesive_energy.txt' u 2:3
        format = x:z
        #datapoints = 49
        residuals are weighted equally (unit weight)

function used for fitting: f(x)
	f(x) = (a*x/(b*(b-1)))*(b*(1-c/x)+(c/x)**b-1)+d
fitted parameters initialized with current variable values

iter      chisq       delta/lim  lambda   a             b             c             d            
   0 2.8502707666e+06   0.00e+00  6.73e+02    5.000000e-01   3.500000e+00   1.182000e+02  -3.710000e+01
  12 8.4721631750e-06  -5.51e-07  6.73e-08    7.728746e-01   4.014526e+00   2.706209e+01  -9.209535e+00

After 12 iterations the fit converged.
final sum of squares of residuals : 8.47216e-06
rel. change during last iteration : -5.50801e-12

degrees of freedom    (FIT_NDF)                        : 45
rms of residuals      (FIT_STDFIT) = sqrt(WSSR/ndf)    : 0.000433901
variance of residuals (reduced chisquare) = WSSR/ndf   : 1.8827e-07

Final set of parameters            Asymptotic Standard Error
=======================            ==========================
a               = 0.772875         +/- 0.0004625    (0.05984%)
b               = 4.01453          +/- 0.01895      (0.472%)
c               = 27.0621          +/- 0.001867     (0.006899%)
d               = -9.20954         +/- 9.335e-05    (0.001014%)

correlation matrix of the fit parameters:
                a      b      c      d      
a               1.000 
b              -0.073  1.000 
c              -0.033 -0.915  1.000 
d              -0.739  0.117 -0.072  1.000 


*******************************************************************************
Thu Jan 23 14:47:02 2025


FIT:    data read from 'lattice_cohesive_energy.txt' u 2:3
        format = x:z
        #datapoints = 49
        residuals are weighted equally (unit weight)

function used for fitting: f(x)
	f(x) = (a*x/(b*(b-1)))*(b*(1-c/x)+(c/x)**b-1)+d
fitted parameters initialized with current variable values

iter      chisq       delta/lim  lambda   a             b             c             d            
   0 6.8128634970e+05   0.00e+00  7.90e+01    5.000000e-01   3.500000e+00   1.182000e+02  -3.710000e+01
   9 2.4176299363e-05  -6.39e-04  7.90e-08    9.759730e-01   3.429579e+00   5.565601e+01  -1.246385e+02

After 9 iterations the fit converged.
final sum of squares of residuals : 2.41763e-05
rel. change during last iteration : -6.3925e-09

degrees of freedom    (FIT_NDF)                        : 45
rms of residuals      (FIT_STDFIT) = sqrt(WSSR/ndf)    : 0.000732974
variance of residuals (reduced chisquare) = WSSR/ndf   : 5.37251e-07

Final set of parameters            Asymptotic Standard Error
=======================            ==========================
a               = 0.975973         +/- 0.0003771    (0.03864%)
b               = 3.42958          +/- 0.01237      (0.3607%)
c               = 55.656           +/- 0.002513     (0.004516%)
d               = -124.639         +/- 0.0001574    (0.0001263%)

correlation matrix of the fit parameters:
                a      b      c      d      
a               1.000 
b              -0.027  1.000 
c              -0.047 -0.916  1.000 
d              -0.740  0.083 -0.053  1.000 


*******************************************************************************
Thu Jan 23 14:57:50 2025


FIT:    data read from 'lattice_cohesive_energy.txt' u 2:3
        format = x:z
        #datapoints = 49
        residuals are weighted equally (unit weight)

function used for fitting: f(x)
	f(x) = (a*x/(b*(b-1)))*(b*(1-c/x)+(c/x)**b-1)+d
fitted parameters initialized with current variable values

iter      chisq       delta/lim  lambda   a             b             c             d            
   0 2.6506752508e+03   0.00e+00  1.89e+01    5.000000e-01   3.500000e+00   1.182000e+02  -3.710000e+01
  49 1.9892108594e+02  -4.82e-01  1.89e-02    7.708990e+00  -1.559608e+01   1.473006e+02  -3.745038e+01

After 49 iterations the fit converged.
final sum of squares of residuals : 198.921
rel. change during last iteration : -4.8228e-06

degrees of freedom    (FIT_NDF)                        : 45
rms of residuals      (FIT_STDFIT) = sqrt(WSSR/ndf)    : 2.10249
variance of residuals (reduced chisquare) = WSSR/ndf   : 4.42047

Final set of parameters            Asymptotic Standard Error
=======================            ==========================
a               = 7.70899          +/- 3.212        (41.67%)
b               = -15.5961         +/- 8.871        (56.88%)
c               = 147.301          +/- 1.338        (0.9085%)
d               = -37.4504         +/- 0.667        (1.781%)

correlation matrix of the fit parameters:
                a      b      c      d      
a               1.000 
b              -0.981  1.000 
c               0.056 -0.179  1.000 
d              -0.766  0.709 -0.211  1.000 


*******************************************************************************
Tue Jan 28 09:02:27 2025


FIT:    data read from 'lattice_cohesive_energy.txt' u 2:3
        format = x:z
        #datapoints = 49
        residuals are weighted equally (unit weight)

function used for fitting: f(x)
	f(x) = (a*x/(b*(b-1)))*(b*(1-c/x)+(c/x)**b-1)+d
fitted parameters initialized with current variable values

iter      chisq       delta/lim  lambda   a             b             c             d            
   0 2.6506752508e+03   0.00e+00  1.89e+01    5.000000e-01   3.500000e+00   1.182000e+02  -3.710000e+01
  49 1.9892108594e+02  -4.82e-01  1.89e-02    7.708990e+00  -1.559608e+01   1.473006e+02  -3.745038e+01

After 49 iterations the fit converged.
final sum of squares of residuals : 198.921
rel. change during last iteration : -4.8228e-06

degrees of freedom    (FIT_NDF)                        : 45
rms of residuals      (FIT_STDFIT) = sqrt(WSSR/ndf)    : 2.10249
variance of residuals (reduced chisquare) = WSSR/ndf   : 4.42047

Final set of parameters            Asymptotic Standard Error
=======================            ==========================
a               = 7.70899          +/- 3.212        (41.67%)
b               = -15.5961         +/- 8.871        (56.88%)
c               = 147.301          +/- 1.338        (0.9085%)
d               = -37.4504         +/- 0.667        (1.781%)

correlation matrix of the fit parameters:
                a      b      c      d      
a               1.000 
b              -0.981  1.000 
c               0.056 -0.179  1.000 
d              -0.766  0.709 -0.211  1.000 


*******************************************************************************
Tue Jan 28 09:06:44 2025


FIT:    data read from 'lattice_cohesive_energy.txt' u 2:3
        format = x:z
        #datapoints = 49
        residuals are weighted equally (unit weight)

function used for fitting: f(x)
	f(x) = (a*x/(b*(b-1)))*(b*(1-c/x)+(c/x)**b-1)+d
fitted parameters initialized with current variable values

iter      chisq       delta/lim  lambda   a             b             c             d            
   0 3.5290528255e+06   0.00e+00  6.17e+02    5.000000e-01   3.500000e+00   1.182000e+02  -3.710000e+01
   9 1.0575363651e-05  -1.12e-05  6.17e-07    1.235761e+00   3.552550e+00   2.786083e+01  -5.843446e+01

After 9 iterations the fit converged.
final sum of squares of residuals : 1.05754e-05
rel. change during last iteration : -1.116e-10

degrees of freedom    (FIT_NDF)                        : 45
rms of residuals      (FIT_STDFIT) = sqrt(WSSR/ndf)    : 0.000484776
variance of residuals (reduced chisquare) = WSSR/ndf   : 2.35008e-07

Final set of parameters            Asymptotic Standard Error
=======================            ==========================
a               = 1.23576          +/- 0.0004989    (0.04037%)
b               = 3.55255          +/- 0.0129       (0.3631%)
c               = 27.8608          +/- 0.001311     (0.004707%)
d               = -58.4345         +/- 0.0001041    (0.0001782%)

correlation matrix of the fit parameters:
                a      b      c      d      
a               1.000 
b              -0.037  1.000 
c              -0.044 -0.916  1.000 
d              -0.740  0.090 -0.057  1.000 


*******************************************************************************
Tue Jan 28 09:08:01 2025


FIT:    data read from 'lattice_cohesive_energy.txt' u 2:3
        format = x:z
        #datapoints = 49
        residuals are weighted equally (unit weight)

function used for fitting: f(x)
	f(x) = (a*x/(b*(b-1)))*(b*(1-c/x)+(c/x)**b-1)+d
fitted parameters initialized with current variable values

iter      chisq       delta/lim  lambda   a             b             c             d            
   0 4.2321804743e+06   0.00e+00  6.68e+02    5.000000e-01   3.500000e+00   1.182000e+02  -3.710000e+01
  10 3.2219548814e-06  -8.99e-07  6.68e+00    1.522375e+00   3.383426e+00   2.713368e+01  -6.610488e+01

After 10 iterations the fit converged.
final sum of squares of residuals : 3.22195e-06
rel. change during last iteration : -8.99019e-12

degrees of freedom    (FIT_NDF)                        : 45
rms of residuals      (FIT_STDFIT) = sqrt(WSSR/ndf)    : 0.00026758
variance of residuals (reduced chisquare) = WSSR/ndf   : 7.1599e-08

Final set of parameters            Asymptotic Standard Error
=======================            ==========================
a               = 1.52238          +/- 0.0002822    (0.01854%)
b               = 3.38343          +/- 0.00594      (0.1756%)
c               = 27.1337          +/- 0.0005885    (0.002169%)
d               = -66.1049         +/- 5.745e-05    (8.69e-05%)

correlation matrix of the fit parameters:
                a      b      c      d      
a               1.000 
b              -0.023  1.000 
c              -0.049 -0.917  1.000 
d              -0.740  0.080 -0.052  1.000 


*******************************************************************************
Tue Jan 28 09:09:59 2025


FIT:    data read from 'lattice_cohesive_energy.txt' u 2:3
        format = x:z
        #datapoints = 49
        residuals are weighted equally (unit weight)

function used for fitting: f(x)
	f(x) = (a*x/(b*(b-1)))*(b*(1-c/x)+(c/x)**b-1)+d
fitted parameters initialized with current variable values

iter      chisq       delta/lim  lambda   a             b             c             d            
   0 6.1709566746e+06   0.00e+00  9.89e+02    5.000000e-01   3.500000e+00   1.182000e+02  -3.710000e+01
  12 2.4217826409e-05  -1.15e-03  9.89e-07    1.269495e+00   3.965027e+00   2.379506e+01  -1.473888e+01

After 12 iterations the fit converged.
final sum of squares of residuals : 2.42178e-05
rel. change during last iteration : -1.15104e-08

degrees of freedom    (FIT_NDF)                        : 45
rms of residuals      (FIT_STDFIT) = sqrt(WSSR/ndf)    : 0.000733603
variance of residuals (reduced chisquare) = WSSR/ndf   : 5.38174e-07

Final set of parameters            Asymptotic Standard Error
=======================            ==========================
a               = 1.2695           +/- 0.0008886    (0.07%)
b               = 3.96503          +/- 0.02219      (0.5596%)
c               = 23.7951          +/- 0.001923     (0.008081%)
d               = -14.7389         +/- 0.0001578    (0.001071%)

correlation matrix of the fit parameters:
                a      b      c      d      
a               1.000 
b              -0.070  1.000 
c              -0.033 -0.915  1.000 
d              -0.739  0.114 -0.070  1.000 


*******************************************************************************
Tue Jan 28 09:10:40 2025


FIT:    data read from 'lattice_cohesive_energy.txt' u 2:3
        format = x:z
        #datapoints = 49
        residuals are weighted equally (unit weight)

function used for fitting: f(x)
	f(x) = (a*x/(b*(b-1)))*(b*(1-c/x)+(c/x)**b-1)+d
fitted parameters initialized with current variable values

iter      chisq       delta/lim  lambda   a             b             c             d            
   0 8.6270948881e+06   0.00e+00  1.19e+03    5.000000e-01   3.500000e+00   1.182000e+02  -3.710000e+01
  21 4.6168796282e-05  -8.19e-04  1.19e-06    1.209067e+00   5.028686e+00   2.234050e+01  -1.172104e+01

After 21 iterations the fit converged.
final sum of squares of residuals : 4.61688e-05
rel. change during last iteration : -8.19012e-09

degrees of freedom    (FIT_NDF)                        : 45
rms of residuals      (FIT_STDFIT) = sqrt(WSSR/ndf)    : 0.0010129
variance of residuals (reduced chisquare) = WSSR/ndf   : 1.02597e-06

Final set of parameters            Asymptotic Standard Error
=======================            ==========================
a               = 1.20907          +/- 0.001334     (0.1104%)
b               = 5.02869          +/- 0.03394      (0.675%)
c               = 22.3405          +/- 0.002744     (0.01228%)
d               = -11.721          +/- 0.000219     (0.001869%)

correlation matrix of the fit parameters:
                a      b      c      d      
a               1.000 
b              -0.152  1.000 
c              -0.008 -0.911  1.000 
d              -0.737  0.174 -0.102  1.000 


*******************************************************************************
Tue Jan 28 09:11:45 2025


FIT:    data read from 'lattice_cohesive_energy.txt' u 2:3
        format = x:z
        #datapoints = 49
        residuals are weighted equally (unit weight)

function used for fitting: f(x)
	f(x) = (a*x/(b*(b-1)))*(b*(1-c/x)+(c/x)**b-1)+d
fitted parameters initialized with current variable values

iter      chisq       delta/lim  lambda   a             b             c             d            
   0 3.4277537598e+06   0.00e+00  7.23e+02    5.000000e-01   3.500000e+00   1.182000e+02  -3.710000e+01
  12 6.5860697837e-06  -7.24e-03  7.23e-07    1.041579e+00   4.224006e+00   2.642035e+01  -1.519011e+01

After 12 iterations the fit converged.
final sum of squares of residuals : 6.58607e-06
rel. change during last iteration : -7.24321e-08

degrees of freedom    (FIT_NDF)                        : 45
rms of residuals      (FIT_STDFIT) = sqrt(WSSR/ndf)    : 0.000382566
variance of residuals (reduced chisquare) = WSSR/ndf   : 1.46357e-07

Final set of parameters            Asymptotic Standard Error
=======================            ==========================
a               = 1.04158          +/- 0.000419     (0.04023%)
b               = 4.22401          +/- 0.01268      (0.3002%)
c               = 26.4204          +/- 0.001218     (0.004612%)
d               = -15.1901         +/- 8.238e-05    (0.0005423%)

correlation matrix of the fit parameters:
                a      b      c      d      
a               1.000 
b              -0.088  1.000 
c              -0.029 -0.915  1.000 
d              -0.738  0.128 -0.077  1.000 


*******************************************************************************
Tue Jan 28 09:18:40 2025


FIT:    data read from 'lattice_cohesive_energy.txt' u 2:3
        format = x:z
        #datapoints = 49
        residuals are weighted equally (unit weight)

function used for fitting: f(x)
	f(x) = (a*x/(b*(b-1)))*(b*(1-c/x)+(c/x)**b-1)+d
fitted parameters initialized with current variable values

iter      chisq       delta/lim  lambda   a             b             c             d            
   0 3.4277537598e+06   0.00e+00  7.23e+02    5.000000e-01   3.500000e+00   1.182000e+02  -3.710000e+01
  12 6.5860697837e-06  -7.24e-03  7.23e-07    1.041579e+00   4.224006e+00   2.642035e+01  -1.519011e+01

After 12 iterations the fit converged.
final sum of squares of residuals : 6.58607e-06
rel. change during last iteration : -7.24321e-08

degrees of freedom    (FIT_NDF)                        : 45
rms of residuals      (FIT_STDFIT) = sqrt(WSSR/ndf)    : 0.000382566
variance of residuals (reduced chisquare) = WSSR/ndf   : 1.46357e-07

Final set of parameters            Asymptotic Standard Error
=======================            ==========================
a               = 1.04158          +/- 0.000419     (0.04023%)
b               = 4.22401          +/- 0.01268      (0.3002%)
c               = 26.4204          +/- 0.001218     (0.004612%)
d               = -15.1901         +/- 8.238e-05    (0.0005423%)

correlation matrix of the fit parameters:
                a      b      c      d      
a               1.000 
b              -0.088  1.000 
c              -0.029 -0.915  1.000 
d              -0.738  0.128 -0.077  1.000 


*******************************************************************************
Tue Jan 28 09:20:03 2025


FIT:    data read from 'lattice_cohesive_energy.txt' u 2:3
        format = x:z
        #datapoints = 49
        residuals are weighted equally (unit weight)

function used for fitting: f(x)
	f(x) = (a*x/(b*(b-1)))*(b*(1-c/x)+(c/x)**b-1)+d
fitted parameters initialized with current variable values

iter      chisq       delta/lim  lambda   a             b             c             d            
   0 3.2905150434e+06   0.00e+00  7.09e+02    5.000000e-01   3.500000e+00   1.182000e+02  -3.710000e+01
  12 1.6323785233e-05  -5.19e-03  7.09e-07    1.032982e+00   4.271243e+00   2.659576e+01  -1.475938e+01

After 12 iterations the fit converged.
final sum of squares of residuals : 1.63238e-05
rel. change during last iteration : -5.19183e-08

degrees of freedom    (FIT_NDF)                        : 45
rms of residuals      (FIT_STDFIT) = sqrt(WSSR/ndf)    : 0.000602288
variance of residuals (reduced chisquare) = WSSR/ndf   : 3.62751e-07

Final set of parameters            Asymptotic Standard Error
=======================            ==========================
a               = 1.03298          +/- 0.0006559    (0.0635%)
b               = 4.27124          +/- 0.01999      (0.4679%)
c               = 26.5958          +/- 0.001933     (0.007267%)
d               = -14.7594         +/- 0.0001297    (0.0008789%)

correlation matrix of the fit parameters:
                a      b      c      d      
a               1.000 
b              -0.093  1.000 
c              -0.027 -0.914  1.000 
d              -0.738  0.131 -0.079  1.000 


*******************************************************************************
Tue Jan 28 09:26:37 2025


FIT:    data read from 'lattice_cohesive_energy.txt' u 2:3
        format = x:z
        #datapoints = 49
        residuals are weighted equally (unit weight)

function used for fitting: f(x)
	f(x) = (a*x/(b*(b-1)))*(b*(1-c/x)+(c/x)**b-1)+d
fitted parameters initialized with current variable values

iter      chisq       delta/lim  lambda   a             b             c             d            
   0 4.8777008799e+06   0.00e+00  8.76e+02    5.000000e-01   3.500000e+00   1.182000e+02  -3.710000e+01
  11 2.3249877812e-05  -2.53e-01  8.76e-06    1.126498e+00   4.275029e+00   2.478201e+01  -1.340853e+01

After 11 iterations the fit converged.
final sum of squares of residuals : 2.32499e-05
rel. change during last iteration : -2.52953e-06

degrees of freedom    (FIT_NDF)                        : 45
rms of residuals      (FIT_STDFIT) = sqrt(WSSR/ndf)    : 0.000718793
variance of residuals (reduced chisquare) = WSSR/ndf   : 5.16664e-07

Final set of parameters            Asymptotic Standard Error
=======================            ==========================
a               = 1.1265           +/- 0.0008402    (0.07458%)
b               = 4.27503          +/- 0.02347      (0.549%)
c               = 24.782           +/- 0.002115     (0.008534%)
d               = -13.4085         +/- 0.0001548    (0.001155%)

correlation matrix of the fit parameters:
                a      b      c      d      
a               1.000 
b              -0.094  1.000 
c              -0.026 -0.914  1.000 
d              -0.738  0.131 -0.079  1.000 


*******************************************************************************
Tue Jan 28 09:27:17 2025


FIT:    data read from 'lattice_cohesive_energy.txt' u 2:3
        format = x:z
        #datapoints = 49
        residuals are weighted equally (unit weight)

function used for fitting: f(x)
	f(x) = (a*x/(b*(b-1)))*(b*(1-c/x)+(c/x)**b-1)+d
fitted parameters initialized with current variable values

iter      chisq       delta/lim  lambda   a             b             c             d            
   0 8.6270948881e+06   0.00e+00  1.19e+03    5.000000e-01   3.500000e+00   1.182000e+02  -3.710000e+01
  21 4.6168796282e-05  -8.19e-04  1.19e-06    1.209067e+00   5.028686e+00   2.234050e+01  -1.172104e+01

After 21 iterations the fit converged.
final sum of squares of residuals : 4.61688e-05
rel. change during last iteration : -8.19012e-09

degrees of freedom    (FIT_NDF)                        : 45
rms of residuals      (FIT_STDFIT) = sqrt(WSSR/ndf)    : 0.0010129
variance of residuals (reduced chisquare) = WSSR/ndf   : 1.02597e-06

Final set of parameters            Asymptotic Standard Error
=======================            ==========================
a               = 1.20907          +/- 0.001334     (0.1104%)
b               = 5.02869          +/- 0.03394      (0.675%)
c               = 22.3405          +/- 0.002744     (0.01228%)
d               = -11.721          +/- 0.000219     (0.001869%)

correlation matrix of the fit parameters:
                a      b      c      d      
a               1.000 
b              -0.152  1.000 
c              -0.008 -0.911  1.000 
d              -0.737  0.174 -0.102  1.000 


*******************************************************************************
Tue Jan 28 09:35:20 2025


FIT:    data read from 'lattice_cohesive_energy.txt' u 2:3
        format = x:z
        #datapoints = 49
        residuals are weighted equally (unit weight)

function used for fitting: f(x)
	f(x) = (a*x/(b*(b-1)))*(b*(1-c/x)+(c/x)**b-1)+d
fitted parameters initialized with current variable values

iter      chisq       delta/lim  lambda   a             b             c             d            
   0 3.2905150434e+06   0.00e+00  7.09e+02    5.000000e-01   3.500000e+00   1.182000e+02  -3.710000e+01
  12 1.6323785233e-05  -5.19e-03  7.09e-07    1.032982e+00   4.271243e+00   2.659576e+01  -1.475938e+01

After 12 iterations the fit converged.
final sum of squares of residuals : 1.63238e-05
rel. change during last iteration : -5.19183e-08

degrees of freedom    (FIT_NDF)                        : 45
rms of residuals      (FIT_STDFIT) = sqrt(WSSR/ndf)    : 0.000602288
variance of residuals (reduced chisquare) = WSSR/ndf   : 3.62751e-07

Final set of parameters            Asymptotic Standard Error
=======================            ==========================
a               = 1.03298          +/- 0.0006559    (0.0635%)
b               = 4.27124          +/- 0.01999      (0.4679%)
c               = 26.5958          +/- 0.001933     (0.007267%)
d               = -14.7594         +/- 0.0001297    (0.0008789%)

correlation matrix of the fit parameters:
                a      b      c      d      
a               1.000 
b              -0.093  1.000 
c              -0.027 -0.914  1.000 
d              -0.738  0.131 -0.079  1.000 


*******************************************************************************
Tue Jan 28 09:36:04 2025


FIT:    data read from 'lattice_cohesive_energy.txt' u 2:3
        format = x:z
        #datapoints = 49
        residuals are weighted equally (unit weight)

function used for fitting: f(x)
	f(x) = (a*x/(b*(b-1)))*(b*(1-c/x)+(c/x)**b-1)+d
fitted parameters initialized with current variable values

iter      chisq       delta/lim  lambda   a             b             c             d            
   0 3.2905150434e+06   0.00e+00  7.09e+02    5.000000e-01   3.500000e+00   1.182000e+02  -3.710000e+01
  12 1.6323785233e-05  -5.19e-03  7.09e-07    1.032982e+00   4.271243e+00   2.659576e+01  -1.475938e+01

After 12 iterations the fit converged.
final sum of squares of residuals : 1.63238e-05
rel. change during last iteration : -5.19183e-08

degrees of freedom    (FIT_NDF)                        : 45
rms of residuals      (FIT_STDFIT) = sqrt(WSSR/ndf)    : 0.000602288
variance of residuals (reduced chisquare) = WSSR/ndf   : 3.62751e-07

Final set of parameters            Asymptotic Standard Error
=======================            ==========================
a               = 1.03298          +/- 0.0006559    (0.0635%)
b               = 4.27124          +/- 0.01999      (0.4679%)
c               = 26.5958          +/- 0.001933     (0.007267%)
d               = -14.7594         +/- 0.0001297    (0.0008789%)

correlation matrix of the fit parameters:
                a      b      c      d      
a               1.000 
b              -0.093  1.000 
c              -0.027 -0.914  1.000 
d              -0.738  0.131 -0.079  1.000 


*******************************************************************************
Tue Jan 28 09:38:24 2025


FIT:    data read from 'lattice_cohesive_energy.txt' u 2:3
        format = x:z
        #datapoints = 49
        residuals are weighted equally (unit weight)

function used for fitting: f(x)
	f(x) = (a*x/(b*(b-1)))*(b*(1-c/x)+(c/x)**b-1)+d
fitted parameters initialized with current variable values

iter      chisq       delta/lim  lambda   a             b             c             d            
   0 3.2905150434e+06   0.00e+00  7.09e+02    5.000000e-01   3.500000e+00   1.182000e+02  -3.710000e+01
  12 1.6323785233e-05  -5.19e-03  7.09e-07    1.032982e+00   4.271243e+00   2.659576e+01  -1.475938e+01

After 12 iterations the fit converged.
final sum of squares of residuals : 1.63238e-05
rel. change during last iteration : -5.19183e-08

degrees of freedom    (FIT_NDF)                        : 45
rms of residuals      (FIT_STDFIT) = sqrt(WSSR/ndf)    : 0.000602288
variance of residuals (reduced chisquare) = WSSR/ndf   : 3.62751e-07

Final set of parameters            Asymptotic Standard Error
=======================            ==========================
a               = 1.03298          +/- 0.0006559    (0.0635%)
b               = 4.27124          +/- 0.01999      (0.4679%)
c               = 26.5958          +/- 0.001933     (0.007267%)
d               = -14.7594         +/- 0.0001297    (0.0008789%)

correlation matrix of the fit parameters:
                a      b      c      d      
a               1.000 
b              -0.093  1.000 
c              -0.027 -0.914  1.000 
d              -0.738  0.131 -0.079  1.000 


*******************************************************************************
Tue Jan 28 09:38:37 2025


FIT:    data read from 'lattice_cohesive_energy.txt' u 2:3
        format = x:z
        #datapoints = 49
        residuals are weighted equally (unit weight)

function used for fitting: f(x)
	f(x) = (a*x/(b*(b-1)))*(b*(1-c/x)+(c/x)**b-1)+d
fitted parameters initialized with current variable values

iter      chisq       delta/lim  lambda   a             b             c             d            
   0 3.2905150434e+06   0.00e+00  7.09e+02    5.000000e-01   3.500000e+00   1.182000e+02  -3.710000e+01
  12 1.6323785233e-05  -5.19e-03  7.09e-07    1.032982e+00   4.271243e+00   2.659576e+01  -1.475938e+01

After 12 iterations the fit converged.
final sum of squares of residuals : 1.63238e-05
rel. change during last iteration : -5.19183e-08

degrees of freedom    (FIT_NDF)                        : 45
rms of residuals      (FIT_STDFIT) = sqrt(WSSR/ndf)    : 0.000602288
variance of residuals (reduced chisquare) = WSSR/ndf   : 3.62751e-07

Final set of parameters            Asymptotic Standard Error
=======================            ==========================
a               = 1.03298          +/- 0.0006559    (0.0635%)
b               = 4.27124          +/- 0.01999      (0.4679%)
c               = 26.5958          +/- 0.001933     (0.007267%)
d               = -14.7594         +/- 0.0001297    (0.0008789%)

correlation matrix of the fit parameters:
                a      b      c      d      
a               1.000 
b              -0.093  1.000 
c              -0.027 -0.914  1.000 
d              -0.738  0.131 -0.079  1.000 


*******************************************************************************
Tue Jan 28 09:38:41 2025


FIT:    data read from 'lattice_cohesive_energy.txt' u 2:3
        format = x:z
        #datapoints = 49
        residuals are weighted equally (unit weight)

function used for fitting: f(x)
	f(x) = (a*x/(b*(b-1)))*(b*(1-c/x)+(c/x)**b-1)+d
fitted parameters initialized with current variable values

iter      chisq       delta/lim  lambda   a             b             c             d            
   0 3.2905150434e+06   0.00e+00  7.09e+02    5.000000e-01   3.500000e+00   1.182000e+02  -3.710000e+01
  12 1.6323785233e-05  -5.19e-03  7.09e-07    1.032982e+00   4.271243e+00   2.659576e+01  -1.475938e+01

After 12 iterations the fit converged.
final sum of squares of residuals : 1.63238e-05
rel. change during last iteration : -5.19183e-08

degrees of freedom    (FIT_NDF)                        : 45
rms of residuals      (FIT_STDFIT) = sqrt(WSSR/ndf)    : 0.000602288
variance of residuals (reduced chisquare) = WSSR/ndf   : 3.62751e-07

Final set of parameters            Asymptotic Standard Error
=======================            ==========================
a               = 1.03298          +/- 0.0006559    (0.0635%)
b               = 4.27124          +/- 0.01999      (0.4679%)
c               = 26.5958          +/- 0.001933     (0.007267%)
d               = -14.7594         +/- 0.0001297    (0.0008789%)

correlation matrix of the fit parameters:
                a      b      c      d      
a               1.000 
b              -0.093  1.000 
c              -0.027 -0.914  1.000 
d              -0.738  0.131 -0.079  1.000 


*******************************************************************************
Tue Jan 28 09:52:21 2025


FIT:    data read from 'lattice_cohesive_energy.txt' u 2:3
        format = x:z
        #datapoints = 49
        residuals are weighted equally (unit weight)

function used for fitting: f(x)
	f(x) = (a*x/(b*(b-1)))*(b*(1-c/x)+(c/x)**b-1)+d
fitted parameters initialized with current variable values

iter      chisq       delta/lim  lambda   a             b             c             d            
   0 3.4277537598e+06   0.00e+00  7.23e+02    5.000000e-01   3.500000e+00   1.182000e+02  -3.710000e+01
  12 6.5860697837e-06  -7.24e-03  7.23e-07    1.041579e+00   4.224006e+00   2.642035e+01  -1.519011e+01

After 12 iterations the fit converged.
final sum of squares of residuals : 6.58607e-06
rel. change during last iteration : -7.24321e-08

degrees of freedom    (FIT_NDF)                        : 45
rms of residuals      (FIT_STDFIT) = sqrt(WSSR/ndf)    : 0.000382566
variance of residuals (reduced chisquare) = WSSR/ndf   : 1.46357e-07

Final set of parameters            Asymptotic Standard Error
=======================            ==========================
a               = 1.04158          +/- 0.000419     (0.04023%)
b               = 4.22401          +/- 0.01268      (0.3002%)
c               = 26.4204          +/- 0.001218     (0.004612%)
d               = -15.1901         +/- 8.238e-05    (0.0005423%)

correlation matrix of the fit parameters:
                a      b      c      d      
a               1.000 
b              -0.088  1.000 
c              -0.029 -0.915  1.000 
d              -0.738  0.128 -0.077  1.000 


*******************************************************************************
Tue Jan 28 09:52:27 2025


FIT:    data read from 'lattice_cohesive_energy.txt' u 2:3
        format = x:z
        #datapoints = 49
        residuals are weighted equally (unit weight)

function used for fitting: f(x)
	f(x) = (a*x/(b*(b-1)))*(b*(1-c/x)+(c/x)**b-1)+d
fitted parameters initialized with current variable values

iter      chisq       delta/lim  lambda   a             b             c             d            
   0 3.4277537598e+06   0.00e+00  7.23e+02    5.000000e-01   3.500000e+00   1.182000e+02  -3.710000e+01
  12 6.5860697837e-06  -7.24e-03  7.23e-07    1.041579e+00   4.224006e+00   2.642035e+01  -1.519011e+01

After 12 iterations the fit converged.
final sum of squares of residuals : 6.58607e-06
rel. change during last iteration : -7.24321e-08

degrees of freedom    (FIT_NDF)                        : 45
rms of residuals      (FIT_STDFIT) = sqrt(WSSR/ndf)    : 0.000382566
variance of residuals (reduced chisquare) = WSSR/ndf   : 1.46357e-07

Final set of parameters            Asymptotic Standard Error
=======================            ==========================
a               = 1.04158          +/- 0.000419     (0.04023%)
b               = 4.22401          +/- 0.01268      (0.3002%)
c               = 26.4204          +/- 0.001218     (0.004612%)
d               = -15.1901         +/- 8.238e-05    (0.0005423%)

correlation matrix of the fit parameters:
                a      b      c      d      
a               1.000 
b              -0.088  1.000 
c              -0.029 -0.915  1.000 
d              -0.738  0.128 -0.077  1.000 
