

*******************************************************************************
Thu Jan 16 13:52:37 2025


FIT:    data read from 'lattice_cohesive_energy.txt' u 2:3
        format = x:z
        #datapoints = 49
        residuals are weighted equally (unit weight)

function used for fitting: f(x)
	f(x) = (a*x/(b*(b-1)))*(b*(1-c/x)+(c/x)**b-1)+d
fitted parameters initialized with current variable values

iter      chisq       delta/lim  lambda   a             b             c             d            
   0 2.1174419239e+06   0.00e+00  5.77e+02    5.000000e-01   3.500000e+00   1.182000e+02  -3.710000e+01
  11 8.9277933830e-06  -8.53e-02  5.77e-06    7.838716e-01   3.929716e+00   2.849151e+01  -1.041552e+01

After 11 iterations the fit converged.
final sum of squares of residuals : 8.92779e-06
rel. change during last iteration : -8.53034e-07

degrees of freedom    (FIT_NDF)                        : 45
rms of residuals      (FIT_STDFIT) = sqrt(WSSR/ndf)    : 0.000445416
variance of residuals (reduced chisquare) = WSSR/ndf   : 1.98395e-07

Final set of parameters            Asymptotic Standard Error
=======================            ==========================
a               = 0.783872         +/- 0.0004504    (0.05745%)
b               = 3.92972          +/- 0.01823      (0.4638%)
c               = 28.4915          +/- 0.001892     (0.00664%)
d               = -10.4155         +/- 9.58e-05     (0.0009198%)

correlation matrix of the fit parameters:
                a      b      c      d      
a               1.000 
b              -0.067  1.000 
c              -0.035 -0.915  1.000 
d              -0.739  0.112 -0.069  1.000 


*******************************************************************************
Thu Jan 16 13:52:55 2025


FIT:    data read from 'lattice_cohesive_energy.txt' u 2:3
        format = x:z
        #datapoints = 49
        residuals are weighted equally (unit weight)

function used for fitting: f(x)
	f(x) = (a*x/(b*(b-1)))*(b*(1-c/x)+(c/x)**b-1)+d
fitted parameters initialized with current variable values

iter      chisq       delta/lim  lambda   a             b             c             d            
   0 2.1174419239e+06   0.00e+00  5.77e+02    5.000000e-01   3.500000e+00   1.182000e+02  -3.710000e+01
  11 8.9277933830e-06  -8.53e-02  5.77e-06    7.838716e-01   3.929716e+00   2.849151e+01  -1.041552e+01

After 11 iterations the fit converged.
final sum of squares of residuals : 8.92779e-06
rel. change during last iteration : -8.53034e-07

degrees of freedom    (FIT_NDF)                        : 45
rms of residuals      (FIT_STDFIT) = sqrt(WSSR/ndf)    : 0.000445416
variance of residuals (reduced chisquare) = WSSR/ndf   : 1.98395e-07

Final set of parameters            Asymptotic Standard Error
=======================            ==========================
a               = 0.783872         +/- 0.0004504    (0.05745%)
b               = 3.92972          +/- 0.01823      (0.4638%)
c               = 28.4915          +/- 0.001892     (0.00664%)
d               = -10.4155         +/- 9.58e-05     (0.0009198%)

correlation matrix of the fit parameters:
                a      b      c      d      
a               1.000 
b              -0.067  1.000 
c              -0.035 -0.915  1.000 
d              -0.739  0.112 -0.069  1.000 


*******************************************************************************
Thu Jan 16 13:55:00 2025


FIT:    data read from 'lattice_cohesive_energy.txt' u 2:3
        format = x:z
        #datapoints = 49
        residuals are weighted equally (unit weight)

function used for fitting: f(x)
	f(x) = (a*x/(b*(b-1)))*(b*(1-c/x)+(c/x)**b-1)+d
fitted parameters initialized with current variable values

iter      chisq       delta/lim  lambda   a             b             c             d            
   0 2.1174419239e+06   0.00e+00  5.77e+02    5.000000e-01   3.500000e+00   1.182000e+02  -3.710000e+01
  11 8.9277933830e-06  -8.53e-02  5.77e-06    7.838716e-01   3.929716e+00   2.849151e+01  -1.041552e+01

After 11 iterations the fit converged.
final sum of squares of residuals : 8.92779e-06
rel. change during last iteration : -8.53034e-07

degrees of freedom    (FIT_NDF)                        : 45
rms of residuals      (FIT_STDFIT) = sqrt(WSSR/ndf)    : 0.000445416
variance of residuals (reduced chisquare) = WSSR/ndf   : 1.98395e-07

Final set of parameters            Asymptotic Standard Error
=======================            ==========================
a               = 0.783872         +/- 0.0004504    (0.05745%)
b               = 3.92972          +/- 0.01823      (0.4638%)
c               = 28.4915          +/- 0.001892     (0.00664%)
d               = -10.4155         +/- 9.58e-05     (0.0009198%)

correlation matrix of the fit parameters:
                a      b      c      d      
a               1.000 
b              -0.067  1.000 
c              -0.035 -0.915  1.000 
d              -0.739  0.112 -0.069  1.000 


*******************************************************************************
Thu Jan 16 13:57:13 2025


FIT:    data read from 'lattice_cohesive_energy.txt' u 2:3
        format = x:z
        #datapoints = 49
        residuals are weighted equally (unit weight)

function used for fitting: f(x)
	f(x) = (a*x/(b*(b-1)))*(b*(1-c/x)+(c/x)**b-1)+d
fitted parameters initialized with current variable values

iter      chisq       delta/lim  lambda   a             b             c             d            
   0 2.1174419255e+06   0.00e+00  5.77e+02    5.000000e-01   3.500000e+00   1.182000e+02  -3.710000e+01
  11 8.9277933809e-06  -8.53e-02  5.77e-06    7.838716e-01   3.929716e+00   2.849151e+01  -1.041552e+01

After 11 iterations the fit converged.
final sum of squares of residuals : 8.92779e-06
rel. change during last iteration : -8.53035e-07

degrees of freedom    (FIT_NDF)                        : 45
rms of residuals      (FIT_STDFIT) = sqrt(WSSR/ndf)    : 0.000445416
variance of residuals (reduced chisquare) = WSSR/ndf   : 1.98395e-07

Final set of parameters            Asymptotic Standard Error
=======================            ==========================
a               = 0.783872         +/- 0.0004504    (0.05745%)
b               = 3.92972          +/- 0.01823      (0.4638%)
c               = 28.4915          +/- 0.001892     (0.00664%)
d               = -10.4155         +/- 9.58e-05     (0.0009198%)

correlation matrix of the fit parameters:
                a      b      c      d      
a               1.000 
b              -0.067  1.000 
c              -0.035 -0.915  1.000 
d              -0.739  0.112 -0.069  1.000 


*******************************************************************************
Thu Jan 16 13:57:52 2025


FIT:    data read from 'lattice_cohesive_energy.txt' u 2:3
        format = x:z
        #datapoints = 49
        residuals are weighted equally (unit weight)

function used for fitting: f(x)
	f(x) = (a*x/(b*(b-1)))*(b*(1-c/x)+(c/x)**b-1)+d
fitted parameters initialized with current variable values

iter      chisq       delta/lim  lambda   a             b             c             d            
   0 2.1174419239e+06   0.00e+00  5.77e+02    5.000000e-01   3.500000e+00   1.182000e+02  -3.710000e+01
  11 8.9277933831e-06  -8.53e-02  5.77e-06    7.838716e-01   3.929716e+00   2.849151e+01  -1.041552e+01

After 11 iterations the fit converged.
final sum of squares of residuals : 8.92779e-06
rel. change during last iteration : -8.53034e-07

degrees of freedom    (FIT_NDF)                        : 45
rms of residuals      (FIT_STDFIT) = sqrt(WSSR/ndf)    : 0.000445416
variance of residuals (reduced chisquare) = WSSR/ndf   : 1.98395e-07

Final set of parameters            Asymptotic Standard Error
=======================            ==========================
a               = 0.783872         +/- 0.0004504    (0.05745%)
b               = 3.92972          +/- 0.01823      (0.4638%)
c               = 28.4915          +/- 0.001892     (0.00664%)
d               = -10.4155         +/- 9.58e-05     (0.0009198%)

correlation matrix of the fit parameters:
                a      b      c      d      
a               1.000 
b              -0.067  1.000 
c              -0.035 -0.915  1.000 
d              -0.739  0.112 -0.069  1.000 


*******************************************************************************
Thu Jan 16 13:58:40 2025


FIT:    data read from 'lattice_cohesive_energy.txt' u 2:3
        format = x:z
        #datapoints = 49
        residuals are weighted equally (unit weight)

function used for fitting: f(x)
	f(x) = (a*x/(b*(b-1)))*(b*(1-c/x)+(c/x)**b-1)+d
fitted parameters initialized with current variable values

iter      chisq       delta/lim  lambda   a             b             c             d            
   0 2.1174419239e+06   0.00e+00  5.77e+02    5.000000e-01   3.500000e+00   1.182000e+02  -3.710000e+01
  11 8.9277933832e-06  -8.53e-02  5.77e-06    7.838716e-01   3.929716e+00   2.849151e+01  -1.041552e+01

After 11 iterations the fit converged.
final sum of squares of residuals : 8.92779e-06
rel. change during last iteration : -8.53034e-07

degrees of freedom    (FIT_NDF)                        : 45
rms of residuals      (FIT_STDFIT) = sqrt(WSSR/ndf)    : 0.000445416
variance of residuals (reduced chisquare) = WSSR/ndf   : 1.98395e-07

Final set of parameters            Asymptotic Standard Error
=======================            ==========================
a               = 0.783872         +/- 0.0004504    (0.05745%)
b               = 3.92972          +/- 0.01823      (0.4638%)
c               = 28.4915          +/- 0.001892     (0.00664%)
d               = -10.4155         +/- 9.58e-05     (0.0009198%)

correlation matrix of the fit parameters:
                a      b      c      d      
a               1.000 
b              -0.067  1.000 
c              -0.035 -0.915  1.000 
d              -0.739  0.112 -0.069  1.000 


*******************************************************************************
Thu Jan 16 14:02:04 2025


FIT:    data read from 'lattice_cohesive_energy.txt' u 2:3
        format = x:z
        #datapoints = 49
        residuals are weighted equally (unit weight)

function used for fitting: f(x)
	f(x) = (a*x/(b*(b-1)))*(b*(1-c/x)+(c/x)**b-1)+d
fitted parameters initialized with current variable values

iter      chisq       delta/lim  lambda   a             b             c             d            
   0 2.1174419239e+06   0.00e+00  5.77e+02    5.000000e-01   3.500000e+00   1.182000e+02  -3.710000e+01
  11 8.9277933831e-06  -8.53e-02  5.77e-06    7.838716e-01   3.929716e+00   2.849151e+01  -1.041552e+01

After 11 iterations the fit converged.
final sum of squares of residuals : 8.92779e-06
rel. change during last iteration : -8.53034e-07

degrees of freedom    (FIT_NDF)                        : 45
rms of residuals      (FIT_STDFIT) = sqrt(WSSR/ndf)    : 0.000445416
variance of residuals (reduced chisquare) = WSSR/ndf   : 1.98395e-07

Final set of parameters            Asymptotic Standard Error
=======================            ==========================
a               = 0.783872         +/- 0.0004504    (0.05745%)
b               = 3.92972          +/- 0.01823      (0.4638%)
c               = 28.4915          +/- 0.001892     (0.00664%)
d               = -10.4155         +/- 9.58e-05     (0.0009198%)

correlation matrix of the fit parameters:
                a      b      c      d      
a               1.000 
b              -0.067  1.000 
c              -0.035 -0.915  1.000 
d              -0.739  0.112 -0.069  1.000 


*******************************************************************************
Thu Jan 16 14:08:16 2025


FIT:    data read from 'lattice_cohesive_energy.txt' u 2:3
        format = x:z
        #datapoints = 49
        residuals are weighted equally (unit weight)

function used for fitting: f(x)
	f(x) = (a*x/(b*(b-1)))*(b*(1-c/x)+(c/x)**b-1)+d
fitted parameters initialized with current variable values

iter      chisq       delta/lim  lambda   a             b             c             d            
   0 2.1174419239e+06   0.00e+00  5.77e+02    5.000000e-01   3.500000e+00   1.182000e+02  -3.710000e+01
  11 8.9277933830e-06  -8.53e-02  5.77e-06    7.838716e-01   3.929716e+00   2.849151e+01  -1.041552e+01

After 11 iterations the fit converged.
final sum of squares of residuals : 8.92779e-06
rel. change during last iteration : -8.53034e-07

degrees of freedom    (FIT_NDF)                        : 45
rms of residuals      (FIT_STDFIT) = sqrt(WSSR/ndf)    : 0.000445416
variance of residuals (reduced chisquare) = WSSR/ndf   : 1.98395e-07

Final set of parameters            Asymptotic Standard Error
=======================            ==========================
a               = 0.783872         +/- 0.0004504    (0.05745%)
b               = 3.92972          +/- 0.01823      (0.4638%)
c               = 28.4915          +/- 0.001892     (0.00664%)
d               = -10.4155         +/- 9.58e-05     (0.0009198%)

correlation matrix of the fit parameters:
                a      b      c      d      
a               1.000 
b              -0.067  1.000 
c              -0.035 -0.915  1.000 
d              -0.739  0.112 -0.069  1.000 


*******************************************************************************
Thu Jan 16 14:10:40 2025


FIT:    data read from 'lattice_cohesive_energy.txt' u 2:3
        format = x:z
        #datapoints = 49
        residuals are weighted equally (unit weight)

function used for fitting: f(x)
	f(x) = (a*x/(b*(b-1)))*(b*(1-c/x)+(c/x)**b-1)+d
fitted parameters initialized with current variable values

iter      chisq       delta/lim  lambda   a             b             c             d            
   0 2.1174419239e+06   0.00e+00  5.77e+02    5.000000e-01   3.500000e+00   1.182000e+02  -3.710000e+01
  11 8.9277933831e-06  -8.53e-02  5.77e-06    7.838716e-01   3.929716e+00   2.849151e+01  -1.041552e+01

After 11 iterations the fit converged.
final sum of squares of residuals : 8.92779e-06
rel. change during last iteration : -8.53034e-07

degrees of freedom    (FIT_NDF)                        : 45
rms of residuals      (FIT_STDFIT) = sqrt(WSSR/ndf)    : 0.000445416
variance of residuals (reduced chisquare) = WSSR/ndf   : 1.98395e-07

Final set of parameters            Asymptotic Standard Error
=======================            ==========================
a               = 0.783872         +/- 0.0004504    (0.05745%)
b               = 3.92972          +/- 0.01823      (0.4638%)
c               = 28.4915          +/- 0.001892     (0.00664%)
d               = -10.4155         +/- 9.58e-05     (0.0009198%)

correlation matrix of the fit parameters:
                a      b      c      d      
a               1.000 
b              -0.067  1.000 
c              -0.035 -0.915  1.000 
d              -0.739  0.112 -0.069  1.000 


*******************************************************************************
Thu Jan 16 14:12:13 2025


FIT:    data read from 'lattice_cohesive_energy.txt' u 2:3
        format = x:z
        #datapoints = 49
        residuals are weighted equally (unit weight)

function used for fitting: f(x)
	f(x) = (a*x/(b*(b-1)))*(b*(1-c/x)+(c/x)**b-1)+d
fitted parameters initialized with current variable values

iter      chisq       delta/lim  lambda   a             b             c             d            
   0 2.1174419244e+06   0.00e+00  5.77e+02    5.000000e-01   3.500000e+00   1.182000e+02  -3.710000e+01
  11 8.9277933830e-06  -8.53e-02  5.77e-06    7.838716e-01   3.929716e+00   2.849151e+01  -1.041552e+01

After 11 iterations the fit converged.
final sum of squares of residuals : 8.92779e-06
rel. change during last iteration : -8.53034e-07

degrees of freedom    (FIT_NDF)                        : 45
rms of residuals      (FIT_STDFIT) = sqrt(WSSR/ndf)    : 0.000445416
variance of residuals (reduced chisquare) = WSSR/ndf   : 1.98395e-07

Final set of parameters            Asymptotic Standard Error
=======================            ==========================
a               = 0.783872         +/- 0.0004504    (0.05745%)
b               = 3.92972          +/- 0.01823      (0.4638%)
c               = 28.4915          +/- 0.001892     (0.00664%)
d               = -10.4155         +/- 9.58e-05     (0.0009198%)

correlation matrix of the fit parameters:
                a      b      c      d      
a               1.000 
b              -0.067  1.000 
c              -0.035 -0.915  1.000 
d              -0.739  0.112 -0.069  1.000 


*******************************************************************************
Thu Jan 16 14:13:50 2025


FIT:    data read from 'lattice_cohesive_energy.txt' u 2:3
        format = x:z
        #datapoints = 49
        residuals are weighted equally (unit weight)

function used for fitting: f(x)
	f(x) = (a*x/(b*(b-1)))*(b*(1-c/x)+(c/x)**b-1)+d
fitted parameters initialized with current variable values

iter      chisq       delta/lim  lambda   a             b             c             d            
   0 2.1174419244e+06   0.00e+00  5.77e+02    5.000000e-01   3.500000e+00   1.182000e+02  -3.710000e+01
  11 8.9277933830e-06  -8.53e-02  5.77e-06    7.838716e-01   3.929716e+00   2.849151e+01  -1.041552e+01

After 11 iterations the fit converged.
final sum of squares of residuals : 8.92779e-06
rel. change during last iteration : -8.53034e-07

degrees of freedom    (FIT_NDF)                        : 45
rms of residuals      (FIT_STDFIT) = sqrt(WSSR/ndf)    : 0.000445416
variance of residuals (reduced chisquare) = WSSR/ndf   : 1.98395e-07

Final set of parameters            Asymptotic Standard Error
=======================            ==========================
a               = 0.783872         +/- 0.0004504    (0.05745%)
b               = 3.92972          +/- 0.01823      (0.4638%)
c               = 28.4915          +/- 0.001892     (0.00664%)
d               = -10.4155         +/- 9.58e-05     (0.0009198%)

correlation matrix of the fit parameters:
                a      b      c      d      
a               1.000 
b              -0.067  1.000 
c              -0.035 -0.915  1.000 
d              -0.739  0.112 -0.069  1.000 


*******************************************************************************
Thu Jan 16 14:19:38 2025


FIT:    data read from 'lattice_cohesive_energy.txt' u 2:3
        format = x:z
        #datapoints = 49
        residuals are weighted equally (unit weight)

function used for fitting: f(x)
	f(x) = (a*x/(b*(b-1)))*(b*(1-c/x)+(c/x)**b-1)+d
fitted parameters initialized with current variable values

iter      chisq       delta/lim  lambda   a             b             c             d            
   0 2.1174419244e+06   0.00e+00  5.77e+02    5.000000e-01   3.500000e+00   1.182000e+02  -3.710000e+01
  11 8.9277933830e-06  -8.53e-02  5.77e-06    7.838716e-01   3.929716e+00   2.849151e+01  -1.041552e+01

After 11 iterations the fit converged.
final sum of squares of residuals : 8.92779e-06
rel. change during last iteration : -8.53034e-07

degrees of freedom    (FIT_NDF)                        : 45
rms of residuals      (FIT_STDFIT) = sqrt(WSSR/ndf)    : 0.000445416
variance of residuals (reduced chisquare) = WSSR/ndf   : 1.98395e-07

Final set of parameters            Asymptotic Standard Error
=======================            ==========================
a               = 0.783872         +/- 0.0004504    (0.05745%)
b               = 3.92972          +/- 0.01823      (0.4638%)
c               = 28.4915          +/- 0.001892     (0.00664%)
d               = -10.4155         +/- 9.58e-05     (0.0009198%)

correlation matrix of the fit parameters:
                a      b      c      d      
a               1.000 
b              -0.067  1.000 
c              -0.035 -0.915  1.000 
d              -0.739  0.112 -0.069  1.000 


*******************************************************************************
Thu Jan 16 14:24:09 2025


FIT:    data read from 'lattice_cohesive_energy.txt' u 2:3
        format = x:z
        #datapoints = 49
        residuals are weighted equally (unit weight)

function used for fitting: f(x)
	f(x) = (a*x/(b*(b-1)))*(b*(1-c/x)+(c/x)**b-1)+d
fitted parameters initialized with current variable values

iter      chisq       delta/lim  lambda   a             b             c             d            
   0 2.1174419239e+06   0.00e+00  5.77e+02    5.000000e-01   3.500000e+00   1.182000e+02  -3.710000e+01
  11 8.9277933831e-06  -8.53e-02  5.77e-06    7.838716e-01   3.929716e+00   2.849151e+01  -1.041552e+01

After 11 iterations the fit converged.
final sum of squares of residuals : 8.92779e-06
rel. change during last iteration : -8.53034e-07

degrees of freedom    (FIT_NDF)                        : 45
rms of residuals      (FIT_STDFIT) = sqrt(WSSR/ndf)    : 0.000445416
variance of residuals (reduced chisquare) = WSSR/ndf   : 1.98395e-07

Final set of parameters            Asymptotic Standard Error
=======================            ==========================
a               = 0.783872         +/- 0.0004504    (0.05745%)
b               = 3.92972          +/- 0.01823      (0.4638%)
c               = 28.4915          +/- 0.001892     (0.00664%)
d               = -10.4155         +/- 9.58e-05     (0.0009198%)

correlation matrix of the fit parameters:
                a      b      c      d      
a               1.000 
b              -0.067  1.000 
c              -0.035 -0.915  1.000 
d              -0.739  0.112 -0.069  1.000 


*******************************************************************************
Thu Jan 16 14:24:38 2025


FIT:    data read from 'lattice_cohesive_energy.txt' u 2:3
        format = x:z
        #datapoints = 49
        residuals are weighted equally (unit weight)

function used for fitting: f(x)
	f(x) = (a*x/(b*(b-1)))*(b*(1-c/x)+(c/x)**b-1)+d
fitted parameters initialized with current variable values

iter      chisq       delta/lim  lambda   a             b             c             d            
   0 2.1174419244e+06   0.00e+00  5.77e+02    5.000000e-01   3.500000e+00   1.182000e+02  -3.710000e+01
  11 8.9277933830e-06  -8.53e-02  5.77e-06    7.838716e-01   3.929716e+00   2.849151e+01  -1.041552e+01

After 11 iterations the fit converged.
final sum of squares of residuals : 8.92779e-06
rel. change during last iteration : -8.53034e-07

degrees of freedom    (FIT_NDF)                        : 45
rms of residuals      (FIT_STDFIT) = sqrt(WSSR/ndf)    : 0.000445416
variance of residuals (reduced chisquare) = WSSR/ndf   : 1.98395e-07

Final set of parameters            Asymptotic Standard Error
=======================            ==========================
a               = 0.783872         +/- 0.0004504    (0.05745%)
b               = 3.92972          +/- 0.01823      (0.4638%)
c               = 28.4915          +/- 0.001892     (0.00664%)
d               = -10.4155         +/- 9.58e-05     (0.0009198%)

correlation matrix of the fit parameters:
                a      b      c      d      
a               1.000 
b              -0.067  1.000 
c              -0.035 -0.915  1.000 
d              -0.739  0.112 -0.069  1.000 


*******************************************************************************
Thu Jan 16 14:34:57 2025


FIT:    data read from 'lattice_cohesive_energy.txt' u 2:3
        format = x:z
        #datapoints = 49
        residuals are weighted equally (unit weight)

function used for fitting: f(x)
	f(x) = (a*x/(b*(b-1)))*(b*(1-c/x)+(c/x)**b-1)+d
fitted parameters initialized with current variable values

iter      chisq       delta/lim  lambda   a             b             c             d            
   0 2.1174419239e+06   0.00e+00  5.77e+02    5.000000e-01   3.500000e+00   1.182000e+02  -3.710000e+01
  11 8.9277933831e-06  -8.53e-02  5.77e-06    7.838716e-01   3.929716e+00   2.849151e+01  -1.041552e+01

After 11 iterations the fit converged.
final sum of squares of residuals : 8.92779e-06
rel. change during last iteration : -8.53034e-07

degrees of freedom    (FIT_NDF)                        : 45
rms of residuals      (FIT_STDFIT) = sqrt(WSSR/ndf)    : 0.000445416
variance of residuals (reduced chisquare) = WSSR/ndf   : 1.98395e-07

Final set of parameters            Asymptotic Standard Error
=======================            ==========================
a               = 0.783872         +/- 0.0004504    (0.05745%)
b               = 3.92972          +/- 0.01823      (0.4638%)
c               = 28.4915          +/- 0.001892     (0.00664%)
d               = -10.4155         +/- 9.58e-05     (0.0009198%)

correlation matrix of the fit parameters:
                a      b      c      d      
a               1.000 
b              -0.067  1.000 
c              -0.035 -0.915  1.000 
d              -0.739  0.112 -0.069  1.000 


*******************************************************************************
Thu Jan 16 14:46:44 2025


FIT:    data read from 'lattice_cohesive_energy.txt' u 2:3
        format = x:z
        #datapoints = 49
        residuals are weighted equally (unit weight)

function used for fitting: f(x)
	f(x) = (a*x/(b*(b-1)))*(b*(1-c/x)+(c/x)**b-1)+d
fitted parameters initialized with current variable values

iter      chisq       delta/lim  lambda   a             b             c             d            
   0 2.1174419239e+06   0.00e+00  5.77e+02    5.000000e-01   3.500000e+00   1.182000e+02  -3.710000e+01
  11 8.9277933831e-06  -8.53e-02  5.77e-06    7.838716e-01   3.929716e+00   2.849151e+01  -1.041552e+01

After 11 iterations the fit converged.
final sum of squares of residuals : 8.92779e-06
rel. change during last iteration : -8.53034e-07

degrees of freedom    (FIT_NDF)                        : 45
rms of residuals      (FIT_STDFIT) = sqrt(WSSR/ndf)    : 0.000445416
variance of residuals (reduced chisquare) = WSSR/ndf   : 1.98395e-07

Final set of parameters            Asymptotic Standard Error
=======================            ==========================
a               = 0.783872         +/- 0.0004504    (0.05745%)
b               = 3.92972          +/- 0.01823      (0.4638%)
c               = 28.4915          +/- 0.001892     (0.00664%)
d               = -10.4155         +/- 9.58e-05     (0.0009198%)

correlation matrix of the fit parameters:
                a      b      c      d      
a               1.000 
b              -0.067  1.000 
c              -0.035 -0.915  1.000 
d              -0.739  0.112 -0.069  1.000 


*******************************************************************************
Thu Jan 16 14:48:47 2025


FIT:    data read from 'lattice_cohesive_energy.txt' u 2:3
        format = x:z
        #datapoints = 49
        residuals are weighted equally (unit weight)

function used for fitting: f(x)
	f(x) = (a*x/(b*(b-1)))*(b*(1-c/x)+(c/x)**b-1)+d
fitted parameters initialized with current variable values

iter      chisq       delta/lim  lambda   a             b             c             d            
   0 2.1174419239e+06   0.00e+00  5.77e+02    5.000000e-01   3.500000e+00   1.182000e+02  -3.710000e+01
  11 8.9277933831e-06  -8.53e-02  5.77e-06    7.838716e-01   3.929716e+00   2.849151e+01  -1.041552e+01

After 11 iterations the fit converged.
final sum of squares of residuals : 8.92779e-06
rel. change during last iteration : -8.53034e-07

degrees of freedom    (FIT_NDF)                        : 45
rms of residuals      (FIT_STDFIT) = sqrt(WSSR/ndf)    : 0.000445416
variance of residuals (reduced chisquare) = WSSR/ndf   : 1.98395e-07

Final set of parameters            Asymptotic Standard Error
=======================            ==========================
a               = 0.783872         +/- 0.0004504    (0.05745%)
b               = 3.92972          +/- 0.01823      (0.4638%)
c               = 28.4915          +/- 0.001892     (0.00664%)
d               = -10.4155         +/- 9.58e-05     (0.0009198%)

correlation matrix of the fit parameters:
                a      b      c      d      
a               1.000 
b              -0.067  1.000 
c              -0.035 -0.915  1.000 
d              -0.739  0.112 -0.069  1.000 


*******************************************************************************
Thu Jan 16 14:49:19 2025


FIT:    data read from 'lattice_cohesive_energy.txt' u 2:3
        format = x:z
        #datapoints = 49
        residuals are weighted equally (unit weight)

function used for fitting: f(x)
	f(x) = (a*x/(b*(b-1)))*(b*(1-c/x)+(c/x)**b-1)+d
fitted parameters initialized with current variable values

iter      chisq       delta/lim  lambda   a             b             c             d            
   0 2.1174419239e+06   0.00e+00  5.77e+02    5.000000e-01   3.500000e+00   1.182000e+02  -3.710000e+01
  11 8.9277933830e-06  -8.53e-02  5.77e-06    7.838716e-01   3.929716e+00   2.849151e+01  -1.041552e+01

After 11 iterations the fit converged.
final sum of squares of residuals : 8.92779e-06
rel. change during last iteration : -8.53034e-07

degrees of freedom    (FIT_NDF)                        : 45
rms of residuals      (FIT_STDFIT) = sqrt(WSSR/ndf)    : 0.000445416
variance of residuals (reduced chisquare) = WSSR/ndf   : 1.98395e-07

Final set of parameters            Asymptotic Standard Error
=======================            ==========================
a               = 0.783872         +/- 0.0004504    (0.05745%)
b               = 3.92972          +/- 0.01823      (0.4638%)
c               = 28.4915          +/- 0.001892     (0.00664%)
d               = -10.4155         +/- 9.58e-05     (0.0009198%)

correlation matrix of the fit parameters:
                a      b      c      d      
a               1.000 
b              -0.067  1.000 
c              -0.035 -0.915  1.000 
d              -0.739  0.112 -0.069  1.000 


*******************************************************************************
Thu Jan 16 15:22:43 2025


FIT:    data read from 'lattice_cohesive_energy.txt' u 2:3
        format = x:z
        #datapoints = 49
        residuals are weighted equally (unit weight)

function used for fitting: f(x)
	f(x) = (a*x/(b*(b-1)))*(b*(1-c/x)+(c/x)**b-1)+d
fitted parameters initialized with current variable values

iter      chisq       delta/lim  lambda   a             b             c             d            
   0 2.1174419239e+06   0.00e+00  5.77e+02    5.000000e-01   3.500000e+00   1.182000e+02  -3.710000e+01
  11 8.9277933830e-06  -8.53e-02  5.77e-06    7.838716e-01   3.929716e+00   2.849151e+01  -1.041552e+01

After 11 iterations the fit converged.
final sum of squares of residuals : 8.92779e-06
rel. change during last iteration : -8.53034e-07

degrees of freedom    (FIT_NDF)                        : 45
rms of residuals      (FIT_STDFIT) = sqrt(WSSR/ndf)    : 0.000445416
variance of residuals (reduced chisquare) = WSSR/ndf   : 1.98395e-07

Final set of parameters            Asymptotic Standard Error
=======================            ==========================
a               = 0.783872         +/- 0.0004504    (0.05745%)
b               = 3.92972          +/- 0.01823      (0.4638%)
c               = 28.4915          +/- 0.001892     (0.00664%)
d               = -10.4155         +/- 9.58e-05     (0.0009198%)

correlation matrix of the fit parameters:
                a      b      c      d      
a               1.000 
b              -0.067  1.000 
c              -0.035 -0.915  1.000 
d              -0.739  0.112 -0.069  1.000 


*******************************************************************************
Thu Jan 16 15:23:20 2025


FIT:    data read from 'lattice_cohesive_energy.txt' u 2:3
        format = x:z
        #datapoints = 49
        residuals are weighted equally (unit weight)

function used for fitting: f(x)
	f(x) = (a*x/(b*(b-1)))*(b*(1-c/x)+(c/x)**b-1)+d
fitted parameters initialized with current variable values

iter      chisq       delta/lim  lambda   a             b             c             d            
   0 2.1174419239e+06   0.00e+00  5.77e+02    5.000000e-01   3.500000e+00   1.182000e+02  -3.710000e+01
  11 8.9277933830e-06  -8.53e-02  5.77e-06    7.838716e-01   3.929716e+00   2.849151e+01  -1.041552e+01

After 11 iterations the fit converged.
final sum of squares of residuals : 8.92779e-06
rel. change during last iteration : -8.53034e-07

degrees of freedom    (FIT_NDF)                        : 45
rms of residuals      (FIT_STDFIT) = sqrt(WSSR/ndf)    : 0.000445416
variance of residuals (reduced chisquare) = WSSR/ndf   : 1.98395e-07

Final set of parameters            Asymptotic Standard Error
=======================            ==========================
a               = 0.783872         +/- 0.0004504    (0.05745%)
b               = 3.92972          +/- 0.01823      (0.4638%)
c               = 28.4915          +/- 0.001892     (0.00664%)
d               = -10.4155         +/- 9.58e-05     (0.0009198%)

correlation matrix of the fit parameters:
                a      b      c      d      
a               1.000 
b              -0.067  1.000 
c              -0.035 -0.915  1.000 
d              -0.739  0.112 -0.069  1.000 


*******************************************************************************
Thu Jan 16 15:24:27 2025


FIT:    data read from 'lattice_cohesive_energy.txt' u 2:3
        format = x:z
        #datapoints = 49
        residuals are weighted equally (unit weight)

function used for fitting: f(x)
	f(x) = (a*x/(b*(b-1)))*(b*(1-c/x)+(c/x)**b-1)+d
fitted parameters initialized with current variable values

iter      chisq       delta/lim  lambda   a             b             c             d            
   0 2.1174419327e+06   0.00e+00  5.77e+02    5.000000e-01   3.500000e+00   1.182000e+02  -3.710000e+01
  11 8.9277933671e-06  -8.53e-02  5.77e-06    7.838716e-01   3.929716e+00   2.849151e+01  -1.041552e+01

After 11 iterations the fit converged.
final sum of squares of residuals : 8.92779e-06
rel. change during last iteration : -8.53035e-07

degrees of freedom    (FIT_NDF)                        : 45
rms of residuals      (FIT_STDFIT) = sqrt(WSSR/ndf)    : 0.000445416
variance of residuals (reduced chisquare) = WSSR/ndf   : 1.98395e-07

Final set of parameters            Asymptotic Standard Error
=======================            ==========================
a               = 0.783872         +/- 0.0004504    (0.05745%)
b               = 3.92972          +/- 0.01823      (0.4638%)
c               = 28.4915          +/- 0.001892     (0.00664%)
d               = -10.4155         +/- 9.58e-05     (0.0009198%)

correlation matrix of the fit parameters:
                a      b      c      d      
a               1.000 
b              -0.067  1.000 
c              -0.035 -0.915  1.000 
d              -0.739  0.112 -0.069  1.000 


*******************************************************************************
Thu Jan 16 15:30:59 2025


FIT:    data read from 'lattice_cohesive_energy.txt' u 2:3
        format = x:z
        #datapoints = 49
        residuals are weighted equally (unit weight)

function used for fitting: f(x)
	f(x) = (a*x/(b*(b-1)))*(b*(1-c/x)+(c/x)**b-1)+d
fitted parameters initialized with current variable values

iter      chisq       delta/lim  lambda   a             b             c             d            
   0 2.1174419322e+06   0.00e+00  5.77e+02    5.000000e-01   3.500000e+00   1.182000e+02  -3.710000e+01
  11 8.9277933670e-06  -8.53e-02  5.77e-06    7.838716e-01   3.929716e+00   2.849151e+01  -1.041552e+01

After 11 iterations the fit converged.
final sum of squares of residuals : 8.92779e-06
rel. change during last iteration : -8.53034e-07

degrees of freedom    (FIT_NDF)                        : 45
rms of residuals      (FIT_STDFIT) = sqrt(WSSR/ndf)    : 0.000445416
variance of residuals (reduced chisquare) = WSSR/ndf   : 1.98395e-07

Final set of parameters            Asymptotic Standard Error
=======================            ==========================
a               = 0.783872         +/- 0.0004504    (0.05745%)
b               = 3.92972          +/- 0.01823      (0.4638%)
c               = 28.4915          +/- 0.001892     (0.00664%)
d               = -10.4155         +/- 9.58e-05     (0.0009198%)

correlation matrix of the fit parameters:
                a      b      c      d      
a               1.000 
b              -0.067  1.000 
c              -0.035 -0.915  1.000 
d              -0.739  0.112 -0.069  1.000 


*******************************************************************************
Thu Jan 16 15:34:51 2025


FIT:    data read from 'lattice_cohesive_energy.txt' u 2:3
        format = x:z
        #datapoints = 49
        residuals are weighted equally (unit weight)

function used for fitting: f(x)
	f(x) = (a*x/(b*(b-1)))*(b*(1-c/x)+(c/x)**b-1)+d
fitted parameters initialized with current variable values

iter      chisq       delta/lim  lambda   a             b             c             d            
   0 2.1174419322e+06   0.00e+00  5.77e+02    5.000000e-01   3.500000e+00   1.182000e+02  -3.710000e+01
  11 8.9277933670e-06  -8.53e-02  5.77e-06    7.838716e-01   3.929716e+00   2.849151e+01  -1.041552e+01

After 11 iterations the fit converged.
final sum of squares of residuals : 8.92779e-06
rel. change during last iteration : -8.53034e-07

degrees of freedom    (FIT_NDF)                        : 45
rms of residuals      (FIT_STDFIT) = sqrt(WSSR/ndf)    : 0.000445416
variance of residuals (reduced chisquare) = WSSR/ndf   : 1.98395e-07

Final set of parameters            Asymptotic Standard Error
=======================            ==========================
a               = 0.783872         +/- 0.0004504    (0.05745%)
b               = 3.92972          +/- 0.01823      (0.4638%)
c               = 28.4915          +/- 0.001892     (0.00664%)
d               = -10.4155         +/- 9.58e-05     (0.0009198%)

correlation matrix of the fit parameters:
                a      b      c      d      
a               1.000 
b              -0.067  1.000 
c              -0.035 -0.915  1.000 
d              -0.739  0.112 -0.069  1.000 


*******************************************************************************
Thu Jan 16 15:34:57 2025


FIT:    data read from 'lattice_cohesive_energy.txt' u 2:3
        format = x:z
        #datapoints = 49
        residuals are weighted equally (unit weight)

function used for fitting: f(x)
	f(x) = (a*x/(b*(b-1)))*(b*(1-c/x)+(c/x)**b-1)+d
fitted parameters initialized with current variable values

iter      chisq       delta/lim  lambda   a             b             c             d            
   0 2.1174419322e+06   0.00e+00  5.77e+02    5.000000e-01   3.500000e+00   1.182000e+02  -3.710000e+01
  11 8.9277933670e-06  -8.53e-02  5.77e-06    7.838716e-01   3.929716e+00   2.849151e+01  -1.041552e+01

After 11 iterations the fit converged.
final sum of squares of residuals : 8.92779e-06
rel. change during last iteration : -8.53034e-07

degrees of freedom    (FIT_NDF)                        : 45
rms of residuals      (FIT_STDFIT) = sqrt(WSSR/ndf)    : 0.000445416
variance of residuals (reduced chisquare) = WSSR/ndf   : 1.98395e-07

Final set of parameters            Asymptotic Standard Error
=======================            ==========================
a               = 0.783872         +/- 0.0004504    (0.05745%)
b               = 3.92972          +/- 0.01823      (0.4638%)
c               = 28.4915          +/- 0.001892     (0.00664%)
d               = -10.4155         +/- 9.58e-05     (0.0009198%)

correlation matrix of the fit parameters:
                a      b      c      d      
a               1.000 
b              -0.067  1.000 
c              -0.035 -0.915  1.000 
d              -0.739  0.112 -0.069  1.000 


*******************************************************************************
Thu Jan 16 16:38:51 2025


FIT:    data read from 'lattice_cohesive_energy.txt' u 2:3
        format = x:z
        #datapoints = 49
        residuals are weighted equally (unit weight)

function used for fitting: f(x)
	f(x) = (a*x/(b*(b-1)))*(b*(1-c/x)+(c/x)**b-1)+d
fitted parameters initialized with current variable values

iter      chisq       delta/lim  lambda   a             b             c             d            
   0 2.1174419322e+06   0.00e+00  5.77e+02    5.000000e-01   3.500000e+00   1.182000e+02  -3.710000e+01
  11 8.9277933670e-06  -8.53e-02  5.77e-06    7.838716e-01   3.929716e+00   2.849151e+01  -1.041552e+01

After 11 iterations the fit converged.
final sum of squares of residuals : 8.92779e-06
rel. change during last iteration : -8.53034e-07

degrees of freedom    (FIT_NDF)                        : 45
rms of residuals      (FIT_STDFIT) = sqrt(WSSR/ndf)    : 0.000445416
variance of residuals (reduced chisquare) = WSSR/ndf   : 1.98395e-07

Final set of parameters            Asymptotic Standard Error
=======================            ==========================
a               = 0.783872         +/- 0.0004504    (0.05745%)
b               = 3.92972          +/- 0.01823      (0.4638%)
c               = 28.4915          +/- 0.001892     (0.00664%)
d               = -10.4155         +/- 9.58e-05     (0.0009198%)

correlation matrix of the fit parameters:
                a      b      c      d      
a               1.000 
b              -0.067  1.000 
c              -0.035 -0.915  1.000 
d              -0.739  0.112 -0.069  1.000 


*******************************************************************************
Fri Jan 17 08:45:27 2025


FIT:    data read from 'lattice_cohesive_energy.txt' u 2:3
        format = x:z
        #datapoints = 49
        residuals are weighted equally (unit weight)

function used for fitting: f(x)
	f(x) = (a*x/(b*(b-1)))*(b*(1-c/x)+(c/x)**b-1)+d
fitted parameters initialized with current variable values

iter      chisq       delta/lim  lambda   a             b             c             d            
   0 1.7003625123e+03   0.00e+00  1.91e+01    5.000000e-01   3.500000e+00   1.182000e+02  -3.710000e+01
   6 8.9573530313e-05  -6.36e-05  1.91e-05    9.519652e-01   3.791461e+00   1.105460e+02  -4.306588e+01

After 6 iterations the fit converged.
final sum of squares of residuals : 8.95735e-05
rel. change during last iteration : -6.36121e-10

degrees of freedom    (FIT_NDF)                        : 45
rms of residuals      (FIT_STDFIT) = sqrt(WSSR/ndf)    : 0.00141086
variance of residuals (reduced chisquare) = WSSR/ndf   : 1.99052e-06

Final set of parameters            Asymptotic Standard Error
=======================            ==========================
a               = 0.951965         +/- 0.000367     (0.03855%)
b               = 3.79146          +/- 0.01226      (0.3235%)
c               = 110.546          +/- 0.004942     (0.00447%)
d               = -43.0659         +/- 0.0003033    (0.0007042%)

correlation matrix of the fit parameters:
                a      b      c      d      
a               1.000 
b              -0.056  1.000 
c              -0.038 -0.916  1.000 
d              -0.739  0.104 -0.065  1.000 


*******************************************************************************
Fri Jan 17 08:47:38 2025


FIT:    data read from 'lattice_cohesive_energy.txt' u 2:3
        format = x:z
        #datapoints = 49
        residuals are weighted equally (unit weight)

function used for fitting: f(x)
	f(x) = (a*x/(b*(b-1)))*(b*(1-c/x)+(c/x)**b-1)+d
fitted parameters initialized with current variable values

iter      chisq       delta/lim  lambda   a             b             c             d            
   0 1.7003625123e+03   0.00e+00  1.91e+01    5.000000e-01   3.500000e+00   1.182000e+02  -3.710000e+01
   6 8.9573530313e-05  -6.36e-05  1.91e-05    9.519652e-01   3.791461e+00   1.105460e+02  -4.306588e+01

After 6 iterations the fit converged.
final sum of squares of residuals : 8.95735e-05
rel. change during last iteration : -6.35856e-10

degrees of freedom    (FIT_NDF)                        : 45
rms of residuals      (FIT_STDFIT) = sqrt(WSSR/ndf)    : 0.00141086
variance of residuals (reduced chisquare) = WSSR/ndf   : 1.99052e-06

Final set of parameters            Asymptotic Standard Error
=======================            ==========================
a               = 0.951965         +/- 0.000367     (0.03855%)
b               = 3.79146          +/- 0.01226      (0.3235%)
c               = 110.546          +/- 0.004942     (0.00447%)
d               = -43.0659         +/- 0.0003033    (0.0007042%)

correlation matrix of the fit parameters:
                a      b      c      d      
a               1.000 
b              -0.056  1.000 
c              -0.038 -0.916  1.000 
d              -0.739  0.104 -0.065  1.000 


*******************************************************************************
Fri Jan 17 08:57:30 2025


FIT:    data read from 'lattice_cohesive_energy.txt' u 2:3
        format = x:z
        #datapoints = 49
        residuals are weighted equally (unit weight)

function used for fitting: f(x)
	f(x) = (a*x/(b*(b-1)))*(b*(1-c/x)+(c/x)**b-1)+d
fitted parameters initialized with current variable values

iter      chisq       delta/lim  lambda   a             b             c             d            
   0 2.9933073416e+03   0.00e+00  1.91e+01    5.000000e-01   3.500000e+00   1.182000e+02  -3.710000e+01
   6 9.0819095485e-05  -4.46e-04  1.91e-05    1.006875e+00   4.176882e+00   1.108437e+02  -4.504641e+01

After 6 iterations the fit converged.
final sum of squares of residuals : 9.08191e-05
rel. change during last iteration : -4.46409e-09

degrees of freedom    (FIT_NDF)                        : 45
rms of residuals      (FIT_STDFIT) = sqrt(WSSR/ndf)    : 0.00142063
variance of residuals (reduced chisquare) = WSSR/ndf   : 2.0182e-06

Final set of parameters            Asymptotic Standard Error
=======================            ==========================
a               = 1.00688          +/- 0.0003706    (0.03681%)
b               = 4.17688          +/- 0.01161      (0.278%)
c               = 110.844          +/- 0.004683     (0.004225%)
d               = -45.0464         +/- 0.0003058    (0.000679%)

correlation matrix of the fit parameters:
                a      b      c      d      
a               1.000 
b              -0.085  1.000 
c              -0.029 -0.915  1.000 
d              -0.738  0.125 -0.076  1.000 
